INFO - 2020-08-07 06:09:44 --> Controller "App\Controllers\Beranda" loaded.
INFO - 2020-08-07 06:09:46 --> Controller "App\Controllers\Beranda" loaded.
INFO - 2020-08-07 06:10:01 --> Session: Class initialized using 'CodeIgniter\Session\Handlers\FileHandler' driver.
INFO - 2020-08-07 06:10:01 --> Controller "App\Controllers\Order" loaded.
INFO - 2020-08-07 06:10:01 --> Controller "App\Controllers\Beranda" loaded.
INFO - 2020-08-07 06:10:08 --> Session: Class initialized using 'CodeIgniter\Session\Handlers\FileHandler' driver.
INFO - 2020-08-07 06:10:08 --> Controller "App\Controllers\Order" loaded.
INFO - 2020-08-07 06:10:20 --> Session: Class initialized using 'CodeIgniter\Session\Handlers\FileHandler' driver.
INFO - 2020-08-07 06:10:20 --> Controller "App\Controllers\Order" loaded.
INFO - 2020-08-07 06:12:00 --> Controller "App\Controllers\Undangan" loaded.
INFO - 2020-08-07 06:12:01 --> Controller "App\Controllers\Beranda" loaded.
INFO - 2020-08-07 06:12:01 --> Controller "App\Controllers\Beranda" loaded.
INFO - 2020-08-07 06:12:01 --> Controller "App\Controllers\Beranda" loaded.
INFO - 2020-08-07 06:12:01 --> Controller "App\Controllers\Beranda" loaded.
INFO - 2020-08-07 06:12:01 --> Controller "App\Controllers\Beranda" loaded.
INFO - 2020-08-07 06:12:01 --> Controller "App\Controllers\Beranda" loaded.
INFO - 2020-08-07 06:12:01 --> Controller "App\Controllers\Beranda" loaded.
INFO - 2020-08-07 06:12:01 --> Controller "App\Controllers\Beranda" loaded.
INFO - 2020-08-07 06:12:01 --> Controller "App\Controllers\Beranda" loaded.
INFO - 2020-08-07 06:12:01 --> Controller "App\Controllers\Beranda" loaded.
INFO - 2020-08-07 06:12:01 --> Controller "App\Controllers\Beranda" loaded.
INFO - 2020-08-07 06:12:01 --> Controller "App\Controllers\Beranda" loaded.
INFO - 2020-08-07 06:12:31 --> Controller "App\Controllers\Beranda" loaded.
INFO - 2020-08-07 06:12:31 --> Controller "App\Controllers\Beranda" loaded.
INFO - 2020-08-07 06:12:35 --> Controller "App\Controllers\Undangan" loaded.
INFO - 2020-08-07 06:12:36 --> Controller "App\Controllers\Beranda" loaded.
INFO - 2020-08-07 06:12:36 --> Controller "App\Controllers\Beranda" loaded.
INFO - 2020-08-07 06:12:36 --> Controller "App\Controllers\Beranda" loaded.
INFO - 2020-08-07 06:12:36 --> Controller "App\Controllers\Beranda" loaded.
INFO - 2020-08-07 06:12:36 --> Controller "App\Controllers\Beranda" loaded.
INFO - 2020-08-07 06:12:36 --> Controller "App\Controllers\Beranda" loaded.
INFO - 2020-08-07 06:12:36 --> Controller "App\Controllers\Beranda" loaded.
INFO - 2020-08-07 06:12:36 --> Controller "App\Controllers\Beranda" loaded.
INFO - 2020-08-07 06:12:36 --> Controller "App\Controllers\Beranda" loaded.
INFO - 2020-08-07 06:12:36 --> Controller "App\Controllers\Beranda" loaded.
INFO - 2020-08-07 06:12:36 --> Controller "App\Controllers\Beranda" loaded.
INFO - 2020-08-07 06:12:36 --> Controller "App\Controllers\Beranda" loaded.
INFO - 2020-08-07 06:12:58 --> Controller "App\Controllers\Undangan" loaded.
INFO - 2020-08-07 06:12:58 --> Controller "App\Controllers\Beranda" loaded.
INFO - 2020-08-07 06:12:58 --> Controller "App\Controllers\Beranda" loaded.
INFO - 2020-08-07 06:12:58 --> Controller "App\Controllers\Beranda" loaded.
INFO - 2020-08-07 06:12:58 --> Controller "App\Controllers\Beranda" loaded.
INFO - 2020-08-07 06:12:58 --> Controller "App\Controllers\Beranda" loaded.
INFO - 2020-08-07 06:12:58 --> Controller "App\Controllers\Beranda" loaded.
INFO - 2020-08-07 06:12:58 --> Controller "App\Controllers\Beranda" loaded.
INFO - 2020-08-07 06:12:58 --> Controller "App\Controllers\Beranda" loaded.
INFO - 2020-08-07 06:12:58 --> Controller "App\Controllers\Beranda" loaded.
INFO - 2020-08-07 06:12:58 --> Controller "App\Controllers\Beranda" loaded.
INFO - 2020-08-07 06:12:58 --> Controller "App\Controllers\Beranda" loaded.
INFO - 2020-08-07 06:12:58 --> Controller "App\Controllers\Beranda" loaded.
INFO - 2020-08-07 06:15:11 --> Controller "App\Controllers\Undangan" loaded.
INFO - 2020-08-07 06:15:12 --> Controller "App\Controllers\Beranda" loaded.
INFO - 2020-08-07 06:15:12 --> Controller "App\Controllers\Beranda" loaded.
INFO - 2020-08-07 06:15:12 --> Controller "App\Controllers\Beranda" loaded.
INFO - 2020-08-07 06:15:12 --> Controller "App\Controllers\Beranda" loaded.
INFO - 2020-08-07 06:15:12 --> Controller "App\Controllers\Beranda" loaded.
INFO - 2020-08-07 06:15:12 --> Controller "App\Controllers\Beranda" loaded.
INFO - 2020-08-07 06:15:12 --> Controller "App\Controllers\Beranda" loaded.
INFO - 2020-08-07 06:15:12 --> Controller "App\Controllers\Beranda" loaded.
INFO - 2020-08-07 06:15:12 --> Controller "App\Controllers\Beranda" loaded.
INFO - 2020-08-07 06:15:12 --> Controller "App\Controllers\Beranda" loaded.
INFO - 2020-08-07 06:15:12 --> Controller "App\Controllers\Beranda" loaded.
INFO - 2020-08-07 06:15:12 --> Controller "App\Controllers\Beranda" loaded.
INFO - 2020-08-07 06:15:23 --> Controller "App\Controllers\Undangan" loaded.
INFO - 2020-08-07 06:15:23 --> Controller "App\Controllers\Beranda" loaded.
INFO - 2020-08-07 06:15:23 --> Controller "App\Controllers\Beranda" loaded.
INFO - 2020-08-07 06:15:23 --> Controller "App\Controllers\Beranda" loaded.
INFO - 2020-08-07 06:15:23 --> Controller "App\Controllers\Beranda" loaded.
INFO - 2020-08-07 06:15:23 --> Controller "App\Controllers\Beranda" loaded.
INFO - 2020-08-07 06:15:23 --> Controller "App\Controllers\Beranda" loaded.
INFO - 2020-08-07 06:15:23 --> Controller "App\Controllers\Beranda" loaded.
INFO - 2020-08-07 06:15:23 --> Controller "App\Controllers\Beranda" loaded.
INFO - 2020-08-07 06:15:23 --> Controller "App\Controllers\Beranda" loaded.
INFO - 2020-08-07 06:15:23 --> Controller "App\Controllers\Beranda" loaded.
INFO - 2020-08-07 06:15:23 --> Controller "App\Controllers\Beranda" loaded.
INFO - 2020-08-07 06:15:23 --> Controller "App\Controllers\Beranda" loaded.
INFO - 2020-08-07 06:15:44 --> Controller "App\Controllers\Undangan" loaded.
INFO - 2020-08-07 06:15:44 --> Controller "App\Controllers\Beranda" loaded.
INFO - 2020-08-07 06:15:44 --> Controller "App\Controllers\Beranda" loaded.
INFO - 2020-08-07 06:15:44 --> Controller "App\Controllers\Beranda" loaded.
INFO - 2020-08-07 06:15:44 --> Controller "App\Controllers\Beranda" loaded.
INFO - 2020-08-07 06:15:44 --> Controller "App\Controllers\Beranda" loaded.
INFO - 2020-08-07 06:15:44 --> Controller "App\Controllers\Beranda" loaded.
INFO - 2020-08-07 06:15:44 --> Controller "App\Controllers\Beranda" loaded.
INFO - 2020-08-07 06:15:44 --> Controller "App\Controllers\Beranda" loaded.
INFO - 2020-08-07 06:15:44 --> Controller "App\Controllers\Beranda" loaded.
INFO - 2020-08-07 06:15:44 --> Controller "App\Controllers\Beranda" loaded.
INFO - 2020-08-07 06:15:44 --> Controller "App\Controllers\Beranda" loaded.
INFO - 2020-08-07 06:15:44 --> Controller "App\Controllers\Beranda" loaded.
INFO - 2020-08-07 06:18:03 --> Controller "App\Controllers\Undangan" loaded.
INFO - 2020-08-07 06:18:03 --> Controller "App\Controllers\Beranda" loaded.
INFO - 2020-08-07 06:18:03 --> Controller "App\Controllers\Beranda" loaded.
INFO - 2020-08-07 06:18:03 --> Controller "App\Controllers\Beranda" loaded.
INFO - 2020-08-07 06:18:03 --> Controller "App\Controllers\Beranda" loaded.
INFO - 2020-08-07 06:18:03 --> Controller "App\Controllers\Beranda" loaded.
INFO - 2020-08-07 06:18:03 --> Controller "App\Controllers\Beranda" loaded.
INFO - 2020-08-07 06:18:03 --> Controller "App\Controllers\Beranda" loaded.
INFO - 2020-08-07 06:18:03 --> Controller "App\Controllers\Beranda" loaded.
INFO - 2020-08-07 06:18:03 --> Controller "App\Controllers\Beranda" loaded.
INFO - 2020-08-07 06:18:03 --> Controller "App\Controllers\Beranda" loaded.
INFO - 2020-08-07 06:18:52 --> Controller "App\Controllers\Beranda" loaded.
INFO - 2020-08-07 06:24:12 --> Controller "App\Controllers\Undangan" loaded.
INFO - 2020-08-07 06:24:13 --> Controller "App\Controllers\Beranda" loaded.
INFO - 2020-08-07 06:24:13 --> Controller "App\Controllers\Beranda" loaded.
INFO - 2020-08-07 06:24:13 --> Controller "App\Controllers\Beranda" loaded.
INFO - 2020-08-07 06:24:13 --> Controller "App\Controllers\Beranda" loaded.
INFO - 2020-08-07 06:24:13 --> Controller "App\Controllers\Beranda" loaded.
INFO - 2020-08-07 06:24:13 --> Controller "App\Controllers\Beranda" loaded.
INFO - 2020-08-07 06:24:13 --> Controller "App\Controllers\Beranda" loaded.
INFO - 2020-08-07 06:24:13 --> Controller "App\Controllers\Beranda" loaded.
INFO - 2020-08-07 06:24:13 --> Controller "App\Controllers\Beranda" loaded.
INFO - 2020-08-07 06:24:13 --> Controller "App\Controllers\Beranda" loaded.
INFO - 2020-08-07 06:24:14 --> Controller "App\Controllers\Beranda" loaded.
INFO - 2020-08-07 06:24:33 --> Controller "App\Controllers\Beranda" loaded.
INFO - 2020-08-07 06:24:34 --> Controller "App\Controllers\Beranda" loaded.
INFO - 2020-08-07 06:26:03 --> Controller "App\Controllers\Undangan" loaded.
INFO - 2020-08-07 06:26:05 --> Controller "App\Controllers\Beranda" loaded.
INFO - 2020-08-07 08:39:43 --> Controller "App\Controllers\Undangan" loaded.
INFO - 2020-08-07 08:39:45 --> Controller "App\Controllers\Beranda" loaded.
INFO - 2020-08-07 08:41:13 --> Session: Class initialized using 'CodeIgniter\Session\Handlers\FileHandler' driver.
INFO - 2020-08-07 08:41:13 --> Controller "App\Controllers\Order" loaded.
INFO - 2020-08-07 08:41:13 --> Controller "App\Controllers\Beranda" loaded.
INFO - 2020-08-07 08:42:14 --> Controller "App\Controllers\Undangan" loaded.
INFO - 2020-08-07 08:42:14 --> Controller "App\Controllers\Beranda" loaded.
INFO - 2020-08-07 08:42:15 --> Controller "App\Controllers\Beranda" loaded.
INFO - 2020-08-07 08:42:16 --> Controller "App\Controllers\Beranda" loaded.
INFO - 2020-08-07 08:42:18 --> Controller "App\Controllers\Beranda" loaded.
INFO - 2020-08-07 08:43:43 --> Controller "App\Controllers\Undangan" loaded.
INFO - 2020-08-07 08:43:43 --> Controller "App\Controllers\Beranda" loaded.
INFO - 2020-08-07 08:43:44 --> Controller "App\Controllers\Beranda" loaded.
INFO - 2020-08-07 08:43:44 --> Controller "App\Controllers\Beranda" loaded.
INFO - 2020-08-07 08:43:46 --> Controller "App\Controllers\Beranda" loaded.
INFO - 2020-08-07 08:43:48 --> Controller "App\Controllers\Undangan" loaded.
INFO - 2020-08-07 08:43:48 --> Controller "App\Controllers\Beranda" loaded.
INFO - 2020-08-07 08:43:48 --> Controller "App\Controllers\Beranda" loaded.
INFO - 2020-08-07 08:43:49 --> Controller "App\Controllers\Beranda" loaded.
INFO - 2020-08-07 08:43:50 --> Controller "App\Controllers\Beranda" loaded.
INFO - 2020-08-07 08:44:25 --> Controller "App\Controllers\Undangan" loaded.
INFO - 2020-08-07 08:44:26 --> Controller "App\Controllers\Beranda" loaded.
INFO - 2020-08-07 08:44:26 --> Controller "App\Controllers\Beranda" loaded.
INFO - 2020-08-07 08:44:26 --> Controller "App\Controllers\Beranda" loaded.
INFO - 2020-08-07 08:44:28 --> Controller "App\Controllers\Beranda" loaded.
INFO - 2020-08-07 08:49:38 --> Controller "App\Controllers\Undangan" loaded.
INFO - 2020-08-07 08:49:38 --> Controller "App\Controllers\Beranda" loaded.
INFO - 2020-08-07 08:49:38 --> Controller "App\Controllers\Beranda" loaded.
INFO - 2020-08-07 08:49:38 --> Controller "App\Controllers\Beranda" loaded.
INFO - 2020-08-07 08:49:38 --> Controller "App\Controllers\Beranda" loaded.
INFO - 2020-08-07 08:49:38 --> Controller "App\Controllers\Beranda" loaded.
INFO - 2020-08-07 08:49:40 --> Controller "App\Controllers\Beranda" loaded.
INFO - 2020-08-07 09:04:31 --> Controller "App\Controllers\Undangan" loaded.
INFO - 2020-08-07 09:04:31 --> Controller "App\Controllers\Beranda" loaded.
INFO - 2020-08-07 09:04:31 --> Controller "App\Controllers\Beranda" loaded.
INFO - 2020-08-07 09:04:31 --> Controller "App\Controllers\Beranda" loaded.
INFO - 2020-08-07 09:04:32 --> Controller "App\Controllers\Beranda" loaded.
INFO - 2020-08-07 09:04:32 --> Controller "App\Controllers\Beranda" loaded.
INFO - 2020-08-07 09:04:33 --> Controller "App\Controllers\Beranda" loaded.
INFO - 2020-08-07 09:05:02 --> Controller "App\Controllers\Undangan" loaded.
INFO - 2020-08-07 09:05:02 --> Controller "App\Controllers\Beranda" loaded.
INFO - 2020-08-07 09:05:03 --> Controller "App\Controllers\Beranda" loaded.
INFO - 2020-08-07 09:05:03 --> Controller "App\Controllers\Beranda" loaded.
INFO - 2020-08-07 09:05:04 --> Controller "App\Controllers\Beranda" loaded.
INFO - 2020-08-07 09:05:30 --> Controller "App\Controllers\Undangan" loaded.
INFO - 2020-08-07 09:05:31 --> Controller "App\Controllers\Beranda" loaded.
INFO - 2020-08-07 09:05:31 --> Controller "App\Controllers\Beranda" loaded.
INFO - 2020-08-07 09:05:32 --> Controller "App\Controllers\Beranda" loaded.
INFO - 2020-08-07 09:05:32 --> Controller "App\Controllers\Beranda" loaded.
INFO - 2020-08-07 09:05:38 --> Controller "App\Controllers\Undangan" loaded.
INFO - 2020-08-07 09:05:38 --> Controller "App\Controllers\Beranda" loaded.
INFO - 2020-08-07 09:05:39 --> Controller "App\Controllers\Beranda" loaded.
INFO - 2020-08-07 09:05:39 --> Controller "App\Controllers\Beranda" loaded.
INFO - 2020-08-07 09:05:40 --> Controller "App\Controllers\Beranda" loaded.
INFO - 2020-08-07 09:05:56 --> Controller "App\Controllers\Beranda" loaded.
INFO - 2020-08-07 09:05:57 --> Controller "App\Controllers\Beranda" loaded.
INFO - 2020-08-07 09:06:03 --> Controller "App\Controllers\Beranda" loaded.
INFO - 2020-08-07 09:06:05 --> Controller "App\Controllers\Beranda" loaded.
INFO - 2020-08-07 09:06:10 --> Controller "App\Controllers\Beranda" loaded.
INFO - 2020-08-07 09:06:12 --> Controller "App\Controllers\Beranda" loaded.
INFO - 2020-08-07 09:06:12 --> Controller "App\Controllers\Beranda" loaded.
INFO - 2020-08-07 09:06:12 --> Controller "App\Controllers\Beranda" loaded.
INFO - 2020-08-07 09:06:12 --> Controller "App\Controllers\Beranda" loaded.
INFO - 2020-08-07 09:06:16 --> Controller "App\Controllers\Beranda" loaded.
INFO - 2020-08-07 09:06:22 --> Controller "App\Controllers\Beranda" loaded.
INFO - 2020-08-07 09:06:23 --> Controller "App\Controllers\Beranda" loaded.
INFO - 2020-08-07 09:06:23 --> Controller "App\Controllers\Beranda" loaded.
INFO - 2020-08-07 09:06:23 --> Controller "App\Controllers\Beranda" loaded.
INFO - 2020-08-07 09:06:24 --> Controller "App\Controllers\Beranda" loaded.
INFO - 2020-08-07 09:06:24 --> Controller "App\Controllers\Beranda" loaded.
INFO - 2020-08-07 09:06:25 --> Controller "App\Controllers\Beranda" loaded.
INFO - 2020-08-07 09:06:25 --> Controller "App\Controllers\Beranda" loaded.
INFO - 2020-08-07 09:06:25 --> Controller "App\Controllers\Beranda" loaded.
INFO - 2020-08-07 09:06:27 --> Controller "App\Controllers\Beranda" loaded.
INFO - 2020-08-07 09:06:27 --> Controller "App\Controllers\Beranda" loaded.
INFO - 2020-08-07 09:06:30 --> Controller "App\Controllers\Beranda" loaded.
INFO - 2020-08-07 09:06:30 --> Controller "App\Controllers\Beranda" loaded.
INFO - 2020-08-07 09:06:34 --> Controller "App\Controllers\Beranda" loaded.
INFO - 2020-08-07 09:10:05 --> Controller "App\Controllers\Undangan" loaded.
INFO - 2020-08-07 09:10:06 --> Controller "App\Controllers\Beranda" loaded.
INFO - 2020-08-07 09:10:07 --> Controller "App\Controllers\Beranda" loaded.
INFO - 2020-08-07 09:10:53 --> Controller "App\Controllers\Undangan" loaded.
INFO - 2020-08-07 09:10:53 --> Controller "App\Controllers\Beranda" loaded.
INFO - 2020-08-07 09:10:55 --> Controller "App\Controllers\Beranda" loaded.
INFO - 2020-08-07 09:11:42 --> Controller "App\Controllers\Undangan" loaded.
INFO - 2020-08-07 09:11:42 --> Controller "App\Controllers\Beranda" loaded.
INFO - 2020-08-07 09:11:44 --> Controller "App\Controllers\Beranda" loaded.
INFO - 2020-08-07 09:27:35 --> Controller "App\Controllers\Undangan" loaded.
INFO - 2020-08-07 09:27:35 --> Controller "App\Controllers\Beranda" loaded.
INFO - 2020-08-07 09:27:35 --> Controller "App\Controllers\Beranda" loaded.
INFO - 2020-08-07 09:27:35 --> Controller "App\Controllers\Beranda" loaded.
INFO - 2020-08-07 09:27:35 --> Controller "App\Controllers\Beranda" loaded.
INFO - 2020-08-07 09:27:35 --> Controller "App\Controllers\Beranda" loaded.
INFO - 2020-08-07 09:27:35 --> Controller "App\Controllers\Beranda" loaded.
INFO - 2020-08-07 09:27:35 --> Controller "App\Controllers\Beranda" loaded.
INFO - 2020-08-07 09:27:35 --> Controller "App\Controllers\Beranda" loaded.
INFO - 2020-08-07 09:27:35 --> Controller "App\Controllers\Beranda" loaded.
INFO - 2020-08-07 09:27:35 --> Controller "App\Controllers\Beranda" loaded.
INFO - 2020-08-07 09:27:35 --> Controller "App\Controllers\Beranda" loaded.
INFO - 2020-08-07 09:27:35 --> Controller "App\Controllers\Beranda" loaded.
INFO - 2020-08-07 09:27:50 --> Controller "App\Controllers\Undangan" loaded.
INFO - 2020-08-07 09:27:50 --> Controller "App\Controllers\Beranda" loaded.
INFO - 2020-08-07 09:27:50 --> Controller "App\Controllers\Beranda" loaded.
INFO - 2020-08-07 09:27:50 --> Controller "App\Controllers\Beranda" loaded.
INFO - 2020-08-07 09:27:50 --> Controller "App\Controllers\Beranda" loaded.
INFO - 2020-08-07 09:27:50 --> Controller "App\Controllers\Beranda" loaded.
INFO - 2020-08-07 09:27:50 --> Controller "App\Controllers\Beranda" loaded.
INFO - 2020-08-07 09:27:50 --> Controller "App\Controllers\Beranda" loaded.
INFO - 2020-08-07 09:27:50 --> Controller "App\Controllers\Beranda" loaded.
INFO - 2020-08-07 09:27:50 --> Controller "App\Controllers\Beranda" loaded.
INFO - 2020-08-07 09:27:50 --> Controller "App\Controllers\Beranda" loaded.
INFO - 2020-08-07 09:27:50 --> Controller "App\Controllers\Beranda" loaded.
INFO - 2020-08-07 09:27:50 --> Controller "App\Controllers\Beranda" loaded.
INFO - 2020-08-07 09:28:24 --> Controller "App\Controllers\Undangan" loaded.
INFO - 2020-08-07 09:28:24 --> Controller "App\Controllers\Beranda" loaded.
INFO - 2020-08-07 09:28:25 --> Controller "App\Controllers\Beranda" loaded.
INFO - 2020-08-07 09:28:25 --> Controller "App\Controllers\Beranda" loaded.
INFO - 2020-08-07 09:28:25 --> Controller "App\Controllers\Beranda" loaded.
INFO - 2020-08-07 09:28:25 --> Controller "App\Controllers\Beranda" loaded.
INFO - 2020-08-07 09:28:25 --> Controller "App\Controllers\Beranda" loaded.
INFO - 2020-08-07 09:28:25 --> Controller "App\Controllers\Beranda" loaded.
INFO - 2020-08-07 09:28:25 --> Controller "App\Controllers\Beranda" loaded.
INFO - 2020-08-07 09:28:25 --> Controller "App\Controllers\Beranda" loaded.
INFO - 2020-08-07 09:28:25 --> Controller "App\Controllers\Beranda" loaded.
INFO - 2020-08-07 09:28:25 --> Controller "App\Controllers\Beranda" loaded.
INFO - 2020-08-07 09:28:25 --> Controller "App\Controllers\Beranda" loaded.
INFO - 2020-08-07 09:28:27 --> Controller "App\Controllers\Undangan" loaded.
INFO - 2020-08-07 09:28:27 --> Controller "App\Controllers\Beranda" loaded.
INFO - 2020-08-07 09:28:27 --> Controller "App\Controllers\Beranda" loaded.
INFO - 2020-08-07 09:28:27 --> Controller "App\Controllers\Beranda" loaded.
INFO - 2020-08-07 09:28:27 --> Controller "App\Controllers\Beranda" loaded.
INFO - 2020-08-07 09:28:27 --> Controller "App\Controllers\Beranda" loaded.
INFO - 2020-08-07 09:28:27 --> Controller "App\Controllers\Beranda" loaded.
INFO - 2020-08-07 09:28:27 --> Controller "App\Controllers\Beranda" loaded.
INFO - 2020-08-07 09:28:27 --> Controller "App\Controllers\Beranda" loaded.
INFO - 2020-08-07 09:28:27 --> Controller "App\Controllers\Beranda" loaded.
INFO - 2020-08-07 09:28:27 --> Controller "App\Controllers\Beranda" loaded.
INFO - 2020-08-07 09:28:27 --> Controller "App\Controllers\Beranda" loaded.
INFO - 2020-08-07 09:28:27 --> Controller "App\Controllers\Beranda" loaded.
INFO - 2020-08-07 09:28:32 --> Controller "App\Controllers\Undangan" loaded.
INFO - 2020-08-07 09:28:32 --> Controller "App\Controllers\Beranda" loaded.
INFO - 2020-08-07 09:28:33 --> Controller "App\Controllers\Beranda" loaded.
INFO - 2020-08-07 09:28:33 --> Controller "App\Controllers\Beranda" loaded.
INFO - 2020-08-07 09:28:33 --> Controller "App\Controllers\Beranda" loaded.
INFO - 2020-08-07 09:28:33 --> Controller "App\Controllers\Beranda" loaded.
INFO - 2020-08-07 09:28:33 --> Controller "App\Controllers\Beranda" loaded.
INFO - 2020-08-07 09:28:33 --> Controller "App\Controllers\Beranda" loaded.
INFO - 2020-08-07 09:28:33 --> Controller "App\Controllers\Beranda" loaded.
INFO - 2020-08-07 09:28:33 --> Controller "App\Controllers\Beranda" loaded.
INFO - 2020-08-07 09:28:33 --> Controller "App\Controllers\Beranda" loaded.
INFO - 2020-08-07 09:28:33 --> Controller "App\Controllers\Beranda" loaded.
INFO - 2020-08-07 09:28:33 --> Controller "App\Controllers\Beranda" loaded.
INFO - 2020-08-07 09:29:03 --> Controller "App\Controllers\Undangan" loaded.
INFO - 2020-08-07 09:29:03 --> Controller "App\Controllers\Beranda" loaded.
INFO - 2020-08-07 09:29:03 --> Controller "App\Controllers\Beranda" loaded.
INFO - 2020-08-07 09:29:03 --> Controller "App\Controllers\Beranda" loaded.
INFO - 2020-08-07 09:29:03 --> Controller "App\Controllers\Beranda" loaded.
INFO - 2020-08-07 09:29:03 --> Controller "App\Controllers\Beranda" loaded.
INFO - 2020-08-07 09:29:03 --> Controller "App\Controllers\Beranda" loaded.
INFO - 2020-08-07 09:29:03 --> Controller "App\Controllers\Beranda" loaded.
INFO - 2020-08-07 09:29:03 --> Controller "App\Controllers\Beranda" loaded.
INFO - 2020-08-07 09:29:03 --> Controller "App\Controllers\Beranda" loaded.
INFO - 2020-08-07 09:29:03 --> Controller "App\Controllers\Beranda" loaded.
INFO - 2020-08-07 09:29:03 --> Controller "App\Controllers\Beranda" loaded.
INFO - 2020-08-07 09:29:04 --> Controller "App\Controllers\Beranda" loaded.
INFO - 2020-08-07 09:29:07 --> Controller "App\Controllers\Undangan" loaded.
INFO - 2020-08-07 09:29:07 --> Controller "App\Controllers\Beranda" loaded.
INFO - 2020-08-07 09:29:07 --> Controller "App\Controllers\Beranda" loaded.
INFO - 2020-08-07 09:29:07 --> Controller "App\Controllers\Beranda" loaded.
INFO - 2020-08-07 09:29:07 --> Controller "App\Controllers\Beranda" loaded.
INFO - 2020-08-07 09:29:07 --> Controller "App\Controllers\Beranda" loaded.
INFO - 2020-08-07 09:29:07 --> Controller "App\Controllers\Beranda" loaded.
INFO - 2020-08-07 09:29:07 --> Controller "App\Controllers\Beranda" loaded.
INFO - 2020-08-07 09:29:07 --> Controller "App\Controllers\Beranda" loaded.
INFO - 2020-08-07 09:29:07 --> Controller "App\Controllers\Beranda" loaded.
INFO - 2020-08-07 09:29:07 --> Controller "App\Controllers\Beranda" loaded.
INFO - 2020-08-07 09:29:07 --> Controller "App\Controllers\Beranda" loaded.
INFO - 2020-08-07 09:29:07 --> Controller "App\Controllers\Beranda" loaded.
INFO - 2020-08-07 09:31:29 --> Controller "App\Controllers\Undangan" loaded.
INFO - 2020-08-07 09:31:30 --> Controller "App\Controllers\Beranda" loaded.
INFO - 2020-08-07 09:31:30 --> Controller "App\Controllers\Beranda" loaded.
INFO - 2020-08-07 09:31:30 --> Controller "App\Controllers\Beranda" loaded.
INFO - 2020-08-07 09:31:30 --> Controller "App\Controllers\Beranda" loaded.
INFO - 2020-08-07 09:31:30 --> Controller "App\Controllers\Beranda" loaded.
INFO - 2020-08-07 09:31:31 --> Controller "App\Controllers\Beranda" loaded.
INFO - 2020-08-07 09:31:31 --> Controller "App\Controllers\Beranda" loaded.
INFO - 2020-08-07 09:31:32 --> Controller "App\Controllers\Beranda" loaded.
INFO - 2020-08-07 09:32:56 --> Controller "App\Controllers\Undangan" loaded.
INFO - 2020-08-07 09:32:56 --> Controller "App\Controllers\Beranda" loaded.
INFO - 2020-08-07 09:32:56 --> Controller "App\Controllers\Beranda" loaded.
INFO - 2020-08-07 09:32:57 --> Controller "App\Controllers\Beranda" loaded.
INFO - 2020-08-07 09:32:58 --> Controller "App\Controllers\Beranda" loaded.
INFO - 2020-08-07 09:33:57 --> Controller "App\Controllers\Undangan" loaded.
INFO - 2020-08-07 09:33:58 --> Controller "App\Controllers\Beranda" loaded.
INFO - 2020-08-07 09:33:59 --> Controller "App\Controllers\Beranda" loaded.
INFO - 2020-08-07 09:34:52 --> Controller "App\Controllers\Undangan" loaded.
INFO - 2020-08-07 09:34:54 --> Controller "App\Controllers\Beranda" loaded.
INFO - 2020-08-07 09:34:56 --> Controller "App\Controllers\Beranda" loaded.
INFO - 2020-08-07 09:44:27 --> Controller "App\Controllers\Undangan" loaded.
INFO - 2020-08-07 09:44:28 --> Controller "App\Controllers\Beranda" loaded.
INFO - 2020-08-07 09:53:28 --> Controller "App\Controllers\Undangan" loaded.
INFO - 2020-08-07 09:53:28 --> Controller "App\Controllers\Beranda" loaded.
INFO - 2020-08-07 09:53:30 --> Controller "App\Controllers\Beranda" loaded.
INFO - 2020-08-07 09:54:30 --> Controller "App\Controllers\Undangan" loaded.
INFO - 2020-08-07 09:54:31 --> Controller "App\Controllers\Beranda" loaded.
INFO - 2020-08-07 09:54:32 --> Controller "App\Controllers\Beranda" loaded.
INFO - 2020-08-07 09:59:33 --> Controller "App\Controllers\Undangan" loaded.
CRITICAL - 2020-08-07 09:59:33 --> Call to a member function getResult() on null
#0 /var/www/html/akadkufix/system/View/View.php(236): include()
#1 /var/www/html/akadkufix/system/Common.php(1071): CodeIgniter\View\View->render('beranda/home', Array, true)
#2 /var/www/html/akadkufix/app/Controllers/Undangan.php(91): view('beranda/home')
#3 /var/www/html/akadkufix/system/CodeIgniter.php(910): App\Controllers\Undangan->undangan()
#4 /var/www/html/akadkufix/system/CodeIgniter.php(398): CodeIgniter\CodeIgniter->runController(Object(App\Controllers\Undangan))
#5 /var/www/html/akadkufix/system/CodeIgniter.php(306): CodeIgniter\CodeIgniter->handleRequest(NULL, Object(Config\Cache), false)
#6 /var/www/html/akadkufix/index.php(45): CodeIgniter\CodeIgniter->run()
#7 {main}
INFO - 2020-08-07 09:59:41 --> Controller "App\Controllers\Undangan" loaded.
INFO - 2020-08-07 09:59:42 --> Controller "App\Controllers\Beranda" loaded.
INFO - 2020-08-07 10:00:14 --> Controller "App\Controllers\Undangan" loaded.
INFO - 2020-08-07 10:00:14 --> Controller "App\Controllers\Beranda" loaded.
INFO - 2020-08-07 10:01:03 --> Controller "App\Controllers\Undangan" loaded.
INFO - 2020-08-07 10:01:03 --> Controller "App\Controllers\Beranda" loaded.
INFO - 2020-08-07 10:02:00 --> Controller "App\Controllers\Undangan" loaded.
INFO - 2020-08-07 10:02:00 --> Controller "App\Controllers\Undangan" loaded.
INFO - 2020-08-07 10:02:00 --> Controller "App\Controllers\Beranda" loaded.
INFO - 2020-08-07 10:03:29 --> Controller "App\Controllers\Undangan" loaded.
INFO - 2020-08-07 10:03:29 --> Controller "App\Controllers\Beranda" loaded.
INFO - 2020-08-07 10:04:14 --> Controller "App\Controllers\Undangan" loaded.
INFO - 2020-08-07 10:04:14 --> Controller "App\Controllers\Beranda" loaded.
INFO - 2020-08-07 10:05:27 --> Controller "App\Controllers\Undangan" loaded.
INFO - 2020-08-07 10:05:27 --> Controller "App\Controllers\Beranda" loaded.
INFO - 2020-08-07 10:05:33 --> Controller "App\Controllers\Beranda" loaded.
INFO - 2020-08-07 10:05:34 --> Controller "App\Controllers\Undangan" loaded.
INFO - 2020-08-07 10:05:34 --> Controller "App\Controllers\Beranda" loaded.
INFO - 2020-08-07 10:05:36 --> Controller "App\Controllers\Beranda" loaded.
INFO - 2020-08-07 10:14:34 --> Controller "App\Controllers\Undangan" loaded.
INFO - 2020-08-07 10:14:35 --> Controller "App\Controllers\Beranda" loaded.
INFO - 2020-08-07 10:14:36 --> Controller "App\Controllers\Beranda" loaded.
INFO - 2020-08-07 10:15:07 --> Controller "App\Controllers\Undangan" loaded.
INFO - 2020-08-07 10:15:07 --> Controller "App\Controllers\Beranda" loaded.
INFO - 2020-08-07 10:15:08 --> Controller "App\Controllers\Beranda" loaded.
INFO - 2020-08-07 10:17:36 --> Controller "App\Controllers\Undangan" loaded.
INFO - 2020-08-07 10:17:36 --> Controller "App\Controllers\Beranda" loaded.
INFO - 2020-08-07 10:17:37 --> Controller "App\Controllers\Beranda" loaded.
INFO - 2020-08-07 10:17:48 --> Controller "App\Controllers\Beranda" loaded.
INFO - 2020-08-07 10:17:52 --> Controller "App\Controllers\Undangan" loaded.
INFO - 2020-08-07 10:17:52 --> Controller "App\Controllers\Beranda" loaded.
INFO - 2020-08-07 10:17:54 --> Controller "App\Controllers\Beranda" loaded.
INFO - 2020-08-07 10:18:16 --> Controller "App\Controllers\Undangan" loaded.
CRITICAL - 2020-08-07 10:18:16 --> Call to a member function getResult() on null
#0 /var/www/html/akadkufix/system/View/View.php(236): include()
#1 /var/www/html/akadkufix/system/Common.php(1071): CodeIgniter\View\View->render('beranda/home', Array, true)
#2 /var/www/html/akadkufix/app/Controllers/Undangan.php(91): view('beranda/home')
#3 /var/www/html/akadkufix/system/CodeIgniter.php(910): App\Controllers\Undangan->undangan()
#4 /var/www/html/akadkufix/system/CodeIgniter.php(398): CodeIgniter\CodeIgniter->runController(Object(App\Controllers\Undangan))
#5 /var/www/html/akadkufix/system/CodeIgniter.php(306): CodeIgniter\CodeIgniter->handleRequest(NULL, Object(Config\Cache), false)
#6 /var/www/html/akadkufix/index.php(45): CodeIgniter\CodeIgniter->run()
#7 {main}
INFO - 2020-08-07 10:18:16 --> Controller "App\Controllers\Undangan" loaded.
INFO - 2020-08-07 10:18:17 --> Controller "App\Controllers\Beranda" loaded.
INFO - 2020-08-07 10:18:19 --> Controller "App\Controllers\Beranda" loaded.
INFO - 2020-08-07 10:19:48 --> Controller "App\Controllers\Undangan" loaded.
INFO - 2020-08-07 10:19:49 --> Controller "App\Controllers\Beranda" loaded.
INFO - 2020-08-07 10:19:51 --> Controller "App\Controllers\Beranda" loaded.
INFO - 2020-08-07 10:20:18 --> Controller "App\Controllers\Undangan" loaded.
INFO - 2020-08-07 10:20:18 --> Controller "App\Controllers\Beranda" loaded.
INFO - 2020-08-07 10:20:19 --> Controller "App\Controllers\Beranda" loaded.
INFO - 2020-08-07 10:20:46 --> Controller "App\Controllers\Undangan" loaded.
INFO - 2020-08-07 10:20:47 --> Controller "App\Controllers\Beranda" loaded.
INFO - 2020-08-07 10:20:48 --> Controller "App\Controllers\Beranda" loaded.
INFO - 2020-08-07 10:21:31 --> Controller "App\Controllers\Undangan" loaded.
INFO - 2020-08-07 10:21:31 --> Controller "App\Controllers\Beranda" loaded.
INFO - 2020-08-07 10:22:27 --> Controller "App\Controllers\Beranda" loaded.
INFO - 2020-08-07 10:22:27 --> Controller "App\Controllers\Beranda" loaded.
INFO - 2020-08-07 10:22:27 --> Controller "App\Controllers\Beranda" loaded.
INFO - 2020-08-07 10:32:35 --> Controller "App\Controllers\Undangan" loaded.
INFO - 2020-08-07 10:32:36 --> Controller "App\Controllers\Beranda" loaded.
INFO - 2020-08-07 10:32:36 --> Controller "App\Controllers\Beranda" loaded.
INFO - 2020-08-07 10:32:36 --> Controller "App\Controllers\Beranda" loaded.
INFO - 2020-08-07 10:32:36 --> Controller "App\Controllers\Beranda" loaded.
INFO - 2020-08-07 10:35:12 --> Controller "App\Controllers\Undangan" loaded.
INFO - 2020-08-07 10:35:12 --> Controller "App\Controllers\Beranda" loaded.
INFO - 2020-08-07 10:35:12 --> Controller "App\Controllers\Beranda" loaded.
INFO - 2020-08-07 10:35:12 --> Controller "App\Controllers\Beranda" loaded.
INFO - 2020-08-07 10:35:12 --> Controller "App\Controllers\Beranda" loaded.
INFO - 2020-08-07 10:36:33 --> Controller "App\Controllers\Undangan" loaded.
INFO - 2020-08-07 10:36:33 --> Controller "App\Controllers\Beranda" loaded.
INFO - 2020-08-07 10:36:33 --> Controller "App\Controllers\Beranda" loaded.
INFO - 2020-08-07 10:36:33 --> Controller "App\Controllers\Beranda" loaded.
INFO - 2020-08-07 10:36:33 --> Controller "App\Controllers\Beranda" loaded.
INFO - 2020-08-07 10:36:36 --> Controller "App\Controllers\Undangan" loaded.
INFO - 2020-08-07 10:36:36 --> Controller "App\Controllers\Beranda" loaded.
INFO - 2020-08-07 10:36:36 --> Controller "App\Controllers\Beranda" loaded.
INFO - 2020-08-07 10:36:36 --> Controller "App\Controllers\Beranda" loaded.
INFO - 2020-08-07 10:36:36 --> Controller "App\Controllers\Beranda" loaded.
INFO - 2020-08-07 10:36:50 --> Controller "App\Controllers\Undangan" loaded.
INFO - 2020-08-07 10:36:50 --> Controller "App\Controllers\Beranda" loaded.
INFO - 2020-08-07 10:36:50 --> Controller "App\Controllers\Beranda" loaded.
INFO - 2020-08-07 10:36:50 --> Controller "App\Controllers\Beranda" loaded.
INFO - 2020-08-07 10:36:50 --> Controller "App\Controllers\Beranda" loaded.
INFO - 2020-08-07 10:36:58 --> Controller "App\Controllers\Undangan" loaded.
INFO - 2020-08-07 10:36:58 --> Controller "App\Controllers\Beranda" loaded.
INFO - 2020-08-07 10:36:58 --> Controller "App\Controllers\Beranda" loaded.
INFO - 2020-08-07 10:36:58 --> Controller "App\Controllers\Beranda" loaded.
INFO - 2020-08-07 10:36:58 --> Controller "App\Controllers\Beranda" loaded.
INFO - 2020-08-07 10:40:08 --> Controller "App\Controllers\Undangan" loaded.
INFO - 2020-08-07 10:40:08 --> Controller "App\Controllers\Beranda" loaded.
INFO - 2020-08-07 10:40:08 --> Controller "App\Controllers\Beranda" loaded.
INFO - 2020-08-07 10:40:08 --> Controller "App\Controllers\Beranda" loaded.
INFO - 2020-08-07 10:40:08 --> Controller "App\Controllers\Beranda" loaded.
INFO - 2020-08-07 10:42:00 --> Controller "App\Controllers\Undangan" loaded.
INFO - 2020-08-07 10:42:00 --> Controller "App\Controllers\Beranda" loaded.
INFO - 2020-08-07 10:42:01 --> Controller "App\Controllers\Beranda" loaded.
INFO - 2020-08-07 10:42:01 --> Controller "App\Controllers\Beranda" loaded.
INFO - 2020-08-07 10:42:01 --> Controller "App\Controllers\Beranda" loaded.
INFO - 2020-08-07 10:50:29 --> Controller "App\Controllers\Undangan" loaded.
INFO - 2020-08-07 10:50:29 --> Controller "App\Controllers\Beranda" loaded.
INFO - 2020-08-07 10:50:29 --> Controller "App\Controllers\Beranda" loaded.
INFO - 2020-08-07 10:50:29 --> Controller "App\Controllers\Beranda" loaded.
INFO - 2020-08-07 10:50:29 --> Controller "App\Controllers\Beranda" loaded.
INFO - 2020-08-07 10:50:41 --> Controller "App\Controllers\Undangan" loaded.
INFO - 2020-08-07 10:50:42 --> Controller "App\Controllers\Beranda" loaded.
INFO - 2020-08-07 10:50:42 --> Controller "App\Controllers\Beranda" loaded.
INFO - 2020-08-07 10:50:42 --> Controller "App\Controllers\Beranda" loaded.
INFO - 2020-08-07 10:50:42 --> Controller "App\Controllers\Beranda" loaded.
INFO - 2020-08-07 10:50:42 --> Controller "App\Controllers\Beranda" loaded.
INFO - 2020-08-07 10:51:24 --> Controller "App\Controllers\Undangan" loaded.
INFO - 2020-08-07 10:51:25 --> Controller "App\Controllers\Beranda" loaded.
INFO - 2020-08-07 10:51:25 --> Controller "App\Controllers\Beranda" loaded.
INFO - 2020-08-07 10:51:25 --> Controller "App\Controllers\Beranda" loaded.
INFO - 2020-08-07 10:51:25 --> Controller "App\Controllers\Beranda" loaded.
INFO - 2020-08-07 10:54:00 --> Controller "App\Controllers\Undangan" loaded.
INFO - 2020-08-07 10:54:01 --> Controller "App\Controllers\Beranda" loaded.
INFO - 2020-08-07 10:54:01 --> Controller "App\Controllers\Beranda" loaded.
INFO - 2020-08-07 10:54:01 --> Controller "App\Controllers\Beranda" loaded.
INFO - 2020-08-07 10:54:01 --> Controller "App\Controllers\Beranda" loaded.
INFO - 2020-08-07 10:54:36 --> Controller "App\Controllers\Undangan" loaded.
INFO - 2020-08-07 10:54:37 --> Controller "App\Controllers\Beranda" loaded.
INFO - 2020-08-07 10:54:37 --> Controller "App\Controllers\Beranda" loaded.
INFO - 2020-08-07 10:54:37 --> Controller "App\Controllers\Beranda" loaded.
INFO - 2020-08-07 10:54:37 --> Controller "App\Controllers\Beranda" loaded.
INFO - 2020-08-07 10:58:13 --> Controller "App\Controllers\Undangan" loaded.
INFO - 2020-08-07 10:58:13 --> Controller "App\Controllers\Beranda" loaded.
INFO - 2020-08-07 10:58:13 --> Controller "App\Controllers\Beranda" loaded.
INFO - 2020-08-07 10:58:13 --> Controller "App\Controllers\Beranda" loaded.
INFO - 2020-08-07 10:58:13 --> Controller "App\Controllers\Beranda" loaded.
INFO - 2020-08-07 10:58:16 --> Controller "App\Controllers\Beranda" loaded.
INFO - 2020-08-07 10:58:33 --> Controller "App\Controllers\Undangan" loaded.
INFO - 2020-08-07 10:58:34 --> Controller "App\Controllers\Beranda" loaded.
INFO - 2020-08-07 10:58:34 --> Controller "App\Controllers\Beranda" loaded.
INFO - 2020-08-07 10:58:34 --> Controller "App\Controllers\Beranda" loaded.
INFO - 2020-08-07 10:58:34 --> Controller "App\Controllers\Beranda" loaded.
INFO - 2020-08-07 11:01:04 --> Controller "App\Controllers\Undangan" loaded.
INFO - 2020-08-07 11:01:05 --> Controller "App\Controllers\Beranda" loaded.
INFO - 2020-08-07 11:01:05 --> Controller "App\Controllers\Beranda" loaded.
INFO - 2020-08-07 11:01:05 --> Controller "App\Controllers\Beranda" loaded.
INFO - 2020-08-07 11:01:05 --> Controller "App\Controllers\Beranda" loaded.
INFO - 2020-08-07 11:01:56 --> Controller "App\Controllers\Undangan" loaded.
INFO - 2020-08-07 11:01:56 --> Controller "App\Controllers\Beranda" loaded.
INFO - 2020-08-07 11:02:28 --> Controller "App\Controllers\Undangan" loaded.
INFO - 2020-08-07 11:02:28 --> Controller "App\Controllers\Beranda" loaded.
INFO - 2020-08-07 11:02:46 --> Controller "App\Controllers\Undangan" loaded.
INFO - 2020-08-07 11:02:47 --> Controller "App\Controllers\Beranda" loaded.
INFO - 2020-08-07 11:02:47 --> Controller "App\Controllers\Beranda" loaded.
INFO - 2020-08-07 11:02:47 --> Controller "App\Controllers\Beranda" loaded.
INFO - 2020-08-07 11:02:47 --> Controller "App\Controllers\Beranda" loaded.
INFO - 2020-08-07 11:02:50 --> Controller "App\Controllers\Undangan" loaded.
INFO - 2020-08-07 11:02:51 --> Controller "App\Controllers\Beranda" loaded.
INFO - 2020-08-07 11:04:11 --> Controller "App\Controllers\Undangan" loaded.
INFO - 2020-08-07 11:04:11 --> Controller "App\Controllers\Beranda" loaded.
INFO - 2020-08-07 11:04:11 --> Controller "App\Controllers\Beranda" loaded.
INFO - 2020-08-07 11:04:11 --> Controller "App\Controllers\Beranda" loaded.
INFO - 2020-08-07 11:04:11 --> Controller "App\Controllers\Beranda" loaded.
INFO - 2020-08-07 11:04:16 --> Controller "App\Controllers\Undangan" loaded.
INFO - 2020-08-07 11:04:17 --> Controller "App\Controllers\Beranda" loaded.
INFO - 2020-08-07 11:09:08 --> Controller "App\Controllers\Undangan" loaded.
INFO - 2020-08-07 11:09:08 --> Controller "App\Controllers\Beranda" loaded.
INFO - 2020-08-07 11:09:09 --> Controller "App\Controllers\Beranda" loaded.
INFO - 2020-08-07 11:09:09 --> Controller "App\Controllers\Beranda" loaded.
INFO - 2020-08-07 11:09:09 --> Controller "App\Controllers\Beranda" loaded.
INFO - 2020-08-07 11:10:13 --> Controller "App\Controllers\Undangan" loaded.
INFO - 2020-08-07 11:10:13 --> Controller "App\Controllers\Beranda" loaded.
INFO - 2020-08-07 11:10:14 --> Controller "App\Controllers\Beranda" loaded.
INFO - 2020-08-07 11:10:14 --> Controller "App\Controllers\Beranda" loaded.
INFO - 2020-08-07 11:10:14 --> Controller "App\Controllers\Beranda" loaded.
INFO - 2020-08-07 11:10:47 --> Controller "App\Controllers\Undangan" loaded.
INFO - 2020-08-07 11:10:47 --> Controller "App\Controllers\Beranda" loaded.
INFO - 2020-08-07 11:10:47 --> Controller "App\Controllers\Beranda" loaded.
INFO - 2020-08-07 11:10:47 --> Controller "App\Controllers\Beranda" loaded.
INFO - 2020-08-07 11:10:47 --> Controller "App\Controllers\Beranda" loaded.
INFO - 2020-08-07 11:15:00 --> Controller "App\Controllers\Undangan" loaded.
INFO - 2020-08-07 11:15:00 --> Controller "App\Controllers\Beranda" loaded.
INFO - 2020-08-07 11:15:01 --> Controller "App\Controllers\Beranda" loaded.
INFO - 2020-08-07 11:15:01 --> Controller "App\Controllers\Beranda" loaded.
INFO - 2020-08-07 11:15:01 --> Controller "App\Controllers\Beranda" loaded.
INFO - 2020-08-07 11:17:07 --> Controller "App\Controllers\Undangan" loaded.
INFO - 2020-08-07 11:17:08 --> Controller "App\Controllers\Beranda" loaded.
INFO - 2020-08-07 11:21:18 --> Controller "App\Controllers\Undangan" loaded.
INFO - 2020-08-07 11:21:18 --> Controller "App\Controllers\Beranda" loaded.
INFO - 2020-08-07 11:21:18 --> Controller "App\Controllers\Beranda" loaded.
INFO - 2020-08-07 11:21:19 --> Controller "App\Controllers\Beranda" loaded.
INFO - 2020-08-07 11:21:19 --> Controller "App\Controllers\Beranda" loaded.
INFO - 2020-08-07 11:21:24 --> Controller "App\Controllers\Undangan" loaded.
INFO - 2020-08-07 11:21:24 --> Controller "App\Controllers\Beranda" loaded.
INFO - 2020-08-07 11:21:34 --> Controller "App\Controllers\Undangan" loaded.
INFO - 2020-08-07 11:21:34 --> Controller "App\Controllers\Beranda" loaded.
INFO - 2020-08-07 11:22:15 --> Controller "App\Controllers\Undangan" loaded.
INFO - 2020-08-07 11:22:15 --> Controller "App\Controllers\Beranda" loaded.
INFO - 2020-08-07 11:22:16 --> Controller "App\Controllers\Beranda" loaded.
INFO - 2020-08-07 11:22:16 --> Controller "App\Controllers\Beranda" loaded.
INFO - 2020-08-07 11:22:16 --> Controller "App\Controllers\Beranda" loaded.
INFO - 2020-08-07 11:23:02 --> Controller "App\Controllers\Undangan" loaded.
INFO - 2020-08-07 11:23:03 --> Controller "App\Controllers\Beranda" loaded.
INFO - 2020-08-07 11:23:03 --> Controller "App\Controllers\Beranda" loaded.
INFO - 2020-08-07 11:23:03 --> Controller "App\Controllers\Beranda" loaded.
INFO - 2020-08-07 11:23:03 --> Controller "App\Controllers\Beranda" loaded.
INFO - 2020-08-07 11:23:24 --> Controller "App\Controllers\Undangan" loaded.
INFO - 2020-08-07 11:23:25 --> Controller "App\Controllers\Beranda" loaded.
INFO - 2020-08-07 11:23:45 --> Controller "App\Controllers\Undangan" loaded.
INFO - 2020-08-07 11:23:45 --> Controller "App\Controllers\Beranda" loaded.
INFO - 2020-08-07 11:23:50 --> Controller "App\Controllers\Undangan" loaded.
INFO - 2020-08-07 11:23:50 --> Controller "App\Controllers\Beranda" loaded.
INFO - 2020-08-07 11:23:57 --> Controller "App\Controllers\Undangan" loaded.
INFO - 2020-08-07 11:23:57 --> Controller "App\Controllers\Beranda" loaded.
INFO - 2020-08-07 11:23:57 --> Controller "App\Controllers\Beranda" loaded.
INFO - 2020-08-07 11:23:57 --> Controller "App\Controllers\Beranda" loaded.
INFO - 2020-08-07 11:23:57 --> Controller "App\Controllers\Beranda" loaded.
INFO - 2020-08-07 11:24:26 --> Controller "App\Controllers\Undangan" loaded.
INFO - 2020-08-07 11:24:26 --> Controller "App\Controllers\Beranda" loaded.
INFO - 2020-08-07 11:24:27 --> Controller "App\Controllers\Beranda" loaded.
INFO - 2020-08-07 11:24:27 --> Controller "App\Controllers\Beranda" loaded.
INFO - 2020-08-07 11:24:27 --> Controller "App\Controllers\Beranda" loaded.
INFO - 2020-08-07 11:24:42 --> Controller "App\Controllers\Undangan" loaded.
INFO - 2020-08-07 11:24:43 --> Controller "App\Controllers\Beranda" loaded.
INFO - 2020-08-07 11:24:43 --> Controller "App\Controllers\Beranda" loaded.
INFO - 2020-08-07 11:24:43 --> Controller "App\Controllers\Beranda" loaded.
INFO - 2020-08-07 11:24:43 --> Controller "App\Controllers\Beranda" loaded.
INFO - 2020-08-07 11:24:58 --> Controller "App\Controllers\Undangan" loaded.
INFO - 2020-08-07 11:24:59 --> Controller "App\Controllers\Beranda" loaded.
INFO - 2020-08-07 11:24:59 --> Controller "App\Controllers\Beranda" loaded.
INFO - 2020-08-07 11:24:59 --> Controller "App\Controllers\Beranda" loaded.
INFO - 2020-08-07 11:24:59 --> Controller "App\Controllers\Beranda" loaded.
INFO - 2020-08-07 11:25:35 --> Controller "App\Controllers\Undangan" loaded.
INFO - 2020-08-07 11:25:35 --> Controller "App\Controllers\Beranda" loaded.
INFO - 2020-08-07 11:25:35 --> Controller "App\Controllers\Beranda" loaded.
INFO - 2020-08-07 11:25:36 --> Controller "App\Controllers\Beranda" loaded.
INFO - 2020-08-07 11:25:36 --> Controller "App\Controllers\Beranda" loaded.
INFO - 2020-08-07 11:25:57 --> Controller "App\Controllers\Undangan" loaded.
INFO - 2020-08-07 11:25:57 --> Controller "App\Controllers\Beranda" loaded.
INFO - 2020-08-07 11:25:57 --> Controller "App\Controllers\Beranda" loaded.
INFO - 2020-08-07 11:25:57 --> Controller "App\Controllers\Beranda" loaded.
INFO - 2020-08-07 11:25:58 --> Controller "App\Controllers\Beranda" loaded.
INFO - 2020-08-07 11:26:15 --> Controller "App\Controllers\Undangan" loaded.
INFO - 2020-08-07 11:26:16 --> Controller "App\Controllers\Beranda" loaded.
INFO - 2020-08-07 11:26:44 --> Controller "App\Controllers\Undangan" loaded.
INFO - 2020-08-07 11:26:44 --> Controller "App\Controllers\Beranda" loaded.
INFO - 2020-08-07 11:26:44 --> Controller "App\Controllers\Beranda" loaded.
INFO - 2020-08-07 11:26:45 --> Controller "App\Controllers\Beranda" loaded.
INFO - 2020-08-07 11:26:45 --> Controller "App\Controllers\Beranda" loaded.
INFO - 2020-08-07 11:27:15 --> Controller "App\Controllers\Undangan" loaded.
INFO - 2020-08-07 11:27:15 --> Controller "App\Controllers\Beranda" loaded.
INFO - 2020-08-07 11:27:15 --> Controller "App\Controllers\Beranda" loaded.
INFO - 2020-08-07 11:27:15 --> Controller "App\Controllers\Beranda" loaded.
INFO - 2020-08-07 11:27:15 --> Controller "App\Controllers\Beranda" loaded.
INFO - 2020-08-07 11:29:42 --> Controller "App\Controllers\Undangan" loaded.
INFO - 2020-08-07 11:29:43 --> Controller "App\Controllers\Beranda" loaded.
INFO - 2020-08-07 11:29:43 --> Controller "App\Controllers\Beranda" loaded.
INFO - 2020-08-07 11:29:43 --> Controller "App\Controllers\Beranda" loaded.
INFO - 2020-08-07 11:29:43 --> Controller "App\Controllers\Beranda" loaded.
INFO - 2020-08-07 11:30:16 --> Controller "App\Controllers\Undangan" loaded.
CRITICAL - 2020-08-07 11:30:16 --> Cannot use object of type CodeIgniter\Database\MySQLi\Result as array
#0 /var/www/html/akadkufix/system/View/View.php(236): include()
#1 /var/www/html/akadkufix/system/Common.php(1071): CodeIgniter\View\View->render('themes/hwflower', Array, true)
#2 /var/www/html/akadkufix/app/Controllers/Undangan.php(89): view('themes/hwflower', Array)
#3 /var/www/html/akadkufix/system/CodeIgniter.php(910): App\Controllers\Undangan->undangan()
#4 /var/www/html/akadkufix/system/CodeIgniter.php(398): CodeIgniter\CodeIgniter->runController(Object(App\Controllers\Undangan))
#5 /var/www/html/akadkufix/system/CodeIgniter.php(306): CodeIgniter\CodeIgniter->handleRequest(NULL, Object(Config\Cache), false)
#6 /var/www/html/akadkufix/index.php(45): CodeIgniter\CodeIgniter->run()
#7 {main}
INFO - 2020-08-07 11:30:34 --> Controller "App\Controllers\Undangan" loaded.
INFO - 2020-08-07 11:30:35 --> Controller "App\Controllers\Beranda" loaded.
INFO - 2020-08-07 11:30:35 --> Controller "App\Controllers\Beranda" loaded.
INFO - 2020-08-07 11:30:35 --> Controller "App\Controllers\Beranda" loaded.
INFO - 2020-08-07 11:30:35 --> Controller "App\Controllers\Beranda" loaded.
INFO - 2020-08-07 11:32:28 --> Controller "App\Controllers\Undangan" loaded.
CRITICAL - 2020-08-07 11:32:28 --> Call to undefined method CodeIgniter\Database\MySQLi\Builder::getResult()
#0 /var/www/html/akadkufix/app/Controllers/Undangan.php(72): App\Models\UndanganModel->get_maps('1')
#1 /var/www/html/akadkufix/system/CodeIgniter.php(910): App\Controllers\Undangan->undangan()
#2 /var/www/html/akadkufix/system/CodeIgniter.php(398): CodeIgniter\CodeIgniter->runController(Object(App\Controllers\Undangan))
#3 /var/www/html/akadkufix/system/CodeIgniter.php(306): CodeIgniter\CodeIgniter->handleRequest(NULL, Object(Config\Cache), false)
#4 /var/www/html/akadkufix/index.php(45): CodeIgniter\CodeIgniter->run()
#5 {main}
INFO - 2020-08-07 11:32:43 --> Controller "App\Controllers\Undangan" loaded.
CRITICAL - 2020-08-07 11:32:43 --> Call to a member function getResult() on array
#0 /var/www/html/akadkufix/system/View/View.php(236): include()
#1 /var/www/html/akadkufix/system/Common.php(1071): CodeIgniter\View\View->render('themes/hwflower', Array, true)
#2 /var/www/html/akadkufix/app/Controllers/Undangan.php(89): view('themes/hwflower', Array)
#3 /var/www/html/akadkufix/system/CodeIgniter.php(910): App\Controllers\Undangan->undangan()
#4 /var/www/html/akadkufix/system/CodeIgniter.php(398): CodeIgniter\CodeIgniter->runController(Object(App\Controllers\Undangan))
#5 /var/www/html/akadkufix/system/CodeIgniter.php(306): CodeIgniter\CodeIgniter->handleRequest(NULL, Object(Config\Cache), false)
#6 /var/www/html/akadkufix/index.php(45): CodeIgniter\CodeIgniter->run()
#7 {main}
INFO - 2020-08-07 11:32:56 --> Controller "App\Controllers\Undangan" loaded.
CRITICAL - 2020-08-07 11:32:56 --> Call to a member function getResult() on array
#0 /var/www/html/akadkufix/system/View/View.php(236): include()
#1 /var/www/html/akadkufix/system/Common.php(1071): CodeIgniter\View\View->render('themes/hwflower', Array, true)
#2 /var/www/html/akadkufix/app/Controllers/Undangan.php(89): view('themes/hwflower', Array)
#3 /var/www/html/akadkufix/system/CodeIgniter.php(910): App\Controllers\Undangan->undangan()
#4 /var/www/html/akadkufix/system/CodeIgniter.php(398): CodeIgniter\CodeIgniter->runController(Object(App\Controllers\Undangan))
#5 /var/www/html/akadkufix/system/CodeIgniter.php(306): CodeIgniter\CodeIgniter->handleRequest(NULL, Object(Config\Cache), false)
#6 /var/www/html/akadkufix/index.php(45): CodeIgniter\CodeIgniter->run()
#7 {main}
INFO - 2020-08-07 11:33:15 --> Controller "App\Controllers\Undangan" loaded.
CRITICAL - 2020-08-07 11:33:15 --> Call to a member function getResult() on array
#0 /var/www/html/akadkufix/system/View/View.php(236): include()
#1 /var/www/html/akadkufix/system/Common.php(1071): CodeIgniter\View\View->render('themes/hwflower', Array, true)
#2 /var/www/html/akadkufix/app/Controllers/Undangan.php(89): view('themes/hwflower', Array)
#3 /var/www/html/akadkufix/system/CodeIgniter.php(910): App\Controllers\Undangan->undangan()
#4 /var/www/html/akadkufix/system/CodeIgniter.php(398): CodeIgniter\CodeIgniter->runController(Object(App\Controllers\Undangan))
#5 /var/www/html/akadkufix/system/CodeIgniter.php(306): CodeIgniter\CodeIgniter->handleRequest(NULL, Object(Config\Cache), false)
#6 /var/www/html/akadkufix/index.php(45): CodeIgniter\CodeIgniter->run()
#7 {main}
INFO - 2020-08-07 11:35:09 --> Controller "App\Controllers\Undangan" loaded.
CRITICAL - 2020-08-07 11:35:09 --> Call to undefined method CodeIgniter\Database\MySQLi\Builder::getResult()
#0 /var/www/html/akadkufix/app/Controllers/Undangan.php(72): App\Models\UndanganModel->get_maps('1')
#1 /var/www/html/akadkufix/system/CodeIgniter.php(910): App\Controllers\Undangan->undangan()
#2 /var/www/html/akadkufix/system/CodeIgniter.php(398): CodeIgniter\CodeIgniter->runController(Object(App\Controllers\Undangan))
#3 /var/www/html/akadkufix/system/CodeIgniter.php(306): CodeIgniter\CodeIgniter->handleRequest(NULL, Object(Config\Cache), false)
#4 /var/www/html/akadkufix/index.php(45): CodeIgniter\CodeIgniter->run()
#5 {main}
INFO - 2020-08-07 11:35:38 --> Controller "App\Controllers\Undangan" loaded.
CRITICAL - 2020-08-07 11:35:38 --> Call to a member function getResult() on array
#0 /var/www/html/akadkufix/system/View/View.php(236): include()
#1 /var/www/html/akadkufix/system/Common.php(1071): CodeIgniter\View\View->render('themes/hwflower', Array, true)
#2 /var/www/html/akadkufix/app/Controllers/Undangan.php(89): view('themes/hwflower', Array)
#3 /var/www/html/akadkufix/system/CodeIgniter.php(910): App\Controllers\Undangan->undangan()
#4 /var/www/html/akadkufix/system/CodeIgniter.php(398): CodeIgniter\CodeIgniter->runController(Object(App\Controllers\Undangan))
#5 /var/www/html/akadkufix/system/CodeIgniter.php(306): CodeIgniter\CodeIgniter->handleRequest(NULL, Object(Config\Cache), false)
#6 /var/www/html/akadkufix/index.php(45): CodeIgniter\CodeIgniter->run()
#7 {main}
INFO - 2020-08-07 11:35:53 --> Controller "App\Controllers\Undangan" loaded.
CRITICAL - 2020-08-07 11:35:53 --> Call to a member function getResult() on array
#0 /var/www/html/akadkufix/system/View/View.php(236): include()
#1 /var/www/html/akadkufix/system/Common.php(1071): CodeIgniter\View\View->render('themes/hwflower', Array, true)
#2 /var/www/html/akadkufix/app/Controllers/Undangan.php(89): view('themes/hwflower', Array)
#3 /var/www/html/akadkufix/system/CodeIgniter.php(910): App\Controllers\Undangan->undangan()
#4 /var/www/html/akadkufix/system/CodeIgniter.php(398): CodeIgniter\CodeIgniter->runController(Object(App\Controllers\Undangan))
#5 /var/www/html/akadkufix/system/CodeIgniter.php(306): CodeIgniter\CodeIgniter->handleRequest(NULL, Object(Config\Cache), false)
#6 /var/www/html/akadkufix/index.php(45): CodeIgniter\CodeIgniter->run()
#7 {main}
INFO - 2020-08-07 11:36:11 --> Controller "App\Controllers\Undangan" loaded.
CRITICAL - 2020-08-07 11:36:11 --> Undefined offset: 0
#0 /var/www/html/akadkufix/app/Views/themes/hwflower.php(342): CodeIgniter\Debug\Exceptions->errorHandler(8, 'Undefined offse...', '/var/www/html/a...', 342, Array)
#1 /var/www/html/akadkufix/system/View/View.php(236): include('/var/www/html/a...')
#2 /var/www/html/akadkufix/system/Common.php(1071): CodeIgniter\View\View->render('themes/hwflower', Array, true)
#3 /var/www/html/akadkufix/app/Controllers/Undangan.php(89): view('themes/hwflower', Array)
#4 /var/www/html/akadkufix/system/CodeIgniter.php(910): App\Controllers\Undangan->undangan()
#5 /var/www/html/akadkufix/system/CodeIgniter.php(398): CodeIgniter\CodeIgniter->runController(Object(App\Controllers\Undangan))
#6 /var/www/html/akadkufix/system/CodeIgniter.php(306): CodeIgniter\CodeIgniter->handleRequest(NULL, Object(Config\Cache), false)
#7 /var/www/html/akadkufix/index.php(45): CodeIgniter\CodeIgniter->run()
#8 {main}
INFO - 2020-08-07 11:36:24 --> Controller "App\Controllers\Undangan" loaded.
CRITICAL - 2020-08-07 11:36:24 --> Trying to get property 'data' of non-object
#0 /var/www/html/akadkufix/app/Views/themes/hwflower.php(342): CodeIgniter\Debug\Exceptions->errorHandler(8, 'Trying to get p...', '/var/www/html/a...', 342, Array)
#1 /var/www/html/akadkufix/system/View/View.php(236): include('/var/www/html/a...')
#2 /var/www/html/akadkufix/system/Common.php(1071): CodeIgniter\View\View->render('themes/hwflower', Array, true)
#3 /var/www/html/akadkufix/app/Controllers/Undangan.php(89): view('themes/hwflower', Array)
#4 /var/www/html/akadkufix/system/CodeIgniter.php(910): App\Controllers\Undangan->undangan()
#5 /var/www/html/akadkufix/system/CodeIgniter.php(398): CodeIgniter\CodeIgniter->runController(Object(App\Controllers\Undangan))
#6 /var/www/html/akadkufix/system/CodeIgniter.php(306): CodeIgniter\CodeIgniter->handleRequest(NULL, Object(Config\Cache), false)
#7 /var/www/html/akadkufix/index.php(45): CodeIgniter\CodeIgniter->run()
#8 {main}
INFO - 2020-08-07 11:36:35 --> Controller "App\Controllers\Undangan" loaded.
CRITICAL - 2020-08-07 11:36:35 --> Undefined offset: 0
#0 /var/www/html/akadkufix/app/Views/themes/hwflower.php(342): CodeIgniter\Debug\Exceptions->errorHandler(8, 'Undefined offse...', '/var/www/html/a...', 342, Array)
#1 /var/www/html/akadkufix/system/View/View.php(236): include('/var/www/html/a...')
#2 /var/www/html/akadkufix/system/Common.php(1071): CodeIgniter\View\View->render('themes/hwflower', Array, true)
#3 /var/www/html/akadkufix/app/Controllers/Undangan.php(89): view('themes/hwflower', Array)
#4 /var/www/html/akadkufix/system/CodeIgniter.php(910): App\Controllers\Undangan->undangan()
#5 /var/www/html/akadkufix/system/CodeIgniter.php(398): CodeIgniter\CodeIgniter->runController(Object(App\Controllers\Undangan))
#6 /var/www/html/akadkufix/system/CodeIgniter.php(306): CodeIgniter\CodeIgniter->handleRequest(NULL, Object(Config\Cache), false)
#7 /var/www/html/akadkufix/index.php(45): CodeIgniter\CodeIgniter->run()
#8 {main}
INFO - 2020-08-07 11:37:05 --> Controller "App\Controllers\Undangan" loaded.
INFO - 2020-08-07 11:37:05 --> Controller "App\Controllers\Beranda" loaded.
INFO - 2020-08-07 11:37:05 --> Controller "App\Controllers\Beranda" loaded.
INFO - 2020-08-07 11:37:05 --> Controller "App\Controllers\Beranda" loaded.
INFO - 2020-08-07 11:37:05 --> Controller "App\Controllers\Beranda" loaded.
INFO - 2020-08-07 11:37:29 --> Controller "App\Controllers\Undangan" loaded.
INFO - 2020-08-07 11:37:30 --> Controller "App\Controllers\Beranda" loaded.
INFO - 2020-08-07 11:37:30 --> Controller "App\Controllers\Beranda" loaded.
INFO - 2020-08-07 11:37:30 --> Controller "App\Controllers\Beranda" loaded.
INFO - 2020-08-07 11:37:30 --> Controller "App\Controllers\Beranda" loaded.
INFO - 2020-08-07 11:47:50 --> Controller "App\Controllers\Undangan" loaded.
CRITICAL - 2020-08-07 11:47:50 --> Undefined property: stdClass::$album
#0 /var/www/html/akadkufix/app/Views/themes/hwflower.php(62): CodeIgniter\Debug\Exceptions->errorHandler(8, 'Undefined prope...', '/var/www/html/a...', 62, Array)
#1 /var/www/html/akadkufix/system/View/View.php(236): include('/var/www/html/a...')
#2 /var/www/html/akadkufix/system/Common.php(1071): CodeIgniter\View\View->render('themes/hwflower', Array, true)
#3 /var/www/html/akadkufix/app/Controllers/Undangan.php(89): view('themes/hwflower', Array)
#4 /var/www/html/akadkufix/system/CodeIgniter.php(910): App\Controllers\Undangan->undangan()
#5 /var/www/html/akadkufix/system/CodeIgniter.php(398): CodeIgniter\CodeIgniter->runController(Object(App\Controllers\Undangan))
#6 /var/www/html/akadkufix/system/CodeIgniter.php(306): CodeIgniter\CodeIgniter->handleRequest(NULL, Object(Config\Cache), false)
#7 /var/www/html/akadkufix/index.php(45): CodeIgniter\CodeIgniter->run()
#8 {main}
INFO - 2020-08-07 11:48:25 --> Controller "App\Controllers\Undangan" loaded.
INFO - 2020-08-07 11:48:26 --> Controller "App\Controllers\Beranda" loaded.
INFO - 2020-08-07 11:48:26 --> Controller "App\Controllers\Beranda" loaded.
INFO - 2020-08-07 11:48:26 --> Controller "App\Controllers\Beranda" loaded.
INFO - 2020-08-07 11:48:26 --> Controller "App\Controllers\Beranda" loaded.
INFO - 2020-08-07 11:49:04 --> Controller "App\Controllers\Undangan" loaded.
INFO - 2020-08-07 11:49:04 --> Controller "App\Controllers\Beranda" loaded.
INFO - 2020-08-07 11:49:05 --> Controller "App\Controllers\Beranda" loaded.
INFO - 2020-08-07 11:49:05 --> Controller "App\Controllers\Beranda" loaded.
INFO - 2020-08-07 11:49:05 --> Controller "App\Controllers\Beranda" loaded.
INFO - 2020-08-07 11:49:31 --> Controller "App\Controllers\Undangan" loaded.
INFO - 2020-08-07 11:49:31 --> Controller "App\Controllers\Beranda" loaded.
INFO - 2020-08-07 11:49:32 --> Controller "App\Controllers\Beranda" loaded.
INFO - 2020-08-07 11:49:32 --> Controller "App\Controllers\Beranda" loaded.
INFO - 2020-08-07 11:49:32 --> Controller "App\Controllers\Beranda" loaded.
INFO - 2020-08-07 11:53:23 --> Controller "App\Controllers\Undangan" loaded.
INFO - 2020-08-07 11:53:23 --> Controller "App\Controllers\Beranda" loaded.
INFO - 2020-08-07 11:53:23 --> Controller "App\Controllers\Beranda" loaded.
INFO - 2020-08-07 11:53:23 --> Controller "App\Controllers\Beranda" loaded.
INFO - 2020-08-07 11:53:24 --> Controller "App\Controllers\Beranda" loaded.
INFO - 2020-08-07 11:55:33 --> Controller "App\Controllers\Undangan" loaded.
INFO - 2020-08-07 11:55:33 --> Controller "App\Controllers\Beranda" loaded.
INFO - 2020-08-07 11:55:34 --> Controller "App\Controllers\Beranda" loaded.
INFO - 2020-08-07 11:55:34 --> Controller "App\Controllers\Beranda" loaded.
INFO - 2020-08-07 11:55:34 --> Controller "App\Controllers\Beranda" loaded.
INFO - 2020-08-07 11:56:11 --> Session: Class initialized using 'CodeIgniter\Session\Handlers\FileHandler' driver.
INFO - 2020-08-07 11:56:11 --> Controller "App\Controllers\Order" loaded.
INFO - 2020-08-07 11:56:11 --> Controller "App\Controllers\Beranda" loaded.
INFO - 2020-08-07 11:56:12 --> Controller "App\Controllers\Beranda" loaded.
INFO - 2020-08-07 11:56:13 --> Controller "App\Controllers\Beranda" loaded.
INFO - 2020-08-07 11:56:13 --> Controller "App\Controllers\Beranda" loaded.
INFO - 2020-08-07 11:56:17 --> Session: Class initialized using 'CodeIgniter\Session\Handlers\FileHandler' driver.
INFO - 2020-08-07 11:56:17 --> Controller "App\Controllers\Order" loaded.
INFO - 2020-08-07 11:56:18 --> Controller "App\Controllers\Beranda" loaded.
INFO - 2020-08-07 11:56:18 --> Controller "App\Controllers\Beranda" loaded.
INFO - 2020-08-07 11:56:18 --> Controller "App\Controllers\Beranda" loaded.
INFO - 2020-08-07 11:56:18 --> Controller "App\Controllers\Beranda" loaded.
INFO - 2020-08-07 11:56:31 --> Session: Class initialized using 'CodeIgniter\Session\Handlers\FileHandler' driver.
INFO - 2020-08-07 11:56:31 --> Controller "App\Controllers\Order" loaded.
CRITICAL - 2020-08-07 11:56:31 --> Undefined index: nama_lengkap_pria
#0 /var/www/html/akadkufix/app/Views/order/order2-mempelai.php(57): CodeIgniter\Debug\Exceptions->errorHandler(8, 'Undefined index...', '/var/www/html/a...', 57, Array)
#1 /var/www/html/akadkufix/system/View/View.php(236): include('/var/www/html/a...')
#2 /var/www/html/akadkufix/system/Common.php(1071): CodeIgniter\View\View->render('order/order2-me...', Array, true)
#3 /var/www/html/akadkufix/app/Views/base/order.php(50): view('order/order2-me...')
#4 /var/www/html/akadkufix/system/View/View.php(236): include('/var/www/html/a...')
#5 /var/www/html/akadkufix/system/Common.php(1071): CodeIgniter\View\View->render('order/order2-me...', Array, true)
#6 /var/www/html/akadkufix/app/Controllers/Order.php(137): view('base/order', Array)
#7 /var/www/html/akadkufix/system/CodeIgniter.php(910): App\Controllers\Order->mempelai()
#8 /var/www/html/akadkufix/system/CodeIgniter.php(398): CodeIgniter\CodeIgniter->runController(Object(App\Controllers\Order))
#9 /var/www/html/akadkufix/system/CodeIgniter.php(306): CodeIgniter\CodeIgniter->handleRequest(NULL, Object(Config\Cache), false)
#10 /var/www/html/akadkufix/index.php(45): CodeIgniter\CodeIgniter->run()
#11 {main}
INFO - 2020-08-07 11:56:32 --> Controller "App\Controllers\Beranda" loaded.
INFO - 2020-08-07 11:56:32 --> Controller "App\Controllers\Beranda" loaded.
INFO - 2020-08-07 11:56:46 --> Session: Class initialized using 'CodeIgniter\Session\Handlers\FileHandler' driver.
INFO - 2020-08-07 11:56:46 --> Controller "App\Controllers\Order" loaded.
INFO - 2020-08-07 11:56:46 --> Controller "App\Controllers\Beranda" loaded.
INFO - 2020-08-07 11:56:46 --> Controller "App\Controllers\Beranda" loaded.
INFO - 2020-08-07 11:56:46 --> Controller "App\Controllers\Beranda" loaded.
INFO - 2020-08-07 11:56:46 --> Controller "App\Controllers\Beranda" loaded.
INFO - 2020-08-07 11:57:00 --> Session: Class initialized using 'CodeIgniter\Session\Handlers\FileHandler' driver.
INFO - 2020-08-07 11:57:00 --> Controller "App\Controllers\Order" loaded.
INFO - 2020-08-07 11:57:00 --> Controller "App\Controllers\Beranda" loaded.
INFO - 2020-08-07 11:57:00 --> Controller "App\Controllers\Beranda" loaded.
INFO - 2020-08-07 11:57:00 --> Controller "App\Controllers\Beranda" loaded.
INFO - 2020-08-07 11:57:00 --> Controller "App\Controllers\Beranda" loaded.
INFO - 2020-08-07 11:57:21 --> Session: Class initialized using 'CodeIgniter\Session\Handlers\FileHandler' driver.
INFO - 2020-08-07 11:57:21 --> Controller "App\Controllers\Order" loaded.
INFO - 2020-08-07 11:57:21 --> Controller "App\Controllers\Beranda" loaded.
INFO - 2020-08-07 11:57:21 --> Controller "App\Controllers\Beranda" loaded.
INFO - 2020-08-07 11:57:21 --> Controller "App\Controllers\Beranda" loaded.
INFO - 2020-08-07 11:57:21 --> Controller "App\Controllers\Beranda" loaded.
INFO - 2020-08-07 11:57:37 --> Session: Class initialized using 'CodeIgniter\Session\Handlers\FileHandler' driver.
INFO - 2020-08-07 11:57:37 --> Controller "App\Controllers\Order" loaded.
INFO - 2020-08-07 11:57:38 --> Controller "App\Controllers\Beranda" loaded.
INFO - 2020-08-07 11:57:38 --> Controller "App\Controllers\Beranda" loaded.
INFO - 2020-08-07 11:57:38 --> Controller "App\Controllers\Beranda" loaded.
INFO - 2020-08-07 11:57:38 --> Controller "App\Controllers\Beranda" loaded.
INFO - 2020-08-07 11:57:41 --> Session: Class initialized using 'CodeIgniter\Session\Handlers\FileHandler' driver.
INFO - 2020-08-07 11:57:41 --> Controller "App\Controllers\Order" loaded.
INFO - 2020-08-07 11:57:42 --> Controller "App\Controllers\Beranda" loaded.
INFO - 2020-08-07 11:57:42 --> Controller "App\Controllers\Beranda" loaded.
INFO - 2020-08-07 11:57:42 --> Controller "App\Controllers\Beranda" loaded.
INFO - 2020-08-07 11:57:42 --> Controller "App\Controllers\Beranda" loaded.
INFO - 2020-08-07 11:57:45 --> Session: Class initialized using 'CodeIgniter\Session\Handlers\FileHandler' driver.
INFO - 2020-08-07 11:57:45 --> Controller "App\Controllers\Order" loaded.
INFO - 2020-08-07 11:57:45 --> Session: Class initialized using 'CodeIgniter\Session\Handlers\FileHandler' driver.
INFO - 2020-08-07 11:57:45 --> Controller "App\Controllers\Order" loaded.
INFO - 2020-08-07 11:57:45 --> Session: Class initialized using 'CodeIgniter\Session\Handlers\FileHandler' driver.
INFO - 2020-08-07 11:57:45 --> Controller "App\Controllers\Order" loaded.
INFO - 2020-08-07 11:57:45 --> Session: Class initialized using 'CodeIgniter\Session\Handlers\FileHandler' driver.
INFO - 2020-08-07 11:57:45 --> Controller "App\Controllers\Order" loaded.
INFO - 2020-08-07 11:57:46 --> Controller "App\Controllers\Beranda" loaded.
INFO - 2020-08-07 11:57:46 --> Controller "App\Controllers\Beranda" loaded.
INFO - 2020-08-07 11:57:46 --> Controller "App\Controllers\Beranda" loaded.
INFO - 2020-08-07 11:57:46 --> Controller "App\Controllers\Beranda" loaded.
INFO - 2020-08-07 11:58:01 --> Session: Class initialized using 'CodeIgniter\Session\Handlers\FileHandler' driver.
INFO - 2020-08-07 11:58:01 --> Controller "App\Controllers\Order" loaded.
INFO - 2020-08-07 11:58:01 --> Session: Class initialized using 'CodeIgniter\Session\Handlers\FileHandler' driver.
INFO - 2020-08-07 11:58:01 --> Controller "App\Controllers\Order" loaded.
INFO - 2020-08-07 11:58:01 --> Session: Class initialized using 'CodeIgniter\Session\Handlers\FileHandler' driver.
INFO - 2020-08-07 11:58:01 --> Controller "App\Controllers\Order" loaded.
INFO - 2020-08-07 11:58:01 --> Controller "App\Controllers\Beranda" loaded.
INFO - 2020-08-07 11:58:01 --> Controller "App\Controllers\Beranda" loaded.
INFO - 2020-08-07 11:58:01 --> Controller "App\Controllers\Beranda" loaded.
INFO - 2020-08-07 11:58:01 --> Controller "App\Controllers\Beranda" loaded.
INFO - 2020-08-07 11:59:18 --> Session: Class initialized using 'CodeIgniter\Session\Handlers\FileHandler' driver.
INFO - 2020-08-07 11:59:18 --> Controller "App\Controllers\Order" loaded.
INFO - 2020-08-07 11:59:18 --> Controller "App\Controllers\Beranda" loaded.
INFO - 2020-08-07 11:59:18 --> Controller "App\Controllers\Beranda" loaded.
INFO - 2020-08-07 11:59:19 --> Controller "App\Controllers\Beranda" loaded.
INFO - 2020-08-07 11:59:19 --> Controller "App\Controllers\Beranda" loaded.
INFO - 2020-08-07 11:59:21 --> Session: Class initialized using 'CodeIgniter\Session\Handlers\FileHandler' driver.
INFO - 2020-08-07 11:59:21 --> Controller "App\Controllers\Order" loaded.
INFO - 2020-08-07 12:00:14 --> Session: Class initialized using 'CodeIgniter\Session\Handlers\FileHandler' driver.
INFO - 2020-08-07 12:00:14 --> Controller "App\Controllers\Order" loaded.
INFO - 2020-08-07 12:00:14 --> Session: Class initialized using 'CodeIgniter\Session\Handlers\FileHandler' driver.
INFO - 2020-08-07 12:00:14 --> Controller "App\Controllers\Order" loaded.
INFO - 2020-08-07 12:00:14 --> Controller "App\Controllers\Beranda" loaded.
INFO - 2020-08-07 12:00:14 --> Controller "App\Controllers\Beranda" loaded.
INFO - 2020-08-07 12:00:15 --> Controller "App\Controllers\Beranda" loaded.
INFO - 2020-08-07 12:00:15 --> Controller "App\Controllers\Beranda" loaded.
INFO - 2020-08-07 12:01:23 --> Controller "App\Controllers\Undangan" loaded.
INFO - 2020-08-07 12:01:23 --> Controller "App\Controllers\Beranda" loaded.
INFO - 2020-08-07 12:01:23 --> Controller "App\Controllers\Beranda" loaded.
INFO - 2020-08-07 12:01:23 --> Controller "App\Controllers\Beranda" loaded.
INFO - 2020-08-07 12:01:23 --> Controller "App\Controllers\Beranda" loaded.
INFO - 2020-08-07 12:01:36 --> Controller "App\Controllers\Beranda" loaded.
INFO - 2020-08-07 12:01:36 --> Controller "App\Controllers\Beranda" loaded.
INFO - 2020-08-07 12:01:36 --> Controller "App\Controllers\Beranda" loaded.
INFO - 2020-08-07 12:05:01 --> Session: Class initialized using 'CodeIgniter\Session\Handlers\FileHandler' driver.
INFO - 2020-08-07 12:05:01 --> Controller "App\Controllers\Order" loaded.
INFO - 2020-08-07 12:05:01 --> Controller "App\Controllers\Beranda" loaded.
INFO - 2020-08-07 12:05:05 --> Session: Class initialized using 'CodeIgniter\Session\Handlers\FileHandler' driver.
INFO - 2020-08-07 12:05:05 --> Controller "App\Controllers\Order" loaded.
INFO - 2020-08-07 12:05:10 --> Session: Class initialized using 'CodeIgniter\Session\Handlers\FileHandler' driver.
INFO - 2020-08-07 12:05:10 --> Controller "App\Controllers\Order" loaded.
CRITICAL - 2020-08-07 12:05:10 --> Undefined index: nama_lengkap_pria
#0 /var/www/html/akadkufix/app/Views/order/order2-mempelai.php(57): CodeIgniter\Debug\Exceptions->errorHandler(8, 'Undefined index...', '/var/www/html/a...', 57, Array)
#1 /var/www/html/akadkufix/system/View/View.php(236): include('/var/www/html/a...')
#2 /var/www/html/akadkufix/system/Common.php(1071): CodeIgniter\View\View->render('order/order2-me...', Array, true)
#3 /var/www/html/akadkufix/app/Views/base/order.php(50): view('order/order2-me...')
#4 /var/www/html/akadkufix/system/View/View.php(236): include('/var/www/html/a...')
#5 /var/www/html/akadkufix/system/Common.php(1071): CodeIgniter\View\View->render('order/order2-me...', Array, true)
#6 /var/www/html/akadkufix/app/Controllers/Order.php(137): view('base/order', Array)
#7 /var/www/html/akadkufix/system/CodeIgniter.php(910): App\Controllers\Order->mempelai()
#8 /var/www/html/akadkufix/system/CodeIgniter.php(398): CodeIgniter\CodeIgniter->runController(Object(App\Controllers\Order))
#9 /var/www/html/akadkufix/system/CodeIgniter.php(306): CodeIgniter\CodeIgniter->handleRequest(NULL, Object(Config\Cache), false)
#10 /var/www/html/akadkufix/index.php(45): CodeIgniter\CodeIgniter->run()
#11 {main}
INFO - 2020-08-07 12:05:19 --> Session: Class initialized using 'CodeIgniter\Session\Handlers\FileHandler' driver.
INFO - 2020-08-07 12:05:19 --> Controller "App\Controllers\Order" loaded.
INFO - 2020-08-07 12:05:28 --> Session: Class initialized using 'CodeIgniter\Session\Handlers\FileHandler' driver.
INFO - 2020-08-07 12:05:28 --> Controller "App\Controllers\Order" loaded.
INFO - 2020-08-07 12:05:35 --> Session: Class initialized using 'CodeIgniter\Session\Handlers\FileHandler' driver.
INFO - 2020-08-07 12:05:35 --> Controller "App\Controllers\Order" loaded.
INFO - 2020-08-07 12:05:38 --> Session: Class initialized using 'CodeIgniter\Session\Handlers\FileHandler' driver.
INFO - 2020-08-07 12:05:38 --> Controller "App\Controllers\Order" loaded.
INFO - 2020-08-07 12:05:45 --> Session: Class initialized using 'CodeIgniter\Session\Handlers\FileHandler' driver.
INFO - 2020-08-07 12:05:45 --> Controller "App\Controllers\Order" loaded.
INFO - 2020-08-07 12:05:49 --> Session: Class initialized using 'CodeIgniter\Session\Handlers\FileHandler' driver.
INFO - 2020-08-07 12:05:49 --> Controller "App\Controllers\Order" loaded.
CRITICAL - 2020-08-07 12:05:49 --> Unknown column 'salam' in 'field list'
#0 /var/www/html/akadkufix/system/Database/MySQLi/Connection.php(330): mysqli->query('INSERT INTO `da...')
#1 /var/www/html/akadkufix/system/Database/BaseConnection.php(738): CodeIgniter\Database\MySQLi\Connection->execute('INSERT INTO `da...')
#2 /var/www/html/akadkufix/system/Database/BaseConnection.php(666): CodeIgniter\Database\BaseConnection->simpleQuery('INSERT INTO `da...')
#3 /var/www/html/akadkufix/system/Database/BaseBuilder.php(2206): CodeIgniter\Database\BaseConnection->query('INSERT INTO `da...', Array, false)
#4 /var/www/html/akadkufix/app/Models/OrderModel.php(111): CodeIgniter\Database\BaseBuilder->insert(Array)
#5 /var/www/html/akadkufix/app/Controllers/Order.php(705): App\Models\OrderModel->save_data(Array)
#6 /var/www/html/akadkufix/system/CodeIgniter.php(910): App\Controllers\Order->saveData()
#7 /var/www/html/akadkufix/system/CodeIgniter.php(398): CodeIgniter\CodeIgniter->runController(Object(App\Controllers\Order))
#8 /var/www/html/akadkufix/system/CodeIgniter.php(306): CodeIgniter\CodeIgniter->handleRequest(NULL, Object(Config\Cache), false)
#9 /var/www/html/akadkufix/index.php(45): CodeIgniter\CodeIgniter->run()
#10 {main}
INFO - 2020-08-07 12:06:13 --> Session: Class initialized using 'CodeIgniter\Session\Handlers\FileHandler' driver.
INFO - 2020-08-07 12:06:13 --> Controller "App\Controllers\Order" loaded.
INFO - 2020-08-07 12:06:14 --> Session: Class initialized using 'CodeIgniter\Session\Handlers\FileHandler' driver.
INFO - 2020-08-07 12:06:14 --> Controller "App\Controllers\Order" loaded.
INFO - 2020-08-07 12:07:15 --> Session: Class initialized using 'CodeIgniter\Session\Handlers\FileHandler' driver.
INFO - 2020-08-07 12:07:15 --> Controller "App\Controllers\Order" loaded.
CRITICAL - 2020-08-07 12:07:15 --> Undefined variable: generate
#0 /var/www/html/akadkufix/app/Controllers/Order.php(678): CodeIgniter\Debug\Exceptions->errorHandler(8, 'Undefined varia...', '/var/www/html/a...', 678, Array)
#1 /var/www/html/akadkufix/system/CodeIgniter.php(910): App\Controllers\Order->saveData()
#2 /var/www/html/akadkufix/system/CodeIgniter.php(398): CodeIgniter\CodeIgniter->runController(Object(App\Controllers\Order))
#3 /var/www/html/akadkufix/system/CodeIgniter.php(306): CodeIgniter\CodeIgniter->handleRequest(NULL, Object(Config\Cache), false)
#4 /var/www/html/akadkufix/index.php(45): CodeIgniter\CodeIgniter->run()
#5 {main}
INFO - 2020-08-07 12:08:09 --> Session: Class initialized using 'CodeIgniter\Session\Handlers\FileHandler' driver.
INFO - 2020-08-07 12:08:09 --> Controller "App\Controllers\Order" loaded.
INFO - 2020-08-07 12:08:16 --> Session: Class initialized using 'CodeIgniter\Session\Handlers\FileHandler' driver.
INFO - 2020-08-07 12:08:16 --> Controller "App\Controllers\Order" loaded.
INFO - 2020-08-07 12:08:19 --> Session: Class initialized using 'CodeIgniter\Session\Handlers\FileHandler' driver.
INFO - 2020-08-07 12:08:19 --> Controller "App\Controllers\Order" loaded.
INFO - 2020-08-07 12:08:55 --> Session: Class initialized using 'CodeIgniter\Session\Handlers\FileHandler' driver.
INFO - 2020-08-07 12:08:55 --> Controller "App\Controllers\Order" loaded.
INFO - 2020-08-07 12:08:59 --> Session: Class initialized using 'CodeIgniter\Session\Handlers\FileHandler' driver.
INFO - 2020-08-07 12:08:59 --> Controller "App\Controllers\Order" loaded.
INFO - 2020-08-07 12:09:02 --> Session: Class initialized using 'CodeIgniter\Session\Handlers\FileHandler' driver.
INFO - 2020-08-07 12:09:02 --> Controller "App\Controllers\Order" loaded.
INFO - 2020-08-07 12:09:07 --> Controller "App\Controllers\Undangan" loaded.
INFO - 2020-08-07 12:09:07 --> Controller "App\Controllers\Beranda" loaded.
INFO - 2020-08-07 12:09:07 --> Controller "App\Controllers\Beranda" loaded.
INFO - 2020-08-07 12:09:07 --> Controller "App\Controllers\Beranda" loaded.
INFO - 2020-08-07 12:09:08 --> Controller "App\Controllers\Beranda" loaded.
INFO - 2020-08-07 12:11:51 --> Session: Class initialized using 'CodeIgniter\Session\Handlers\FileHandler' driver.
INFO - 2020-08-07 12:11:51 --> Controller "App\Controllers\Order" loaded.
INFO - 2020-08-07 12:11:52 --> Controller "App\Controllers\Beranda" loaded.
INFO - 2020-08-07 12:11:57 --> Session: Class initialized using 'CodeIgniter\Session\Handlers\FileHandler' driver.
INFO - 2020-08-07 12:11:57 --> Controller "App\Controllers\Order" loaded.
INFO - 2020-08-07 12:12:00 --> Session: Class initialized using 'CodeIgniter\Session\Handlers\FileHandler' driver.
INFO - 2020-08-07 12:12:00 --> Controller "App\Controllers\Order" loaded.
INFO - 2020-08-07 12:12:05 --> Session: Class initialized using 'CodeIgniter\Session\Handlers\FileHandler' driver.
INFO - 2020-08-07 12:12:05 --> Controller "App\Controllers\Order" loaded.
INFO - 2020-08-07 12:12:08 --> Session: Class initialized using 'CodeIgniter\Session\Handlers\FileHandler' driver.
INFO - 2020-08-07 12:12:08 --> Controller "App\Controllers\Order" loaded.
INFO - 2020-08-07 12:12:11 --> Session: Class initialized using 'CodeIgniter\Session\Handlers\FileHandler' driver.
INFO - 2020-08-07 12:12:11 --> Controller "App\Controllers\Order" loaded.
INFO - 2020-08-07 12:12:16 --> Session: Class initialized using 'CodeIgniter\Session\Handlers\FileHandler' driver.
INFO - 2020-08-07 12:12:16 --> Controller "App\Controllers\Order" loaded.
INFO - 2020-08-07 12:12:19 --> Session: Class initialized using 'CodeIgniter\Session\Handlers\FileHandler' driver.
INFO - 2020-08-07 12:12:19 --> Controller "App\Controllers\Order" loaded.
INFO - 2020-08-07 12:12:20 --> Session: Class initialized using 'CodeIgniter\Session\Handlers\FileHandler' driver.
INFO - 2020-08-07 12:12:20 --> Controller "App\Controllers\Order" loaded.
INFO - 2020-08-07 12:12:23 --> Controller "App\Controllers\Undangan" loaded.
INFO - 2020-08-07 12:12:23 --> Controller "App\Controllers\Beranda" loaded.
INFO - 2020-08-07 12:12:23 --> Controller "App\Controllers\Beranda" loaded.
INFO - 2020-08-07 12:12:23 --> Controller "App\Controllers\Beranda" loaded.
INFO - 2020-08-07 12:12:23 --> Controller "App\Controllers\Beranda" loaded.
INFO - 2020-08-07 12:12:23 --> Controller "App\Controllers\Beranda" loaded.
INFO - 2020-08-07 12:12:23 --> Controller "App\Controllers\Beranda" loaded.
INFO - 2020-08-07 12:12:23 --> Controller "App\Controllers\Beranda" loaded.
INFO - 2020-08-07 12:12:23 --> Controller "App\Controllers\Beranda" loaded.
INFO - 2020-08-07 12:12:23 --> Controller "App\Controllers\Beranda" loaded.
INFO - 2020-08-07 12:12:23 --> Controller "App\Controllers\Beranda" loaded.
INFO - 2020-08-07 12:12:23 --> Controller "App\Controllers\Beranda" loaded.
INFO - 2020-08-07 12:12:23 --> Controller "App\Controllers\Beranda" loaded.
INFO - 2020-08-07 12:12:23 --> Controller "App\Controllers\Beranda" loaded.
INFO - 2020-08-07 12:12:23 --> Controller "App\Controllers\Beranda" loaded.
INFO - 2020-08-07 12:13:09 --> Controller "App\Controllers\Undangan" loaded.
INFO - 2020-08-07 12:13:10 --> Controller "App\Controllers\Beranda" loaded.
INFO - 2020-08-07 12:13:10 --> Controller "App\Controllers\Beranda" loaded.
INFO - 2020-08-07 12:13:10 --> Controller "App\Controllers\Beranda" loaded.
INFO - 2020-08-07 12:13:10 --> Controller "App\Controllers\Beranda" loaded.
INFO - 2020-08-07 12:13:10 --> Controller "App\Controllers\Beranda" loaded.
INFO - 2020-08-07 12:13:10 --> Controller "App\Controllers\Beranda" loaded.
INFO - 2020-08-07 12:13:10 --> Controller "App\Controllers\Beranda" loaded.
INFO - 2020-08-07 12:13:10 --> Controller "App\Controllers\Beranda" loaded.
INFO - 2020-08-07 12:13:10 --> Controller "App\Controllers\Beranda" loaded.
INFO - 2020-08-07 12:13:10 --> Controller "App\Controllers\Beranda" loaded.
INFO - 2020-08-07 12:13:10 --> Controller "App\Controllers\Beranda" loaded.
INFO - 2020-08-07 12:13:10 --> Controller "App\Controllers\Beranda" loaded.
INFO - 2020-08-07 12:13:10 --> Controller "App\Controllers\Beranda" loaded.
INFO - 2020-08-07 12:13:10 --> Controller "App\Controllers\Beranda" loaded.
INFO - 2020-08-07 12:13:28 --> Controller "App\Controllers\Undangan" loaded.
INFO - 2020-08-07 12:13:29 --> Controller "App\Controllers\Beranda" loaded.
INFO - 2020-08-07 12:14:04 --> Controller "App\Controllers\Beranda" loaded.
INFO - 2020-08-07 12:14:50 --> Controller "App\Controllers\Undangan" loaded.
INFO - 2020-08-07 12:14:50 --> Controller "App\Controllers\Beranda" loaded.
INFO - 2020-08-07 12:14:50 --> Controller "App\Controllers\Beranda" loaded.
INFO - 2020-08-07 12:14:50 --> Controller "App\Controllers\Beranda" loaded.
INFO - 2020-08-07 12:14:50 --> Controller "App\Controllers\Beranda" loaded.
INFO - 2020-08-07 12:14:50 --> Controller "App\Controllers\Beranda" loaded.
INFO - 2020-08-07 12:14:50 --> Controller "App\Controllers\Beranda" loaded.
INFO - 2020-08-07 12:14:50 --> Controller "App\Controllers\Beranda" loaded.
INFO - 2020-08-07 12:14:50 --> Controller "App\Controllers\Beranda" loaded.
INFO - 2020-08-07 12:14:50 --> Controller "App\Controllers\Beranda" loaded.
INFO - 2020-08-07 12:14:50 --> Controller "App\Controllers\Beranda" loaded.
INFO - 2020-08-07 12:14:50 --> Controller "App\Controllers\Beranda" loaded.
INFO - 2020-08-07 12:14:50 --> Controller "App\Controllers\Beranda" loaded.
INFO - 2020-08-07 12:14:50 --> Controller "App\Controllers\Beranda" loaded.
INFO - 2020-08-07 12:14:51 --> Controller "App\Controllers\Beranda" loaded.
INFO - 2020-08-07 12:14:52 --> Controller "App\Controllers\Beranda" loaded.
INFO - 2020-08-07 12:14:54 --> Controller "App\Controllers\Beranda" loaded.
INFO - 2020-08-07 12:14:58 --> Session: Class initialized using 'CodeIgniter\Session\Handlers\FileHandler' driver.
INFO - 2020-08-07 12:14:58 --> Controller "App\Controllers\Order" loaded.
INFO - 2020-08-07 12:14:58 --> Controller "App\Controllers\Beranda" loaded.
INFO - 2020-08-07 12:15:00 --> Session: Class initialized using 'CodeIgniter\Session\Handlers\FileHandler' driver.
INFO - 2020-08-07 12:15:00 --> Controller "App\Controllers\Order" loaded.
INFO - 2020-08-07 12:15:03 --> Session: Class initialized using 'CodeIgniter\Session\Handlers\FileHandler' driver.
INFO - 2020-08-07 12:15:03 --> Controller "App\Controllers\Order" loaded.
INFO - 2020-08-07 12:15:11 --> Session: Class initialized using 'CodeIgniter\Session\Handlers\FileHandler' driver.
INFO - 2020-08-07 12:15:11 --> Controller "App\Controllers\Order" loaded.
INFO - 2020-08-07 12:15:13 --> Session: Class initialized using 'CodeIgniter\Session\Handlers\FileHandler' driver.
INFO - 2020-08-07 12:15:13 --> Controller "App\Controllers\Order" loaded.
INFO - 2020-08-07 12:15:17 --> Session: Class initialized using 'CodeIgniter\Session\Handlers\FileHandler' driver.
INFO - 2020-08-07 12:15:17 --> Controller "App\Controllers\Order" loaded.
INFO - 2020-08-07 12:15:21 --> Session: Class initialized using 'CodeIgniter\Session\Handlers\FileHandler' driver.
INFO - 2020-08-07 12:15:21 --> Controller "App\Controllers\Order" loaded.
INFO - 2020-08-07 12:15:24 --> Session: Class initialized using 'CodeIgniter\Session\Handlers\FileHandler' driver.
INFO - 2020-08-07 12:15:24 --> Controller "App\Controllers\Order" loaded.
INFO - 2020-08-07 12:15:27 --> Session: Class initialized using 'CodeIgniter\Session\Handlers\FileHandler' driver.
INFO - 2020-08-07 12:15:27 --> Controller "App\Controllers\Order" loaded.
INFO - 2020-08-07 12:15:28 --> Session: Class initialized using 'CodeIgniter\Session\Handlers\FileHandler' driver.
INFO - 2020-08-07 12:15:28 --> Controller "App\Controllers\Order" loaded.
INFO - 2020-08-07 12:15:29 --> Controller "App\Controllers\Undangan" loaded.
INFO - 2020-08-07 12:15:30 --> Controller "App\Controllers\Beranda" loaded.
INFO - 2020-08-07 12:15:30 --> Controller "App\Controllers\Beranda" loaded.
INFO - 2020-08-07 12:15:30 --> Controller "App\Controllers\Beranda" loaded.
INFO - 2020-08-07 12:15:30 --> Controller "App\Controllers\Beranda" loaded.
INFO - 2020-08-07 12:15:30 --> Controller "App\Controllers\Beranda" loaded.
INFO - 2020-08-07 12:15:30 --> Controller "App\Controllers\Beranda" loaded.
INFO - 2020-08-07 12:15:30 --> Controller "App\Controllers\Beranda" loaded.
INFO - 2020-08-07 12:15:30 --> Controller "App\Controllers\Beranda" loaded.
INFO - 2020-08-07 12:15:30 --> Controller "App\Controllers\Beranda" loaded.
INFO - 2020-08-07 12:15:30 --> Controller "App\Controllers\Beranda" loaded.
INFO - 2020-08-07 12:15:30 --> Controller "App\Controllers\Beranda" loaded.
INFO - 2020-08-07 12:15:30 --> Controller "App\Controllers\Beranda" loaded.
INFO - 2020-08-07 12:15:30 --> Controller "App\Controllers\Beranda" loaded.
INFO - 2020-08-07 12:15:30 --> Controller "App\Controllers\Beranda" loaded.
INFO - 2020-08-07 12:15:50 --> Controller "App\Controllers\Undangan" loaded.
INFO - 2020-08-07 12:15:51 --> Controller "App\Controllers\Beranda" loaded.
INFO - 2020-08-07 12:17:15 --> Controller "App\Controllers\Undangan" loaded.
INFO - 2020-08-07 12:17:15 --> Controller "App\Controllers\Beranda" loaded.
INFO - 2020-08-07 12:17:15 --> Controller "App\Controllers\Beranda" loaded.
INFO - 2020-08-07 12:17:15 --> Controller "App\Controllers\Beranda" loaded.
INFO - 2020-08-07 12:17:15 --> Controller "App\Controllers\Beranda" loaded.
INFO - 2020-08-07 12:17:15 --> Controller "App\Controllers\Beranda" loaded.
INFO - 2020-08-07 12:17:15 --> Controller "App\Controllers\Beranda" loaded.
INFO - 2020-08-07 12:17:15 --> Controller "App\Controllers\Beranda" loaded.
INFO - 2020-08-07 12:17:15 --> Controller "App\Controllers\Beranda" loaded.
INFO - 2020-08-07 12:17:15 --> Controller "App\Controllers\Beranda" loaded.
INFO - 2020-08-07 12:17:15 --> Controller "App\Controllers\Beranda" loaded.
INFO - 2020-08-07 12:17:15 --> Controller "App\Controllers\Beranda" loaded.
INFO - 2020-08-07 12:17:15 --> Controller "App\Controllers\Beranda" loaded.
INFO - 2020-08-07 12:17:15 --> Controller "App\Controllers\Beranda" loaded.
INFO - 2020-08-07 12:17:15 --> Controller "App\Controllers\Beranda" loaded.
INFO - 2020-08-07 12:17:21 --> Controller "App\Controllers\Undangan" loaded.
INFO - 2020-08-07 12:17:36 --> Controller "App\Controllers\Undangan" loaded.
INFO - 2020-08-07 12:17:50 --> Controller "App\Controllers\Undangan" loaded.
INFO - 2020-08-07 12:17:53 --> Controller "App\Controllers\Undangan" loaded.
INFO - 2020-08-07 12:17:56 --> Controller "App\Controllers\Undangan" loaded.
INFO - 2020-08-07 12:18:01 --> Controller "App\Controllers\Undangan" loaded.
INFO - 2020-08-07 12:18:05 --> Controller "App\Controllers\Undangan" loaded.
INFO - 2020-08-07 12:18:15 --> Controller "App\Controllers\Undangan" loaded.
INFO - 2020-08-07 12:18:15 --> Controller "App\Controllers\Beranda" loaded.
INFO - 2020-08-07 12:18:15 --> Controller "App\Controllers\Beranda" loaded.
INFO - 2020-08-07 12:18:15 --> Controller "App\Controllers\Beranda" loaded.
INFO - 2020-08-07 12:18:15 --> Controller "App\Controllers\Beranda" loaded.
INFO - 2020-08-07 12:18:15 --> Controller "App\Controllers\Beranda" loaded.
INFO - 2020-08-07 12:18:15 --> Controller "App\Controllers\Beranda" loaded.
INFO - 2020-08-07 12:18:15 --> Controller "App\Controllers\Beranda" loaded.
INFO - 2020-08-07 12:18:15 --> Controller "App\Controllers\Beranda" loaded.
INFO - 2020-08-07 12:18:15 --> Controller "App\Controllers\Beranda" loaded.
INFO - 2020-08-07 12:18:15 --> Controller "App\Controllers\Beranda" loaded.
INFO - 2020-08-07 12:18:15 --> Controller "App\Controllers\Beranda" loaded.
INFO - 2020-08-07 12:18:15 --> Controller "App\Controllers\Beranda" loaded.
INFO - 2020-08-07 12:18:15 --> Controller "App\Controllers\Beranda" loaded.
INFO - 2020-08-07 12:18:15 --> Controller "App\Controllers\Beranda" loaded.
INFO - 2020-08-07 12:18:19 --> Controller "App\Controllers\Beranda" loaded.
INFO - 2020-08-07 12:18:20 --> Controller "App\Controllers\Beranda" loaded.
INFO - 2020-08-07 12:18:24 --> Controller "App\Controllers\Undangan" loaded.
INFO - 2020-08-07 12:18:24 --> Controller "App\Controllers\Beranda" loaded.
INFO - 2020-08-07 12:18:24 --> Controller "App\Controllers\Beranda" loaded.
INFO - 2020-08-07 12:18:24 --> Controller "App\Controllers\Beranda" loaded.
INFO - 2020-08-07 12:18:24 --> Controller "App\Controllers\Beranda" loaded.
INFO - 2020-08-07 12:18:24 --> Controller "App\Controllers\Beranda" loaded.
INFO - 2020-08-07 12:18:24 --> Controller "App\Controllers\Beranda" loaded.
INFO - 2020-08-07 12:18:24 --> Controller "App\Controllers\Beranda" loaded.
INFO - 2020-08-07 12:18:24 --> Controller "App\Controllers\Beranda" loaded.
INFO - 2020-08-07 12:18:24 --> Controller "App\Controllers\Beranda" loaded.
INFO - 2020-08-07 12:18:24 --> Controller "App\Controllers\Beranda" loaded.
INFO - 2020-08-07 12:18:24 --> Controller "App\Controllers\Beranda" loaded.
INFO - 2020-08-07 12:18:24 --> Controller "App\Controllers\Beranda" loaded.
INFO - 2020-08-07 12:18:24 --> Controller "App\Controllers\Beranda" loaded.
INFO - 2020-08-07 12:18:25 --> Controller "App\Controllers\Beranda" loaded.
INFO - 2020-08-07 12:18:25 --> Controller "App\Controllers\Beranda" loaded.
INFO - 2020-08-07 12:18:26 --> Controller "App\Controllers\Beranda" loaded.
INFO - 2020-08-07 12:18:35 --> Controller "App\Controllers\Undangan" loaded.
INFO - 2020-08-07 12:18:41 --> Controller "App\Controllers\Undangan" loaded.
INFO - 2020-08-07 12:19:01 --> Controller "App\Controllers\Undangan" loaded.
INFO - 2020-08-07 12:19:15 --> Controller "App\Controllers\Undangan" loaded.
INFO - 2020-08-07 12:19:32 --> Controller "App\Controllers\Undangan" loaded.
INFO - 2020-08-07 12:19:37 --> Controller "App\Controllers\Undangan" loaded.
INFO - 2020-08-07 12:19:42 --> Controller "App\Controllers\Undangan" loaded.
INFO - 2020-08-07 12:19:44 --> Controller "App\Controllers\Undangan" loaded.
INFO - 2020-08-07 12:19:58 --> Controller "App\Controllers\Undangan" loaded.
INFO - 2020-08-07 12:19:58 --> Controller "App\Controllers\Beranda" loaded.
INFO - 2020-08-07 12:19:58 --> Controller "App\Controllers\Beranda" loaded.
INFO - 2020-08-07 12:19:58 --> Controller "App\Controllers\Beranda" loaded.
INFO - 2020-08-07 12:19:58 --> Controller "App\Controllers\Beranda" loaded.
INFO - 2020-08-07 12:19:58 --> Controller "App\Controllers\Beranda" loaded.
INFO - 2020-08-07 12:19:58 --> Controller "App\Controllers\Beranda" loaded.
INFO - 2020-08-07 12:19:58 --> Controller "App\Controllers\Beranda" loaded.
INFO - 2020-08-07 12:19:58 --> Controller "App\Controllers\Beranda" loaded.
INFO - 2020-08-07 12:19:58 --> Controller "App\Controllers\Beranda" loaded.
INFO - 2020-08-07 12:19:58 --> Controller "App\Controllers\Beranda" loaded.
INFO - 2020-08-07 12:19:58 --> Controller "App\Controllers\Beranda" loaded.
INFO - 2020-08-07 12:19:58 --> Controller "App\Controllers\Beranda" loaded.
INFO - 2020-08-07 12:19:58 --> Controller "App\Controllers\Beranda" loaded.
INFO - 2020-08-07 12:19:59 --> Controller "App\Controllers\Beranda" loaded.
INFO - 2020-08-07 12:19:59 --> Controller "App\Controllers\Beranda" loaded.
INFO - 2020-08-07 12:20:00 --> Controller "App\Controllers\Beranda" loaded.
INFO - 2020-08-07 12:20:45 --> Controller "App\Controllers\Undangan" loaded.
INFO - 2020-08-07 12:20:45 --> Controller "App\Controllers\Beranda" loaded.
INFO - 2020-08-07 12:20:45 --> Controller "App\Controllers\Beranda" loaded.
INFO - 2020-08-07 12:20:45 --> Controller "App\Controllers\Beranda" loaded.
INFO - 2020-08-07 12:20:45 --> Controller "App\Controllers\Beranda" loaded.
INFO - 2020-08-07 12:20:45 --> Controller "App\Controllers\Beranda" loaded.
INFO - 2020-08-07 12:20:45 --> Controller "App\Controllers\Beranda" loaded.
INFO - 2020-08-07 12:20:45 --> Controller "App\Controllers\Beranda" loaded.
INFO - 2020-08-07 12:20:45 --> Controller "App\Controllers\Beranda" loaded.
INFO - 2020-08-07 12:20:45 --> Controller "App\Controllers\Beranda" loaded.
INFO - 2020-08-07 12:20:45 --> Controller "App\Controllers\Beranda" loaded.
INFO - 2020-08-07 12:20:45 --> Controller "App\Controllers\Beranda" loaded.
INFO - 2020-08-07 12:20:45 --> Controller "App\Controllers\Beranda" loaded.
INFO - 2020-08-07 12:20:45 --> Controller "App\Controllers\Beranda" loaded.
INFO - 2020-08-07 12:20:45 --> Controller "App\Controllers\Beranda" loaded.
INFO - 2020-08-07 12:21:00 --> Controller "App\Controllers\Undangan" loaded.
INFO - 2020-08-07 12:21:17 --> Controller "App\Controllers\Beranda" loaded.
INFO - 2020-08-07 12:21:29 --> Controller "App\Controllers\Undangan" loaded.
INFO - 2020-08-07 12:21:29 --> Controller "App\Controllers\Beranda" loaded.
INFO - 2020-08-07 12:21:29 --> Controller "App\Controllers\Beranda" loaded.
INFO - 2020-08-07 12:21:29 --> Controller "App\Controllers\Beranda" loaded.
INFO - 2020-08-07 12:21:29 --> Controller "App\Controllers\Beranda" loaded.
INFO - 2020-08-07 12:21:29 --> Controller "App\Controllers\Beranda" loaded.
INFO - 2020-08-07 12:21:29 --> Controller "App\Controllers\Beranda" loaded.
INFO - 2020-08-07 12:21:29 --> Controller "App\Controllers\Beranda" loaded.
INFO - 2020-08-07 12:21:29 --> Controller "App\Controllers\Beranda" loaded.
INFO - 2020-08-07 12:21:29 --> Controller "App\Controllers\Beranda" loaded.
INFO - 2020-08-07 12:21:29 --> Controller "App\Controllers\Beranda" loaded.
INFO - 2020-08-07 12:21:29 --> Controller "App\Controllers\Beranda" loaded.
INFO - 2020-08-07 12:21:29 --> Controller "App\Controllers\Beranda" loaded.
INFO - 2020-08-07 12:21:29 --> Controller "App\Controllers\Beranda" loaded.
INFO - 2020-08-07 12:21:29 --> Controller "App\Controllers\Beranda" loaded.
INFO - 2020-08-07 12:21:33 --> Controller "App\Controllers\Undangan" loaded.
INFO - 2020-08-07 12:21:33 --> Controller "App\Controllers\Beranda" loaded.
INFO - 2020-08-07 12:21:33 --> Controller "App\Controllers\Beranda" loaded.
INFO - 2020-08-07 12:21:33 --> Controller "App\Controllers\Beranda" loaded.
INFO - 2020-08-07 12:21:33 --> Controller "App\Controllers\Beranda" loaded.
INFO - 2020-08-07 12:21:33 --> Controller "App\Controllers\Beranda" loaded.
INFO - 2020-08-07 12:21:33 --> Controller "App\Controllers\Beranda" loaded.
INFO - 2020-08-07 12:21:33 --> Controller "App\Controllers\Beranda" loaded.
INFO - 2020-08-07 12:21:33 --> Controller "App\Controllers\Beranda" loaded.
INFO - 2020-08-07 12:21:33 --> Controller "App\Controllers\Beranda" loaded.
INFO - 2020-08-07 12:21:33 --> Controller "App\Controllers\Beranda" loaded.
INFO - 2020-08-07 12:21:33 --> Controller "App\Controllers\Beranda" loaded.
INFO - 2020-08-07 12:21:33 --> Controller "App\Controllers\Beranda" loaded.
INFO - 2020-08-07 12:21:33 --> Controller "App\Controllers\Beranda" loaded.
INFO - 2020-08-07 12:21:33 --> Controller "App\Controllers\Beranda" loaded.
INFO - 2020-08-07 12:21:36 --> Controller "App\Controllers\Undangan" loaded.
INFO - 2020-08-07 12:21:36 --> Controller "App\Controllers\Beranda" loaded.
INFO - 2020-08-07 12:21:36 --> Controller "App\Controllers\Beranda" loaded.
INFO - 2020-08-07 12:21:36 --> Controller "App\Controllers\Beranda" loaded.
INFO - 2020-08-07 12:21:36 --> Controller "App\Controllers\Beranda" loaded.
INFO - 2020-08-07 12:21:36 --> Controller "App\Controllers\Beranda" loaded.
INFO - 2020-08-07 12:21:36 --> Controller "App\Controllers\Beranda" loaded.
INFO - 2020-08-07 12:21:36 --> Controller "App\Controllers\Beranda" loaded.
INFO - 2020-08-07 12:21:36 --> Controller "App\Controllers\Beranda" loaded.
INFO - 2020-08-07 12:21:36 --> Controller "App\Controllers\Beranda" loaded.
INFO - 2020-08-07 12:21:36 --> Controller "App\Controllers\Beranda" loaded.
INFO - 2020-08-07 12:21:36 --> Controller "App\Controllers\Beranda" loaded.
INFO - 2020-08-07 12:21:36 --> Controller "App\Controllers\Beranda" loaded.
INFO - 2020-08-07 12:21:36 --> Controller "App\Controllers\Beranda" loaded.
INFO - 2020-08-07 12:21:36 --> Controller "App\Controllers\Beranda" loaded.
INFO - 2020-08-07 12:21:37 --> Controller "App\Controllers\Undangan" loaded.
INFO - 2020-08-07 12:21:37 --> Controller "App\Controllers\Beranda" loaded.
INFO - 2020-08-07 12:21:37 --> Controller "App\Controllers\Beranda" loaded.
INFO - 2020-08-07 12:21:37 --> Controller "App\Controllers\Beranda" loaded.
INFO - 2020-08-07 12:21:37 --> Controller "App\Controllers\Beranda" loaded.
INFO - 2020-08-07 12:21:37 --> Controller "App\Controllers\Beranda" loaded.
INFO - 2020-08-07 12:21:37 --> Controller "App\Controllers\Beranda" loaded.
INFO - 2020-08-07 12:21:37 --> Controller "App\Controllers\Beranda" loaded.
INFO - 2020-08-07 12:21:37 --> Controller "App\Controllers\Beranda" loaded.
INFO - 2020-08-07 12:21:37 --> Controller "App\Controllers\Beranda" loaded.
INFO - 2020-08-07 12:21:37 --> Controller "App\Controllers\Beranda" loaded.
INFO - 2020-08-07 12:21:37 --> Controller "App\Controllers\Beranda" loaded.
INFO - 2020-08-07 12:21:37 --> Controller "App\Controllers\Beranda" loaded.
INFO - 2020-08-07 12:21:37 --> Controller "App\Controllers\Beranda" loaded.
INFO - 2020-08-07 12:21:37 --> Controller "App\Controllers\Beranda" loaded.
INFO - 2020-08-07 12:21:39 --> Controller "App\Controllers\Undangan" loaded.
INFO - 2020-08-07 12:21:39 --> Controller "App\Controllers\Beranda" loaded.
INFO - 2020-08-07 12:21:39 --> Controller "App\Controllers\Beranda" loaded.
INFO - 2020-08-07 12:21:39 --> Controller "App\Controllers\Beranda" loaded.
INFO - 2020-08-07 12:21:39 --> Controller "App\Controllers\Beranda" loaded.
INFO - 2020-08-07 12:21:39 --> Controller "App\Controllers\Beranda" loaded.
INFO - 2020-08-07 12:21:39 --> Controller "App\Controllers\Beranda" loaded.
INFO - 2020-08-07 12:21:39 --> Controller "App\Controllers\Beranda" loaded.
INFO - 2020-08-07 12:21:39 --> Controller "App\Controllers\Beranda" loaded.
INFO - 2020-08-07 12:21:39 --> Controller "App\Controllers\Beranda" loaded.
INFO - 2020-08-07 12:21:39 --> Controller "App\Controllers\Beranda" loaded.
INFO - 2020-08-07 12:21:39 --> Controller "App\Controllers\Beranda" loaded.
INFO - 2020-08-07 12:21:39 --> Controller "App\Controllers\Beranda" loaded.
INFO - 2020-08-07 12:21:39 --> Controller "App\Controllers\Beranda" loaded.
INFO - 2020-08-07 12:21:39 --> Controller "App\Controllers\Beranda" loaded.
INFO - 2020-08-07 12:21:41 --> Controller "App\Controllers\Undangan" loaded.
INFO - 2020-08-07 12:21:41 --> Controller "App\Controllers\Beranda" loaded.
INFO - 2020-08-07 12:21:41 --> Controller "App\Controllers\Beranda" loaded.
INFO - 2020-08-07 12:21:42 --> Controller "App\Controllers\Beranda" loaded.
INFO - 2020-08-07 12:21:42 --> Controller "App\Controllers\Beranda" loaded.
INFO - 2020-08-07 12:21:42 --> Controller "App\Controllers\Beranda" loaded.
INFO - 2020-08-07 12:21:42 --> Controller "App\Controllers\Beranda" loaded.
INFO - 2020-08-07 12:21:42 --> Controller "App\Controllers\Beranda" loaded.
INFO - 2020-08-07 12:21:42 --> Controller "App\Controllers\Beranda" loaded.
INFO - 2020-08-07 12:21:42 --> Controller "App\Controllers\Beranda" loaded.
INFO - 2020-08-07 12:21:42 --> Controller "App\Controllers\Beranda" loaded.
INFO - 2020-08-07 12:21:42 --> Controller "App\Controllers\Beranda" loaded.
INFO - 2020-08-07 12:21:42 --> Controller "App\Controllers\Beranda" loaded.
INFO - 2020-08-07 12:21:42 --> Controller "App\Controllers\Beranda" loaded.
INFO - 2020-08-07 12:21:42 --> Controller "App\Controllers\Beranda" loaded.
INFO - 2020-08-07 12:22:01 --> Controller "App\Controllers\Undangan" loaded.
INFO - 2020-08-07 12:22:52 --> Controller "App\Controllers\Undangan" loaded.
INFO - 2020-08-07 12:22:58 --> Controller "App\Controllers\Undangan" loaded.
INFO - 2020-08-07 12:23:05 --> Controller "App\Controllers\Undangan" loaded.
INFO - 2020-08-07 12:23:07 --> Controller "App\Controllers\Undangan" loaded.
INFO - 2020-08-07 12:23:08 --> Controller "App\Controllers\Undangan" loaded.
INFO - 2020-08-07 12:23:24 --> Controller "App\Controllers\Undangan" loaded.
INFO - 2020-08-07 12:24:39 --> Controller "App\Controllers\Undangan" loaded.
INFO - 2020-08-07 12:25:07 --> Controller "App\Controllers\Beranda" loaded.
INFO - 2020-08-07 12:25:08 --> Controller "App\Controllers\Beranda" loaded.
INFO - 2020-08-07 12:25:08 --> Controller "App\Controllers\Beranda" loaded.
INFO - 2020-08-07 12:25:12 --> Controller "App\Controllers\Beranda" loaded.
INFO - 2020-08-07 12:25:52 --> Controller "App\Controllers\Undangan" loaded.
INFO - 2020-08-07 12:26:13 --> Controller "App\Controllers\Undangan" loaded.
