INFO - 2020-04-14 07:53:17 --> Controller "App\Controllers\Beranda" loaded.
INFO - 2020-04-14 07:53:22 --> Controller "App\Controllers\Beranda" loaded.
INFO - 2020-04-14 07:53:27 --> Controller "App\Controllers\Anu" loaded.
INFO - 2020-04-14 07:53:32 --> Controller "App\Controllers\Anu" loaded.
INFO - 2020-04-14 07:53:33 --> Controller "App\Controllers\Beranda" loaded.
INFO - 2020-04-14 07:53:51 --> Controller "App\Controllers\Beranda" loaded.
INFO - 2020-04-14 07:53:55 --> Controller "App\Controllers\Anu" loaded.
INFO - 2020-04-14 07:53:56 --> Controller "App\Controllers\Beranda" loaded.
INFO - 2020-04-14 07:56:24 --> Controller "App\Controllers\Anu" loaded.
INFO - 2020-04-14 07:56:24 --> Controller "App\Controllers\Beranda" loaded.
INFO - 2020-04-14 07:56:35 --> Controller "App\Controllers\Anu" loaded.
INFO - 2020-04-14 07:57:02 --> Controller "App\Controllers\Anu" loaded.
INFO - 2020-04-14 07:57:06 --> Controller "App\Controllers\Anu" loaded.
INFO - 2020-04-14 07:57:09 --> Controller "App\Controllers\Anu" loaded.
INFO - 2020-04-14 07:59:44 --> Controller "App\Controllers\Anu" loaded.
INFO - 2020-04-14 07:59:46 --> Controller "App\Controllers\Anu" loaded.
INFO - 2020-04-14 07:59:53 --> Controller "App\Controllers\Anu" loaded.
INFO - 2020-04-14 07:59:54 --> Controller "App\Controllers\Anu" loaded.
INFO - 2020-04-14 08:00:04 --> Controller "App\Controllers\Anu" loaded.
INFO - 2020-04-14 08:00:38 --> Controller "App\Controllers\Anu" loaded.
INFO - 2020-04-14 08:00:41 --> Controller "App\Controllers\Anu" loaded.
CRITICAL - 2020-04-14 08:16:35 --> Class 'App\Controllers\BaseController' not found
#0 [internal function]: CodeIgniter\Debug\Exceptions->shutdownHandler()
#1 {main}
CRITICAL - 2020-04-14 08:16:37 --> Class 'App\Controllers\BaseController' not found
#0 [internal function]: CodeIgniter\Debug\Exceptions->shutdownHandler()
#1 {main}
CRITICAL - 2020-04-14 08:16:39 --> Class 'App\Controllers\BaseController' not found
#0 [internal function]: CodeIgniter\Debug\Exceptions->shutdownHandler()
#1 {main}
CRITICAL - 2020-04-14 08:28:56 --> Class 'App\Controllers\BaseController' not found
#0 [internal function]: CodeIgniter\Debug\Exceptions->shutdownHandler()
#1 {main}
INFO - 2020-04-14 08:30:06 --> Controller "App\Controllers\Beranda" loaded.
INFO - 2020-04-14 08:30:12 --> Controller "App\Controllers\Beranda" loaded.
CRITICAL - 2020-04-14 08:30:15 --> Undefined variable: config
#0 /var/www/html/akadku/home/app/Controllers/Order.php(22): CodeIgniter\Debug\Exceptions->errorHandler(8, 'Undefined varia...', '/var/www/html/a...', 22, Array)
#1 /var/www/html/akadku/home/system/CodeIgniter.php(882): App\Controllers\Order->__construct()
#2 /var/www/html/akadku/home/system/CodeIgniter.php(393): CodeIgniter\CodeIgniter->createController()
#3 /var/www/html/akadku/home/system/CodeIgniter.php(306): CodeIgniter\CodeIgniter->handleRequest(NULL, Object(Config\Cache), false)
#4 /var/www/html/akadku/home/index.php(45): CodeIgniter\CodeIgniter->run()
#5 {main}
INFO - 2020-04-14 08:31:40 --> Session: Class initialized using 'CodeIgniter\Session\Handlers\FileHandler' driver.
INFO - 2020-04-14 08:31:40 --> Controller "App\Controllers\Order" loaded.
INFO - 2020-04-14 08:31:40 --> Controller "App\Controllers\Beranda" loaded.
INFO - 2020-04-14 08:31:44 --> Session: Class initialized using 'CodeIgniter\Session\Handlers\FileHandler' driver.
INFO - 2020-04-14 08:31:44 --> Controller "App\Controllers\Order" loaded.
INFO - 2020-04-14 08:31:44 --> Controller "App\Controllers\Beranda" loaded.
INFO - 2020-04-14 08:31:49 --> Controller "App\Controllers\Beranda" loaded.
CRITICAL - 2020-04-14 08:31:52 --> Undefined variable: config
#0 /var/www/html/akadku/home/app/Controllers/Order.php(22): CodeIgniter\Debug\Exceptions->errorHandler(8, 'Undefined varia...', '/var/www/html/a...', 22, Array)
#1 /var/www/html/akadku/home/system/CodeIgniter.php(882): App\Controllers\Order->__construct()
#2 /var/www/html/akadku/home/system/CodeIgniter.php(393): CodeIgniter\CodeIgniter->createController()
#3 /var/www/html/akadku/home/system/CodeIgniter.php(306): CodeIgniter\CodeIgniter->handleRequest(NULL, Object(Config\Cache), false)
#4 /var/www/html/akadku/home/index.php(45): CodeIgniter\CodeIgniter->run()
#5 {main}
INFO - 2020-04-14 08:31:57 --> Session: Class initialized using 'CodeIgniter\Session\Handlers\FileHandler' driver.
INFO - 2020-04-14 08:31:57 --> Controller "App\Controllers\Order" loaded.
INFO - 2020-04-14 08:31:57 --> Controller "App\Controllers\Beranda" loaded.
INFO - 2020-04-14 08:32:00 --> Session: Class initialized using 'CodeIgniter\Session\Handlers\FileHandler' driver.
INFO - 2020-04-14 08:32:00 --> Controller "App\Controllers\Order" loaded.
CRITICAL - 2020-04-14 08:32:00 --> Undefined index: jml_cerita
#0 /var/www/html/akadku/home/app/Views/base/order.php(46): CodeIgniter\Debug\Exceptions->errorHandler(8, 'Undefined index...', '/var/www/html/a...', 46, Array)
#1 /var/www/html/akadku/home/system/View/View.php(236): include('/var/www/html/a...')
#2 /var/www/html/akadku/home/system/Common.php(1071): CodeIgniter\View\View->render('order/order1-da...', Array, true)
#3 /var/www/html/akadku/home/app/Controllers/Order.php(65): view('base/order', Array)
#4 /var/www/html/akadku/home/system/CodeIgniter.php(910): App\Controllers\Order->index()
#5 /var/www/html/akadku/home/system/CodeIgniter.php(398): CodeIgniter\CodeIgniter->runController(Object(App\Controllers\Order))
#6 /var/www/html/akadku/home/system/CodeIgniter.php(306): CodeIgniter\CodeIgniter->handleRequest(NULL, Object(Config\Cache), false)
#7 /var/www/html/akadku/home/index.php(45): CodeIgniter\CodeIgniter->run()
#8 {main}
INFO - 2020-04-14 08:35:09 --> Session: Class initialized using 'CodeIgniter\Session\Handlers\FileHandler' driver.
INFO - 2020-04-14 08:35:09 --> Controller "App\Controllers\Order" loaded.
CRITICAL - 2020-04-14 08:35:09 --> Undefined variable: jml_cerita
#0 /var/www/html/akadku/home/app/Views/base/order.php(347): CodeIgniter\Debug\Exceptions->errorHandler(8, 'Undefined varia...', '/var/www/html/a...', 347, Array)
#1 /var/www/html/akadku/home/system/View/View.php(236): include('/var/www/html/a...')
#2 /var/www/html/akadku/home/system/Common.php(1071): CodeIgniter\View\View->render('order/order1-da...', Array, true)
#3 /var/www/html/akadku/home/app/Controllers/Order.php(65): view('base/order', Array)
#4 /var/www/html/akadku/home/system/CodeIgniter.php(910): App\Controllers\Order->index()
#5 /var/www/html/akadku/home/system/CodeIgniter.php(398): CodeIgniter\CodeIgniter->runController(Object(App\Controllers\Order))
#6 /var/www/html/akadku/home/system/CodeIgniter.php(306): CodeIgniter\CodeIgniter->handleRequest(NULL, Object(Config\Cache), false)
#7 /var/www/html/akadku/home/index.php(45): CodeIgniter\CodeIgniter->run()
#8 {main}
INFO - 2020-04-14 08:35:10 --> Session: Class initialized using 'CodeIgniter\Session\Handlers\FileHandler' driver.
INFO - 2020-04-14 08:35:10 --> Controller "App\Controllers\Order" loaded.
CRITICAL - 2020-04-14 08:35:10 --> Undefined variable: jml_cerita
#0 /var/www/html/akadku/home/app/Views/base/order.php(347): CodeIgniter\Debug\Exceptions->errorHandler(8, 'Undefined varia...', '/var/www/html/a...', 347, Array)
#1 /var/www/html/akadku/home/system/View/View.php(236): include('/var/www/html/a...')
#2 /var/www/html/akadku/home/system/Common.php(1071): CodeIgniter\View\View->render('order/order1-da...', Array, true)
#3 /var/www/html/akadku/home/app/Controllers/Order.php(65): view('base/order', Array)
#4 /var/www/html/akadku/home/system/CodeIgniter.php(910): App\Controllers\Order->index()
#5 /var/www/html/akadku/home/system/CodeIgniter.php(398): CodeIgniter\CodeIgniter->runController(Object(App\Controllers\Order))
#6 /var/www/html/akadku/home/system/CodeIgniter.php(306): CodeIgniter\CodeIgniter->handleRequest(NULL, Object(Config\Cache), false)
#7 /var/www/html/akadku/home/index.php(45): CodeIgniter\CodeIgniter->run()
#8 {main}
INFO - 2020-04-14 08:35:48 --> Session: Class initialized using 'CodeIgniter\Session\Handlers\FileHandler' driver.
INFO - 2020-04-14 08:35:48 --> Controller "App\Controllers\Order" loaded.
CRITICAL - 2020-04-14 08:35:48 --> Undefined index: jml_cerita
#0 /var/www/html/akadku/home/app/Views/base/order.php(46): CodeIgniter\Debug\Exceptions->errorHandler(8, 'Undefined index...', '/var/www/html/a...', 46, Array)
#1 /var/www/html/akadku/home/system/View/View.php(236): include('/var/www/html/a...')
#2 /var/www/html/akadku/home/system/Common.php(1071): CodeIgniter\View\View->render('order/order1-da...', Array, true)
#3 /var/www/html/akadku/home/app/Controllers/Order.php(65): view('base/order', Array)
#4 /var/www/html/akadku/home/system/CodeIgniter.php(910): App\Controllers\Order->index()
#5 /var/www/html/akadku/home/system/CodeIgniter.php(398): CodeIgniter\CodeIgniter->runController(Object(App\Controllers\Order))
#6 /var/www/html/akadku/home/system/CodeIgniter.php(306): CodeIgniter\CodeIgniter->handleRequest(NULL, Object(Config\Cache), false)
#7 /var/www/html/akadku/home/index.php(45): CodeIgniter\CodeIgniter->run()
#8 {main}
INFO - 2020-04-14 08:35:56 --> Session: Class initialized using 'CodeIgniter\Session\Handlers\FileHandler' driver.
INFO - 2020-04-14 08:35:56 --> Controller "App\Controllers\Order" loaded.
INFO - 2020-04-14 08:35:56 --> Controller "App\Controllers\Beranda" loaded.
INFO - 2020-04-14 08:35:56 --> Controller "App\Controllers\Beranda" loaded.
INFO - 2020-04-14 08:35:56 --> Controller "App\Controllers\Beranda" loaded.
INFO - 2020-04-14 08:36:10 --> Controller "App\Controllers\Beranda" loaded.
INFO - 2020-04-14 08:36:38 --> Controller "App\Controllers\Beranda" loaded.
INFO - 2020-04-14 08:36:50 --> Controller "App\Controllers\Beranda" loaded.
INFO - 2020-04-14 08:36:55 --> Controller "App\Controllers\Beranda" loaded.
