INFO - 2020-08-14 05:03:49 --> Controller "App\Controllers\Beranda" loaded.
INFO - 2020-08-14 05:03:52 --> Controller "App\Controllers\Beranda" loaded.
INFO - 2020-08-14 05:03:59 --> Session: Class initialized using 'CodeIgniter\Session\Handlers\FileHandler' driver.
INFO - 2020-08-14 05:03:59 --> Controller "App\Controllers\Order" loaded.
INFO - 2020-08-14 05:03:59 --> Controller "App\Controllers\Beranda" loaded.
INFO - 2020-08-14 05:04:03 --> Session: Class initialized using 'CodeIgniter\Session\Handlers\FileHandler' driver.
INFO - 2020-08-14 05:04:03 --> Controller "App\Controllers\Order" loaded.
INFO - 2020-08-14 05:21:47 --> Controller "App\Controllers\Undangan" loaded.
INFO - 2020-08-14 05:21:56 --> Controller "App\Controllers\Beranda" loaded.
INFO - 2020-08-14 05:21:56 --> Controller "App\Controllers\Beranda" loaded.
INFO - 2020-08-14 05:21:56 --> Controller "App\Controllers\Beranda" loaded.
INFO - 2020-08-14 05:23:41 --> Controller "App\Controllers\Beranda" loaded.
INFO - 2020-08-14 05:23:42 --> Controller "App\Controllers\Beranda" loaded.
INFO - 2020-08-14 05:23:42 --> Controller "App\Controllers\Beranda" loaded.
INFO - 2020-08-14 05:23:42 --> Controller "App\Controllers\Beranda" loaded.
INFO - 2020-08-14 05:23:42 --> Controller "App\Controllers\Beranda" loaded.
INFO - 2020-08-14 05:23:43 --> Session: Class initialized using 'CodeIgniter\Session\Handlers\FileHandler' driver.
INFO - 2020-08-14 05:23:43 --> Controller "App\Controllers\Order" loaded.
INFO - 2020-08-14 05:23:44 --> Controller "App\Controllers\Beranda" loaded.
INFO - 2020-08-14 05:23:44 --> Controller "App\Controllers\Beranda" loaded.
INFO - 2020-08-14 05:23:44 --> Controller "App\Controllers\Beranda" loaded.
INFO - 2020-08-14 05:23:44 --> Controller "App\Controllers\Beranda" loaded.
INFO - 2020-08-14 05:24:40 --> Session: Class initialized using 'CodeIgniter\Session\Handlers\FileHandler' driver.
INFO - 2020-08-14 05:24:40 --> Controller "App\Controllers\Order" loaded.
INFO - 2020-08-14 05:24:40 --> Controller "App\Controllers\Beranda" loaded.
INFO - 2020-08-14 05:24:40 --> Controller "App\Controllers\Beranda" loaded.
INFO - 2020-08-14 05:24:40 --> Controller "App\Controllers\Beranda" loaded.
INFO - 2020-08-14 05:24:40 --> Controller "App\Controllers\Beranda" loaded.
INFO - 2020-08-14 09:00:01 --> Controller "App\Controllers\Undangan" loaded.
INFO - 2020-08-14 09:03:54 --> Controller "App\Controllers\Undangan" loaded.
INFO - 2020-08-14 09:04:03 --> Controller "App\Controllers\Beranda" loaded.
INFO - 2020-08-14 09:04:03 --> Controller "App\Controllers\Beranda" loaded.
INFO - 2020-08-14 09:04:03 --> Controller "App\Controllers\Beranda" loaded.
INFO - 2020-08-14 09:09:00 --> Controller "App\Controllers\Beranda" loaded.
INFO - 2020-08-14 09:09:01 --> Controller "App\Controllers\Beranda" loaded.
INFO - 2020-08-14 09:09:02 --> Session: Class initialized using 'CodeIgniter\Session\Handlers\FileHandler' driver.
INFO - 2020-08-14 09:09:02 --> Controller "App\Controllers\Order" loaded.
INFO - 2020-08-14 09:09:02 --> Controller "App\Controllers\Beranda" loaded.
INFO - 2020-08-14 09:11:06 --> Controller "App\Controllers\Undangan" loaded.
INFO - 2020-08-14 09:11:15 --> Controller "App\Controllers\Beranda" loaded.
INFO - 2020-08-14 09:11:16 --> Controller "App\Controllers\Beranda" loaded.
INFO - 2020-08-14 09:11:16 --> Controller "App\Controllers\Beranda" loaded.
INFO - 2020-08-14 09:12:29 --> Controller "App\Controllers\Undangan" loaded.
INFO - 2020-08-14 09:12:30 --> Controller "App\Controllers\Beranda" loaded.
INFO - 2020-08-14 09:12:30 --> Controller "App\Controllers\Beranda" loaded.
INFO - 2020-08-14 09:12:30 --> Controller "App\Controllers\Beranda" loaded.
INFO - 2020-08-14 09:33:11 --> Controller "App\Controllers\Undangan" loaded.
INFO - 2020-08-14 09:33:12 --> Controller "App\Controllers\Beranda" loaded.
INFO - 2020-08-14 09:33:12 --> Controller "App\Controllers\Beranda" loaded.
INFO - 2020-08-14 09:33:12 --> Controller "App\Controllers\Beranda" loaded.
INFO - 2020-08-14 09:37:05 --> Controller "App\Controllers\Undangan" loaded.
INFO - 2020-08-14 09:37:07 --> Controller "App\Controllers\Beranda" loaded.
INFO - 2020-08-14 09:37:07 --> Controller "App\Controllers\Beranda" loaded.
INFO - 2020-08-14 09:37:07 --> Controller "App\Controllers\Beranda" loaded.
INFO - 2020-08-14 09:38:07 --> Controller "App\Controllers\Undangan" loaded.
INFO - 2020-08-14 09:38:08 --> Controller "App\Controllers\Beranda" loaded.
INFO - 2020-08-14 09:38:08 --> Controller "App\Controllers\Beranda" loaded.
INFO - 2020-08-14 09:38:08 --> Controller "App\Controllers\Beranda" loaded.
INFO - 2020-08-14 09:43:53 --> Controller "App\Controllers\Undangan" loaded.
INFO - 2020-08-14 09:43:54 --> Controller "App\Controllers\Beranda" loaded.
INFO - 2020-08-14 09:43:54 --> Controller "App\Controllers\Beranda" loaded.
INFO - 2020-08-14 09:43:54 --> Controller "App\Controllers\Beranda" loaded.
INFO - 2020-08-14 09:44:50 --> Controller "App\Controllers\Undangan" loaded.
INFO - 2020-08-14 09:44:51 --> Controller "App\Controllers\Beranda" loaded.
INFO - 2020-08-14 09:44:51 --> Controller "App\Controllers\Beranda" loaded.
INFO - 2020-08-14 09:44:51 --> Controller "App\Controllers\Beranda" loaded.
INFO - 2020-08-14 09:45:01 --> Controller "App\Controllers\Undangan" loaded.
INFO - 2020-08-14 09:45:02 --> Controller "App\Controllers\Beranda" loaded.
INFO - 2020-08-14 09:45:02 --> Controller "App\Controllers\Beranda" loaded.
INFO - 2020-08-14 09:45:02 --> Controller "App\Controllers\Beranda" loaded.
INFO - 2020-08-14 09:46:46 --> Controller "App\Controllers\Undangan" loaded.
INFO - 2020-08-14 09:46:47 --> Controller "App\Controllers\Beranda" loaded.
INFO - 2020-08-14 09:46:47 --> Controller "App\Controllers\Beranda" loaded.
INFO - 2020-08-14 09:46:47 --> Controller "App\Controllers\Beranda" loaded.
INFO - 2020-08-14 09:47:26 --> Controller "App\Controllers\Undangan" loaded.
INFO - 2020-08-14 09:47:27 --> Controller "App\Controllers\Beranda" loaded.
INFO - 2020-08-14 09:47:27 --> Controller "App\Controllers\Beranda" loaded.
INFO - 2020-08-14 09:47:27 --> Controller "App\Controllers\Beranda" loaded.
INFO - 2020-08-14 09:48:10 --> Controller "App\Controllers\Undangan" loaded.
INFO - 2020-08-14 09:48:11 --> Controller "App\Controllers\Beranda" loaded.
INFO - 2020-08-14 09:48:11 --> Controller "App\Controllers\Beranda" loaded.
INFO - 2020-08-14 09:48:11 --> Controller "App\Controllers\Beranda" loaded.
INFO - 2020-08-14 09:48:24 --> Controller "App\Controllers\Undangan" loaded.
INFO - 2020-08-14 09:48:25 --> Controller "App\Controllers\Beranda" loaded.
INFO - 2020-08-14 09:48:25 --> Controller "App\Controllers\Beranda" loaded.
INFO - 2020-08-14 09:48:25 --> Controller "App\Controllers\Beranda" loaded.
INFO - 2020-08-14 09:49:33 --> Controller "App\Controllers\Undangan" loaded.
INFO - 2020-08-14 09:49:34 --> Controller "App\Controllers\Beranda" loaded.
INFO - 2020-08-14 09:49:34 --> Controller "App\Controllers\Beranda" loaded.
INFO - 2020-08-14 09:49:34 --> Controller "App\Controllers\Beranda" loaded.
INFO - 2020-08-14 09:49:50 --> Controller "App\Controllers\Undangan" loaded.
INFO - 2020-08-14 09:49:51 --> Controller "App\Controllers\Beranda" loaded.
INFO - 2020-08-14 09:49:51 --> Controller "App\Controllers\Beranda" loaded.
INFO - 2020-08-14 09:49:51 --> Controller "App\Controllers\Beranda" loaded.
INFO - 2020-08-14 09:50:49 --> Controller "App\Controllers\Undangan" loaded.
INFO - 2020-08-14 09:50:50 --> Controller "App\Controllers\Beranda" loaded.
INFO - 2020-08-14 09:50:50 --> Controller "App\Controllers\Beranda" loaded.
INFO - 2020-08-14 09:50:50 --> Controller "App\Controllers\Beranda" loaded.
INFO - 2020-08-14 09:51:17 --> Controller "App\Controllers\Undangan" loaded.
INFO - 2020-08-14 09:51:18 --> Controller "App\Controllers\Beranda" loaded.
INFO - 2020-08-14 09:51:18 --> Controller "App\Controllers\Beranda" loaded.
INFO - 2020-08-14 09:51:18 --> Controller "App\Controllers\Beranda" loaded.
INFO - 2020-08-14 09:53:17 --> Controller "App\Controllers\Undangan" loaded.
INFO - 2020-08-14 09:53:18 --> Controller "App\Controllers\Beranda" loaded.
INFO - 2020-08-14 09:53:18 --> Controller "App\Controllers\Beranda" loaded.
INFO - 2020-08-14 09:53:18 --> Controller "App\Controllers\Beranda" loaded.
INFO - 2020-08-14 09:53:50 --> Controller "App\Controllers\Undangan" loaded.
INFO - 2020-08-14 09:53:51 --> Controller "App\Controllers\Beranda" loaded.
INFO - 2020-08-14 09:53:51 --> Controller "App\Controllers\Beranda" loaded.
INFO - 2020-08-14 09:53:51 --> Controller "App\Controllers\Beranda" loaded.
INFO - 2020-08-14 09:55:41 --> Controller "App\Controllers\Undangan" loaded.
INFO - 2020-08-14 09:55:42 --> Controller "App\Controllers\Beranda" loaded.
INFO - 2020-08-14 09:55:42 --> Controller "App\Controllers\Beranda" loaded.
INFO - 2020-08-14 09:55:42 --> Controller "App\Controllers\Beranda" loaded.
INFO - 2020-08-14 09:57:20 --> Controller "App\Controllers\Undangan" loaded.
INFO - 2020-08-14 09:57:21 --> Controller "App\Controllers\Beranda" loaded.
INFO - 2020-08-14 09:57:21 --> Controller "App\Controllers\Beranda" loaded.
INFO - 2020-08-14 09:57:21 --> Controller "App\Controllers\Beranda" loaded.
INFO - 2020-08-14 10:00:26 --> Controller "App\Controllers\Undangan" loaded.
INFO - 2020-08-14 10:00:26 --> Controller "App\Controllers\Beranda" loaded.
INFO - 2020-08-14 10:00:27 --> Controller "App\Controllers\Beranda" loaded.
INFO - 2020-08-14 10:00:27 --> Controller "App\Controllers\Beranda" loaded.
INFO - 2020-08-14 10:00:54 --> Controller "App\Controllers\Undangan" loaded.
INFO - 2020-08-14 10:00:55 --> Controller "App\Controllers\Beranda" loaded.
INFO - 2020-08-14 10:00:55 --> Controller "App\Controllers\Beranda" loaded.
INFO - 2020-08-14 10:00:55 --> Controller "App\Controllers\Beranda" loaded.
INFO - 2020-08-14 10:01:15 --> Controller "App\Controllers\Undangan" loaded.
INFO - 2020-08-14 10:01:16 --> Controller "App\Controllers\Beranda" loaded.
INFO - 2020-08-14 10:01:16 --> Controller "App\Controllers\Beranda" loaded.
INFO - 2020-08-14 10:01:16 --> Controller "App\Controllers\Beranda" loaded.
INFO - 2020-08-14 10:01:58 --> Controller "App\Controllers\Undangan" loaded.
INFO - 2020-08-14 10:01:59 --> Controller "App\Controllers\Beranda" loaded.
INFO - 2020-08-14 10:01:59 --> Controller "App\Controllers\Beranda" loaded.
INFO - 2020-08-14 10:01:59 --> Controller "App\Controllers\Beranda" loaded.
INFO - 2020-08-14 10:02:38 --> Controller "App\Controllers\Undangan" loaded.
INFO - 2020-08-14 10:02:39 --> Controller "App\Controllers\Beranda" loaded.
INFO - 2020-08-14 10:02:39 --> Controller "App\Controllers\Beranda" loaded.
INFO - 2020-08-14 10:02:39 --> Controller "App\Controllers\Beranda" loaded.
INFO - 2020-08-14 10:07:28 --> Controller "App\Controllers\Undangan" loaded.
INFO - 2020-08-14 10:07:29 --> Controller "App\Controllers\Beranda" loaded.
INFO - 2020-08-14 10:07:29 --> Controller "App\Controllers\Beranda" loaded.
INFO - 2020-08-14 10:07:29 --> Controller "App\Controllers\Beranda" loaded.
INFO - 2020-08-14 10:10:26 --> Controller "App\Controllers\Undangan" loaded.
INFO - 2020-08-14 10:10:27 --> Controller "App\Controllers\Beranda" loaded.
INFO - 2020-08-14 10:10:27 --> Controller "App\Controllers\Beranda" loaded.
INFO - 2020-08-14 10:10:27 --> Controller "App\Controllers\Beranda" loaded.
INFO - 2020-08-14 10:20:42 --> Controller "App\Controllers\Undangan" loaded.
INFO - 2020-08-14 10:20:43 --> Controller "App\Controllers\Beranda" loaded.
INFO - 2020-08-14 10:20:43 --> Controller "App\Controllers\Beranda" loaded.
INFO - 2020-08-14 10:20:43 --> Controller "App\Controllers\Beranda" loaded.
INFO - 2020-08-14 10:21:53 --> Controller "App\Controllers\Undangan" loaded.
INFO - 2020-08-14 10:21:54 --> Controller "App\Controllers\Beranda" loaded.
INFO - 2020-08-14 10:21:54 --> Controller "App\Controllers\Beranda" loaded.
INFO - 2020-08-14 10:21:54 --> Controller "App\Controllers\Beranda" loaded.
INFO - 2020-08-14 10:21:58 --> Controller "App\Controllers\Undangan" loaded.
INFO - 2020-08-14 10:21:59 --> Controller "App\Controllers\Beranda" loaded.
INFO - 2020-08-14 10:21:59 --> Controller "App\Controllers\Beranda" loaded.
INFO - 2020-08-14 10:21:59 --> Controller "App\Controllers\Beranda" loaded.
INFO - 2020-08-14 10:25:08 --> Controller "App\Controllers\Undangan" loaded.
INFO - 2020-08-14 10:25:09 --> Controller "App\Controllers\Beranda" loaded.
INFO - 2020-08-14 10:25:09 --> Controller "App\Controllers\Beranda" loaded.
INFO - 2020-08-14 10:25:09 --> Controller "App\Controllers\Beranda" loaded.
INFO - 2020-08-14 10:25:49 --> Controller "App\Controllers\Undangan" loaded.
INFO - 2020-08-14 10:25:49 --> Controller "App\Controllers\Beranda" loaded.
INFO - 2020-08-14 10:25:49 --> Controller "App\Controllers\Beranda" loaded.
INFO - 2020-08-14 10:25:50 --> Controller "App\Controllers\Beranda" loaded.
INFO - 2020-08-14 10:29:02 --> Controller "App\Controllers\Undangan" loaded.
INFO - 2020-08-14 10:29:03 --> Controller "App\Controllers\Beranda" loaded.
INFO - 2020-08-14 10:29:03 --> Controller "App\Controllers\Beranda" loaded.
INFO - 2020-08-14 10:29:03 --> Controller "App\Controllers\Beranda" loaded.
INFO - 2020-08-14 10:29:14 --> Controller "App\Controllers\Beranda" loaded.
INFO - 2020-08-14 10:29:14 --> Controller "App\Controllers\Beranda" loaded.
INFO - 2020-08-14 10:29:14 --> Controller "App\Controllers\Beranda" loaded.
INFO - 2020-08-14 10:29:15 --> Controller "App\Controllers\Beranda" loaded.
INFO - 2020-08-14 10:30:01 --> Controller "App\Controllers\Undangan" loaded.
INFO - 2020-08-14 10:30:02 --> Controller "App\Controllers\Beranda" loaded.
INFO - 2020-08-14 10:30:02 --> Controller "App\Controllers\Beranda" loaded.
INFO - 2020-08-14 10:30:02 --> Controller "App\Controllers\Beranda" loaded.
INFO - 2020-08-14 10:30:13 --> Controller "App\Controllers\Undangan" loaded.
INFO - 2020-08-14 10:30:14 --> Controller "App\Controllers\Beranda" loaded.
INFO - 2020-08-14 10:30:14 --> Controller "App\Controllers\Beranda" loaded.
INFO - 2020-08-14 10:30:14 --> Controller "App\Controllers\Beranda" loaded.
INFO - 2020-08-14 10:31:41 --> Controller "App\Controllers\Undangan" loaded.
INFO - 2020-08-14 10:31:42 --> Controller "App\Controllers\Beranda" loaded.
INFO - 2020-08-14 10:31:42 --> Controller "App\Controllers\Beranda" loaded.
INFO - 2020-08-14 10:31:42 --> Controller "App\Controllers\Beranda" loaded.
INFO - 2020-08-14 10:32:57 --> Controller "App\Controllers\Undangan" loaded.
INFO - 2020-08-14 10:32:57 --> Controller "App\Controllers\Beranda" loaded.
INFO - 2020-08-14 10:32:57 --> Controller "App\Controllers\Beranda" loaded.
INFO - 2020-08-14 10:32:58 --> Controller "App\Controllers\Beranda" loaded.
INFO - 2020-08-14 10:34:06 --> Controller "App\Controllers\Undangan" loaded.
INFO - 2020-08-14 10:34:07 --> Controller "App\Controllers\Beranda" loaded.
INFO - 2020-08-14 10:34:07 --> Controller "App\Controllers\Beranda" loaded.
INFO - 2020-08-14 10:34:07 --> Controller "App\Controllers\Beranda" loaded.
INFO - 2020-08-14 10:34:13 --> Controller "App\Controllers\Undangan" loaded.
INFO - 2020-08-14 10:34:14 --> Controller "App\Controllers\Beranda" loaded.
INFO - 2020-08-14 10:34:14 --> Controller "App\Controllers\Beranda" loaded.
INFO - 2020-08-14 10:34:15 --> Controller "App\Controllers\Beranda" loaded.
INFO - 2020-08-14 10:41:28 --> Controller "App\Controllers\Undangan" loaded.
INFO - 2020-08-14 10:41:29 --> Controller "App\Controllers\Beranda" loaded.
INFO - 2020-08-14 10:41:29 --> Controller "App\Controllers\Beranda" loaded.
INFO - 2020-08-14 10:41:29 --> Controller "App\Controllers\Beranda" loaded.
INFO - 2020-08-14 10:55:27 --> Controller "App\Controllers\Undangan" loaded.
INFO - 2020-08-14 10:55:28 --> Controller "App\Controllers\Beranda" loaded.
INFO - 2020-08-14 10:55:28 --> Controller "App\Controllers\Beranda" loaded.
INFO - 2020-08-14 10:55:28 --> Controller "App\Controllers\Beranda" loaded.
INFO - 2020-08-14 10:56:24 --> Controller "App\Controllers\Undangan" loaded.
INFO - 2020-08-14 10:56:25 --> Controller "App\Controllers\Beranda" loaded.
INFO - 2020-08-14 10:56:25 --> Controller "App\Controllers\Beranda" loaded.
INFO - 2020-08-14 10:56:25 --> Controller "App\Controllers\Beranda" loaded.
INFO - 2020-08-14 10:57:09 --> Controller "App\Controllers\Undangan" loaded.
INFO - 2020-08-14 10:57:10 --> Controller "App\Controllers\Beranda" loaded.
INFO - 2020-08-14 10:57:10 --> Controller "App\Controllers\Beranda" loaded.
INFO - 2020-08-14 10:57:11 --> Controller "App\Controllers\Beranda" loaded.
INFO - 2020-08-14 10:57:30 --> Controller "App\Controllers\Beranda" loaded.
INFO - 2020-08-14 10:57:30 --> Controller "App\Controllers\Beranda" loaded.
INFO - 2020-08-14 10:57:30 --> Controller "App\Controllers\Beranda" loaded.
INFO - 2020-08-14 10:57:30 --> Controller "App\Controllers\Beranda" loaded.
INFO - 2020-08-14 11:04:56 --> Controller "App\Controllers\Undangan" loaded.
INFO - 2020-08-14 11:04:59 --> Controller "App\Controllers\Beranda" loaded.
INFO - 2020-08-14 11:04:59 --> Controller "App\Controllers\Beranda" loaded.
INFO - 2020-08-14 11:04:59 --> Controller "App\Controllers\Beranda" loaded.
INFO - 2020-08-14 11:05:55 --> Controller "App\Controllers\Undangan" loaded.
INFO - 2020-08-14 11:05:57 --> Controller "App\Controllers\Beranda" loaded.
INFO - 2020-08-14 11:05:57 --> Controller "App\Controllers\Beranda" loaded.
INFO - 2020-08-14 11:05:57 --> Controller "App\Controllers\Beranda" loaded.
INFO - 2020-08-14 11:06:05 --> Controller "App\Controllers\Undangan" loaded.
INFO - 2020-08-14 11:06:06 --> Controller "App\Controllers\Beranda" loaded.
INFO - 2020-08-14 11:06:06 --> Controller "App\Controllers\Beranda" loaded.
INFO - 2020-08-14 11:06:06 --> Controller "App\Controllers\Beranda" loaded.
INFO - 2020-08-14 11:10:54 --> Controller "App\Controllers\Undangan" loaded.
CRITICAL - 2020-08-14 11:10:54 --> Call to a member function getResult() on null
#0 /var/www/html/akadkufix/system/View/View.php(236): include()
#1 /var/www/html/akadkufix/system/Common.php(1071): CodeIgniter\View\View->render('themes/tealflow...', Array, true)
#2 /var/www/html/akadkufix/app/Controllers/Undangan.php(89): view('themes/tealflow...', Array)
#3 /var/www/html/akadkufix/system/CodeIgniter.php(910): App\Controllers\Undangan->undangan()
#4 /var/www/html/akadkufix/system/CodeIgniter.php(398): CodeIgniter\CodeIgniter->runController(Object(App\Controllers\Undangan))
#5 /var/www/html/akadkufix/system/CodeIgniter.php(306): CodeIgniter\CodeIgniter->handleRequest(NULL, Object(Config\Cache), false)
#6 /var/www/html/akadkufix/index.php(45): CodeIgniter\CodeIgniter->run()
#7 {main}
INFO - 2020-08-14 11:11:40 --> Controller "App\Controllers\Undangan" loaded.
INFO - 2020-08-14 11:11:41 --> Controller "App\Controllers\Beranda" loaded.
INFO - 2020-08-14 11:11:41 --> Controller "App\Controllers\Beranda" loaded.
INFO - 2020-08-14 11:11:42 --> Controller "App\Controllers\Beranda" loaded.
INFO - 2020-08-14 11:12:36 --> Controller "App\Controllers\Undangan" loaded.
INFO - 2020-08-14 11:12:37 --> Controller "App\Controllers\Beranda" loaded.
INFO - 2020-08-14 11:12:37 --> Controller "App\Controllers\Beranda" loaded.
INFO - 2020-08-14 11:12:37 --> Controller "App\Controllers\Beranda" loaded.
INFO - 2020-08-14 11:13:14 --> Controller "App\Controllers\Undangan" loaded.
INFO - 2020-08-14 11:13:14 --> Controller "App\Controllers\Beranda" loaded.
INFO - 2020-08-14 11:13:14 --> Controller "App\Controllers\Beranda" loaded.
INFO - 2020-08-14 11:13:15 --> Controller "App\Controllers\Beranda" loaded.
INFO - 2020-08-14 11:13:15 --> Controller "App\Controllers\Beranda" loaded.
INFO - 2020-08-14 11:13:15 --> Controller "App\Controllers\Beranda" loaded.
INFO - 2020-08-14 11:13:15 --> Controller "App\Controllers\Beranda" loaded.
INFO - 2020-08-14 11:14:00 --> Controller "App\Controllers\Undangan" loaded.
INFO - 2020-08-14 11:14:00 --> Controller "App\Controllers\Beranda" loaded.
INFO - 2020-08-14 11:14:01 --> Controller "App\Controllers\Beranda" loaded.
INFO - 2020-08-14 11:14:01 --> Controller "App\Controllers\Beranda" loaded.
INFO - 2020-08-14 11:14:01 --> Controller "App\Controllers\Beranda" loaded.
INFO - 2020-08-14 11:14:01 --> Controller "App\Controllers\Beranda" loaded.
INFO - 2020-08-14 11:22:18 --> Controller "App\Controllers\Undangan" loaded.
INFO - 2020-08-14 11:22:19 --> Controller "App\Controllers\Beranda" loaded.
INFO - 2020-08-14 11:22:19 --> Controller "App\Controllers\Beranda" loaded.
INFO - 2020-08-14 11:22:19 --> Controller "App\Controllers\Beranda" loaded.
INFO - 2020-08-14 11:22:19 --> Controller "App\Controllers\Beranda" loaded.
INFO - 2020-08-14 11:22:19 --> Controller "App\Controllers\Beranda" loaded.
INFO - 2020-08-14 11:23:35 --> Controller "App\Controllers\Undangan" loaded.
INFO - 2020-08-14 11:23:36 --> Controller "App\Controllers\Beranda" loaded.
INFO - 2020-08-14 11:23:36 --> Controller "App\Controllers\Beranda" loaded.
INFO - 2020-08-14 11:23:36 --> Controller "App\Controllers\Beranda" loaded.
INFO - 2020-08-14 11:23:36 --> Controller "App\Controllers\Beranda" loaded.
INFO - 2020-08-14 11:23:36 --> Controller "App\Controllers\Beranda" loaded.
INFO - 2020-08-14 11:24:41 --> Controller "App\Controllers\Undangan" loaded.
INFO - 2020-08-14 11:24:41 --> Controller "App\Controllers\Beranda" loaded.
INFO - 2020-08-14 11:24:41 --> Controller "App\Controllers\Beranda" loaded.
INFO - 2020-08-14 11:24:41 --> Controller "App\Controllers\Beranda" loaded.
INFO - 2020-08-14 11:24:42 --> Controller "App\Controllers\Beranda" loaded.
INFO - 2020-08-14 11:24:42 --> Controller "App\Controllers\Beranda" loaded.
INFO - 2020-08-14 11:24:59 --> Controller "App\Controllers\Undangan" loaded.
INFO - 2020-08-14 11:25:00 --> Controller "App\Controllers\Beranda" loaded.
INFO - 2020-08-14 11:25:00 --> Controller "App\Controllers\Beranda" loaded.
INFO - 2020-08-14 11:25:00 --> Controller "App\Controllers\Beranda" loaded.
INFO - 2020-08-14 11:25:00 --> Controller "App\Controllers\Beranda" loaded.
INFO - 2020-08-14 11:25:00 --> Controller "App\Controllers\Beranda" loaded.
INFO - 2020-08-14 11:27:18 --> Controller "App\Controllers\Undangan" loaded.
INFO - 2020-08-14 11:27:19 --> Controller "App\Controllers\Beranda" loaded.
INFO - 2020-08-14 11:27:19 --> Controller "App\Controllers\Beranda" loaded.
INFO - 2020-08-14 11:27:19 --> Controller "App\Controllers\Beranda" loaded.
INFO - 2020-08-14 11:27:19 --> Controller "App\Controllers\Beranda" loaded.
INFO - 2020-08-14 11:27:20 --> Controller "App\Controllers\Beranda" loaded.
INFO - 2020-08-14 11:27:31 --> Controller "App\Controllers\Undangan" loaded.
INFO - 2020-08-14 11:27:32 --> Controller "App\Controllers\Beranda" loaded.
INFO - 2020-08-14 11:27:32 --> Controller "App\Controllers\Beranda" loaded.
INFO - 2020-08-14 11:27:32 --> Controller "App\Controllers\Beranda" loaded.
INFO - 2020-08-14 11:27:32 --> Controller "App\Controllers\Beranda" loaded.
INFO - 2020-08-14 11:27:33 --> Controller "App\Controllers\Beranda" loaded.
INFO - 2020-08-14 11:29:04 --> Controller "App\Controllers\Undangan" loaded.
INFO - 2020-08-14 11:29:05 --> Controller "App\Controllers\Beranda" loaded.
INFO - 2020-08-14 11:29:05 --> Controller "App\Controllers\Beranda" loaded.
INFO - 2020-08-14 11:29:05 --> Controller "App\Controllers\Beranda" loaded.
INFO - 2020-08-14 11:29:05 --> Controller "App\Controllers\Beranda" loaded.
INFO - 2020-08-14 11:29:05 --> Controller "App\Controllers\Beranda" loaded.
INFO - 2020-08-14 11:29:49 --> Controller "App\Controllers\Undangan" loaded.
INFO - 2020-08-14 11:29:49 --> Controller "App\Controllers\Beranda" loaded.
INFO - 2020-08-14 11:29:50 --> Controller "App\Controllers\Beranda" loaded.
INFO - 2020-08-14 11:29:50 --> Controller "App\Controllers\Beranda" loaded.
INFO - 2020-08-14 11:29:50 --> Controller "App\Controllers\Beranda" loaded.
INFO - 2020-08-14 11:29:50 --> Controller "App\Controllers\Beranda" loaded.
INFO - 2020-08-14 11:30:42 --> Controller "App\Controllers\Undangan" loaded.
INFO - 2020-08-14 11:30:42 --> Controller "App\Controllers\Beranda" loaded.
INFO - 2020-08-14 11:30:43 --> Controller "App\Controllers\Beranda" loaded.
INFO - 2020-08-14 11:30:43 --> Controller "App\Controllers\Beranda" loaded.
INFO - 2020-08-14 11:30:43 --> Controller "App\Controllers\Beranda" loaded.
INFO - 2020-08-14 11:30:43 --> Controller "App\Controllers\Beranda" loaded.
INFO - 2020-08-14 11:31:14 --> Controller "App\Controllers\Undangan" loaded.
INFO - 2020-08-14 11:31:14 --> Controller "App\Controllers\Beranda" loaded.
INFO - 2020-08-14 11:31:14 --> Controller "App\Controllers\Beranda" loaded.
INFO - 2020-08-14 11:31:15 --> Controller "App\Controllers\Beranda" loaded.
INFO - 2020-08-14 11:31:15 --> Controller "App\Controllers\Beranda" loaded.
INFO - 2020-08-14 11:31:15 --> Controller "App\Controllers\Beranda" loaded.
INFO - 2020-08-14 11:31:37 --> Controller "App\Controllers\Undangan" loaded.
INFO - 2020-08-14 11:31:38 --> Controller "App\Controllers\Beranda" loaded.
INFO - 2020-08-14 11:31:38 --> Controller "App\Controllers\Beranda" loaded.
INFO - 2020-08-14 11:31:38 --> Controller "App\Controllers\Beranda" loaded.
INFO - 2020-08-14 11:31:38 --> Controller "App\Controllers\Beranda" loaded.
INFO - 2020-08-14 11:31:39 --> Controller "App\Controllers\Beranda" loaded.
INFO - 2020-08-14 11:32:41 --> Controller "App\Controllers\Undangan" loaded.
INFO - 2020-08-14 11:32:41 --> Controller "App\Controllers\Beranda" loaded.
INFO - 2020-08-14 11:32:41 --> Controller "App\Controllers\Beranda" loaded.
INFO - 2020-08-14 11:32:41 --> Controller "App\Controllers\Beranda" loaded.
INFO - 2020-08-14 11:32:41 --> Controller "App\Controllers\Beranda" loaded.
INFO - 2020-08-14 11:32:42 --> Controller "App\Controllers\Beranda" loaded.
INFO - 2020-08-14 11:33:00 --> Controller "App\Controllers\Undangan" loaded.
INFO - 2020-08-14 11:33:01 --> Controller "App\Controllers\Beranda" loaded.
INFO - 2020-08-14 11:33:01 --> Controller "App\Controllers\Beranda" loaded.
INFO - 2020-08-14 11:33:01 --> Controller "App\Controllers\Beranda" loaded.
INFO - 2020-08-14 11:33:01 --> Controller "App\Controllers\Beranda" loaded.
INFO - 2020-08-14 11:33:02 --> Controller "App\Controllers\Beranda" loaded.
INFO - 2020-08-14 11:38:25 --> Controller "App\Controllers\Undangan" loaded.
INFO - 2020-08-14 11:38:26 --> Controller "App\Controllers\Beranda" loaded.
INFO - 2020-08-14 11:38:26 --> Controller "App\Controllers\Beranda" loaded.
INFO - 2020-08-14 11:38:27 --> Controller "App\Controllers\Beranda" loaded.
INFO - 2020-08-14 11:38:27 --> Controller "App\Controllers\Beranda" loaded.
INFO - 2020-08-14 11:38:28 --> Controller "App\Controllers\Beranda" loaded.
INFO - 2020-08-14 11:40:42 --> Controller "App\Controllers\Undangan" loaded.
INFO - 2020-08-14 11:40:42 --> Controller "App\Controllers\Beranda" loaded.
INFO - 2020-08-14 11:40:42 --> Controller "App\Controllers\Beranda" loaded.
INFO - 2020-08-14 11:40:42 --> Controller "App\Controllers\Beranda" loaded.
INFO - 2020-08-14 11:40:43 --> Controller "App\Controllers\Beranda" loaded.
INFO - 2020-08-14 11:40:43 --> Controller "App\Controllers\Beranda" loaded.
INFO - 2020-08-14 11:41:28 --> Controller "App\Controllers\Undangan" loaded.
INFO - 2020-08-14 11:41:28 --> Controller "App\Controllers\Beranda" loaded.
INFO - 2020-08-14 11:41:29 --> Controller "App\Controllers\Beranda" loaded.
INFO - 2020-08-14 11:41:29 --> Controller "App\Controllers\Beranda" loaded.
INFO - 2020-08-14 11:41:29 --> Controller "App\Controllers\Beranda" loaded.
INFO - 2020-08-14 11:41:29 --> Controller "App\Controllers\Beranda" loaded.
INFO - 2020-08-14 11:42:42 --> Controller "App\Controllers\Undangan" loaded.
INFO - 2020-08-14 11:42:43 --> Controller "App\Controllers\Beranda" loaded.
INFO - 2020-08-14 11:42:43 --> Controller "App\Controllers\Beranda" loaded.
INFO - 2020-08-14 11:42:43 --> Controller "App\Controllers\Beranda" loaded.
INFO - 2020-08-14 11:42:43 --> Controller "App\Controllers\Beranda" loaded.
INFO - 2020-08-14 11:42:44 --> Controller "App\Controllers\Beranda" loaded.
INFO - 2020-08-14 11:43:25 --> Controller "App\Controllers\Undangan" loaded.
INFO - 2020-08-14 11:43:25 --> Controller "App\Controllers\Beranda" loaded.
INFO - 2020-08-14 11:43:26 --> Controller "App\Controllers\Beranda" loaded.
INFO - 2020-08-14 11:43:26 --> Controller "App\Controllers\Beranda" loaded.
INFO - 2020-08-14 11:43:26 --> Controller "App\Controllers\Beranda" loaded.
INFO - 2020-08-14 11:43:26 --> Controller "App\Controllers\Beranda" loaded.
INFO - 2020-08-14 11:48:46 --> Controller "App\Controllers\Undangan" loaded.
INFO - 2020-08-14 11:48:46 --> Controller "App\Controllers\Beranda" loaded.
INFO - 2020-08-14 11:48:46 --> Controller "App\Controllers\Beranda" loaded.
INFO - 2020-08-14 11:48:47 --> Controller "App\Controllers\Beranda" loaded.
INFO - 2020-08-14 11:48:47 --> Controller "App\Controllers\Beranda" loaded.
INFO - 2020-08-14 11:48:47 --> Controller "App\Controllers\Beranda" loaded.
INFO - 2020-08-14 11:49:07 --> Controller "App\Controllers\Undangan" loaded.
INFO - 2020-08-14 11:49:07 --> Controller "App\Controllers\Beranda" loaded.
INFO - 2020-08-14 11:49:07 --> Controller "App\Controllers\Beranda" loaded.
INFO - 2020-08-14 11:49:08 --> Controller "App\Controllers\Beranda" loaded.
INFO - 2020-08-14 11:49:08 --> Controller "App\Controllers\Beranda" loaded.
INFO - 2020-08-14 11:49:08 --> Controller "App\Controllers\Beranda" loaded.
INFO - 2020-08-14 11:49:22 --> Controller "App\Controllers\Undangan" loaded.
INFO - 2020-08-14 11:49:23 --> Controller "App\Controllers\Beranda" loaded.
INFO - 2020-08-14 11:49:23 --> Controller "App\Controllers\Beranda" loaded.
INFO - 2020-08-14 11:49:23 --> Controller "App\Controllers\Beranda" loaded.
INFO - 2020-08-14 11:49:23 --> Controller "App\Controllers\Beranda" loaded.
INFO - 2020-08-14 11:49:24 --> Controller "App\Controllers\Beranda" loaded.
INFO - 2020-08-14 11:49:27 --> Controller "App\Controllers\Undangan" loaded.
INFO - 2020-08-14 11:49:28 --> Controller "App\Controllers\Beranda" loaded.
INFO - 2020-08-14 11:49:28 --> Controller "App\Controllers\Beranda" loaded.
INFO - 2020-08-14 11:49:28 --> Controller "App\Controllers\Beranda" loaded.
INFO - 2020-08-14 11:49:28 --> Controller "App\Controllers\Beranda" loaded.
INFO - 2020-08-14 11:49:29 --> Controller "App\Controllers\Beranda" loaded.
INFO - 2020-08-14 11:50:48 --> Controller "App\Controllers\Undangan" loaded.
INFO - 2020-08-14 11:50:48 --> Controller "App\Controllers\Beranda" loaded.
INFO - 2020-08-14 11:50:49 --> Controller "App\Controllers\Beranda" loaded.
INFO - 2020-08-14 11:50:49 --> Controller "App\Controllers\Beranda" loaded.
INFO - 2020-08-14 11:50:49 --> Controller "App\Controllers\Beranda" loaded.
INFO - 2020-08-14 11:50:49 --> Controller "App\Controllers\Beranda" loaded.
INFO - 2020-08-14 11:50:56 --> Controller "App\Controllers\Undangan" loaded.
INFO - 2020-08-14 11:50:57 --> Controller "App\Controllers\Beranda" loaded.
INFO - 2020-08-14 11:50:57 --> Controller "App\Controllers\Beranda" loaded.
INFO - 2020-08-14 11:50:57 --> Controller "App\Controllers\Beranda" loaded.
INFO - 2020-08-14 11:50:57 --> Controller "App\Controllers\Beranda" loaded.
INFO - 2020-08-14 11:50:58 --> Controller "App\Controllers\Beranda" loaded.
INFO - 2020-08-14 11:54:23 --> Controller "App\Controllers\Undangan" loaded.
INFO - 2020-08-14 11:54:24 --> Controller "App\Controllers\Beranda" loaded.
INFO - 2020-08-14 11:54:24 --> Controller "App\Controllers\Beranda" loaded.
INFO - 2020-08-14 11:54:24 --> Controller "App\Controllers\Beranda" loaded.
INFO - 2020-08-14 11:54:24 --> Controller "App\Controllers\Beranda" loaded.
INFO - 2020-08-14 11:54:24 --> Controller "App\Controllers\Beranda" loaded.
INFO - 2020-08-14 11:54:58 --> Controller "App\Controllers\Undangan" loaded.
INFO - 2020-08-14 11:54:58 --> Controller "App\Controllers\Beranda" loaded.
INFO - 2020-08-14 11:54:58 --> Controller "App\Controllers\Beranda" loaded.
INFO - 2020-08-14 11:54:59 --> Controller "App\Controllers\Beranda" loaded.
INFO - 2020-08-14 11:54:59 --> Controller "App\Controllers\Beranda" loaded.
INFO - 2020-08-14 11:54:59 --> Controller "App\Controllers\Beranda" loaded.
INFO - 2020-08-14 11:55:15 --> Controller "App\Controllers\Undangan" loaded.
INFO - 2020-08-14 11:55:15 --> Controller "App\Controllers\Beranda" loaded.
INFO - 2020-08-14 11:55:16 --> Controller "App\Controllers\Beranda" loaded.
INFO - 2020-08-14 11:55:16 --> Controller "App\Controllers\Beranda" loaded.
INFO - 2020-08-14 11:55:16 --> Controller "App\Controllers\Beranda" loaded.
INFO - 2020-08-14 11:55:17 --> Controller "App\Controllers\Beranda" loaded.
INFO - 2020-08-14 11:55:26 --> Controller "App\Controllers\Undangan" loaded.
INFO - 2020-08-14 11:55:27 --> Controller "App\Controllers\Beranda" loaded.
INFO - 2020-08-14 11:55:27 --> Controller "App\Controllers\Beranda" loaded.
INFO - 2020-08-14 11:55:27 --> Controller "App\Controllers\Beranda" loaded.
INFO - 2020-08-14 11:55:27 --> Controller "App\Controllers\Beranda" loaded.
INFO - 2020-08-14 11:55:28 --> Controller "App\Controllers\Beranda" loaded.
INFO - 2020-08-14 11:55:45 --> Controller "App\Controllers\Undangan" loaded.
INFO - 2020-08-14 11:55:46 --> Controller "App\Controllers\Beranda" loaded.
INFO - 2020-08-14 11:55:46 --> Controller "App\Controllers\Beranda" loaded.
INFO - 2020-08-14 11:55:46 --> Controller "App\Controllers\Beranda" loaded.
INFO - 2020-08-14 11:55:46 --> Controller "App\Controllers\Beranda" loaded.
INFO - 2020-08-14 11:55:47 --> Controller "App\Controllers\Beranda" loaded.
INFO - 2020-08-14 11:55:56 --> Controller "App\Controllers\Undangan" loaded.
INFO - 2020-08-14 11:55:56 --> Controller "App\Controllers\Beranda" loaded.
INFO - 2020-08-14 11:55:56 --> Controller "App\Controllers\Beranda" loaded.
INFO - 2020-08-14 11:55:57 --> Controller "App\Controllers\Beranda" loaded.
INFO - 2020-08-14 11:55:57 --> Controller "App\Controllers\Beranda" loaded.
INFO - 2020-08-14 11:55:57 --> Controller "App\Controllers\Beranda" loaded.
INFO - 2020-08-14 11:56:16 --> Controller "App\Controllers\Undangan" loaded.
INFO - 2020-08-14 11:56:16 --> Controller "App\Controllers\Beranda" loaded.
INFO - 2020-08-14 11:56:17 --> Controller "App\Controllers\Beranda" loaded.
INFO - 2020-08-14 11:56:17 --> Controller "App\Controllers\Beranda" loaded.
INFO - 2020-08-14 11:56:17 --> Controller "App\Controllers\Beranda" loaded.
INFO - 2020-08-14 11:56:17 --> Controller "App\Controllers\Beranda" loaded.
INFO - 2020-08-14 11:56:37 --> Controller "App\Controllers\Undangan" loaded.
INFO - 2020-08-14 11:56:38 --> Controller "App\Controllers\Beranda" loaded.
INFO - 2020-08-14 11:56:38 --> Controller "App\Controllers\Beranda" loaded.
INFO - 2020-08-14 11:56:38 --> Controller "App\Controllers\Beranda" loaded.
INFO - 2020-08-14 11:56:38 --> Controller "App\Controllers\Beranda" loaded.
INFO - 2020-08-14 11:56:39 --> Controller "App\Controllers\Beranda" loaded.
INFO - 2020-08-14 11:56:46 --> Controller "App\Controllers\Undangan" loaded.
INFO - 2020-08-14 11:56:46 --> Controller "App\Controllers\Beranda" loaded.
INFO - 2020-08-14 11:56:47 --> Controller "App\Controllers\Beranda" loaded.
INFO - 2020-08-14 11:56:47 --> Controller "App\Controllers\Beranda" loaded.
INFO - 2020-08-14 11:56:47 --> Controller "App\Controllers\Beranda" loaded.
INFO - 2020-08-14 11:56:47 --> Controller "App\Controllers\Beranda" loaded.
INFO - 2020-08-14 11:57:01 --> Controller "App\Controllers\Undangan" loaded.
INFO - 2020-08-14 11:57:01 --> Controller "App\Controllers\Beranda" loaded.
INFO - 2020-08-14 11:57:02 --> Controller "App\Controllers\Beranda" loaded.
INFO - 2020-08-14 11:57:02 --> Controller "App\Controllers\Beranda" loaded.
INFO - 2020-08-14 11:57:02 --> Controller "App\Controllers\Beranda" loaded.
INFO - 2020-08-14 11:57:03 --> Controller "App\Controllers\Beranda" loaded.
INFO - 2020-08-14 11:57:15 --> Controller "App\Controllers\Undangan" loaded.
INFO - 2020-08-14 11:57:15 --> Controller "App\Controllers\Beranda" loaded.
INFO - 2020-08-14 11:57:16 --> Controller "App\Controllers\Beranda" loaded.
INFO - 2020-08-14 11:57:16 --> Controller "App\Controllers\Beranda" loaded.
INFO - 2020-08-14 11:57:16 --> Controller "App\Controllers\Beranda" loaded.
INFO - 2020-08-14 11:57:16 --> Controller "App\Controllers\Beranda" loaded.
INFO - 2020-08-14 11:57:24 --> Controller "App\Controllers\Undangan" loaded.
INFO - 2020-08-14 11:57:25 --> Controller "App\Controllers\Beranda" loaded.
INFO - 2020-08-14 11:57:25 --> Controller "App\Controllers\Beranda" loaded.
INFO - 2020-08-14 11:57:25 --> Controller "App\Controllers\Beranda" loaded.
INFO - 2020-08-14 11:57:25 --> Controller "App\Controllers\Beranda" loaded.
INFO - 2020-08-14 11:57:25 --> Controller "App\Controllers\Beranda" loaded.
INFO - 2020-08-14 11:57:44 --> Controller "App\Controllers\Undangan" loaded.
INFO - 2020-08-14 11:57:44 --> Controller "App\Controllers\Beranda" loaded.
INFO - 2020-08-14 11:57:44 --> Controller "App\Controllers\Beranda" loaded.
INFO - 2020-08-14 11:57:45 --> Controller "App\Controllers\Beranda" loaded.
INFO - 2020-08-14 11:57:45 --> Controller "App\Controllers\Beranda" loaded.
INFO - 2020-08-14 11:57:45 --> Controller "App\Controllers\Beranda" loaded.
INFO - 2020-08-14 12:00:40 --> Controller "App\Controllers\Undangan" loaded.
INFO - 2020-08-14 12:00:40 --> Controller "App\Controllers\Beranda" loaded.
INFO - 2020-08-14 12:00:41 --> Controller "App\Controllers\Beranda" loaded.
INFO - 2020-08-14 12:00:41 --> Controller "App\Controllers\Beranda" loaded.
INFO - 2020-08-14 12:00:41 --> Controller "App\Controllers\Beranda" loaded.
INFO - 2020-08-14 12:00:41 --> Controller "App\Controllers\Beranda" loaded.
INFO - 2020-08-14 12:00:47 --> Controller "App\Controllers\Undangan" loaded.
INFO - 2020-08-14 12:00:48 --> Controller "App\Controllers\Beranda" loaded.
INFO - 2020-08-14 12:00:48 --> Controller "App\Controllers\Beranda" loaded.
INFO - 2020-08-14 12:00:48 --> Controller "App\Controllers\Beranda" loaded.
INFO - 2020-08-14 12:00:48 --> Controller "App\Controllers\Beranda" loaded.
INFO - 2020-08-14 12:00:49 --> Controller "App\Controllers\Beranda" loaded.
INFO - 2020-08-14 12:01:01 --> Controller "App\Controllers\Undangan" loaded.
INFO - 2020-08-14 12:01:02 --> Controller "App\Controllers\Beranda" loaded.
INFO - 2020-08-14 12:01:02 --> Controller "App\Controllers\Beranda" loaded.
INFO - 2020-08-14 12:01:02 --> Controller "App\Controllers\Beranda" loaded.
INFO - 2020-08-14 12:01:02 --> Controller "App\Controllers\Beranda" loaded.
INFO - 2020-08-14 12:01:03 --> Controller "App\Controllers\Beranda" loaded.
INFO - 2020-08-14 12:02:28 --> Controller "App\Controllers\Undangan" loaded.
INFO - 2020-08-14 12:02:29 --> Controller "App\Controllers\Beranda" loaded.
INFO - 2020-08-14 12:02:29 --> Controller "App\Controllers\Beranda" loaded.
INFO - 2020-08-14 12:02:29 --> Controller "App\Controllers\Beranda" loaded.
INFO - 2020-08-14 12:02:29 --> Controller "App\Controllers\Beranda" loaded.
INFO - 2020-08-14 12:02:30 --> Controller "App\Controllers\Beranda" loaded.
INFO - 2020-08-14 12:02:42 --> Controller "App\Controllers\Undangan" loaded.
INFO - 2020-08-14 12:02:43 --> Controller "App\Controllers\Beranda" loaded.
INFO - 2020-08-14 12:02:43 --> Controller "App\Controllers\Beranda" loaded.
INFO - 2020-08-14 12:02:43 --> Controller "App\Controllers\Beranda" loaded.
INFO - 2020-08-14 12:02:43 --> Controller "App\Controllers\Beranda" loaded.
INFO - 2020-08-14 12:02:43 --> Controller "App\Controllers\Beranda" loaded.
INFO - 2020-08-14 12:03:37 --> Controller "App\Controllers\Undangan" loaded.
INFO - 2020-08-14 12:03:37 --> Controller "App\Controllers\Beranda" loaded.
INFO - 2020-08-14 12:03:37 --> Controller "App\Controllers\Beranda" loaded.
INFO - 2020-08-14 12:03:38 --> Controller "App\Controllers\Beranda" loaded.
INFO - 2020-08-14 12:03:38 --> Controller "App\Controllers\Beranda" loaded.
INFO - 2020-08-14 12:03:38 --> Controller "App\Controllers\Beranda" loaded.
INFO - 2020-08-14 12:05:29 --> Controller "App\Controllers\Undangan" loaded.
INFO - 2020-08-14 12:05:30 --> Controller "App\Controllers\Beranda" loaded.
INFO - 2020-08-14 12:05:30 --> Controller "App\Controllers\Beranda" loaded.
INFO - 2020-08-14 12:05:30 --> Controller "App\Controllers\Beranda" loaded.
INFO - 2020-08-14 12:05:31 --> Controller "App\Controllers\Beranda" loaded.
INFO - 2020-08-14 12:05:53 --> Controller "App\Controllers\Undangan" loaded.
INFO - 2020-08-14 12:05:54 --> Controller "App\Controllers\Beranda" loaded.
INFO - 2020-08-14 12:05:54 --> Controller "App\Controllers\Beranda" loaded.
INFO - 2020-08-14 12:05:55 --> Controller "App\Controllers\Beranda" loaded.
INFO - 2020-08-14 12:06:42 --> Controller "App\Controllers\Undangan" loaded.
INFO - 2020-08-14 12:06:43 --> Controller "App\Controllers\Beranda" loaded.
INFO - 2020-08-14 12:06:43 --> Controller "App\Controllers\Beranda" loaded.
INFO - 2020-08-14 12:06:44 --> Controller "App\Controllers\Beranda" loaded.
INFO - 2020-08-14 12:07:03 --> Controller "App\Controllers\Undangan" loaded.
INFO - 2020-08-14 12:07:04 --> Controller "App\Controllers\Beranda" loaded.
INFO - 2020-08-14 12:07:04 --> Controller "App\Controllers\Beranda" loaded.
INFO - 2020-08-14 12:07:04 --> Controller "App\Controllers\Beranda" loaded.
INFO - 2020-08-14 12:07:16 --> Controller "App\Controllers\Undangan" loaded.
INFO - 2020-08-14 12:07:17 --> Controller "App\Controllers\Beranda" loaded.
INFO - 2020-08-14 12:07:17 --> Controller "App\Controllers\Beranda" loaded.
INFO - 2020-08-14 12:07:17 --> Controller "App\Controllers\Beranda" loaded.
INFO - 2020-08-14 12:10:16 --> Controller "App\Controllers\Undangan" loaded.
INFO - 2020-08-14 12:10:17 --> Controller "App\Controllers\Beranda" loaded.
INFO - 2020-08-14 12:10:17 --> Controller "App\Controllers\Beranda" loaded.
INFO - 2020-08-14 12:10:18 --> Controller "App\Controllers\Beranda" loaded.
INFO - 2020-08-14 12:10:52 --> Controller "App\Controllers\Undangan" loaded.
INFO - 2020-08-14 12:10:53 --> Controller "App\Controllers\Beranda" loaded.
INFO - 2020-08-14 12:10:53 --> Controller "App\Controllers\Beranda" loaded.
INFO - 2020-08-14 12:10:53 --> Controller "App\Controllers\Beranda" loaded.
INFO - 2020-08-14 12:11:17 --> Controller "App\Controllers\Undangan" loaded.
INFO - 2020-08-14 12:11:18 --> Controller "App\Controllers\Beranda" loaded.
INFO - 2020-08-14 12:11:18 --> Controller "App\Controllers\Beranda" loaded.
INFO - 2020-08-14 12:11:19 --> Controller "App\Controllers\Beranda" loaded.
INFO - 2020-08-14 12:11:38 --> Controller "App\Controllers\Undangan" loaded.
INFO - 2020-08-14 12:11:38 --> Controller "App\Controllers\Beranda" loaded.
INFO - 2020-08-14 12:11:39 --> Controller "App\Controllers\Beranda" loaded.
INFO - 2020-08-14 12:11:39 --> Controller "App\Controllers\Beranda" loaded.
INFO - 2020-08-14 12:11:39 --> Controller "App\Controllers\Beranda" loaded.
INFO - 2020-08-14 12:12:36 --> Controller "App\Controllers\Undangan" loaded.
INFO - 2020-08-14 12:12:37 --> Controller "App\Controllers\Beranda" loaded.
INFO - 2020-08-14 12:12:37 --> Controller "App\Controllers\Beranda" loaded.
INFO - 2020-08-14 12:12:38 --> Controller "App\Controllers\Beranda" loaded.
INFO - 2020-08-14 12:13:24 --> Controller "App\Controllers\Undangan" loaded.
INFO - 2020-08-14 12:13:25 --> Controller "App\Controllers\Beranda" loaded.
INFO - 2020-08-14 12:13:25 --> Controller "App\Controllers\Beranda" loaded.
INFO - 2020-08-14 12:13:25 --> Controller "App\Controllers\Beranda" loaded.
INFO - 2020-08-14 12:14:08 --> Controller "App\Controllers\Undangan" loaded.
INFO - 2020-08-14 12:14:09 --> Controller "App\Controllers\Beranda" loaded.
INFO - 2020-08-14 12:14:09 --> Controller "App\Controllers\Beranda" loaded.
INFO - 2020-08-14 12:14:09 --> Controller "App\Controllers\Beranda" loaded.
INFO - 2020-08-14 12:14:49 --> Controller "App\Controllers\Undangan" loaded.
INFO - 2020-08-14 12:14:50 --> Controller "App\Controllers\Beranda" loaded.
INFO - 2020-08-14 12:14:50 --> Controller "App\Controllers\Beranda" loaded.
INFO - 2020-08-14 12:14:50 --> Controller "App\Controllers\Beranda" loaded.
INFO - 2020-08-14 12:15:43 --> Controller "App\Controllers\Undangan" loaded.
INFO - 2020-08-14 12:15:44 --> Controller "App\Controllers\Beranda" loaded.
INFO - 2020-08-14 12:15:44 --> Controller "App\Controllers\Beranda" loaded.
INFO - 2020-08-14 12:15:45 --> Controller "App\Controllers\Beranda" loaded.
INFO - 2020-08-14 12:21:13 --> Controller "App\Controllers\Undangan" loaded.
INFO - 2020-08-14 12:21:15 --> Controller "App\Controllers\Beranda" loaded.
INFO - 2020-08-14 12:21:15 --> Controller "App\Controllers\Beranda" loaded.
INFO - 2020-08-14 12:21:15 --> Controller "App\Controllers\Beranda" loaded.
INFO - 2020-08-14 12:22:28 --> Controller "App\Controllers\Undangan" loaded.
INFO - 2020-08-14 12:22:29 --> Controller "App\Controllers\Beranda" loaded.
INFO - 2020-08-14 12:22:29 --> Controller "App\Controllers\Beranda" loaded.
INFO - 2020-08-14 12:22:29 --> Controller "App\Controllers\Beranda" loaded.
INFO - 2020-08-14 12:22:43 --> Controller "App\Controllers\Undangan" loaded.
INFO - 2020-08-14 12:22:44 --> Controller "App\Controllers\Beranda" loaded.
INFO - 2020-08-14 12:22:44 --> Controller "App\Controllers\Beranda" loaded.
INFO - 2020-08-14 12:22:45 --> Controller "App\Controllers\Beranda" loaded.
INFO - 2020-08-14 12:25:10 --> Controller "App\Controllers\Undangan" loaded.
INFO - 2020-08-14 12:25:11 --> Controller "App\Controllers\Beranda" loaded.
INFO - 2020-08-14 12:25:11 --> Controller "App\Controllers\Beranda" loaded.
INFO - 2020-08-14 12:25:11 --> Controller "App\Controllers\Beranda" loaded.
INFO - 2020-08-14 12:28:05 --> Controller "App\Controllers\Undangan" loaded.
INFO - 2020-08-14 12:28:06 --> Controller "App\Controllers\Beranda" loaded.
INFO - 2020-08-14 12:28:06 --> Controller "App\Controllers\Beranda" loaded.
INFO - 2020-08-14 12:28:06 --> Controller "App\Controllers\Beranda" loaded.
INFO - 2020-08-14 12:28:18 --> Controller "App\Controllers\Undangan" loaded.
INFO - 2020-08-14 12:28:19 --> Controller "App\Controllers\Beranda" loaded.
INFO - 2020-08-14 12:28:19 --> Controller "App\Controllers\Beranda" loaded.
INFO - 2020-08-14 12:28:19 --> Controller "App\Controllers\Beranda" loaded.
INFO - 2020-08-14 12:28:31 --> Controller "App\Controllers\Undangan" loaded.
INFO - 2020-08-14 12:28:32 --> Controller "App\Controllers\Beranda" loaded.
INFO - 2020-08-14 12:28:32 --> Controller "App\Controllers\Beranda" loaded.
INFO - 2020-08-14 12:28:33 --> Controller "App\Controllers\Beranda" loaded.
INFO - 2020-08-14 12:29:37 --> Controller "App\Controllers\Undangan" loaded.
INFO - 2020-08-14 12:29:38 --> Controller "App\Controllers\Beranda" loaded.
INFO - 2020-08-14 12:29:38 --> Controller "App\Controllers\Beranda" loaded.
INFO - 2020-08-14 12:29:38 --> Controller "App\Controllers\Beranda" loaded.
INFO - 2020-08-14 12:40:51 --> Controller "App\Controllers\Undangan" loaded.
INFO - 2020-08-14 12:40:52 --> Controller "App\Controllers\Beranda" loaded.
INFO - 2020-08-14 12:40:52 --> Controller "App\Controllers\Beranda" loaded.
INFO - 2020-08-14 12:40:52 --> Controller "App\Controllers\Beranda" loaded.
INFO - 2020-08-14 12:54:55 --> Controller "App\Controllers\Beranda" loaded.
INFO - 2020-08-14 12:55:02 --> Controller "App\Controllers\Beranda" loaded.
INFO - 2020-08-14 12:55:10 --> Controller "App\Controllers\Undangan" loaded.
INFO - 2020-08-14 12:55:45 --> Controller "App\Controllers\Beranda" loaded.
INFO - 2020-08-14 12:55:45 --> Controller "App\Controllers\Beranda" loaded.
INFO - 2020-08-14 12:55:45 --> Controller "App\Controllers\Beranda" loaded.
INFO - 2020-08-14 12:56:05 --> Controller "App\Controllers\Beranda" loaded.
INFO - 2020-08-14 12:58:05 --> Controller "App\Controllers\Undangan" loaded.
INFO - 2020-08-14 12:59:54 --> Controller "App\Controllers\Undangan" loaded.
INFO - 2020-08-14 13:02:42 --> Controller "App\Controllers\Undangan" loaded.
INFO - 2020-08-14 13:03:35 --> Controller "App\Controllers\Undangan" loaded.
INFO - 2020-08-14 13:05:09 --> Controller "App\Controllers\Undangan" loaded.
INFO - 2020-08-14 13:46:23 --> Controller "App\Controllers\Undangan" loaded.
