CRITICAL - 2020-04-09 05:33:46 --> Class 'App\Controllers\OrderModel' not found
#0 /var/www/html/akadku/home/system/CodeIgniter.php(882): App\Controllers\Order->__construct()
#1 /var/www/html/akadku/home/system/CodeIgniter.php(393): CodeIgniter\CodeIgniter->createController()
#2 /var/www/html/akadku/home/system/CodeIgniter.php(306): CodeIgniter\CodeIgniter->handleRequest(NULL, Object(Config\Cache), false)
#3 /var/www/html/akadku/home/index.php(45): CodeIgniter\CodeIgniter->run()
#4 {main}
CRITICAL - 2020-04-09 05:34:07 --> Class 'App\Controllers\OrderModel' not found
#0 /var/www/html/akadku/home/system/CodeIgniter.php(882): App\Controllers\Order->__construct()
#1 /var/www/html/akadku/home/system/CodeIgniter.php(393): CodeIgniter\CodeIgniter->createController()
#2 /var/www/html/akadku/home/system/CodeIgniter.php(306): CodeIgniter\CodeIgniter->handleRequest(NULL, Object(Config\Cache), false)
#3 /var/www/html/akadku/home/index.php(45): CodeIgniter\CodeIgniter->run()
#4 {main}
CRITICAL - 2020-04-09 05:34:08 --> Class 'App\Controllers\OrderModel' not found
#0 /var/www/html/akadku/home/system/CodeIgniter.php(882): App\Controllers\Order->__construct()
#1 /var/www/html/akadku/home/system/CodeIgniter.php(393): CodeIgniter\CodeIgniter->createController()
#2 /var/www/html/akadku/home/system/CodeIgniter.php(306): CodeIgniter\CodeIgniter->handleRequest(NULL, Object(Config\Cache), false)
#3 /var/www/html/akadku/home/index.php(45): CodeIgniter\CodeIgniter->run()
#4 {main}
CRITICAL - 2020-04-09 05:34:23 --> Class 'App\Controllers\OrderModel' not found
#0 /var/www/html/akadku/home/system/CodeIgniter.php(882): App\Controllers\Order->__construct()
#1 /var/www/html/akadku/home/system/CodeIgniter.php(393): CodeIgniter\CodeIgniter->createController()
#2 /var/www/html/akadku/home/system/CodeIgniter.php(306): CodeIgniter\CodeIgniter->handleRequest(NULL, Object(Config\Cache), false)
#3 /var/www/html/akadku/home/index.php(45): CodeIgniter\CodeIgniter->run()
#4 {main}
CRITICAL - 2020-04-09 05:34:23 --> Class 'App\Controllers\OrderModel' not found
#0 /var/www/html/akadku/home/system/CodeIgniter.php(882): App\Controllers\Order->__construct()
#1 /var/www/html/akadku/home/system/CodeIgniter.php(393): CodeIgniter\CodeIgniter->createController()
#2 /var/www/html/akadku/home/system/CodeIgniter.php(306): CodeIgniter\CodeIgniter->handleRequest(NULL, Object(Config\Cache), false)
#3 /var/www/html/akadku/home/index.php(45): CodeIgniter\CodeIgniter->run()
#4 {main}
CRITICAL - 2020-04-09 05:35:03 --> Class 'App\Controllers\OrderModel' not found
#0 /var/www/html/akadku/home/system/CodeIgniter.php(882): App\Controllers\Order->__construct()
#1 /var/www/html/akadku/home/system/CodeIgniter.php(393): CodeIgniter\CodeIgniter->createController()
#2 /var/www/html/akadku/home/system/CodeIgniter.php(306): CodeIgniter\CodeIgniter->handleRequest(NULL, Object(Config\Cache), false)
#3 /var/www/html/akadku/home/index.php(45): CodeIgniter\CodeIgniter->run()
#4 {main}
CRITICAL - 2020-04-09 05:35:09 --> Class 'App\Controllers\OrderModel' not found
#0 /var/www/html/akadku/home/system/CodeIgniter.php(882): App\Controllers\Order->__construct()
#1 /var/www/html/akadku/home/system/CodeIgniter.php(393): CodeIgniter\CodeIgniter->createController()
#2 /var/www/html/akadku/home/system/CodeIgniter.php(306): CodeIgniter\CodeIgniter->handleRequest(NULL, Object(Config\Cache), false)
#3 /var/www/html/akadku/home/index.php(45): CodeIgniter\CodeIgniter->run()
#4 {main}
CRITICAL - 2020-04-09 05:35:10 --> Class 'App\Controllers\OrderModel' not found
#0 /var/www/html/akadku/home/system/CodeIgniter.php(882): App\Controllers\Order->__construct()
#1 /var/www/html/akadku/home/system/CodeIgniter.php(393): CodeIgniter\CodeIgniter->createController()
#2 /var/www/html/akadku/home/system/CodeIgniter.php(306): CodeIgniter\CodeIgniter->handleRequest(NULL, Object(Config\Cache), false)
#3 /var/www/html/akadku/home/index.php(45): CodeIgniter\CodeIgniter->run()
#4 {main}
INFO - 2020-04-09 05:35:30 --> Session: Class initialized using 'CodeIgniter\Session\Handlers\FileHandler' driver.
INFO - 2020-04-09 05:35:30 --> Controller "App\Controllers\Order" loaded.
CRITICAL - 2020-04-09 05:35:37 --> Cannot call constructor
#0 /var/www/html/akadku/home/system/CodeIgniter.php(882): App\Controllers\Order->__construct()
#1 /var/www/html/akadku/home/system/CodeIgniter.php(393): CodeIgniter\CodeIgniter->createController()
#2 /var/www/html/akadku/home/system/CodeIgniter.php(306): CodeIgniter\CodeIgniter->handleRequest(NULL, Object(Config\Cache), false)
#3 /var/www/html/akadku/home/index.php(45): CodeIgniter\CodeIgniter->run()
#4 {main}
CRITICAL - 2020-04-09 05:36:25 --> Cannot call constructor
#0 /var/www/html/akadku/home/system/CodeIgniter.php(882): App\Controllers\Order->__construct()
#1 /var/www/html/akadku/home/system/CodeIgniter.php(393): CodeIgniter\CodeIgniter->createController()
#2 /var/www/html/akadku/home/system/CodeIgniter.php(306): CodeIgniter\CodeIgniter->handleRequest(NULL, Object(Config\Cache), false)
#3 /var/www/html/akadku/home/index.php(45): CodeIgniter\CodeIgniter->run()
#4 {main}
CRITICAL - 2020-04-09 05:37:12 --> Cannot call constructor
#0 /var/www/html/akadku/home/system/CodeIgniter.php(882): App\Controllers\Order->__construct()
#1 /var/www/html/akadku/home/system/CodeIgniter.php(393): CodeIgniter\CodeIgniter->createController()
#2 /var/www/html/akadku/home/system/CodeIgniter.php(306): CodeIgniter\CodeIgniter->handleRequest(NULL, Object(Config\Cache), false)
#3 /var/www/html/akadku/home/index.php(45): CodeIgniter\CodeIgniter->run()
#4 {main}
CRITICAL - 2020-04-09 05:37:12 --> Cannot call constructor
#0 /var/www/html/akadku/home/system/CodeIgniter.php(882): App\Controllers\Order->__construct()
#1 /var/www/html/akadku/home/system/CodeIgniter.php(393): CodeIgniter\CodeIgniter->createController()
#2 /var/www/html/akadku/home/system/CodeIgniter.php(306): CodeIgniter\CodeIgniter->handleRequest(NULL, Object(Config\Cache), false)
#3 /var/www/html/akadku/home/index.php(45): CodeIgniter\CodeIgniter->run()
#4 {main}
CRITICAL - 2020-04-09 05:37:32 --> Cannot call constructor
#0 /var/www/html/akadku/home/system/CodeIgniter.php(882): App\Controllers\Order->__construct()
#1 /var/www/html/akadku/home/system/CodeIgniter.php(393): CodeIgniter\CodeIgniter->createController()
#2 /var/www/html/akadku/home/system/CodeIgniter.php(306): CodeIgniter\CodeIgniter->handleRequest(NULL, Object(Config\Cache), false)
#3 /var/www/html/akadku/home/index.php(45): CodeIgniter\CodeIgniter->run()
#4 {main}
CRITICAL - 2020-04-09 05:37:34 --> Cannot call constructor
#0 /var/www/html/akadku/home/system/CodeIgniter.php(882): App\Controllers\Order->__construct()
#1 /var/www/html/akadku/home/system/CodeIgniter.php(393): CodeIgniter\CodeIgniter->createController()
#2 /var/www/html/akadku/home/system/CodeIgniter.php(306): CodeIgniter\CodeIgniter->handleRequest(NULL, Object(Config\Cache), false)
#3 /var/www/html/akadku/home/index.php(45): CodeIgniter\CodeIgniter->run()
#4 {main}
INFO - 2020-04-09 05:37:38 --> Session: Class initialized using 'CodeIgniter\Session\Handlers\FileHandler' driver.
INFO - 2020-04-09 05:37:38 --> Controller "App\Controllers\Order" loaded.
CRITICAL - 2020-04-09 05:37:44 --> Class 'App\Controllers\OrderModel' not found
#0 /var/www/html/akadku/home/system/CodeIgniter.php(882): App\Controllers\Order->__construct()
#1 /var/www/html/akadku/home/system/CodeIgniter.php(393): CodeIgniter\CodeIgniter->createController()
#2 /var/www/html/akadku/home/system/CodeIgniter.php(306): CodeIgniter\CodeIgniter->handleRequest(NULL, Object(Config\Cache), false)
#3 /var/www/html/akadku/home/index.php(45): CodeIgniter\CodeIgniter->run()
#4 {main}
CRITICAL - 2020-04-09 05:38:30 --> Class 'App\Controllers\OrderModel' not found
#0 /var/www/html/akadku/home/system/CodeIgniter.php(882): App\Controllers\Order->__construct()
#1 /var/www/html/akadku/home/system/CodeIgniter.php(393): CodeIgniter\CodeIgniter->createController()
#2 /var/www/html/akadku/home/system/CodeIgniter.php(306): CodeIgniter\CodeIgniter->handleRequest(NULL, Object(Config\Cache), false)
#3 /var/www/html/akadku/home/index.php(45): CodeIgniter\CodeIgniter->run()
#4 {main}
CRITICAL - 2020-04-09 05:38:52 --> Cannot call constructor
#0 /var/www/html/akadku/home/system/CodeIgniter.php(882): App\Controllers\Order->__construct()
#1 /var/www/html/akadku/home/system/CodeIgniter.php(393): CodeIgniter\CodeIgniter->createController()
#2 /var/www/html/akadku/home/system/CodeIgniter.php(306): CodeIgniter\CodeIgniter->handleRequest(NULL, Object(Config\Cache), false)
#3 /var/www/html/akadku/home/index.php(45): CodeIgniter\CodeIgniter->run()
#4 {main}
CRITICAL - 2020-04-09 05:38:53 --> Cannot call constructor
#0 /var/www/html/akadku/home/system/CodeIgniter.php(882): App\Controllers\Order->__construct()
#1 /var/www/html/akadku/home/system/CodeIgniter.php(393): CodeIgniter\CodeIgniter->createController()
#2 /var/www/html/akadku/home/system/CodeIgniter.php(306): CodeIgniter\CodeIgniter->handleRequest(NULL, Object(Config\Cache), false)
#3 /var/www/html/akadku/home/index.php(45): CodeIgniter\CodeIgniter->run()
#4 {main}
INFO - 2020-04-09 05:38:57 --> Session: Class initialized using 'CodeIgniter\Session\Handlers\FileHandler' driver.
INFO - 2020-04-09 05:38:57 --> Controller "App\Controllers\Order" loaded.
INFO - 2020-04-09 06:44:23 --> Session: Class initialized using 'CodeIgniter\Session\Handlers\FileHandler' driver.
INFO - 2020-04-09 06:44:23 --> Controller "App\Controllers\Order" loaded.
INFO - 2020-04-09 06:44:26 --> Session: Class initialized using 'CodeIgniter\Session\Handlers\FileHandler' driver.
INFO - 2020-04-09 06:44:26 --> Controller "App\Controllers\Order" loaded.
INFO - 2020-04-09 06:44:26 --> Session: Class initialized using 'CodeIgniter\Session\Handlers\FileHandler' driver.
INFO - 2020-04-09 06:44:26 --> Controller "App\Controllers\Order" loaded.
INFO - 2020-04-09 06:44:40 --> Session: Class initialized using 'CodeIgniter\Session\Handlers\FileHandler' driver.
INFO - 2020-04-09 06:44:40 --> Controller "App\Controllers\Order" loaded.
INFO - 2020-04-09 06:44:43 --> Session: Class initialized using 'CodeIgniter\Session\Handlers\FileHandler' driver.
INFO - 2020-04-09 06:44:43 --> Controller "App\Controllers\Order" loaded.
INFO - 2020-04-09 06:44:44 --> Session: Class initialized using 'CodeIgniter\Session\Handlers\FileHandler' driver.
INFO - 2020-04-09 06:44:44 --> Controller "App\Controllers\Order" loaded.
INFO - 2020-04-09 06:44:44 --> Session: Class initialized using 'CodeIgniter\Session\Handlers\FileHandler' driver.
INFO - 2020-04-09 06:44:44 --> Controller "App\Controllers\Order" loaded.
CRITICAL - 2020-04-09 06:45:03 --> 'break' not in the 'loop' or 'switch' context
#0 [internal function]: CodeIgniter\Debug\Exceptions->shutdownHandler()
#1 {main}
INFO - 2020-04-09 06:45:08 --> Session: Class initialized using 'CodeIgniter\Session\Handlers\FileHandler' driver.
INFO - 2020-04-09 06:45:08 --> Controller "App\Controllers\Order" loaded.
INFO - 2020-04-09 06:46:11 --> Session: Class initialized using 'CodeIgniter\Session\Handlers\FileHandler' driver.
INFO - 2020-04-09 06:46:11 --> Controller "App\Controllers\Order" loaded.
INFO - 2020-04-09 06:46:18 --> Session: Class initialized using 'CodeIgniter\Session\Handlers\FileHandler' driver.
INFO - 2020-04-09 06:46:18 --> Controller "App\Controllers\Order" loaded.
INFO - 2020-04-09 06:46:19 --> Session: Class initialized using 'CodeIgniter\Session\Handlers\FileHandler' driver.
INFO - 2020-04-09 06:46:19 --> Controller "App\Controllers\Order" loaded.
INFO - 2020-04-09 06:46:19 --> Session: Class initialized using 'CodeIgniter\Session\Handlers\FileHandler' driver.
INFO - 2020-04-09 06:46:19 --> Controller "App\Controllers\Order" loaded.
INFO - 2020-04-09 06:47:54 --> Session: Class initialized using 'CodeIgniter\Session\Handlers\FileHandler' driver.
INFO - 2020-04-09 06:47:54 --> Controller "App\Controllers\Order" loaded.
INFO - 2020-04-09 06:48:01 --> Session: Class initialized using 'CodeIgniter\Session\Handlers\FileHandler' driver.
INFO - 2020-04-09 06:48:01 --> Controller "App\Controllers\Order" loaded.
INFO - 2020-04-09 06:48:01 --> Session: Class initialized using 'CodeIgniter\Session\Handlers\FileHandler' driver.
INFO - 2020-04-09 06:48:01 --> Controller "App\Controllers\Order" loaded.
INFO - 2020-04-09 06:48:01 --> Session: Class initialized using 'CodeIgniter\Session\Handlers\FileHandler' driver.
INFO - 2020-04-09 06:48:01 --> Controller "App\Controllers\Order" loaded.
INFO - 2020-04-09 06:49:11 --> Session: Class initialized using 'CodeIgniter\Session\Handlers\FileHandler' driver.
INFO - 2020-04-09 06:49:11 --> Controller "App\Controllers\Order" loaded.
INFO - 2020-04-09 06:49:11 --> Session: Class initialized using 'CodeIgniter\Session\Handlers\FileHandler' driver.
INFO - 2020-04-09 06:49:11 --> Controller "App\Controllers\Order" loaded.
INFO - 2020-04-09 06:49:11 --> Session: Class initialized using 'CodeIgniter\Session\Handlers\FileHandler' driver.
INFO - 2020-04-09 06:49:11 --> Controller "App\Controllers\Order" loaded.
INFO - 2020-04-09 06:49:22 --> Session: Class initialized using 'CodeIgniter\Session\Handlers\FileHandler' driver.
INFO - 2020-04-09 06:49:22 --> Controller "App\Controllers\Order" loaded.
INFO - 2020-04-09 06:49:30 --> Session: Class initialized using 'CodeIgniter\Session\Handlers\FileHandler' driver.
INFO - 2020-04-09 06:49:30 --> Controller "App\Controllers\Order" loaded.
INFO - 2020-04-09 06:49:30 --> Session: Class initialized using 'CodeIgniter\Session\Handlers\FileHandler' driver.
INFO - 2020-04-09 06:49:30 --> Controller "App\Controllers\Order" loaded.
INFO - 2020-04-09 06:49:30 --> Session: Class initialized using 'CodeIgniter\Session\Handlers\FileHandler' driver.
INFO - 2020-04-09 06:49:30 --> Controller "App\Controllers\Order" loaded.
INFO - 2020-04-09 06:49:46 --> Session: Class initialized using 'CodeIgniter\Session\Handlers\FileHandler' driver.
INFO - 2020-04-09 06:49:46 --> Controller "App\Controllers\Order" loaded.
INFO - 2020-04-09 06:49:56 --> Session: Class initialized using 'CodeIgniter\Session\Handlers\FileHandler' driver.
INFO - 2020-04-09 06:49:56 --> Controller "App\Controllers\Order" loaded.
INFO - 2020-04-09 06:49:56 --> Session: Class initialized using 'CodeIgniter\Session\Handlers\FileHandler' driver.
INFO - 2020-04-09 06:49:56 --> Controller "App\Controllers\Order" loaded.
INFO - 2020-04-09 06:49:56 --> Session: Class initialized using 'CodeIgniter\Session\Handlers\FileHandler' driver.
INFO - 2020-04-09 06:49:56 --> Controller "App\Controllers\Order" loaded.
INFO - 2020-04-09 06:50:00 --> Session: Class initialized using 'CodeIgniter\Session\Handlers\FileHandler' driver.
INFO - 2020-04-09 06:50:00 --> Controller "App\Controllers\Order" loaded.
INFO - 2020-04-09 06:52:39 --> Session: Class initialized using 'CodeIgniter\Session\Handlers\FileHandler' driver.
INFO - 2020-04-09 06:52:39 --> Controller "App\Controllers\Order" loaded.
INFO - 2020-04-09 06:52:39 --> Session: Class initialized using 'CodeIgniter\Session\Handlers\FileHandler' driver.
INFO - 2020-04-09 06:52:39 --> Controller "App\Controllers\Order" loaded.
INFO - 2020-04-09 06:52:39 --> Session: Class initialized using 'CodeIgniter\Session\Handlers\FileHandler' driver.
INFO - 2020-04-09 06:52:39 --> Controller "App\Controllers\Order" loaded.
INFO - 2020-04-09 06:52:46 --> Used the default controller.
INFO - 2020-04-09 06:52:46 --> Controller "App\Controllers\Beranda" loaded.
INFO - 2020-04-09 06:52:50 --> Session: Class initialized using 'CodeIgniter\Session\Handlers\FileHandler' driver.
INFO - 2020-04-09 06:52:50 --> Controller "App\Controllers\Order" loaded.
INFO - 2020-04-09 06:52:50 --> Session: Class initialized using 'CodeIgniter\Session\Handlers\FileHandler' driver.
INFO - 2020-04-09 06:52:50 --> Controller "App\Controllers\Order" loaded.
INFO - 2020-04-09 06:54:12 --> Session: Class initialized using 'CodeIgniter\Session\Handlers\FileHandler' driver.
INFO - 2020-04-09 06:54:12 --> Controller "App\Controllers\Order" loaded.
INFO - 2020-04-09 06:54:12 --> Session: Class initialized using 'CodeIgniter\Session\Handlers\FileHandler' driver.
INFO - 2020-04-09 06:54:12 --> Controller "App\Controllers\Order" loaded.
INFO - 2020-04-09 06:54:12 --> Session: Class initialized using 'CodeIgniter\Session\Handlers\FileHandler' driver.
INFO - 2020-04-09 06:54:12 --> Controller "App\Controllers\Order" loaded.
INFO - 2020-04-09 06:54:18 --> Session: Class initialized using 'CodeIgniter\Session\Handlers\FileHandler' driver.
INFO - 2020-04-09 06:54:18 --> Controller "App\Controllers\Order" loaded.
INFO - 2020-04-09 06:54:18 --> Session: Class initialized using 'CodeIgniter\Session\Handlers\FileHandler' driver.
INFO - 2020-04-09 06:54:18 --> Controller "App\Controllers\Order" loaded.
INFO - 2020-04-09 06:54:45 --> Session: Class initialized using 'CodeIgniter\Session\Handlers\FileHandler' driver.
INFO - 2020-04-09 06:54:45 --> Controller "App\Controllers\Order" loaded.
INFO - 2020-04-09 06:55:01 --> Session: Class initialized using 'CodeIgniter\Session\Handlers\FileHandler' driver.
INFO - 2020-04-09 06:55:01 --> Controller "App\Controllers\Order" loaded.
INFO - 2020-04-09 06:55:43 --> Session: Class initialized using 'CodeIgniter\Session\Handlers\FileHandler' driver.
INFO - 2020-04-09 06:55:43 --> Controller "App\Controllers\Order" loaded.
INFO - 2020-04-09 06:55:49 --> Session: Class initialized using 'CodeIgniter\Session\Handlers\FileHandler' driver.
INFO - 2020-04-09 06:55:49 --> Controller "App\Controllers\Order" loaded.
INFO - 2020-04-09 06:56:13 --> Session: Class initialized using 'CodeIgniter\Session\Handlers\FileHandler' driver.
INFO - 2020-04-09 06:56:13 --> Controller "App\Controllers\Order" loaded.
INFO - 2020-04-09 06:56:15 --> Session: Class initialized using 'CodeIgniter\Session\Handlers\FileHandler' driver.
INFO - 2020-04-09 06:56:15 --> Controller "App\Controllers\Order" loaded.
INFO - 2020-04-09 06:56:15 --> Session: Class initialized using 'CodeIgniter\Session\Handlers\FileHandler' driver.
INFO - 2020-04-09 06:56:15 --> Controller "App\Controllers\Order" loaded.
INFO - 2020-04-09 06:56:33 --> Session: Class initialized using 'CodeIgniter\Session\Handlers\FileHandler' driver.
INFO - 2020-04-09 06:56:33 --> Controller "App\Controllers\Order" loaded.
INFO - 2020-04-09 06:56:37 --> Session: Class initialized using 'CodeIgniter\Session\Handlers\FileHandler' driver.
INFO - 2020-04-09 06:56:37 --> Controller "App\Controllers\Order" loaded.
INFO - 2020-04-09 06:56:38 --> Session: Class initialized using 'CodeIgniter\Session\Handlers\FileHandler' driver.
INFO - 2020-04-09 06:56:38 --> Controller "App\Controllers\Order" loaded.
INFO - 2020-04-09 06:56:38 --> Session: Class initialized using 'CodeIgniter\Session\Handlers\FileHandler' driver.
INFO - 2020-04-09 06:56:38 --> Controller "App\Controllers\Order" loaded.
INFO - 2020-04-09 06:57:10 --> Session: Class initialized using 'CodeIgniter\Session\Handlers\FileHandler' driver.
INFO - 2020-04-09 06:57:10 --> Controller "App\Controllers\Order" loaded.
INFO - 2020-04-09 06:57:18 --> Session: Class initialized using 'CodeIgniter\Session\Handlers\FileHandler' driver.
INFO - 2020-04-09 06:57:18 --> Controller "App\Controllers\Order" loaded.
INFO - 2020-04-09 06:57:20 --> Session: Class initialized using 'CodeIgniter\Session\Handlers\FileHandler' driver.
INFO - 2020-04-09 06:57:20 --> Controller "App\Controllers\Order" loaded.
INFO - 2020-04-09 06:57:20 --> Session: Class initialized using 'CodeIgniter\Session\Handlers\FileHandler' driver.
INFO - 2020-04-09 06:57:20 --> Controller "App\Controllers\Order" loaded.
INFO - 2020-04-09 06:58:27 --> Session: Class initialized using 'CodeIgniter\Session\Handlers\FileHandler' driver.
INFO - 2020-04-09 06:58:27 --> Controller "App\Controllers\Order" loaded.
INFO - 2020-04-09 06:58:31 --> Session: Class initialized using 'CodeIgniter\Session\Handlers\FileHandler' driver.
INFO - 2020-04-09 06:58:31 --> Controller "App\Controllers\Order" loaded.
INFO - 2020-04-09 06:58:31 --> Session: Class initialized using 'CodeIgniter\Session\Handlers\FileHandler' driver.
INFO - 2020-04-09 06:58:31 --> Controller "App\Controllers\Order" loaded.
INFO - 2020-04-09 06:59:16 --> Session: Class initialized using 'CodeIgniter\Session\Handlers\FileHandler' driver.
INFO - 2020-04-09 06:59:16 --> Controller "App\Controllers\Order" loaded.
INFO - 2020-04-09 06:59:16 --> Session: Class initialized using 'CodeIgniter\Session\Handlers\FileHandler' driver.
INFO - 2020-04-09 06:59:16 --> Controller "App\Controllers\Order" loaded.
INFO - 2020-04-09 06:59:21 --> Session: Class initialized using 'CodeIgniter\Session\Handlers\FileHandler' driver.
INFO - 2020-04-09 06:59:21 --> Controller "App\Controllers\Order" loaded.
INFO - 2020-04-09 06:59:24 --> Session: Class initialized using 'CodeIgniter\Session\Handlers\FileHandler' driver.
INFO - 2020-04-09 06:59:24 --> Controller "App\Controllers\Order" loaded.
INFO - 2020-04-09 06:59:24 --> Session: Class initialized using 'CodeIgniter\Session\Handlers\FileHandler' driver.
INFO - 2020-04-09 06:59:24 --> Controller "App\Controllers\Order" loaded.
INFO - 2020-04-09 07:00:29 --> Session: Class initialized using 'CodeIgniter\Session\Handlers\FileHandler' driver.
INFO - 2020-04-09 07:00:29 --> Controller "App\Controllers\Order" loaded.
INFO - 2020-04-09 07:00:33 --> Session: Class initialized using 'CodeIgniter\Session\Handlers\FileHandler' driver.
INFO - 2020-04-09 07:00:33 --> Controller "App\Controllers\Order" loaded.
INFO - 2020-04-09 07:00:56 --> Session: Class initialized using 'CodeIgniter\Session\Handlers\FileHandler' driver.
INFO - 2020-04-09 07:00:56 --> Controller "App\Controllers\Order" loaded.
INFO - 2020-04-09 07:00:57 --> Session: Class initialized using 'CodeIgniter\Session\Handlers\FileHandler' driver.
INFO - 2020-04-09 07:00:57 --> Controller "App\Controllers\Order" loaded.
INFO - 2020-04-09 07:00:57 --> Session: Class initialized using 'CodeIgniter\Session\Handlers\FileHandler' driver.
INFO - 2020-04-09 07:00:57 --> Controller "App\Controllers\Order" loaded.
INFO - 2020-04-09 07:09:21 --> Session: Class initialized using 'CodeIgniter\Session\Handlers\FileHandler' driver.
INFO - 2020-04-09 07:09:21 --> Controller "App\Controllers\Order" loaded.
CRITICAL - 2020-04-09 07:09:21 --> unlink(rev/hehe//album.png): No such file or directory
#0 [internal function]: CodeIgniter\Debug\Exceptions->errorHandler(2, 'unlink(rev/hehe...', '/var/www/html/a...', 297, Array)
#1 /var/www/html/akadku/home/app/Controllers/Order.php(297): unlink('rev/hehe//album...')
#2 /var/www/html/akadku/home/system/CodeIgniter.php(910): App\Controllers\Order->del()
#3 /var/www/html/akadku/home/system/CodeIgniter.php(398): CodeIgniter\CodeIgniter->runController(Object(App\Controllers\Order))
#4 /var/www/html/akadku/home/system/CodeIgniter.php(306): CodeIgniter\CodeIgniter->handleRequest(NULL, Object(Config\Cache), false)
#5 /var/www/html/akadku/home/index.php(45): CodeIgniter\CodeIgniter->run()
#6 {main}
INFO - 2020-04-09 07:12:24 --> Session: Class initialized using 'CodeIgniter\Session\Handlers\FileHandler' driver.
INFO - 2020-04-09 07:12:24 --> Controller "App\Controllers\Order" loaded.
INFO - 2020-04-09 07:12:24 --> Session: Class initialized using 'CodeIgniter\Session\Handlers\FileHandler' driver.
INFO - 2020-04-09 07:12:24 --> Controller "App\Controllers\Order" loaded.
INFO - 2020-04-09 07:12:24 --> Session: Class initialized using 'CodeIgniter\Session\Handlers\FileHandler' driver.
INFO - 2020-04-09 07:12:24 --> Controller "App\Controllers\Order" loaded.
INFO - 2020-04-09 07:13:16 --> Session: Class initialized using 'CodeIgniter\Session\Handlers\FileHandler' driver.
INFO - 2020-04-09 07:13:16 --> Controller "App\Controllers\Order" loaded.
INFO - 2020-04-09 07:13:16 --> Session: Class initialized using 'CodeIgniter\Session\Handlers\FileHandler' driver.
INFO - 2020-04-09 07:13:16 --> Controller "App\Controllers\Order" loaded.
INFO - 2020-04-09 07:13:16 --> Session: Class initialized using 'CodeIgniter\Session\Handlers\FileHandler' driver.
INFO - 2020-04-09 07:13:16 --> Controller "App\Controllers\Order" loaded.
INFO - 2020-04-09 07:13:19 --> Session: Class initialized using 'CodeIgniter\Session\Handlers\FileHandler' driver.
INFO - 2020-04-09 07:13:19 --> Controller "App\Controllers\Order" loaded.
INFO - 2020-04-09 07:13:19 --> Session: Class initialized using 'CodeIgniter\Session\Handlers\FileHandler' driver.
INFO - 2020-04-09 07:13:19 --> Controller "App\Controllers\Order" loaded.
INFO - 2020-04-09 07:13:19 --> Session: Class initialized using 'CodeIgniter\Session\Handlers\FileHandler' driver.
INFO - 2020-04-09 07:13:19 --> Controller "App\Controllers\Order" loaded.
INFO - 2020-04-09 07:13:21 --> Session: Class initialized using 'CodeIgniter\Session\Handlers\FileHandler' driver.
INFO - 2020-04-09 07:13:21 --> Controller "App\Controllers\Order" loaded.
INFO - 2020-04-09 07:13:21 --> Session: Class initialized using 'CodeIgniter\Session\Handlers\FileHandler' driver.
INFO - 2020-04-09 07:13:21 --> Controller "App\Controllers\Order" loaded.
INFO - 2020-04-09 07:21:38 --> Session: Class initialized using 'CodeIgniter\Session\Handlers\FileHandler' driver.
INFO - 2020-04-09 07:21:38 --> Controller "App\Controllers\Order" loaded.
INFO - 2020-04-09 07:21:56 --> Session: Class initialized using 'CodeIgniter\Session\Handlers\FileHandler' driver.
INFO - 2020-04-09 07:21:56 --> Controller "App\Controllers\Order" loaded.
INFO - 2020-04-09 07:23:10 --> Session: Class initialized using 'CodeIgniter\Session\Handlers\FileHandler' driver.
INFO - 2020-04-09 07:23:10 --> Controller "App\Controllers\Order" loaded.
INFO - 2020-04-09 07:23:18 --> Session: Class initialized using 'CodeIgniter\Session\Handlers\FileHandler' driver.
INFO - 2020-04-09 07:23:18 --> Controller "App\Controllers\Order" loaded.
INFO - 2020-04-09 07:23:23 --> Session: Class initialized using 'CodeIgniter\Session\Handlers\FileHandler' driver.
INFO - 2020-04-09 07:23:23 --> Controller "App\Controllers\Order" loaded.
INFO - 2020-04-09 07:24:29 --> Session: Class initialized using 'CodeIgniter\Session\Handlers\FileHandler' driver.
INFO - 2020-04-09 07:24:29 --> Controller "App\Controllers\Order" loaded.
INFO - 2020-04-09 07:24:33 --> Session: Class initialized using 'CodeIgniter\Session\Handlers\FileHandler' driver.
INFO - 2020-04-09 07:24:33 --> Controller "App\Controllers\Order" loaded.
CRITICAL - 2020-04-09 07:24:33 --> Call to a member function insert_id() on null
#0 /var/www/html/akadku/home/system/CodeIgniter.php(910): App\Controllers\Order->saveData()
#1 /var/www/html/akadku/home/system/CodeIgniter.php(398): CodeIgniter\CodeIgniter->runController(Object(App\Controllers\Order))
#2 /var/www/html/akadku/home/system/CodeIgniter.php(306): CodeIgniter\CodeIgniter->handleRequest(NULL, Object(Config\Cache), false)
#3 /var/www/html/akadku/home/index.php(45): CodeIgniter\CodeIgniter->run()
#4 {main}
INFO - 2020-04-09 07:25:16 --> Session: Class initialized using 'CodeIgniter\Session\Handlers\FileHandler' driver.
INFO - 2020-04-09 07:25:16 --> Controller "App\Controllers\Order" loaded.
CRITICAL - 2020-04-09 07:25:16 --> Call to undefined method CodeIgniter\Database\MySQLi\Connection::insert_id()
#0 /var/www/html/akadku/home/system/CodeIgniter.php(910): App\Controllers\Order->saveData()
#1 /var/www/html/akadku/home/system/CodeIgniter.php(398): CodeIgniter\CodeIgniter->runController(Object(App\Controllers\Order))
#2 /var/www/html/akadku/home/system/CodeIgniter.php(306): CodeIgniter\CodeIgniter->handleRequest(NULL, Object(Config\Cache), false)
#3 /var/www/html/akadku/home/index.php(45): CodeIgniter\CodeIgniter->run()
#4 {main}
INFO - 2020-04-09 07:25:47 --> Session: Class initialized using 'CodeIgniter\Session\Handlers\FileHandler' driver.
INFO - 2020-04-09 07:25:47 --> Controller "App\Controllers\Order" loaded.
CRITICAL - 2020-04-09 07:25:47 --> Call to undefined method CodeIgniter\Database\MySQLi\Connection::insert_id()
#0 /var/www/html/akadku/home/system/CodeIgniter.php(910): App\Controllers\Order->saveData()
#1 /var/www/html/akadku/home/system/CodeIgniter.php(398): CodeIgniter\CodeIgniter->runController(Object(App\Controllers\Order))
#2 /var/www/html/akadku/home/system/CodeIgniter.php(306): CodeIgniter\CodeIgniter->handleRequest(NULL, Object(Config\Cache), false)
#3 /var/www/html/akadku/home/index.php(45): CodeIgniter\CodeIgniter->run()
#4 {main}
INFO - 2020-04-09 07:25:50 --> Session: Class initialized using 'CodeIgniter\Session\Handlers\FileHandler' driver.
INFO - 2020-04-09 07:25:50 --> Controller "App\Controllers\Order" loaded.
CRITICAL - 2020-04-09 07:25:50 --> Call to undefined method CodeIgniter\Database\MySQLi\Connection::insert_id()
#0 /var/www/html/akadku/home/system/CodeIgniter.php(910): App\Controllers\Order->saveData()
#1 /var/www/html/akadku/home/system/CodeIgniter.php(398): CodeIgniter\CodeIgniter->runController(Object(App\Controllers\Order))
#2 /var/www/html/akadku/home/system/CodeIgniter.php(306): CodeIgniter\CodeIgniter->handleRequest(NULL, Object(Config\Cache), false)
#3 /var/www/html/akadku/home/index.php(45): CodeIgniter\CodeIgniter->run()
#4 {main}
INFO - 2020-04-09 07:25:52 --> Session: Class initialized using 'CodeIgniter\Session\Handlers\FileHandler' driver.
INFO - 2020-04-09 07:25:52 --> Controller "App\Controllers\Order" loaded.
CRITICAL - 2020-04-09 07:25:52 --> Call to undefined method CodeIgniter\Database\MySQLi\Connection::insert_id()
#0 /var/www/html/akadku/home/system/CodeIgniter.php(910): App\Controllers\Order->saveData()
#1 /var/www/html/akadku/home/system/CodeIgniter.php(398): CodeIgniter\CodeIgniter->runController(Object(App\Controllers\Order))
#2 /var/www/html/akadku/home/system/CodeIgniter.php(306): CodeIgniter\CodeIgniter->handleRequest(NULL, Object(Config\Cache), false)
#3 /var/www/html/akadku/home/index.php(45): CodeIgniter\CodeIgniter->run()
#4 {main}
CRITICAL - 2020-04-09 07:29:24 --> syntax error, unexpected ';'
#0 /var/www/html/akadku/home/system/Autoloader/Autoloader.php(296): CodeIgniter\Autoloader\Autoloader->requireFile('/var/www/html/a...')
#1 /var/www/html/akadku/home/system/Autoloader/Autoloader.php(258): CodeIgniter\Autoloader\Autoloader->loadInNamespace('App\\Controllers...')
#2 [internal function]: CodeIgniter\Autoloader\Autoloader->loadClass('App\\Controllers...')
#3 [internal function]: spl_autoload_call('App\\Controllers...')
#4 /var/www/html/akadku/home/system/CodeIgniter.php(861): class_exists('\\App\\Controller...', true)
#5 /var/www/html/akadku/home/system/CodeIgniter.php(388): CodeIgniter\CodeIgniter->startController()
#6 /var/www/html/akadku/home/system/CodeIgniter.php(306): CodeIgniter\CodeIgniter->handleRequest(NULL, Object(Config\Cache), false)
#7 /var/www/html/akadku/home/index.php(45): CodeIgniter\CodeIgniter->run()
#8 {main}
CRITICAL - 2020-04-09 07:31:45 --> syntax error, unexpected '->' (T_OBJECT_OPERATOR)
#0 /var/www/html/akadku/home/system/Autoloader/Autoloader.php(296): CodeIgniter\Autoloader\Autoloader->requireFile('/var/www/html/a...')
#1 /var/www/html/akadku/home/system/Autoloader/Autoloader.php(258): CodeIgniter\Autoloader\Autoloader->loadInNamespace('App\\Controllers...')
#2 [internal function]: CodeIgniter\Autoloader\Autoloader->loadClass('App\\Controllers...')
#3 [internal function]: spl_autoload_call('App\\Controllers...')
#4 /var/www/html/akadku/home/system/CodeIgniter.php(861): class_exists('\\App\\Controller...', true)
#5 /var/www/html/akadku/home/system/CodeIgniter.php(388): CodeIgniter\CodeIgniter->startController()
#6 /var/www/html/akadku/home/system/CodeIgniter.php(306): CodeIgniter\CodeIgniter->handleRequest(NULL, Object(Config\Cache), false)
#7 /var/www/html/akadku/home/index.php(45): CodeIgniter\CodeIgniter->run()
#8 {main}
CRITICAL - 2020-04-09 07:41:38 --> syntax error, unexpected '->' (T_OBJECT_OPERATOR)
#0 /var/www/html/akadku/home/system/Autoloader/Autoloader.php(296): CodeIgniter\Autoloader\Autoloader->requireFile('/var/www/html/a...')
#1 /var/www/html/akadku/home/system/Autoloader/Autoloader.php(258): CodeIgniter\Autoloader\Autoloader->loadInNamespace('App\\Controllers...')
#2 [internal function]: CodeIgniter\Autoloader\Autoloader->loadClass('App\\Controllers...')
#3 [internal function]: spl_autoload_call('App\\Controllers...')
#4 /var/www/html/akadku/home/system/CodeIgniter.php(861): class_exists('\\App\\Controller...', true)
#5 /var/www/html/akadku/home/system/CodeIgniter.php(388): CodeIgniter\CodeIgniter->startController()
#6 /var/www/html/akadku/home/system/CodeIgniter.php(306): CodeIgniter\CodeIgniter->handleRequest(NULL, Object(Config\Cache), false)
#7 /var/www/html/akadku/home/index.php(45): CodeIgniter\CodeIgniter->run()
#8 {main}
CRITICAL - 2020-04-09 07:41:40 --> syntax error, unexpected '->' (T_OBJECT_OPERATOR)
#0 /var/www/html/akadku/home/system/Autoloader/Autoloader.php(296): CodeIgniter\Autoloader\Autoloader->requireFile('/var/www/html/a...')
#1 /var/www/html/akadku/home/system/Autoloader/Autoloader.php(258): CodeIgniter\Autoloader\Autoloader->loadInNamespace('App\\Controllers...')
#2 [internal function]: CodeIgniter\Autoloader\Autoloader->loadClass('App\\Controllers...')
#3 [internal function]: spl_autoload_call('App\\Controllers...')
#4 /var/www/html/akadku/home/system/CodeIgniter.php(861): class_exists('\\App\\Controller...', true)
#5 /var/www/html/akadku/home/system/CodeIgniter.php(388): CodeIgniter\CodeIgniter->startController()
#6 /var/www/html/akadku/home/system/CodeIgniter.php(306): CodeIgniter\CodeIgniter->handleRequest(NULL, Object(Config\Cache), false)
#7 /var/www/html/akadku/home/index.php(45): CodeIgniter\CodeIgniter->run()
#8 {main}
CRITICAL - 2020-04-09 07:41:42 --> syntax error, unexpected '->' (T_OBJECT_OPERATOR)
#0 /var/www/html/akadku/home/system/Autoloader/Autoloader.php(296): CodeIgniter\Autoloader\Autoloader->requireFile('/var/www/html/a...')
#1 /var/www/html/akadku/home/system/Autoloader/Autoloader.php(258): CodeIgniter\Autoloader\Autoloader->loadInNamespace('App\\Controllers...')
#2 [internal function]: CodeIgniter\Autoloader\Autoloader->loadClass('App\\Controllers...')
#3 [internal function]: spl_autoload_call('App\\Controllers...')
#4 /var/www/html/akadku/home/system/CodeIgniter.php(861): class_exists('\\App\\Controller...', true)
#5 /var/www/html/akadku/home/system/CodeIgniter.php(388): CodeIgniter\CodeIgniter->startController()
#6 /var/www/html/akadku/home/system/CodeIgniter.php(306): CodeIgniter\CodeIgniter->handleRequest(NULL, Object(Config\Cache), false)
#7 /var/www/html/akadku/home/index.php(45): CodeIgniter\CodeIgniter->run()
#8 {main}
CRITICAL - 2020-04-09 07:41:47 --> syntax error, unexpected '->' (T_OBJECT_OPERATOR)
#0 /var/www/html/akadku/home/system/Autoloader/Autoloader.php(296): CodeIgniter\Autoloader\Autoloader->requireFile('/var/www/html/a...')
#1 /var/www/html/akadku/home/system/Autoloader/Autoloader.php(258): CodeIgniter\Autoloader\Autoloader->loadInNamespace('App\\Controllers...')
#2 [internal function]: CodeIgniter\Autoloader\Autoloader->loadClass('App\\Controllers...')
#3 [internal function]: spl_autoload_call('App\\Controllers...')
#4 /var/www/html/akadku/home/system/CodeIgniter.php(861): class_exists('\\App\\Controller...', true)
#5 /var/www/html/akadku/home/system/CodeIgniter.php(388): CodeIgniter\CodeIgniter->startController()
#6 /var/www/html/akadku/home/system/CodeIgniter.php(306): CodeIgniter\CodeIgniter->handleRequest(NULL, Object(Config\Cache), false)
#7 /var/www/html/akadku/home/index.php(45): CodeIgniter\CodeIgniter->run()
#8 {main}
CRITICAL - 2020-04-09 07:41:49 --> syntax error, unexpected '->' (T_OBJECT_OPERATOR)
#0 /var/www/html/akadku/home/system/Autoloader/Autoloader.php(296): CodeIgniter\Autoloader\Autoloader->requireFile('/var/www/html/a...')
#1 /var/www/html/akadku/home/system/Autoloader/Autoloader.php(258): CodeIgniter\Autoloader\Autoloader->loadInNamespace('App\\Controllers...')
#2 [internal function]: CodeIgniter\Autoloader\Autoloader->loadClass('App\\Controllers...')
#3 [internal function]: spl_autoload_call('App\\Controllers...')
#4 /var/www/html/akadku/home/system/CodeIgniter.php(861): class_exists('\\App\\Controller...', true)
#5 /var/www/html/akadku/home/system/CodeIgniter.php(388): CodeIgniter\CodeIgniter->startController()
#6 /var/www/html/akadku/home/system/CodeIgniter.php(306): CodeIgniter\CodeIgniter->handleRequest(NULL, Object(Config\Cache), false)
#7 /var/www/html/akadku/home/index.php(45): CodeIgniter\CodeIgniter->run()
#8 {main}
CRITICAL - 2020-04-09 07:41:56 --> syntax error, unexpected '->' (T_OBJECT_OPERATOR)
#0 /var/www/html/akadku/home/system/Autoloader/Autoloader.php(296): CodeIgniter\Autoloader\Autoloader->requireFile('/var/www/html/a...')
#1 /var/www/html/akadku/home/system/Autoloader/Autoloader.php(258): CodeIgniter\Autoloader\Autoloader->loadInNamespace('App\\Controllers...')
#2 [internal function]: CodeIgniter\Autoloader\Autoloader->loadClass('App\\Controllers...')
#3 [internal function]: spl_autoload_call('App\\Controllers...')
#4 /var/www/html/akadku/home/system/CodeIgniter.php(861): class_exists('\\App\\Controller...', true)
#5 /var/www/html/akadku/home/system/CodeIgniter.php(388): CodeIgniter\CodeIgniter->startController()
#6 /var/www/html/akadku/home/system/CodeIgniter.php(306): CodeIgniter\CodeIgniter->handleRequest(NULL, Object(Config\Cache), false)
#7 /var/www/html/akadku/home/index.php(45): CodeIgniter\CodeIgniter->run()
#8 {main}
CRITICAL - 2020-04-09 07:42:13 --> syntax error, unexpected '->' (T_OBJECT_OPERATOR)
#0 /var/www/html/akadku/home/system/Autoloader/Autoloader.php(296): CodeIgniter\Autoloader\Autoloader->requireFile('/var/www/html/a...')
#1 /var/www/html/akadku/home/system/Autoloader/Autoloader.php(258): CodeIgniter\Autoloader\Autoloader->loadInNamespace('App\\Controllers...')
#2 [internal function]: CodeIgniter\Autoloader\Autoloader->loadClass('App\\Controllers...')
#3 [internal function]: spl_autoload_call('App\\Controllers...')
#4 /var/www/html/akadku/home/system/CodeIgniter.php(861): class_exists('\\App\\Controller...', true)
#5 /var/www/html/akadku/home/system/CodeIgniter.php(388): CodeIgniter\CodeIgniter->startController()
#6 /var/www/html/akadku/home/system/CodeIgniter.php(306): CodeIgniter\CodeIgniter->handleRequest(NULL, Object(Config\Cache), false)
#7 /var/www/html/akadku/home/index.php(45): CodeIgniter\CodeIgniter->run()
#8 {main}
CRITICAL - 2020-04-09 07:42:14 --> syntax error, unexpected '->' (T_OBJECT_OPERATOR)
#0 /var/www/html/akadku/home/system/Autoloader/Autoloader.php(296): CodeIgniter\Autoloader\Autoloader->requireFile('/var/www/html/a...')
#1 /var/www/html/akadku/home/system/Autoloader/Autoloader.php(258): CodeIgniter\Autoloader\Autoloader->loadInNamespace('App\\Controllers...')
#2 [internal function]: CodeIgniter\Autoloader\Autoloader->loadClass('App\\Controllers...')
#3 [internal function]: spl_autoload_call('App\\Controllers...')
#4 /var/www/html/akadku/home/system/CodeIgniter.php(861): class_exists('\\App\\Controller...', true)
#5 /var/www/html/akadku/home/system/CodeIgniter.php(388): CodeIgniter\CodeIgniter->startController()
#6 /var/www/html/akadku/home/system/CodeIgniter.php(306): CodeIgniter\CodeIgniter->handleRequest(NULL, Object(Config\Cache), false)
#7 /var/www/html/akadku/home/index.php(45): CodeIgniter\CodeIgniter->run()
#8 {main}
CRITICAL - 2020-04-09 07:42:18 --> syntax error, unexpected '->' (T_OBJECT_OPERATOR)
#0 /var/www/html/akadku/home/system/Autoloader/Autoloader.php(296): CodeIgniter\Autoloader\Autoloader->requireFile('/var/www/html/a...')
#1 /var/www/html/akadku/home/system/Autoloader/Autoloader.php(258): CodeIgniter\Autoloader\Autoloader->loadInNamespace('App\\Controllers...')
#2 [internal function]: CodeIgniter\Autoloader\Autoloader->loadClass('App\\Controllers...')
#3 [internal function]: spl_autoload_call('App\\Controllers...')
#4 /var/www/html/akadku/home/system/CodeIgniter.php(861): class_exists('\\App\\Controller...', true)
#5 /var/www/html/akadku/home/system/CodeIgniter.php(388): CodeIgniter\CodeIgniter->startController()
#6 /var/www/html/akadku/home/system/CodeIgniter.php(306): CodeIgniter\CodeIgniter->handleRequest(NULL, Object(Config\Cache), false)
#7 /var/www/html/akadku/home/index.php(45): CodeIgniter\CodeIgniter->run()
#8 {main}
CRITICAL - 2020-04-09 07:42:20 --> syntax error, unexpected '->' (T_OBJECT_OPERATOR)
#0 /var/www/html/akadku/home/system/Autoloader/Autoloader.php(296): CodeIgniter\Autoloader\Autoloader->requireFile('/var/www/html/a...')
#1 /var/www/html/akadku/home/system/Autoloader/Autoloader.php(258): CodeIgniter\Autoloader\Autoloader->loadInNamespace('App\\Controllers...')
#2 [internal function]: CodeIgniter\Autoloader\Autoloader->loadClass('App\\Controllers...')
#3 [internal function]: spl_autoload_call('App\\Controllers...')
#4 /var/www/html/akadku/home/system/CodeIgniter.php(861): class_exists('\\App\\Controller...', true)
#5 /var/www/html/akadku/home/system/CodeIgniter.php(388): CodeIgniter\CodeIgniter->startController()
#6 /var/www/html/akadku/home/system/CodeIgniter.php(306): CodeIgniter\CodeIgniter->handleRequest(NULL, Object(Config\Cache), false)
#7 /var/www/html/akadku/home/index.php(45): CodeIgniter\CodeIgniter->run()
#8 {main}
INFO - 2020-04-09 07:42:37 --> Session: Class initialized using 'CodeIgniter\Session\Handlers\FileHandler' driver.
INFO - 2020-04-09 07:42:37 --> Controller "App\Controllers\Order" loaded.
CRITICAL - 2020-04-09 07:43:03 --> syntax error, unexpected '{'
#0 /var/www/html/akadku/home/system/Autoloader/Autoloader.php(296): CodeIgniter\Autoloader\Autoloader->requireFile('/var/www/html/a...')
#1 /var/www/html/akadku/home/system/Autoloader/Autoloader.php(258): CodeIgniter\Autoloader\Autoloader->loadInNamespace('App\\Controllers...')
#2 [internal function]: CodeIgniter\Autoloader\Autoloader->loadClass('App\\Controllers...')
#3 [internal function]: spl_autoload_call('App\\Controllers...')
#4 /var/www/html/akadku/home/system/CodeIgniter.php(861): class_exists('\\App\\Controller...', true)
#5 /var/www/html/akadku/home/system/CodeIgniter.php(388): CodeIgniter\CodeIgniter->startController()
#6 /var/www/html/akadku/home/system/CodeIgniter.php(306): CodeIgniter\CodeIgniter->handleRequest(NULL, Object(Config\Cache), false)
#7 /var/www/html/akadku/home/index.php(45): CodeIgniter\CodeIgniter->run()
#8 {main}
CRITICAL - 2020-04-09 07:43:06 --> syntax error, unexpected '{'
#0 /var/www/html/akadku/home/system/Autoloader/Autoloader.php(296): CodeIgniter\Autoloader\Autoloader->requireFile('/var/www/html/a...')
#1 /var/www/html/akadku/home/system/Autoloader/Autoloader.php(258): CodeIgniter\Autoloader\Autoloader->loadInNamespace('App\\Controllers...')
#2 [internal function]: CodeIgniter\Autoloader\Autoloader->loadClass('App\\Controllers...')
#3 [internal function]: spl_autoload_call('App\\Controllers...')
#4 /var/www/html/akadku/home/system/CodeIgniter.php(861): class_exists('\\App\\Controller...', true)
#5 /var/www/html/akadku/home/system/CodeIgniter.php(388): CodeIgniter\CodeIgniter->startController()
#6 /var/www/html/akadku/home/system/CodeIgniter.php(306): CodeIgniter\CodeIgniter->handleRequest(NULL, Object(Config\Cache), false)
#7 /var/www/html/akadku/home/index.php(45): CodeIgniter\CodeIgniter->run()
#8 {main}
INFO - 2020-04-09 07:43:14 --> Session: Class initialized using 'CodeIgniter\Session\Handlers\FileHandler' driver.
INFO - 2020-04-09 07:43:14 --> Controller "App\Controllers\Order" loaded.
INFO - 2020-04-09 07:43:20 --> Session: Class initialized using 'CodeIgniter\Session\Handlers\FileHandler' driver.
INFO - 2020-04-09 07:43:20 --> Controller "App\Controllers\Order" loaded.
INFO - 2020-04-09 07:43:20 --> Session: Class initialized using 'CodeIgniter\Session\Handlers\FileHandler' driver.
INFO - 2020-04-09 07:43:20 --> Controller "App\Controllers\Order" loaded.
INFO - 2020-04-09 07:44:09 --> Session: Class initialized using 'CodeIgniter\Session\Handlers\FileHandler' driver.
INFO - 2020-04-09 07:44:09 --> Controller "App\Controllers\Order" loaded.
INFO - 2020-04-09 07:44:20 --> Session: Class initialized using 'CodeIgniter\Session\Handlers\FileHandler' driver.
INFO - 2020-04-09 07:44:20 --> Controller "App\Controllers\Order" loaded.
INFO - 2020-04-09 07:46:23 --> Session: Class initialized using 'CodeIgniter\Session\Handlers\FileHandler' driver.
INFO - 2020-04-09 07:46:23 --> Controller "App\Controllers\Order" loaded.
CRITICAL - 2020-04-09 07:46:53 --> syntax error, unexpected '$saveUser' (T_VARIABLE)
#0 /var/www/html/akadku/home/system/Autoloader/Autoloader.php(296): CodeIgniter\Autoloader\Autoloader->requireFile('/var/www/html/a...')
#1 /var/www/html/akadku/home/system/Autoloader/Autoloader.php(258): CodeIgniter\Autoloader\Autoloader->loadInNamespace('App\\Controllers...')
#2 [internal function]: CodeIgniter\Autoloader\Autoloader->loadClass('App\\Controllers...')
#3 [internal function]: spl_autoload_call('App\\Controllers...')
#4 /var/www/html/akadku/home/system/CodeIgniter.php(861): class_exists('\\App\\Controller...', true)
#5 /var/www/html/akadku/home/system/CodeIgniter.php(388): CodeIgniter\CodeIgniter->startController()
#6 /var/www/html/akadku/home/system/CodeIgniter.php(306): CodeIgniter\CodeIgniter->handleRequest(NULL, Object(Config\Cache), false)
#7 /var/www/html/akadku/home/index.php(45): CodeIgniter\CodeIgniter->run()
#8 {main}
CRITICAL - 2020-04-09 07:56:40 --> syntax error, unexpected '$saveUser' (T_VARIABLE)
#0 /var/www/html/akadku/home/system/Autoloader/Autoloader.php(296): CodeIgniter\Autoloader\Autoloader->requireFile('/var/www/html/a...')
#1 /var/www/html/akadku/home/system/Autoloader/Autoloader.php(258): CodeIgniter\Autoloader\Autoloader->loadInNamespace('App\\Controllers...')
#2 [internal function]: CodeIgniter\Autoloader\Autoloader->loadClass('App\\Controllers...')
#3 [internal function]: spl_autoload_call('App\\Controllers...')
#4 /var/www/html/akadku/home/system/CodeIgniter.php(861): class_exists('\\App\\Controller...', true)
#5 /var/www/html/akadku/home/system/CodeIgniter.php(388): CodeIgniter\CodeIgniter->startController()
#6 /var/www/html/akadku/home/system/CodeIgniter.php(306): CodeIgniter\CodeIgniter->handleRequest(NULL, Object(Config\Cache), false)
#7 /var/www/html/akadku/home/index.php(45): CodeIgniter\CodeIgniter->run()
#8 {main}
INFO - 2020-04-09 07:56:58 --> Session: Class initialized using 'CodeIgniter\Session\Handlers\FileHandler' driver.
INFO - 2020-04-09 07:56:58 --> Controller "App\Controllers\Order" loaded.
INFO - 2020-04-09 07:56:58 --> Session: Class initialized using 'CodeIgniter\Session\Handlers\FileHandler' driver.
INFO - 2020-04-09 07:56:58 --> Controller "App\Controllers\Order" loaded.
INFO - 2020-04-09 07:57:06 --> Session: Class initialized using 'CodeIgniter\Session\Handlers\FileHandler' driver.
INFO - 2020-04-09 07:57:06 --> Controller "App\Controllers\Order" loaded.
INFO - 2020-04-09 07:57:19 --> Session: Class initialized using 'CodeIgniter\Session\Handlers\FileHandler' driver.
INFO - 2020-04-09 07:57:19 --> Controller "App\Controllers\Order" loaded.
INFO - 2020-04-09 08:04:20 --> Session: Class initialized using 'CodeIgniter\Session\Handlers\FileHandler' driver.
INFO - 2020-04-09 08:04:20 --> Controller "App\Controllers\Order" loaded.
INFO - 2020-04-09 08:04:52 --> Session: Class initialized using 'CodeIgniter\Session\Handlers\FileHandler' driver.
INFO - 2020-04-09 08:04:52 --> Controller "App\Controllers\Order" loaded.
CRITICAL - 2020-04-09 08:04:52 --> Column 'theme' cannot be null
#0 /var/www/html/akadku/home/system/Database/MySQLi/Connection.php(330): mysqli->query('INSERT INTO `or...')
#1 /var/www/html/akadku/home/system/Database/BaseConnection.php(738): CodeIgniter\Database\MySQLi\Connection->execute('INSERT INTO `or...')
#2 /var/www/html/akadku/home/system/Database/BaseConnection.php(666): CodeIgniter\Database\BaseConnection->simpleQuery('INSERT INTO `or...')
#3 /var/www/html/akadku/home/system/Database/BaseBuilder.php(2206): CodeIgniter\Database\BaseConnection->query('INSERT INTO `or...', Array, false)
#4 /var/www/html/akadku/home/app/Models/OrderModel.php(51): CodeIgniter\Database\BaseBuilder->insert(Array)
#5 /var/www/html/akadku/home/app/Controllers/Order.php(399): App\Models\OrderModel->save_order(Array)
#6 /var/www/html/akadku/home/system/CodeIgniter.php(910): App\Controllers\Order->saveData()
#7 /var/www/html/akadku/home/system/CodeIgniter.php(398): CodeIgniter\CodeIgniter->runController(Object(App\Controllers\Order))
#8 /var/www/html/akadku/home/system/CodeIgniter.php(306): CodeIgniter\CodeIgniter->handleRequest(NULL, Object(Config\Cache), false)
#9 /var/www/html/akadku/home/index.php(45): CodeIgniter\CodeIgniter->run()
#10 {main}
INFO - 2020-04-09 08:05:01 --> Session: Class initialized using 'CodeIgniter\Session\Handlers\FileHandler' driver.
INFO - 2020-04-09 08:05:01 --> Controller "App\Controllers\Order" loaded.
INFO - 2020-04-09 08:05:01 --> Session: Class initialized using 'CodeIgniter\Session\Handlers\FileHandler' driver.
INFO - 2020-04-09 08:05:01 --> Controller "App\Controllers\Order" loaded.
INFO - 2020-04-09 08:05:17 --> Session: Class initialized using 'CodeIgniter\Session\Handlers\FileHandler' driver.
INFO - 2020-04-09 08:05:17 --> Controller "App\Controllers\Order" loaded.
INFO - 2020-04-09 08:05:20 --> Session: Class initialized using 'CodeIgniter\Session\Handlers\FileHandler' driver.
INFO - 2020-04-09 08:05:20 --> Controller "App\Controllers\Order" loaded.
INFO - 2020-04-09 08:05:21 --> Session: Class initialized using 'CodeIgniter\Session\Handlers\FileHandler' driver.
INFO - 2020-04-09 08:05:21 --> Controller "App\Controllers\Order" loaded.
INFO - 2020-04-09 08:05:26 --> Session: Class initialized using 'CodeIgniter\Session\Handlers\FileHandler' driver.
INFO - 2020-04-09 08:05:26 --> Controller "App\Controllers\Order" loaded.
INFO - 2020-04-09 08:05:35 --> Session: Class initialized using 'CodeIgniter\Session\Handlers\FileHandler' driver.
INFO - 2020-04-09 08:05:35 --> Controller "App\Controllers\Order" loaded.
INFO - 2020-04-09 08:05:37 --> Session: Class initialized using 'CodeIgniter\Session\Handlers\FileHandler' driver.
INFO - 2020-04-09 08:05:37 --> Controller "App\Controllers\Order" loaded.
INFO - 2020-04-09 08:06:05 --> Session: Class initialized using 'CodeIgniter\Session\Handlers\FileHandler' driver.
INFO - 2020-04-09 08:06:05 --> Controller "App\Controllers\Order" loaded.
INFO - 2020-04-09 08:06:05 --> Session: Class initialized using 'CodeIgniter\Session\Handlers\FileHandler' driver.
INFO - 2020-04-09 08:06:05 --> Controller "App\Controllers\Order" loaded.
INFO - 2020-04-09 08:06:05 --> Session: Class initialized using 'CodeIgniter\Session\Handlers\FileHandler' driver.
INFO - 2020-04-09 08:06:05 --> Controller "App\Controllers\Order" loaded.
INFO - 2020-04-09 08:06:16 --> Session: Class initialized using 'CodeIgniter\Session\Handlers\FileHandler' driver.
INFO - 2020-04-09 08:06:16 --> Controller "App\Controllers\Order" loaded.
INFO - 2020-04-09 08:06:19 --> Session: Class initialized using 'CodeIgniter\Session\Handlers\FileHandler' driver.
INFO - 2020-04-09 08:06:19 --> Controller "App\Controllers\Order" loaded.
INFO - 2020-04-09 08:06:19 --> Session: Class initialized using 'CodeIgniter\Session\Handlers\FileHandler' driver.
INFO - 2020-04-09 08:06:19 --> Controller "App\Controllers\Order" loaded.
INFO - 2020-04-09 08:06:21 --> Session: Class initialized using 'CodeIgniter\Session\Handlers\FileHandler' driver.
INFO - 2020-04-09 08:06:21 --> Controller "App\Controllers\Order" loaded.
INFO - 2020-04-09 08:06:21 --> Session: Class initialized using 'CodeIgniter\Session\Handlers\FileHandler' driver.
INFO - 2020-04-09 08:06:21 --> Controller "App\Controllers\Order" loaded.
INFO - 2020-04-09 08:06:21 --> Session: Class initialized using 'CodeIgniter\Session\Handlers\FileHandler' driver.
INFO - 2020-04-09 08:06:21 --> Controller "App\Controllers\Order" loaded.
INFO - 2020-04-09 08:06:23 --> Session: Class initialized using 'CodeIgniter\Session\Handlers\FileHandler' driver.
INFO - 2020-04-09 08:06:23 --> Controller "App\Controllers\Order" loaded.
INFO - 2020-04-09 08:06:23 --> Session: Class initialized using 'CodeIgniter\Session\Handlers\FileHandler' driver.
INFO - 2020-04-09 08:06:23 --> Controller "App\Controllers\Order" loaded.
INFO - 2020-04-09 08:06:24 --> Session: Class initialized using 'CodeIgniter\Session\Handlers\FileHandler' driver.
INFO - 2020-04-09 08:06:24 --> Controller "App\Controllers\Order" loaded.
INFO - 2020-04-09 08:07:41 --> Session: Class initialized using 'CodeIgniter\Session\Handlers\FileHandler' driver.
INFO - 2020-04-09 08:07:41 --> Controller "App\Controllers\Order" loaded.
INFO - 2020-04-09 08:07:41 --> Session: Class initialized using 'CodeIgniter\Session\Handlers\FileHandler' driver.
INFO - 2020-04-09 08:07:41 --> Controller "App\Controllers\Order" loaded.
INFO - 2020-04-09 08:07:41 --> Session: Class initialized using 'CodeIgniter\Session\Handlers\FileHandler' driver.
INFO - 2020-04-09 08:07:41 --> Controller "App\Controllers\Order" loaded.
INFO - 2020-04-09 08:07:44 --> Session: Class initialized using 'CodeIgniter\Session\Handlers\FileHandler' driver.
INFO - 2020-04-09 08:07:44 --> Controller "App\Controllers\Order" loaded.
INFO - 2020-04-09 08:07:44 --> Session: Class initialized using 'CodeIgniter\Session\Handlers\FileHandler' driver.
INFO - 2020-04-09 08:07:44 --> Controller "App\Controllers\Order" loaded.
INFO - 2020-04-09 08:07:44 --> Session: Class initialized using 'CodeIgniter\Session\Handlers\FileHandler' driver.
INFO - 2020-04-09 08:07:44 --> Controller "App\Controllers\Order" loaded.
INFO - 2020-04-09 08:09:36 --> Session: Class initialized using 'CodeIgniter\Session\Handlers\FileHandler' driver.
INFO - 2020-04-09 08:09:36 --> Controller "App\Controllers\Order" loaded.
INFO - 2020-04-09 08:09:52 --> Session: Class initialized using 'CodeIgniter\Session\Handlers\FileHandler' driver.
INFO - 2020-04-09 08:09:52 --> Controller "App\Controllers\Order" loaded.
CRITICAL - 2020-04-09 08:09:52 --> Column 'theme' cannot be null
#0 /var/www/html/akadku/home/system/Database/MySQLi/Connection.php(330): mysqli->query('INSERT INTO `or...')
#1 /var/www/html/akadku/home/system/Database/BaseConnection.php(738): CodeIgniter\Database\MySQLi\Connection->execute('INSERT INTO `or...')
#2 /var/www/html/akadku/home/system/Database/BaseConnection.php(666): CodeIgniter\Database\BaseConnection->simpleQuery('INSERT INTO `or...')
#3 /var/www/html/akadku/home/system/Database/BaseBuilder.php(2206): CodeIgniter\Database\BaseConnection->query('INSERT INTO `or...', Array, false)
#4 /var/www/html/akadku/home/app/Models/OrderModel.php(51): CodeIgniter\Database\BaseBuilder->insert(Array)
#5 /var/www/html/akadku/home/app/Controllers/Order.php(402): App\Models\OrderModel->save_order(Array)
#6 /var/www/html/akadku/home/system/CodeIgniter.php(910): App\Controllers\Order->saveData()
#7 /var/www/html/akadku/home/system/CodeIgniter.php(398): CodeIgniter\CodeIgniter->runController(Object(App\Controllers\Order))
#8 /var/www/html/akadku/home/system/CodeIgniter.php(306): CodeIgniter\CodeIgniter->handleRequest(NULL, Object(Config\Cache), false)
#9 /var/www/html/akadku/home/index.php(45): CodeIgniter\CodeIgniter->run()
#10 {main}
INFO - 2020-04-09 08:11:00 --> Session: Class initialized using 'CodeIgniter\Session\Handlers\FileHandler' driver.
INFO - 2020-04-09 08:11:00 --> Controller "App\Controllers\Order" loaded.
INFO - 2020-04-09 08:11:23 --> Session: Class initialized using 'CodeIgniter\Session\Handlers\FileHandler' driver.
INFO - 2020-04-09 08:11:23 --> Controller "App\Controllers\Order" loaded.
INFO - 2020-04-09 08:11:23 --> Session: Class initialized using 'CodeIgniter\Session\Handlers\FileHandler' driver.
INFO - 2020-04-09 08:11:23 --> Controller "App\Controllers\Order" loaded.
INFO - 2020-04-09 08:11:23 --> Session: Class initialized using 'CodeIgniter\Session\Handlers\FileHandler' driver.
INFO - 2020-04-09 08:11:23 --> Controller "App\Controllers\Order" loaded.
INFO - 2020-04-09 08:12:55 --> Session: Class initialized using 'CodeIgniter\Session\Handlers\FileHandler' driver.
INFO - 2020-04-09 08:12:55 --> Controller "App\Controllers\Order" loaded.
INFO - 2020-04-09 08:14:31 --> Session: Class initialized using 'CodeIgniter\Session\Handlers\FileHandler' driver.
INFO - 2020-04-09 08:14:31 --> Controller "App\Controllers\Order" loaded.
INFO - 2020-04-09 08:14:31 --> Session: Class initialized using 'CodeIgniter\Session\Handlers\FileHandler' driver.
INFO - 2020-04-09 08:14:31 --> Controller "App\Controllers\Order" loaded.
INFO - 2020-04-09 08:14:35 --> Session: Class initialized using 'CodeIgniter\Session\Handlers\FileHandler' driver.
INFO - 2020-04-09 08:14:35 --> Controller "App\Controllers\Order" loaded.
INFO - 2020-04-09 08:17:15 --> Session: Class initialized using 'CodeIgniter\Session\Handlers\FileHandler' driver.
INFO - 2020-04-09 08:17:15 --> Controller "App\Controllers\Order" loaded.
INFO - 2020-04-09 08:29:38 --> Session: Class initialized using 'CodeIgniter\Session\Handlers\FileHandler' driver.
INFO - 2020-04-09 08:29:38 --> Controller "App\Controllers\Order" loaded.
INFO - 2020-04-09 08:29:41 --> Session: Class initialized using 'CodeIgniter\Session\Handlers\FileHandler' driver.
INFO - 2020-04-09 08:29:41 --> Controller "App\Controllers\Order" loaded.
INFO - 2020-04-09 08:29:44 --> Session: Class initialized using 'CodeIgniter\Session\Handlers\FileHandler' driver.
INFO - 2020-04-09 08:29:44 --> Controller "App\Controllers\Order" loaded.
INFO - 2020-04-09 08:29:44 --> Session: Class initialized using 'CodeIgniter\Session\Handlers\FileHandler' driver.
INFO - 2020-04-09 08:29:44 --> Controller "App\Controllers\Order" loaded.
INFO - 2020-04-09 08:30:00 --> Session: Class initialized using 'CodeIgniter\Session\Handlers\FileHandler' driver.
INFO - 2020-04-09 08:30:00 --> Controller "App\Controllers\Order" loaded.
INFO - 2020-04-09 08:30:13 --> Session: Class initialized using 'CodeIgniter\Session\Handlers\FileHandler' driver.
INFO - 2020-04-09 08:30:13 --> Controller "App\Controllers\Order" loaded.
INFO - 2020-04-09 08:30:15 --> Session: Class initialized using 'CodeIgniter\Session\Handlers\FileHandler' driver.
INFO - 2020-04-09 08:30:15 --> Controller "App\Controllers\Order" loaded.
INFO - 2020-04-09 08:30:15 --> Session: Class initialized using 'CodeIgniter\Session\Handlers\FileHandler' driver.
INFO - 2020-04-09 08:30:15 --> Controller "App\Controllers\Order" loaded.
INFO - 2020-04-09 08:30:18 --> Session: Class initialized using 'CodeIgniter\Session\Handlers\FileHandler' driver.
INFO - 2020-04-09 08:30:18 --> Controller "App\Controllers\Order" loaded.
INFO - 2020-04-09 08:35:33 --> Session: Class initialized using 'CodeIgniter\Session\Handlers\FileHandler' driver.
INFO - 2020-04-09 08:35:33 --> Controller "App\Controllers\Order" loaded.
INFO - 2020-04-09 08:36:31 --> Session: Class initialized using 'CodeIgniter\Session\Handlers\FileHandler' driver.
INFO - 2020-04-09 08:36:31 --> Controller "App\Controllers\Order" loaded.
INFO - 2020-04-09 08:37:28 --> Session: Class initialized using 'CodeIgniter\Session\Handlers\FileHandler' driver.
INFO - 2020-04-09 08:37:28 --> Controller "App\Controllers\Order" loaded.
INFO - 2020-04-09 08:39:34 --> Session: Class initialized using 'CodeIgniter\Session\Handlers\FileHandler' driver.
INFO - 2020-04-09 08:39:34 --> Controller "App\Controllers\Order" loaded.
INFO - 2020-04-09 08:45:54 --> Session: Class initialized using 'CodeIgniter\Session\Handlers\FileHandler' driver.
INFO - 2020-04-09 08:45:54 --> Controller "App\Controllers\Order" loaded.
INFO - 2020-04-09 08:45:56 --> Session: Class initialized using 'CodeIgniter\Session\Handlers\FileHandler' driver.
INFO - 2020-04-09 08:45:56 --> Controller "App\Controllers\Order" loaded.
CRITICAL - 2020-04-09 08:45:57 --> Column 'tanggal_cerita' cannot be null
#0 /var/www/html/akadku/home/system/Database/MySQLi/Connection.php(330): mysqli->query('INSERT INTO `ce...')
#1 /var/www/html/akadku/home/system/Database/BaseConnection.php(738): CodeIgniter\Database\MySQLi\Connection->execute('INSERT INTO `ce...')
#2 /var/www/html/akadku/home/system/Database/BaseConnection.php(666): CodeIgniter\Database\BaseConnection->simpleQuery('INSERT INTO `ce...')
#3 /var/www/html/akadku/home/system/Database/BaseBuilder.php(2206): CodeIgniter\Database\BaseConnection->query('INSERT INTO `ce...', Array, false)
#4 /var/www/html/akadku/home/app/Models/OrderModel.php(63): CodeIgniter\Database\BaseBuilder->insert(Array)
#5 /var/www/html/akadku/home/app/Controllers/Order.php(442): App\Models\OrderModel->save_cerita(Array)
#6 /var/www/html/akadku/home/system/CodeIgniter.php(910): App\Controllers\Order->saveData()
#7 /var/www/html/akadku/home/system/CodeIgniter.php(398): CodeIgniter\CodeIgniter->runController(Object(App\Controllers\Order))
#8 /var/www/html/akadku/home/system/CodeIgniter.php(306): CodeIgniter\CodeIgniter->handleRequest(NULL, Object(Config\Cache), false)
#9 /var/www/html/akadku/home/index.php(45): CodeIgniter\CodeIgniter->run()
#10 {main}
INFO - 2020-04-09 08:47:34 --> Session: Class initialized using 'CodeIgniter\Session\Handlers\FileHandler' driver.
INFO - 2020-04-09 08:47:34 --> Controller "App\Controllers\Order" loaded.
INFO - 2020-04-09 08:47:57 --> Session: Class initialized using 'CodeIgniter\Session\Handlers\FileHandler' driver.
INFO - 2020-04-09 08:47:57 --> Controller "App\Controllers\Order" loaded.
INFO - 2020-04-09 09:03:23 --> Session: Class initialized using 'CodeIgniter\Session\Handlers\FileHandler' driver.
INFO - 2020-04-09 09:03:23 --> Controller "App\Controllers\Order" loaded.
INFO - 2020-04-09 09:05:20 --> Session: Class initialized using 'CodeIgniter\Session\Handlers\FileHandler' driver.
INFO - 2020-04-09 09:05:20 --> Controller "App\Controllers\Order" loaded.
INFO - 2020-04-09 09:05:20 --> Session: Class initialized using 'CodeIgniter\Session\Handlers\FileHandler' driver.
INFO - 2020-04-09 09:05:20 --> Controller "App\Controllers\Order" loaded.
INFO - 2020-04-09 09:05:38 --> Session: Class initialized using 'CodeIgniter\Session\Handlers\FileHandler' driver.
INFO - 2020-04-09 09:05:38 --> Controller "App\Controllers\Order" loaded.
INFO - 2020-04-09 09:05:38 --> Session: Class initialized using 'CodeIgniter\Session\Handlers\FileHandler' driver.
INFO - 2020-04-09 09:05:38 --> Controller "App\Controllers\Order" loaded.
INFO - 2020-04-09 09:05:38 --> Session: Class initialized using 'CodeIgniter\Session\Handlers\FileHandler' driver.
INFO - 2020-04-09 09:05:38 --> Controller "App\Controllers\Order" loaded.
INFO - 2020-04-09 09:05:38 --> Session: Class initialized using 'CodeIgniter\Session\Handlers\FileHandler' driver.
INFO - 2020-04-09 09:05:38 --> Controller "App\Controllers\Order" loaded.
INFO - 2020-04-09 09:05:38 --> Session: Class initialized using 'CodeIgniter\Session\Handlers\FileHandler' driver.
INFO - 2020-04-09 09:05:38 --> Controller "App\Controllers\Order" loaded.
INFO - 2020-04-09 09:05:38 --> Session: Class initialized using 'CodeIgniter\Session\Handlers\FileHandler' driver.
INFO - 2020-04-09 09:05:38 --> Controller "App\Controllers\Order" loaded.
INFO - 2020-04-09 09:05:53 --> Session: Class initialized using 'CodeIgniter\Session\Handlers\FileHandler' driver.
INFO - 2020-04-09 09:05:53 --> Controller "App\Controllers\Order" loaded.
INFO - 2020-04-09 09:06:00 --> Session: Class initialized using 'CodeIgniter\Session\Handlers\FileHandler' driver.
INFO - 2020-04-09 09:06:00 --> Controller "App\Controllers\Order" loaded.
INFO - 2020-04-09 09:06:00 --> Session: Class initialized using 'CodeIgniter\Session\Handlers\FileHandler' driver.
INFO - 2020-04-09 09:06:00 --> Controller "App\Controllers\Order" loaded.
INFO - 2020-04-09 09:06:00 --> Session: Class initialized using 'CodeIgniter\Session\Handlers\FileHandler' driver.
INFO - 2020-04-09 09:06:00 --> Controller "App\Controllers\Order" loaded.
INFO - 2020-04-09 09:06:00 --> Session: Class initialized using 'CodeIgniter\Session\Handlers\FileHandler' driver.
INFO - 2020-04-09 09:06:00 --> Controller "App\Controllers\Order" loaded.
INFO - 2020-04-09 09:06:00 --> Session: Class initialized using 'CodeIgniter\Session\Handlers\FileHandler' driver.
INFO - 2020-04-09 09:06:00 --> Controller "App\Controllers\Order" loaded.
INFO - 2020-04-09 09:06:02 --> Session: Class initialized using 'CodeIgniter\Session\Handlers\FileHandler' driver.
INFO - 2020-04-09 09:06:02 --> Controller "App\Controllers\Order" loaded.
INFO - 2020-04-09 09:06:33 --> Session: Class initialized using 'CodeIgniter\Session\Handlers\FileHandler' driver.
INFO - 2020-04-09 09:06:33 --> Controller "App\Controllers\Order" loaded.
INFO - 2020-04-09 09:08:40 --> Session: Class initialized using 'CodeIgniter\Session\Handlers\FileHandler' driver.
INFO - 2020-04-09 09:08:40 --> Controller "App\Controllers\Order" loaded.
INFO - 2020-04-09 09:08:41 --> Session: Class initialized using 'CodeIgniter\Session\Handlers\FileHandler' driver.
INFO - 2020-04-09 09:08:41 --> Controller "App\Controllers\Order" loaded.
INFO - 2020-04-09 09:08:41 --> Session: Class initialized using 'CodeIgniter\Session\Handlers\FileHandler' driver.
INFO - 2020-04-09 09:08:41 --> Controller "App\Controllers\Order" loaded.
INFO - 2020-04-09 09:08:41 --> Session: Class initialized using 'CodeIgniter\Session\Handlers\FileHandler' driver.
INFO - 2020-04-09 09:08:41 --> Controller "App\Controllers\Order" loaded.
INFO - 2020-04-09 09:08:41 --> Session: Class initialized using 'CodeIgniter\Session\Handlers\FileHandler' driver.
INFO - 2020-04-09 09:08:41 --> Controller "App\Controllers\Order" loaded.
INFO - 2020-04-09 09:08:44 --> Session: Class initialized using 'CodeIgniter\Session\Handlers\FileHandler' driver.
INFO - 2020-04-09 09:08:44 --> Controller "App\Controllers\Order" loaded.
INFO - 2020-04-09 09:08:57 --> Session: Class initialized using 'CodeIgniter\Session\Handlers\FileHandler' driver.
INFO - 2020-04-09 09:08:57 --> Controller "App\Controllers\Order" loaded.
INFO - 2020-04-09 09:09:03 --> Session: Class initialized using 'CodeIgniter\Session\Handlers\FileHandler' driver.
INFO - 2020-04-09 09:09:03 --> Controller "App\Controllers\Order" loaded.
CRITICAL - 2020-04-09 09:09:03 --> unlink(rev/hehe//album.png): No such file or directory
#0 [internal function]: CodeIgniter\Debug\Exceptions->errorHandler(2, 'unlink(rev/hehe...', '/var/www/html/a...', 311, Array)
#1 /var/www/html/akadku/home/app/Controllers/Order.php(311): unlink('rev/hehe//album...')
#2 /var/www/html/akadku/home/system/CodeIgniter.php(910): App\Controllers\Order->del()
#3 /var/www/html/akadku/home/system/CodeIgniter.php(398): CodeIgniter\CodeIgniter->runController(Object(App\Controllers\Order))
#4 /var/www/html/akadku/home/system/CodeIgniter.php(306): CodeIgniter\CodeIgniter->handleRequest(NULL, Object(Config\Cache), false)
#5 /var/www/html/akadku/home/index.php(45): CodeIgniter\CodeIgniter->run()
#6 {main}
INFO - 2020-04-09 09:11:54 --> Session: Class initialized using 'CodeIgniter\Session\Handlers\FileHandler' driver.
INFO - 2020-04-09 09:11:54 --> Controller "App\Controllers\Order" loaded.
INFO - 2020-04-09 09:11:54 --> Session: Class initialized using 'CodeIgniter\Session\Handlers\FileHandler' driver.
INFO - 2020-04-09 09:11:54 --> Controller "App\Controllers\Order" loaded.
INFO - 2020-04-09 09:15:00 --> Session: Class initialized using 'CodeIgniter\Session\Handlers\FileHandler' driver.
INFO - 2020-04-09 09:15:00 --> Controller "App\Controllers\Order" loaded.
INFO - 2020-04-09 09:15:03 --> Session: Class initialized using 'CodeIgniter\Session\Handlers\FileHandler' driver.
INFO - 2020-04-09 09:15:03 --> Controller "App\Controllers\Order" loaded.
INFO - 2020-04-09 09:15:09 --> Session: Class initialized using 'CodeIgniter\Session\Handlers\FileHandler' driver.
INFO - 2020-04-09 09:15:09 --> Controller "App\Controllers\Order" loaded.
INFO - 2020-04-09 09:15:10 --> Session: Class initialized using 'CodeIgniter\Session\Handlers\FileHandler' driver.
INFO - 2020-04-09 09:15:10 --> Controller "App\Controllers\Order" loaded.
INFO - 2020-04-09 09:15:15 --> Session: Class initialized using 'CodeIgniter\Session\Handlers\FileHandler' driver.
INFO - 2020-04-09 09:15:15 --> Controller "App\Controllers\Order" loaded.
INFO - 2020-04-09 09:17:58 --> Session: Class initialized using 'CodeIgniter\Session\Handlers\FileHandler' driver.
INFO - 2020-04-09 09:17:58 --> Controller "App\Controllers\Order" loaded.
INFO - 2020-04-09 22:50:36 --> Session: Class initialized using 'CodeIgniter\Session\Handlers\FileHandler' driver.
INFO - 2020-04-09 22:50:36 --> Controller "App\Controllers\Order" loaded.
INFO - 2020-04-09 22:50:36 --> Session: Class initialized using 'CodeIgniter\Session\Handlers\FileHandler' driver.
INFO - 2020-04-09 22:50:36 --> Controller "App\Controllers\Order" loaded.
INFO - 2020-04-09 22:50:50 --> Session: Class initialized using 'CodeIgniter\Session\Handlers\FileHandler' driver.
INFO - 2020-04-09 22:50:50 --> Controller "App\Controllers\Order" loaded.
INFO - 2020-04-09 22:50:51 --> Session: Class initialized using 'CodeIgniter\Session\Handlers\FileHandler' driver.
INFO - 2020-04-09 22:50:51 --> Controller "App\Controllers\Order" loaded.
INFO - 2020-04-09 22:50:51 --> Session: Class initialized using 'CodeIgniter\Session\Handlers\FileHandler' driver.
INFO - 2020-04-09 22:50:51 --> Controller "App\Controllers\Order" loaded.
INFO - 2020-04-09 22:50:58 --> Session: Class initialized using 'CodeIgniter\Session\Handlers\FileHandler' driver.
INFO - 2020-04-09 22:50:58 --> Controller "App\Controllers\Order" loaded.
INFO - 2020-04-09 22:51:08 --> Session: Class initialized using 'CodeIgniter\Session\Handlers\FileHandler' driver.
INFO - 2020-04-09 22:51:08 --> Controller "App\Controllers\Order" loaded.
INFO - 2020-04-09 22:51:17 --> Session: Class initialized using 'CodeIgniter\Session\Handlers\FileHandler' driver.
INFO - 2020-04-09 22:51:17 --> Controller "App\Controllers\Order" loaded.
INFO - 2020-04-09 22:51:31 --> Session: Class initialized using 'CodeIgniter\Session\Handlers\FileHandler' driver.
INFO - 2020-04-09 22:51:31 --> Controller "App\Controllers\Order" loaded.
INFO - 2020-04-09 22:51:40 --> Session: Class initialized using 'CodeIgniter\Session\Handlers\FileHandler' driver.
INFO - 2020-04-09 22:51:40 --> Controller "App\Controllers\Order" loaded.
INFO - 2020-04-09 22:51:40 --> Session: Class initialized using 'CodeIgniter\Session\Handlers\FileHandler' driver.
INFO - 2020-04-09 22:51:40 --> Controller "App\Controllers\Order" loaded.
INFO - 2020-04-09 22:51:40 --> Session: Class initialized using 'CodeIgniter\Session\Handlers\FileHandler' driver.
INFO - 2020-04-09 22:51:40 --> Controller "App\Controllers\Order" loaded.
INFO - 2020-04-09 22:51:40 --> Session: Class initialized using 'CodeIgniter\Session\Handlers\FileHandler' driver.
INFO - 2020-04-09 22:51:40 --> Controller "App\Controllers\Order" loaded.
INFO - 2020-04-09 22:51:40 --> Session: Class initialized using 'CodeIgniter\Session\Handlers\FileHandler' driver.
INFO - 2020-04-09 22:51:40 --> Controller "App\Controllers\Order" loaded.
INFO - 2020-04-09 22:51:40 --> Session: Class initialized using 'CodeIgniter\Session\Handlers\FileHandler' driver.
INFO - 2020-04-09 22:51:40 --> Controller "App\Controllers\Order" loaded.
INFO - 2020-04-09 22:51:41 --> Session: Class initialized using 'CodeIgniter\Session\Handlers\FileHandler' driver.
INFO - 2020-04-09 22:51:41 --> Controller "App\Controllers\Order" loaded.
INFO - 2020-04-09 22:51:44 --> Session: Class initialized using 'CodeIgniter\Session\Handlers\FileHandler' driver.
INFO - 2020-04-09 22:51:44 --> Controller "App\Controllers\Order" loaded.
INFO - 2020-04-09 22:52:49 --> Session: Class initialized using 'CodeIgniter\Session\Handlers\FileHandler' driver.
INFO - 2020-04-09 22:52:49 --> Controller "App\Controllers\Order" loaded.
INFO - 2020-04-09 22:57:10 --> Session: Class initialized using 'CodeIgniter\Session\Handlers\FileHandler' driver.
INFO - 2020-04-09 22:57:10 --> Controller "App\Controllers\Order" loaded.
INFO - 2020-04-09 23:14:04 --> Session: Class initialized using 'CodeIgniter\Session\Handlers\FileHandler' driver.
INFO - 2020-04-09 23:14:04 --> Controller "App\Controllers\Order" loaded.
INFO - 2020-04-09 23:14:19 --> Session: Class initialized using 'CodeIgniter\Session\Handlers\FileHandler' driver.
INFO - 2020-04-09 23:14:19 --> Controller "App\Controllers\Order" loaded.
INFO - 2020-04-09 23:14:19 --> Session: Class initialized using 'CodeIgniter\Session\Handlers\FileHandler' driver.
INFO - 2020-04-09 23:14:19 --> Controller "App\Controllers\Order" loaded.
INFO - 2020-04-09 23:14:33 --> Session: Class initialized using 'CodeIgniter\Session\Handlers\FileHandler' driver.
INFO - 2020-04-09 23:14:33 --> Controller "App\Controllers\Order" loaded.
INFO - 2020-04-09 23:15:17 --> Session: Class initialized using 'CodeIgniter\Session\Handlers\FileHandler' driver.
INFO - 2020-04-09 23:15:17 --> Controller "App\Controllers\Order" loaded.
INFO - 2020-04-09 23:16:22 --> Session: Class initialized using 'CodeIgniter\Session\Handlers\FileHandler' driver.
INFO - 2020-04-09 23:16:22 --> Controller "App\Controllers\Order" loaded.
INFO - 2020-04-09 23:19:44 --> Session: Class initialized using 'CodeIgniter\Session\Handlers\FileHandler' driver.
INFO - 2020-04-09 23:19:44 --> Controller "App\Controllers\Order" loaded.
INFO - 2020-04-09 23:20:59 --> Session: Class initialized using 'CodeIgniter\Session\Handlers\FileHandler' driver.
INFO - 2020-04-09 23:20:59 --> Controller "App\Controllers\Order" loaded.
INFO - 2020-04-09 23:21:14 --> Session: Class initialized using 'CodeIgniter\Session\Handlers\FileHandler' driver.
INFO - 2020-04-09 23:21:14 --> Controller "App\Controllers\Order" loaded.
INFO - 2020-04-09 23:21:14 --> Session: Class initialized using 'CodeIgniter\Session\Handlers\FileHandler' driver.
INFO - 2020-04-09 23:21:14 --> Controller "App\Controllers\Order" loaded.
INFO - 2020-04-09 23:21:14 --> Session: Class initialized using 'CodeIgniter\Session\Handlers\FileHandler' driver.
INFO - 2020-04-09 23:21:14 --> Controller "App\Controllers\Order" loaded.
INFO - 2020-04-09 23:21:15 --> Session: Class initialized using 'CodeIgniter\Session\Handlers\FileHandler' driver.
INFO - 2020-04-09 23:21:15 --> Controller "App\Controllers\Order" loaded.
INFO - 2020-04-09 23:21:15 --> Session: Class initialized using 'CodeIgniter\Session\Handlers\FileHandler' driver.
INFO - 2020-04-09 23:21:15 --> Controller "App\Controllers\Order" loaded.
INFO - 2020-04-09 23:21:15 --> Session: Class initialized using 'CodeIgniter\Session\Handlers\FileHandler' driver.
INFO - 2020-04-09 23:21:15 --> Controller "App\Controllers\Order" loaded.
CRITICAL - 2020-04-09 23:21:15 --> The original file is not a valid file.
#0 /var/www/html/akadku/home/system/HTTP/Files/UploadedFile.php(172): CodeIgniter\HTTP\Exceptions\HTTPException::forInvalidFile()
#1 /var/www/html/akadku/home/app/Controllers/Order.php(291): CodeIgniter\HTTP\Files\UploadedFile->move('rev/hehe/dummy_...', 'album6.png')
#2 /var/www/html/akadku/home/system/CodeIgniter.php(910): App\Controllers\Order->fileUpload()
#3 /var/www/html/akadku/home/system/CodeIgniter.php(398): CodeIgniter\CodeIgniter->runController(Object(App\Controllers\Order))
#4 /var/www/html/akadku/home/system/CodeIgniter.php(306): CodeIgniter\CodeIgniter->handleRequest(NULL, Object(Config\Cache), false)
#5 /var/www/html/akadku/home/index.php(45): CodeIgniter\CodeIgniter->run()
#6 {main}
INFO - 2020-04-09 23:21:17 --> Session: Class initialized using 'CodeIgniter\Session\Handlers\FileHandler' driver.
INFO - 2020-04-09 23:21:17 --> Controller "App\Controllers\Order" loaded.
INFO - 2020-04-09 23:21:17 --> Session: Class initialized using 'CodeIgniter\Session\Handlers\FileHandler' driver.
INFO - 2020-04-09 23:21:17 --> Controller "App\Controllers\Order" loaded.
INFO - 2020-04-09 23:21:24 --> Session: Class initialized using 'CodeIgniter\Session\Handlers\FileHandler' driver.
INFO - 2020-04-09 23:21:24 --> Controller "App\Controllers\Order" loaded.
INFO - 2020-04-09 23:21:24 --> Session: Class initialized using 'CodeIgniter\Session\Handlers\FileHandler' driver.
INFO - 2020-04-09 23:21:24 --> Controller "App\Controllers\Order" loaded.
INFO - 2020-04-09 23:21:25 --> Session: Class initialized using 'CodeIgniter\Session\Handlers\FileHandler' driver.
INFO - 2020-04-09 23:21:25 --> Controller "App\Controllers\Order" loaded.
INFO - 2020-04-09 23:21:25 --> Session: Class initialized using 'CodeIgniter\Session\Handlers\FileHandler' driver.
INFO - 2020-04-09 23:21:25 --> Controller "App\Controllers\Order" loaded.
INFO - 2020-04-09 23:21:26 --> Session: Class initialized using 'CodeIgniter\Session\Handlers\FileHandler' driver.
INFO - 2020-04-09 23:21:26 --> Controller "App\Controllers\Order" loaded.
INFO - 2020-04-09 23:21:26 --> Session: Class initialized using 'CodeIgniter\Session\Handlers\FileHandler' driver.
INFO - 2020-04-09 23:21:26 --> Controller "App\Controllers\Order" loaded.
INFO - 2020-04-09 23:21:27 --> Session: Class initialized using 'CodeIgniter\Session\Handlers\FileHandler' driver.
INFO - 2020-04-09 23:21:27 --> Controller "App\Controllers\Order" loaded.
INFO - 2020-04-09 23:22:17 --> Session: Class initialized using 'CodeIgniter\Session\Handlers\FileHandler' driver.
INFO - 2020-04-09 23:22:17 --> Controller "App\Controllers\Order" loaded.
INFO - 2020-04-09 23:22:17 --> Session: Class initialized using 'CodeIgniter\Session\Handlers\FileHandler' driver.
INFO - 2020-04-09 23:22:17 --> Controller "App\Controllers\Order" loaded.
INFO - 2020-04-09 23:22:17 --> Session: Class initialized using 'CodeIgniter\Session\Handlers\FileHandler' driver.
INFO - 2020-04-09 23:22:17 --> Controller "App\Controllers\Order" loaded.
INFO - 2020-04-09 23:22:17 --> Session: Class initialized using 'CodeIgniter\Session\Handlers\FileHandler' driver.
INFO - 2020-04-09 23:22:17 --> Controller "App\Controllers\Order" loaded.
INFO - 2020-04-09 23:22:17 --> Session: Class initialized using 'CodeIgniter\Session\Handlers\FileHandler' driver.
INFO - 2020-04-09 23:22:17 --> Controller "App\Controllers\Order" loaded.
INFO - 2020-04-09 23:22:17 --> Session: Class initialized using 'CodeIgniter\Session\Handlers\FileHandler' driver.
INFO - 2020-04-09 23:22:17 --> Controller "App\Controllers\Order" loaded.
INFO - 2020-04-09 23:22:17 --> Session: Class initialized using 'CodeIgniter\Session\Handlers\FileHandler' driver.
INFO - 2020-04-09 23:22:17 --> Controller "App\Controllers\Order" loaded.
INFO - 2020-04-09 23:22:18 --> Session: Class initialized using 'CodeIgniter\Session\Handlers\FileHandler' driver.
INFO - 2020-04-09 23:22:18 --> Controller "App\Controllers\Order" loaded.
INFO - 2020-04-09 23:22:20 --> Session: Class initialized using 'CodeIgniter\Session\Handlers\FileHandler' driver.
INFO - 2020-04-09 23:22:20 --> Controller "App\Controllers\Order" loaded.
