INFO - 2020-04-02 02:20:38 --> Session: Class initialized using 'CodeIgniter\Session\Handlers\FileHandler' driver.
INFO - 2020-04-02 02:20:38 --> Controller "App\Controllers\Order" loaded.
INFO - 2020-04-02 02:20:38 --> Session: Class initialized using 'CodeIgniter\Session\Handlers\FileHandler' driver.
INFO - 2020-04-02 02:20:38 --> Controller "App\Controllers\Order" loaded.
INFO - 2020-04-02 02:20:38 --> Session: Class initialized using 'CodeIgniter\Session\Handlers\FileHandler' driver.
INFO - 2020-04-02 02:20:38 --> Controller "App\Controllers\Order" loaded.
INFO - 2020-04-02 02:20:47 --> Session: Class initialized using 'CodeIgniter\Session\Handlers\FileHandler' driver.
INFO - 2020-04-02 02:20:47 --> Controller "App\Controllers\Order" loaded.
INFO - 2020-04-02 02:21:00 --> Session: Class initialized using 'CodeIgniter\Session\Handlers\FileHandler' driver.
INFO - 2020-04-02 02:21:00 --> Controller "App\Controllers\Order" loaded.
INFO - 2020-04-02 02:21:09 --> Session: Class initialized using 'CodeIgniter\Session\Handlers\FileHandler' driver.
INFO - 2020-04-02 02:21:09 --> Controller "App\Controllers\Order" loaded.
INFO - 2020-04-02 02:21:37 --> Session: Class initialized using 'CodeIgniter\Session\Handlers\FileHandler' driver.
INFO - 2020-04-02 02:21:37 --> Controller "App\Controllers\Order" loaded.
INFO - 2020-04-02 02:22:25 --> Session: Class initialized using 'CodeIgniter\Session\Handlers\FileHandler' driver.
INFO - 2020-04-02 02:22:25 --> Controller "App\Controllers\Order" loaded.
INFO - 2020-04-02 02:22:42 --> Session: Class initialized using 'CodeIgniter\Session\Handlers\FileHandler' driver.
INFO - 2020-04-02 02:22:42 --> Controller "App\Controllers\Order" loaded.
INFO - 2020-04-02 02:24:20 --> Session: Class initialized using 'CodeIgniter\Session\Handlers\FileHandler' driver.
INFO - 2020-04-02 02:24:20 --> Controller "App\Controllers\Order" loaded.
INFO - 2020-04-02 02:24:37 --> Session: Class initialized using 'CodeIgniter\Session\Handlers\FileHandler' driver.
INFO - 2020-04-02 02:24:37 --> Controller "App\Controllers\Order" loaded.
INFO - 2020-04-02 02:26:52 --> Session: Class initialized using 'CodeIgniter\Session\Handlers\FileHandler' driver.
INFO - 2020-04-02 02:26:52 --> Controller "App\Controllers\Order" loaded.
INFO - 2020-04-02 02:28:06 --> Session: Class initialized using 'CodeIgniter\Session\Handlers\FileHandler' driver.
INFO - 2020-04-02 02:28:06 --> Controller "App\Controllers\Order" loaded.
INFO - 2020-04-02 02:35:34 --> Session: Class initialized using 'CodeIgniter\Session\Handlers\FileHandler' driver.
INFO - 2020-04-02 02:35:34 --> Controller "App\Controllers\Order" loaded.
INFO - 2020-04-02 02:36:49 --> Session: Class initialized using 'CodeIgniter\Session\Handlers\FileHandler' driver.
INFO - 2020-04-02 02:36:49 --> Controller "App\Controllers\Order" loaded.
INFO - 2020-04-02 02:37:08 --> Session: Class initialized using 'CodeIgniter\Session\Handlers\FileHandler' driver.
INFO - 2020-04-02 02:37:08 --> Controller "App\Controllers\Order" loaded.
INFO - 2020-04-02 02:37:38 --> Session: Class initialized using 'CodeIgniter\Session\Handlers\FileHandler' driver.
INFO - 2020-04-02 02:37:38 --> Controller "App\Controllers\Order" loaded.
INFO - 2020-04-02 02:38:57 --> Session: Class initialized using 'CodeIgniter\Session\Handlers\FileHandler' driver.
INFO - 2020-04-02 02:38:57 --> Controller "App\Controllers\Order" loaded.
INFO - 2020-04-02 02:40:41 --> Session: Class initialized using 'CodeIgniter\Session\Handlers\FileHandler' driver.
INFO - 2020-04-02 02:40:41 --> Controller "App\Controllers\Order" loaded.
INFO - 2020-04-02 02:41:23 --> Session: Class initialized using 'CodeIgniter\Session\Handlers\FileHandler' driver.
INFO - 2020-04-02 02:41:23 --> Controller "App\Controllers\Order" loaded.
INFO - 2020-04-02 02:43:29 --> Session: Class initialized using 'CodeIgniter\Session\Handlers\FileHandler' driver.
INFO - 2020-04-02 02:43:29 --> Controller "App\Controllers\Order" loaded.
INFO - 2020-04-02 02:44:25 --> Session: Class initialized using 'CodeIgniter\Session\Handlers\FileHandler' driver.
INFO - 2020-04-02 02:44:25 --> Controller "App\Controllers\Order" loaded.
INFO - 2020-04-02 02:44:29 --> Session: Class initialized using 'CodeIgniter\Session\Handlers\FileHandler' driver.
INFO - 2020-04-02 02:44:29 --> Controller "App\Controllers\Order" loaded.
INFO - 2020-04-02 02:44:33 --> Session: Class initialized using 'CodeIgniter\Session\Handlers\FileHandler' driver.
INFO - 2020-04-02 02:44:33 --> Controller "App\Controllers\Order" loaded.
INFO - 2020-04-02 02:44:53 --> Session: Class initialized using 'CodeIgniter\Session\Handlers\FileHandler' driver.
INFO - 2020-04-02 02:44:53 --> Controller "App\Controllers\Order" loaded.
INFO - 2020-04-02 02:44:54 --> Session: Class initialized using 'CodeIgniter\Session\Handlers\FileHandler' driver.
INFO - 2020-04-02 02:44:54 --> Controller "App\Controllers\Order" loaded.
INFO - 2020-04-02 02:44:54 --> Session: Class initialized using 'CodeIgniter\Session\Handlers\FileHandler' driver.
INFO - 2020-04-02 02:44:54 --> Controller "App\Controllers\Order" loaded.
INFO - 2020-04-02 02:44:54 --> Session: Class initialized using 'CodeIgniter\Session\Handlers\FileHandler' driver.
INFO - 2020-04-02 02:44:54 --> Controller "App\Controllers\Order" loaded.
INFO - 2020-04-02 02:44:57 --> Session: Class initialized using 'CodeIgniter\Session\Handlers\FileHandler' driver.
INFO - 2020-04-02 02:44:57 --> Controller "App\Controllers\Order" loaded.
INFO - 2020-04-02 02:44:57 --> Session: Class initialized using 'CodeIgniter\Session\Handlers\FileHandler' driver.
INFO - 2020-04-02 02:44:57 --> Controller "App\Controllers\Order" loaded.
INFO - 2020-04-02 02:44:57 --> Session: Class initialized using 'CodeIgniter\Session\Handlers\FileHandler' driver.
INFO - 2020-04-02 02:44:57 --> Controller "App\Controllers\Order" loaded.
INFO - 2020-04-02 02:44:58 --> Session: Class initialized using 'CodeIgniter\Session\Handlers\FileHandler' driver.
INFO - 2020-04-02 02:44:58 --> Controller "App\Controllers\Order" loaded.
INFO - 2020-04-02 02:45:00 --> Session: Class initialized using 'CodeIgniter\Session\Handlers\FileHandler' driver.
INFO - 2020-04-02 02:45:00 --> Controller "App\Controllers\Order" loaded.
INFO - 2020-04-02 02:45:00 --> Session: Class initialized using 'CodeIgniter\Session\Handlers\FileHandler' driver.
INFO - 2020-04-02 02:45:00 --> Controller "App\Controllers\Order" loaded.
INFO - 2020-04-02 02:45:00 --> Session: Class initialized using 'CodeIgniter\Session\Handlers\FileHandler' driver.
INFO - 2020-04-02 02:45:00 --> Controller "App\Controllers\Order" loaded.
INFO - 2020-04-02 02:45:01 --> Session: Class initialized using 'CodeIgniter\Session\Handlers\FileHandler' driver.
INFO - 2020-04-02 02:45:01 --> Controller "App\Controllers\Order" loaded.
INFO - 2020-04-02 02:45:01 --> Session: Class initialized using 'CodeIgniter\Session\Handlers\FileHandler' driver.
INFO - 2020-04-02 02:45:01 --> Controller "App\Controllers\Order" loaded.
INFO - 2020-04-02 02:45:01 --> Session: Class initialized using 'CodeIgniter\Session\Handlers\FileHandler' driver.
INFO - 2020-04-02 02:45:01 --> Controller "App\Controllers\Order" loaded.
INFO - 2020-04-02 02:45:12 --> Session: Class initialized using 'CodeIgniter\Session\Handlers\FileHandler' driver.
INFO - 2020-04-02 02:45:12 --> Controller "App\Controllers\Order" loaded.
INFO - 2020-04-02 02:45:12 --> Session: Class initialized using 'CodeIgniter\Session\Handlers\FileHandler' driver.
INFO - 2020-04-02 02:45:12 --> Controller "App\Controllers\Order" loaded.
INFO - 2020-04-02 02:45:12 --> Session: Class initialized using 'CodeIgniter\Session\Handlers\FileHandler' driver.
INFO - 2020-04-02 02:45:12 --> Controller "App\Controllers\Order" loaded.
INFO - 2020-04-02 03:26:15 --> Session: Class initialized using 'CodeIgniter\Session\Handlers\FileHandler' driver.
INFO - 2020-04-02 03:26:15 --> Controller "App\Controllers\Order" loaded.
INFO - 2020-04-02 03:26:18 --> Session: Class initialized using 'CodeIgniter\Session\Handlers\FileHandler' driver.
INFO - 2020-04-02 03:26:18 --> Controller "App\Controllers\Order" loaded.
INFO - 2020-04-02 03:26:20 --> Session: Class initialized using 'CodeIgniter\Session\Handlers\FileHandler' driver.
INFO - 2020-04-02 03:26:20 --> Controller "App\Controllers\Order" loaded.
INFO - 2020-04-02 03:26:23 --> Session: Class initialized using 'CodeIgniter\Session\Handlers\FileHandler' driver.
INFO - 2020-04-02 03:26:23 --> Controller "App\Controllers\Order" loaded.
INFO - 2020-04-02 03:26:25 --> Session: Class initialized using 'CodeIgniter\Session\Handlers\FileHandler' driver.
INFO - 2020-04-02 03:26:25 --> Controller "App\Controllers\Order" loaded.
INFO - 2020-04-02 03:26:29 --> Session: Class initialized using 'CodeIgniter\Session\Handlers\FileHandler' driver.
INFO - 2020-04-02 03:26:29 --> Controller "App\Controllers\Order" loaded.
INFO - 2020-04-02 03:27:09 --> Session: Class initialized using 'CodeIgniter\Session\Handlers\FileHandler' driver.
INFO - 2020-04-02 03:27:09 --> Controller "App\Controllers\Order" loaded.
INFO - 2020-04-02 03:28:43 --> Session: Class initialized using 'CodeIgniter\Session\Handlers\FileHandler' driver.
INFO - 2020-04-02 03:28:43 --> Controller "App\Controllers\Order" loaded.
INFO - 2020-04-02 03:28:57 --> Session: Class initialized using 'CodeIgniter\Session\Handlers\FileHandler' driver.
INFO - 2020-04-02 03:28:57 --> Controller "App\Controllers\Order" loaded.
INFO - 2020-04-02 03:29:13 --> Session: Class initialized using 'CodeIgniter\Session\Handlers\FileHandler' driver.
INFO - 2020-04-02 03:29:13 --> Controller "App\Controllers\Order" loaded.
INFO - 2020-04-02 03:29:39 --> Session: Class initialized using 'CodeIgniter\Session\Handlers\FileHandler' driver.
INFO - 2020-04-02 03:29:39 --> Controller "App\Controllers\Order" loaded.
INFO - 2020-04-02 03:30:04 --> Session: Class initialized using 'CodeIgniter\Session\Handlers\FileHandler' driver.
INFO - 2020-04-02 03:30:04 --> Controller "App\Controllers\Order" loaded.
INFO - 2020-04-02 03:33:02 --> Session: Class initialized using 'CodeIgniter\Session\Handlers\FileHandler' driver.
INFO - 2020-04-02 03:33:02 --> Controller "App\Controllers\Order" loaded.
INFO - 2020-04-02 03:33:02 --> Session: Class initialized using 'CodeIgniter\Session\Handlers\FileHandler' driver.
INFO - 2020-04-02 03:33:02 --> Controller "App\Controllers\Order" loaded.
INFO - 2020-04-02 03:33:05 --> Session: Class initialized using 'CodeIgniter\Session\Handlers\FileHandler' driver.
INFO - 2020-04-02 03:33:05 --> Controller "App\Controllers\Order" loaded.
INFO - 2020-04-02 03:33:05 --> Session: Class initialized using 'CodeIgniter\Session\Handlers\FileHandler' driver.
INFO - 2020-04-02 03:33:05 --> Controller "App\Controllers\Order" loaded.
INFO - 2020-04-02 03:33:07 --> Session: Class initialized using 'CodeIgniter\Session\Handlers\FileHandler' driver.
INFO - 2020-04-02 03:33:07 --> Controller "App\Controllers\Order" loaded.
INFO - 2020-04-02 03:33:07 --> Session: Class initialized using 'CodeIgniter\Session\Handlers\FileHandler' driver.
INFO - 2020-04-02 03:33:07 --> Controller "App\Controllers\Order" loaded.
INFO - 2020-04-02 03:43:08 --> Session: Class initialized using 'CodeIgniter\Session\Handlers\FileHandler' driver.
INFO - 2020-04-02 03:43:08 --> Controller "App\Controllers\Order" loaded.
INFO - 2020-04-02 03:43:12 --> Session: Class initialized using 'CodeIgniter\Session\Handlers\FileHandler' driver.
INFO - 2020-04-02 03:43:12 --> Controller "App\Controllers\Order" loaded.
INFO - 2020-04-02 03:45:13 --> Session: Class initialized using 'CodeIgniter\Session\Handlers\FileHandler' driver.
INFO - 2020-04-02 03:45:13 --> Controller "App\Controllers\Order" loaded.
INFO - 2020-04-02 03:45:36 --> Session: Class initialized using 'CodeIgniter\Session\Handlers\FileHandler' driver.
INFO - 2020-04-02 03:45:36 --> Controller "App\Controllers\Order" loaded.
INFO - 2020-04-02 03:49:07 --> Session: Class initialized using 'CodeIgniter\Session\Handlers\FileHandler' driver.
INFO - 2020-04-02 03:49:07 --> Controller "App\Controllers\Order" loaded.
INFO - 2020-04-02 03:49:15 --> Session: Class initialized using 'CodeIgniter\Session\Handlers\FileHandler' driver.
INFO - 2020-04-02 03:49:15 --> Controller "App\Controllers\Order" loaded.
INFO - 2020-04-02 03:50:13 --> Session: Class initialized using 'CodeIgniter\Session\Handlers\FileHandler' driver.
INFO - 2020-04-02 03:50:13 --> Controller "App\Controllers\Order" loaded.
INFO - 2020-04-02 03:50:15 --> Session: Class initialized using 'CodeIgniter\Session\Handlers\FileHandler' driver.
INFO - 2020-04-02 03:50:15 --> Controller "App\Controllers\Order" loaded.
INFO - 2020-04-02 03:50:52 --> Session: Class initialized using 'CodeIgniter\Session\Handlers\FileHandler' driver.
INFO - 2020-04-02 03:50:52 --> Controller "App\Controllers\Order" loaded.
CRITICAL - 2020-04-02 04:41:06 --> syntax error, unexpected '$value' (T_VARIABLE), expecting ',' or ';'
#0 /var/www/html/akadku/home/system/Autoloader/Autoloader.php(296): CodeIgniter\Autoloader\Autoloader->requireFile('/var/www/html/a...')
#1 /var/www/html/akadku/home/system/Autoloader/Autoloader.php(258): CodeIgniter\Autoloader\Autoloader->loadInNamespace('App\\Controllers...')
#2 [internal function]: CodeIgniter\Autoloader\Autoloader->loadClass('App\\Controllers...')
#3 [internal function]: spl_autoload_call('App\\Controllers...')
#4 /var/www/html/akadku/home/system/CodeIgniter.php(861): class_exists('\\App\\Controller...', true)
#5 /var/www/html/akadku/home/system/CodeIgniter.php(388): CodeIgniter\CodeIgniter->startController()
#6 /var/www/html/akadku/home/system/CodeIgniter.php(306): CodeIgniter\CodeIgniter->handleRequest(NULL, Object(Config\Cache), false)
#7 /var/www/html/akadku/home/index.php(45): CodeIgniter\CodeIgniter->run()
#8 {main}
CRITICAL - 2020-04-02 04:42:03 --> syntax error, unexpected '$value' (T_VARIABLE), expecting ',' or ';'
#0 /var/www/html/akadku/home/system/Autoloader/Autoloader.php(296): CodeIgniter\Autoloader\Autoloader->requireFile('/var/www/html/a...')
#1 /var/www/html/akadku/home/system/Autoloader/Autoloader.php(258): CodeIgniter\Autoloader\Autoloader->loadInNamespace('App\\Controllers...')
#2 [internal function]: CodeIgniter\Autoloader\Autoloader->loadClass('App\\Controllers...')
#3 [internal function]: spl_autoload_call('App\\Controllers...')
#4 /var/www/html/akadku/home/system/CodeIgniter.php(861): class_exists('\\App\\Controller...', true)
#5 /var/www/html/akadku/home/system/CodeIgniter.php(388): CodeIgniter\CodeIgniter->startController()
#6 /var/www/html/akadku/home/system/CodeIgniter.php(306): CodeIgniter\CodeIgniter->handleRequest(NULL, Object(Config\Cache), false)
#7 /var/www/html/akadku/home/index.php(45): CodeIgniter\CodeIgniter->run()
#8 {main}
CRITICAL - 2020-04-02 04:42:06 --> syntax error, unexpected '$value' (T_VARIABLE), expecting ',' or ';'
#0 /var/www/html/akadku/home/system/Autoloader/Autoloader.php(296): CodeIgniter\Autoloader\Autoloader->requireFile('/var/www/html/a...')
#1 /var/www/html/akadku/home/system/Autoloader/Autoloader.php(258): CodeIgniter\Autoloader\Autoloader->loadInNamespace('App\\Controllers...')
#2 [internal function]: CodeIgniter\Autoloader\Autoloader->loadClass('App\\Controllers...')
#3 [internal function]: spl_autoload_call('App\\Controllers...')
#4 /var/www/html/akadku/home/system/CodeIgniter.php(861): class_exists('\\App\\Controller...', true)
#5 /var/www/html/akadku/home/system/CodeIgniter.php(388): CodeIgniter\CodeIgniter->startController()
#6 /var/www/html/akadku/home/system/CodeIgniter.php(306): CodeIgniter\CodeIgniter->handleRequest(NULL, Object(Config\Cache), false)
#7 /var/www/html/akadku/home/index.php(45): CodeIgniter\CodeIgniter->run()
#8 {main}
CRITICAL - 2020-04-02 04:42:07 --> syntax error, unexpected '$value' (T_VARIABLE), expecting ',' or ';'
#0 /var/www/html/akadku/home/system/Autoloader/Autoloader.php(296): CodeIgniter\Autoloader\Autoloader->requireFile('/var/www/html/a...')
#1 /var/www/html/akadku/home/system/Autoloader/Autoloader.php(258): CodeIgniter\Autoloader\Autoloader->loadInNamespace('App\\Controllers...')
#2 [internal function]: CodeIgniter\Autoloader\Autoloader->loadClass('App\\Controllers...')
#3 [internal function]: spl_autoload_call('App\\Controllers...')
#4 /var/www/html/akadku/home/system/CodeIgniter.php(861): class_exists('\\App\\Controller...', true)
#5 /var/www/html/akadku/home/system/CodeIgniter.php(388): CodeIgniter\CodeIgniter->startController()
#6 /var/www/html/akadku/home/system/CodeIgniter.php(306): CodeIgniter\CodeIgniter->handleRequest(NULL, Object(Config\Cache), false)
#7 /var/www/html/akadku/home/index.php(45): CodeIgniter\CodeIgniter->run()
#8 {main}
CRITICAL - 2020-04-02 04:42:12 --> syntax error, unexpected '$value' (T_VARIABLE), expecting ',' or ';'
#0 /var/www/html/akadku/home/system/Autoloader/Autoloader.php(296): CodeIgniter\Autoloader\Autoloader->requireFile('/var/www/html/a...')
#1 /var/www/html/akadku/home/system/Autoloader/Autoloader.php(258): CodeIgniter\Autoloader\Autoloader->loadInNamespace('App\\Controllers...')
#2 [internal function]: CodeIgniter\Autoloader\Autoloader->loadClass('App\\Controllers...')
#3 [internal function]: spl_autoload_call('App\\Controllers...')
#4 /var/www/html/akadku/home/system/CodeIgniter.php(861): class_exists('\\App\\Controller...', true)
#5 /var/www/html/akadku/home/system/CodeIgniter.php(388): CodeIgniter\CodeIgniter->startController()
#6 /var/www/html/akadku/home/system/CodeIgniter.php(306): CodeIgniter\CodeIgniter->handleRequest(NULL, Object(Config\Cache), false)
#7 /var/www/html/akadku/home/index.php(45): CodeIgniter\CodeIgniter->run()
#8 {main}
CRITICAL - 2020-04-02 04:42:39 --> syntax error, unexpected '$value' (T_VARIABLE), expecting ',' or ';'
#0 /var/www/html/akadku/home/system/Autoloader/Autoloader.php(296): CodeIgniter\Autoloader\Autoloader->requireFile('/var/www/html/a...')
#1 /var/www/html/akadku/home/system/Autoloader/Autoloader.php(258): CodeIgniter\Autoloader\Autoloader->loadInNamespace('App\\Controllers...')
#2 [internal function]: CodeIgniter\Autoloader\Autoloader->loadClass('App\\Controllers...')
#3 [internal function]: spl_autoload_call('App\\Controllers...')
#4 /var/www/html/akadku/home/system/CodeIgniter.php(861): class_exists('\\App\\Controller...', true)
#5 /var/www/html/akadku/home/system/CodeIgniter.php(388): CodeIgniter\CodeIgniter->startController()
#6 /var/www/html/akadku/home/system/CodeIgniter.php(306): CodeIgniter\CodeIgniter->handleRequest(NULL, Object(Config\Cache), false)
#7 /var/www/html/akadku/home/index.php(45): CodeIgniter\CodeIgniter->run()
#8 {main}
CRITICAL - 2020-04-02 04:42:41 --> syntax error, unexpected '$value' (T_VARIABLE), expecting ',' or ';'
#0 /var/www/html/akadku/home/system/Autoloader/Autoloader.php(296): CodeIgniter\Autoloader\Autoloader->requireFile('/var/www/html/a...')
#1 /var/www/html/akadku/home/system/Autoloader/Autoloader.php(258): CodeIgniter\Autoloader\Autoloader->loadInNamespace('App\\Controllers...')
#2 [internal function]: CodeIgniter\Autoloader\Autoloader->loadClass('App\\Controllers...')
#3 [internal function]: spl_autoload_call('App\\Controllers...')
#4 /var/www/html/akadku/home/system/CodeIgniter.php(861): class_exists('\\App\\Controller...', true)
#5 /var/www/html/akadku/home/system/CodeIgniter.php(388): CodeIgniter\CodeIgniter->startController()
#6 /var/www/html/akadku/home/system/CodeIgniter.php(306): CodeIgniter\CodeIgniter->handleRequest(NULL, Object(Config\Cache), false)
#7 /var/www/html/akadku/home/index.php(45): CodeIgniter\CodeIgniter->run()
#8 {main}
CRITICAL - 2020-04-02 04:42:45 --> syntax error, unexpected '$value' (T_VARIABLE), expecting ',' or ';'
#0 /var/www/html/akadku/home/system/Autoloader/Autoloader.php(296): CodeIgniter\Autoloader\Autoloader->requireFile('/var/www/html/a...')
#1 /var/www/html/akadku/home/system/Autoloader/Autoloader.php(258): CodeIgniter\Autoloader\Autoloader->loadInNamespace('App\\Controllers...')
#2 [internal function]: CodeIgniter\Autoloader\Autoloader->loadClass('App\\Controllers...')
#3 [internal function]: spl_autoload_call('App\\Controllers...')
#4 /var/www/html/akadku/home/system/CodeIgniter.php(861): class_exists('\\App\\Controller...', true)
#5 /var/www/html/akadku/home/system/CodeIgniter.php(388): CodeIgniter\CodeIgniter->startController()
#6 /var/www/html/akadku/home/system/CodeIgniter.php(306): CodeIgniter\CodeIgniter->handleRequest(NULL, Object(Config\Cache), false)
#7 /var/www/html/akadku/home/index.php(45): CodeIgniter\CodeIgniter->run()
#8 {main}
INFO - 2020-04-02 04:43:17 --> Session: Class initialized using 'CodeIgniter\Session\Handlers\FileHandler' driver.
INFO - 2020-04-02 04:43:17 --> Controller "App\Controllers\Order" loaded.
INFO - 2020-04-02 04:43:23 --> Session: Class initialized using 'CodeIgniter\Session\Handlers\FileHandler' driver.
INFO - 2020-04-02 04:43:23 --> Controller "App\Controllers\Order" loaded.
INFO - 2020-04-02 04:43:26 --> Session: Class initialized using 'CodeIgniter\Session\Handlers\FileHandler' driver.
INFO - 2020-04-02 04:43:26 --> Controller "App\Controllers\Order" loaded.
INFO - 2020-04-02 04:43:30 --> Session: Class initialized using 'CodeIgniter\Session\Handlers\FileHandler' driver.
INFO - 2020-04-02 04:43:30 --> Controller "App\Controllers\Order" loaded.
INFO - 2020-04-02 04:43:35 --> Session: Class initialized using 'CodeIgniter\Session\Handlers\FileHandler' driver.
INFO - 2020-04-02 04:43:35 --> Controller "App\Controllers\Order" loaded.
INFO - 2020-04-02 04:43:35 --> Session: Class initialized using 'CodeIgniter\Session\Handlers\FileHandler' driver.
INFO - 2020-04-02 04:43:35 --> Controller "App\Controllers\Order" loaded.
CRITICAL - 2020-04-02 04:46:08 --> syntax error, unexpected '$value' (T_VARIABLE), expecting ',' or ';'
#0 /var/www/html/akadku/home/system/Autoloader/Autoloader.php(296): CodeIgniter\Autoloader\Autoloader->requireFile('/var/www/html/a...')
#1 /var/www/html/akadku/home/system/Autoloader/Autoloader.php(258): CodeIgniter\Autoloader\Autoloader->loadInNamespace('App\\Controllers...')
#2 [internal function]: CodeIgniter\Autoloader\Autoloader->loadClass('App\\Controllers...')
#3 [internal function]: spl_autoload_call('App\\Controllers...')
#4 /var/www/html/akadku/home/system/CodeIgniter.php(861): class_exists('\\App\\Controller...', true)
#5 /var/www/html/akadku/home/system/CodeIgniter.php(388): CodeIgniter\CodeIgniter->startController()
#6 /var/www/html/akadku/home/system/CodeIgniter.php(306): CodeIgniter\CodeIgniter->handleRequest(NULL, Object(Config\Cache), false)
#7 /var/www/html/akadku/home/index.php(45): CodeIgniter\CodeIgniter->run()
#8 {main}
INFO - 2020-04-02 04:46:36 --> Session: Class initialized using 'CodeIgniter\Session\Handlers\FileHandler' driver.
INFO - 2020-04-02 04:46:36 --> Controller "App\Controllers\Order" loaded.
INFO - 2020-04-02 04:46:54 --> Session: Class initialized using 'CodeIgniter\Session\Handlers\FileHandler' driver.
INFO - 2020-04-02 04:46:54 --> Controller "App\Controllers\Order" loaded.
INFO - 2020-04-02 04:47:17 --> Session: Class initialized using 'CodeIgniter\Session\Handlers\FileHandler' driver.
INFO - 2020-04-02 04:47:17 --> Controller "App\Controllers\Order" loaded.
INFO - 2020-04-02 04:47:28 --> Session: Class initialized using 'CodeIgniter\Session\Handlers\FileHandler' driver.
INFO - 2020-04-02 04:47:28 --> Controller "App\Controllers\Order" loaded.
INFO - 2020-04-02 04:48:12 --> Session: Class initialized using 'CodeIgniter\Session\Handlers\FileHandler' driver.
INFO - 2020-04-02 04:48:12 --> Controller "App\Controllers\Order" loaded.
INFO - 2020-04-02 04:48:31 --> Session: Class initialized using 'CodeIgniter\Session\Handlers\FileHandler' driver.
INFO - 2020-04-02 04:48:31 --> Controller "App\Controllers\Order" loaded.
INFO - 2020-04-02 04:48:34 --> Session: Class initialized using 'CodeIgniter\Session\Handlers\FileHandler' driver.
INFO - 2020-04-02 04:48:34 --> Controller "App\Controllers\Order" loaded.
CRITICAL - 2020-04-02 04:48:54 --> syntax error, unexpected '$noTanggal' (T_VARIABLE), expecting ',' or ';'
#0 /var/www/html/akadku/home/system/Autoloader/Autoloader.php(296): CodeIgniter\Autoloader\Autoloader->requireFile('/var/www/html/a...')
#1 /var/www/html/akadku/home/system/Autoloader/Autoloader.php(258): CodeIgniter\Autoloader\Autoloader->loadInNamespace('App\\Controllers...')
#2 [internal function]: CodeIgniter\Autoloader\Autoloader->loadClass('App\\Controllers...')
#3 [internal function]: spl_autoload_call('App\\Controllers...')
#4 /var/www/html/akadku/home/system/CodeIgniter.php(861): class_exists('\\App\\Controller...', true)
#5 /var/www/html/akadku/home/system/CodeIgniter.php(388): CodeIgniter\CodeIgniter->startController()
#6 /var/www/html/akadku/home/system/CodeIgniter.php(306): CodeIgniter\CodeIgniter->handleRequest(NULL, Object(Config\Cache), false)
#7 /var/www/html/akadku/home/index.php(45): CodeIgniter\CodeIgniter->run()
#8 {main}
INFO - 2020-04-02 04:49:12 --> Session: Class initialized using 'CodeIgniter\Session\Handlers\FileHandler' driver.
INFO - 2020-04-02 04:49:12 --> Controller "App\Controllers\Order" loaded.
INFO - 2020-04-02 04:49:32 --> Session: Class initialized using 'CodeIgniter\Session\Handlers\FileHandler' driver.
INFO - 2020-04-02 04:49:32 --> Controller "App\Controllers\Order" loaded.
INFO - 2020-04-02 04:49:46 --> Session: Class initialized using 'CodeIgniter\Session\Handlers\FileHandler' driver.
INFO - 2020-04-02 04:49:46 --> Controller "App\Controllers\Order" loaded.
INFO - 2020-04-02 04:49:52 --> Session: Class initialized using 'CodeIgniter\Session\Handlers\FileHandler' driver.
INFO - 2020-04-02 04:49:52 --> Controller "App\Controllers\Order" loaded.
INFO - 2020-04-02 04:49:52 --> Session: Class initialized using 'CodeIgniter\Session\Handlers\FileHandler' driver.
INFO - 2020-04-02 04:49:52 --> Controller "App\Controllers\Order" loaded.
INFO - 2020-04-02 04:50:27 --> Session: Class initialized using 'CodeIgniter\Session\Handlers\FileHandler' driver.
INFO - 2020-04-02 04:50:27 --> Controller "App\Controllers\Order" loaded.
INFO - 2020-04-02 04:54:40 --> Session: Class initialized using 'CodeIgniter\Session\Handlers\FileHandler' driver.
INFO - 2020-04-02 04:54:40 --> Controller "App\Controllers\Order" loaded.
INFO - 2020-04-02 04:54:48 --> Session: Class initialized using 'CodeIgniter\Session\Handlers\FileHandler' driver.
INFO - 2020-04-02 04:54:48 --> Controller "App\Controllers\Order" loaded.
INFO - 2020-04-02 04:54:59 --> Session: Class initialized using 'CodeIgniter\Session\Handlers\FileHandler' driver.
INFO - 2020-04-02 04:54:59 --> Controller "App\Controllers\Order" loaded.
INFO - 2020-04-02 04:55:31 --> Session: Class initialized using 'CodeIgniter\Session\Handlers\FileHandler' driver.
INFO - 2020-04-02 04:55:31 --> Controller "App\Controllers\Order" loaded.
INFO - 2020-04-02 04:55:37 --> Session: Class initialized using 'CodeIgniter\Session\Handlers\FileHandler' driver.
INFO - 2020-04-02 04:55:37 --> Controller "App\Controllers\Order" loaded.
INFO - 2020-04-02 04:55:41 --> Session: Class initialized using 'CodeIgniter\Session\Handlers\FileHandler' driver.
INFO - 2020-04-02 04:55:41 --> Controller "App\Controllers\Order" loaded.
INFO - 2020-04-02 04:59:19 --> Session: Class initialized using 'CodeIgniter\Session\Handlers\FileHandler' driver.
INFO - 2020-04-02 04:59:19 --> Controller "App\Controllers\Order" loaded.
INFO - 2020-04-02 04:59:21 --> Session: Class initialized using 'CodeIgniter\Session\Handlers\FileHandler' driver.
INFO - 2020-04-02 04:59:21 --> Controller "App\Controllers\Order" loaded.
INFO - 2020-04-02 04:59:32 --> Session: Class initialized using 'CodeIgniter\Session\Handlers\FileHandler' driver.
INFO - 2020-04-02 04:59:32 --> Controller "App\Controllers\Order" loaded.
INFO - 2020-04-02 04:59:34 --> Session: Class initialized using 'CodeIgniter\Session\Handlers\FileHandler' driver.
INFO - 2020-04-02 04:59:34 --> Controller "App\Controllers\Order" loaded.
INFO - 2020-04-02 04:59:34 --> Session: Class initialized using 'CodeIgniter\Session\Handlers\FileHandler' driver.
INFO - 2020-04-02 04:59:34 --> Controller "App\Controllers\Order" loaded.
INFO - 2020-04-02 04:59:42 --> Session: Class initialized using 'CodeIgniter\Session\Handlers\FileHandler' driver.
INFO - 2020-04-02 04:59:42 --> Controller "App\Controllers\Order" loaded.
INFO - 2020-04-02 05:11:35 --> Session: Class initialized using 'CodeIgniter\Session\Handlers\FileHandler' driver.
INFO - 2020-04-02 05:11:35 --> Controller "App\Controllers\Order" loaded.
INFO - 2020-04-02 05:11:35 --> Session: Class initialized using 'CodeIgniter\Session\Handlers\FileHandler' driver.
INFO - 2020-04-02 05:11:35 --> Controller "App\Controllers\Order" loaded.
INFO - 2020-04-02 05:12:21 --> Session: Class initialized using 'CodeIgniter\Session\Handlers\FileHandler' driver.
INFO - 2020-04-02 05:12:21 --> Controller "App\Controllers\Order" loaded.
INFO - 2020-04-02 05:13:06 --> Session: Class initialized using 'CodeIgniter\Session\Handlers\FileHandler' driver.
INFO - 2020-04-02 05:13:06 --> Controller "App\Controllers\Order" loaded.
INFO - 2020-04-02 05:13:19 --> Session: Class initialized using 'CodeIgniter\Session\Handlers\FileHandler' driver.
INFO - 2020-04-02 05:13:19 --> Controller "App\Controllers\Order" loaded.
INFO - 2020-04-02 05:13:23 --> Session: Class initialized using 'CodeIgniter\Session\Handlers\FileHandler' driver.
INFO - 2020-04-02 05:13:23 --> Controller "App\Controllers\Order" loaded.
INFO - 2020-04-02 05:13:23 --> Session: Class initialized using 'CodeIgniter\Session\Handlers\FileHandler' driver.
INFO - 2020-04-02 05:13:23 --> Controller "App\Controllers\Order" loaded.
INFO - 2020-04-02 05:13:55 --> Session: Class initialized using 'CodeIgniter\Session\Handlers\FileHandler' driver.
INFO - 2020-04-02 05:13:55 --> Controller "App\Controllers\Order" loaded.
INFO - 2020-04-02 05:14:34 --> Session: Class initialized using 'CodeIgniter\Session\Handlers\FileHandler' driver.
INFO - 2020-04-02 05:14:34 --> Controller "App\Controllers\Order" loaded.
INFO - 2020-04-02 05:14:54 --> Session: Class initialized using 'CodeIgniter\Session\Handlers\FileHandler' driver.
INFO - 2020-04-02 05:14:54 --> Controller "App\Controllers\Order" loaded.
INFO - 2020-04-02 05:15:46 --> Session: Class initialized using 'CodeIgniter\Session\Handlers\FileHandler' driver.
INFO - 2020-04-02 05:15:46 --> Controller "App\Controllers\Order" loaded.
INFO - 2020-04-02 05:16:41 --> Session: Class initialized using 'CodeIgniter\Session\Handlers\FileHandler' driver.
INFO - 2020-04-02 05:16:41 --> Controller "App\Controllers\Order" loaded.
INFO - 2020-04-02 05:17:22 --> Session: Class initialized using 'CodeIgniter\Session\Handlers\FileHandler' driver.
INFO - 2020-04-02 05:17:22 --> Controller "App\Controllers\Order" loaded.
INFO - 2020-04-02 05:17:40 --> Session: Class initialized using 'CodeIgniter\Session\Handlers\FileHandler' driver.
INFO - 2020-04-02 05:17:40 --> Controller "App\Controllers\Order" loaded.
INFO - 2020-04-02 05:18:09 --> Session: Class initialized using 'CodeIgniter\Session\Handlers\FileHandler' driver.
INFO - 2020-04-02 05:18:09 --> Controller "App\Controllers\Order" loaded.
INFO - 2020-04-02 05:20:44 --> Session: Class initialized using 'CodeIgniter\Session\Handlers\FileHandler' driver.
INFO - 2020-04-02 05:20:44 --> Controller "App\Controllers\Order" loaded.
INFO - 2020-04-02 05:20:57 --> Session: Class initialized using 'CodeIgniter\Session\Handlers\FileHandler' driver.
INFO - 2020-04-02 05:20:57 --> Controller "App\Controllers\Order" loaded.
INFO - 2020-04-02 05:21:15 --> Session: Class initialized using 'CodeIgniter\Session\Handlers\FileHandler' driver.
INFO - 2020-04-02 05:21:15 --> Controller "App\Controllers\Order" loaded.
INFO - 2020-04-02 05:21:19 --> Session: Class initialized using 'CodeIgniter\Session\Handlers\FileHandler' driver.
INFO - 2020-04-02 05:21:19 --> Controller "App\Controllers\Order" loaded.
INFO - 2020-04-02 05:21:19 --> Session: Class initialized using 'CodeIgniter\Session\Handlers\FileHandler' driver.
INFO - 2020-04-02 05:21:19 --> Controller "App\Controllers\Order" loaded.
INFO - 2020-04-02 05:22:45 --> Session: Class initialized using 'CodeIgniter\Session\Handlers\FileHandler' driver.
INFO - 2020-04-02 05:22:45 --> Controller "App\Controllers\Order" loaded.
INFO - 2020-04-02 05:24:25 --> Session: Class initialized using 'CodeIgniter\Session\Handlers\FileHandler' driver.
INFO - 2020-04-02 05:24:25 --> Controller "App\Controllers\Order" loaded.
INFO - 2020-04-02 05:24:41 --> Session: Class initialized using 'CodeIgniter\Session\Handlers\FileHandler' driver.
INFO - 2020-04-02 05:24:41 --> Controller "App\Controllers\Order" loaded.
INFO - 2020-04-02 05:24:44 --> Session: Class initialized using 'CodeIgniter\Session\Handlers\FileHandler' driver.
INFO - 2020-04-02 05:24:44 --> Controller "App\Controllers\Order" loaded.
INFO - 2020-04-02 05:24:44 --> Session: Class initialized using 'CodeIgniter\Session\Handlers\FileHandler' driver.
INFO - 2020-04-02 05:24:44 --> Controller "App\Controllers\Order" loaded.
INFO - 2020-04-02 05:29:37 --> Session: Class initialized using 'CodeIgniter\Session\Handlers\FileHandler' driver.
INFO - 2020-04-02 05:29:37 --> Controller "App\Controllers\Order" loaded.
INFO - 2020-04-02 05:29:59 --> Session: Class initialized using 'CodeIgniter\Session\Handlers\FileHandler' driver.
INFO - 2020-04-02 05:29:59 --> Controller "App\Controllers\Order" loaded.
INFO - 2020-04-02 05:30:01 --> Session: Class initialized using 'CodeIgniter\Session\Handlers\FileHandler' driver.
INFO - 2020-04-02 05:30:01 --> Controller "App\Controllers\Order" loaded.
INFO - 2020-04-02 05:30:01 --> Session: Class initialized using 'CodeIgniter\Session\Handlers\FileHandler' driver.
INFO - 2020-04-02 05:30:01 --> Controller "App\Controllers\Order" loaded.
INFO - 2020-04-02 05:30:48 --> Session: Class initialized using 'CodeIgniter\Session\Handlers\FileHandler' driver.
INFO - 2020-04-02 05:30:48 --> Controller "App\Controllers\Order" loaded.
INFO - 2020-04-02 05:30:53 --> Session: Class initialized using 'CodeIgniter\Session\Handlers\FileHandler' driver.
INFO - 2020-04-02 05:30:54 --> Controller "App\Controllers\Order" loaded.
INFO - 2020-04-02 05:30:54 --> Session: Class initialized using 'CodeIgniter\Session\Handlers\FileHandler' driver.
INFO - 2020-04-02 05:30:54 --> Controller "App\Controllers\Order" loaded.
INFO - 2020-04-02 05:31:37 --> Session: Class initialized using 'CodeIgniter\Session\Handlers\FileHandler' driver.
INFO - 2020-04-02 05:31:37 --> Controller "App\Controllers\Order" loaded.
INFO - 2020-04-02 05:32:52 --> Session: Class initialized using 'CodeIgniter\Session\Handlers\FileHandler' driver.
INFO - 2020-04-02 05:32:52 --> Controller "App\Controllers\Order" loaded.
INFO - 2020-04-02 05:33:29 --> Session: Class initialized using 'CodeIgniter\Session\Handlers\FileHandler' driver.
INFO - 2020-04-02 05:33:29 --> Controller "App\Controllers\Order" loaded.
INFO - 2020-04-02 05:33:31 --> Session: Class initialized using 'CodeIgniter\Session\Handlers\FileHandler' driver.
INFO - 2020-04-02 05:33:31 --> Controller "App\Controllers\Order" loaded.
INFO - 2020-04-02 05:33:31 --> Session: Class initialized using 'CodeIgniter\Session\Handlers\FileHandler' driver.
INFO - 2020-04-02 05:33:31 --> Controller "App\Controllers\Order" loaded.
INFO - 2020-04-02 05:33:40 --> Session: Class initialized using 'CodeIgniter\Session\Handlers\FileHandler' driver.
INFO - 2020-04-02 05:33:40 --> Controller "App\Controllers\Order" loaded.
INFO - 2020-04-02 05:33:43 --> Session: Class initialized using 'CodeIgniter\Session\Handlers\FileHandler' driver.
INFO - 2020-04-02 05:33:43 --> Controller "App\Controllers\Order" loaded.
INFO - 2020-04-02 05:33:48 --> Session: Class initialized using 'CodeIgniter\Session\Handlers\FileHandler' driver.
INFO - 2020-04-02 05:33:48 --> Controller "App\Controllers\Order" loaded.
INFO - 2020-04-02 05:33:48 --> Session: Class initialized using 'CodeIgniter\Session\Handlers\FileHandler' driver.
INFO - 2020-04-02 05:33:48 --> Controller "App\Controllers\Order" loaded.
INFO - 2020-04-02 05:33:48 --> Session: Class initialized using 'CodeIgniter\Session\Handlers\FileHandler' driver.
INFO - 2020-04-02 05:33:48 --> Controller "App\Controllers\Order" loaded.
INFO - 2020-04-02 05:33:48 --> Session: Class initialized using 'CodeIgniter\Session\Handlers\FileHandler' driver.
INFO - 2020-04-02 05:33:48 --> Controller "App\Controllers\Order" loaded.
INFO - 2020-04-02 05:34:36 --> Session: Class initialized using 'CodeIgniter\Session\Handlers\FileHandler' driver.
INFO - 2020-04-02 05:34:36 --> Controller "App\Controllers\Order" loaded.
INFO - 2020-04-02 05:36:20 --> Session: Class initialized using 'CodeIgniter\Session\Handlers\FileHandler' driver.
INFO - 2020-04-02 05:36:20 --> Controller "App\Controllers\Order" loaded.
INFO - 2020-04-02 05:36:27 --> Session: Class initialized using 'CodeIgniter\Session\Handlers\FileHandler' driver.
INFO - 2020-04-02 05:36:27 --> Controller "App\Controllers\Order" loaded.
INFO - 2020-04-02 05:37:28 --> Session: Class initialized using 'CodeIgniter\Session\Handlers\FileHandler' driver.
INFO - 2020-04-02 05:37:28 --> Controller "App\Controllers\Order" loaded.
INFO - 2020-04-02 05:37:49 --> Session: Class initialized using 'CodeIgniter\Session\Handlers\FileHandler' driver.
INFO - 2020-04-02 05:37:49 --> Controller "App\Controllers\Order" loaded.
INFO - 2020-04-02 05:37:53 --> Session: Class initialized using 'CodeIgniter\Session\Handlers\FileHandler' driver.
INFO - 2020-04-02 05:37:53 --> Controller "App\Controllers\Order" loaded.
INFO - 2020-04-02 05:38:15 --> Session: Class initialized using 'CodeIgniter\Session\Handlers\FileHandler' driver.
INFO - 2020-04-02 05:38:15 --> Controller "App\Controllers\Order" loaded.
INFO - 2020-04-02 05:38:15 --> Session: Class initialized using 'CodeIgniter\Session\Handlers\FileHandler' driver.
INFO - 2020-04-02 05:38:15 --> Controller "App\Controllers\Order" loaded.
INFO - 2020-04-02 05:38:36 --> Session: Class initialized using 'CodeIgniter\Session\Handlers\FileHandler' driver.
INFO - 2020-04-02 05:38:36 --> Controller "App\Controllers\Order" loaded.
INFO - 2020-04-02 06:30:06 --> Session: Class initialized using 'CodeIgniter\Session\Handlers\FileHandler' driver.
INFO - 2020-04-02 06:30:06 --> Controller "App\Controllers\Order" loaded.
INFO - 2020-04-02 06:30:09 --> Session: Class initialized using 'CodeIgniter\Session\Handlers\FileHandler' driver.
INFO - 2020-04-02 06:30:09 --> Controller "App\Controllers\Order" loaded.
INFO - 2020-04-02 06:30:12 --> Session: Class initialized using 'CodeIgniter\Session\Handlers\FileHandler' driver.
INFO - 2020-04-02 06:30:12 --> Controller "App\Controllers\Order" loaded.
INFO - 2020-04-02 06:30:12 --> Session: Class initialized using 'CodeIgniter\Session\Handlers\FileHandler' driver.
INFO - 2020-04-02 06:30:12 --> Controller "App\Controllers\Order" loaded.
INFO - 2020-04-02 06:30:33 --> Session: Class initialized using 'CodeIgniter\Session\Handlers\FileHandler' driver.
INFO - 2020-04-02 06:30:33 --> Controller "App\Controllers\Order" loaded.
INFO - 2020-04-02 06:31:52 --> Session: Class initialized using 'CodeIgniter\Session\Handlers\FileHandler' driver.
INFO - 2020-04-02 06:31:52 --> Controller "App\Controllers\Order" loaded.
INFO - 2020-04-02 06:31:55 --> Session: Class initialized using 'CodeIgniter\Session\Handlers\FileHandler' driver.
INFO - 2020-04-02 06:31:55 --> Controller "App\Controllers\Order" loaded.
INFO - 2020-04-02 06:31:56 --> Session: Class initialized using 'CodeIgniter\Session\Handlers\FileHandler' driver.
INFO - 2020-04-02 06:31:56 --> Controller "App\Controllers\Order" loaded.
INFO - 2020-04-02 06:32:12 --> Session: Class initialized using 'CodeIgniter\Session\Handlers\FileHandler' driver.
INFO - 2020-04-02 06:32:12 --> Controller "App\Controllers\Order" loaded.
INFO - 2020-04-02 06:32:32 --> Session: Class initialized using 'CodeIgniter\Session\Handlers\FileHandler' driver.
INFO - 2020-04-02 06:32:32 --> Controller "App\Controllers\Order" loaded.
INFO - 2020-04-02 06:32:50 --> Session: Class initialized using 'CodeIgniter\Session\Handlers\FileHandler' driver.
INFO - 2020-04-02 06:32:50 --> Controller "App\Controllers\Order" loaded.
INFO - 2020-04-02 06:33:10 --> Session: Class initialized using 'CodeIgniter\Session\Handlers\FileHandler' driver.
INFO - 2020-04-02 06:33:10 --> Controller "App\Controllers\Order" loaded.
INFO - 2020-04-02 06:33:13 --> Session: Class initialized using 'CodeIgniter\Session\Handlers\FileHandler' driver.
INFO - 2020-04-02 06:33:13 --> Controller "App\Controllers\Order" loaded.
INFO - 2020-04-02 06:33:13 --> Session: Class initialized using 'CodeIgniter\Session\Handlers\FileHandler' driver.
INFO - 2020-04-02 06:33:13 --> Controller "App\Controllers\Order" loaded.
INFO - 2020-04-02 06:33:57 --> Session: Class initialized using 'CodeIgniter\Session\Handlers\FileHandler' driver.
INFO - 2020-04-02 06:33:57 --> Controller "App\Controllers\Order" loaded.
INFO - 2020-04-02 06:33:59 --> Session: Class initialized using 'CodeIgniter\Session\Handlers\FileHandler' driver.
INFO - 2020-04-02 06:33:59 --> Controller "App\Controllers\Order" loaded.
INFO - 2020-04-02 06:34:03 --> Session: Class initialized using 'CodeIgniter\Session\Handlers\FileHandler' driver.
INFO - 2020-04-02 06:34:03 --> Controller "App\Controllers\Order" loaded.
INFO - 2020-04-02 06:34:03 --> Session: Class initialized using 'CodeIgniter\Session\Handlers\FileHandler' driver.
INFO - 2020-04-02 06:34:03 --> Controller "App\Controllers\Order" loaded.
INFO - 2020-04-02 06:35:56 --> Session: Class initialized using 'CodeIgniter\Session\Handlers\FileHandler' driver.
INFO - 2020-04-02 06:35:56 --> Controller "App\Controllers\Order" loaded.
INFO - 2020-04-02 06:36:04 --> Session: Class initialized using 'CodeIgniter\Session\Handlers\FileHandler' driver.
INFO - 2020-04-02 06:36:04 --> Controller "App\Controllers\Order" loaded.
INFO - 2020-04-02 06:36:06 --> Session: Class initialized using 'CodeIgniter\Session\Handlers\FileHandler' driver.
INFO - 2020-04-02 06:36:06 --> Controller "App\Controllers\Order" loaded.
INFO - 2020-04-02 06:36:07 --> Session: Class initialized using 'CodeIgniter\Session\Handlers\FileHandler' driver.
INFO - 2020-04-02 06:36:07 --> Controller "App\Controllers\Order" loaded.
INFO - 2020-04-02 06:36:17 --> Session: Class initialized using 'CodeIgniter\Session\Handlers\FileHandler' driver.
INFO - 2020-04-02 06:36:17 --> Controller "App\Controllers\Order" loaded.
INFO - 2020-04-02 06:36:19 --> Session: Class initialized using 'CodeIgniter\Session\Handlers\FileHandler' driver.
INFO - 2020-04-02 06:36:19 --> Controller "App\Controllers\Order" loaded.
INFO - 2020-04-02 06:36:19 --> Session: Class initialized using 'CodeIgniter\Session\Handlers\FileHandler' driver.
INFO - 2020-04-02 06:36:19 --> Controller "App\Controllers\Order" loaded.
INFO - 2020-04-02 06:36:30 --> Session: Class initialized using 'CodeIgniter\Session\Handlers\FileHandler' driver.
INFO - 2020-04-02 06:36:30 --> Controller "App\Controllers\Order" loaded.
INFO - 2020-04-02 06:36:33 --> Session: Class initialized using 'CodeIgniter\Session\Handlers\FileHandler' driver.
INFO - 2020-04-02 06:36:33 --> Controller "App\Controllers\Order" loaded.
INFO - 2020-04-02 06:36:33 --> Session: Class initialized using 'CodeIgniter\Session\Handlers\FileHandler' driver.
INFO - 2020-04-02 06:36:33 --> Controller "App\Controllers\Order" loaded.
INFO - 2020-04-02 06:36:39 --> Session: Class initialized using 'CodeIgniter\Session\Handlers\FileHandler' driver.
INFO - 2020-04-02 06:36:39 --> Controller "App\Controllers\Order" loaded.
INFO - 2020-04-02 06:36:41 --> Session: Class initialized using 'CodeIgniter\Session\Handlers\FileHandler' driver.
INFO - 2020-04-02 06:36:41 --> Controller "App\Controllers\Order" loaded.
INFO - 2020-04-02 06:36:41 --> Session: Class initialized using 'CodeIgniter\Session\Handlers\FileHandler' driver.
INFO - 2020-04-02 06:36:41 --> Controller "App\Controllers\Order" loaded.
INFO - 2020-04-02 07:06:54 --> Used the default controller.
INFO - 2020-04-02 07:06:54 --> Controller "App\Controllers\Beranda" loaded.
INFO - 2020-04-02 07:07:17 --> Session: Class initialized using 'CodeIgniter\Session\Handlers\FileHandler' driver.
INFO - 2020-04-02 07:07:17 --> Controller "App\Controllers\Order" loaded.
INFO - 2020-04-02 07:07:41 --> Session: Class initialized using 'CodeIgniter\Session\Handlers\FileHandler' driver.
INFO - 2020-04-02 07:07:41 --> Controller "App\Controllers\Order" loaded.
INFO - 2020-04-02 07:08:19 --> Session: Class initialized using 'CodeIgniter\Session\Handlers\FileHandler' driver.
INFO - 2020-04-02 07:08:19 --> Controller "App\Controllers\Order" loaded.
INFO - 2020-04-02 07:09:04 --> Session: Class initialized using 'CodeIgniter\Session\Handlers\FileHandler' driver.
INFO - 2020-04-02 07:09:04 --> Controller "App\Controllers\Order" loaded.
INFO - 2020-04-02 07:09:48 --> Session: Class initialized using 'CodeIgniter\Session\Handlers\FileHandler' driver.
INFO - 2020-04-02 07:09:48 --> Controller "App\Controllers\Order" loaded.
INFO - 2020-04-02 07:09:53 --> Session: Class initialized using 'CodeIgniter\Session\Handlers\FileHandler' driver.
INFO - 2020-04-02 07:09:53 --> Controller "App\Controllers\Order" loaded.
INFO - 2020-04-02 07:09:53 --> Session: Class initialized using 'CodeIgniter\Session\Handlers\FileHandler' driver.
INFO - 2020-04-02 07:09:53 --> Controller "App\Controllers\Order" loaded.
INFO - 2020-04-02 07:09:58 --> Session: Class initialized using 'CodeIgniter\Session\Handlers\FileHandler' driver.
INFO - 2020-04-02 07:09:58 --> Controller "App\Controllers\Order" loaded.
INFO - 2020-04-02 07:10:01 --> Session: Class initialized using 'CodeIgniter\Session\Handlers\FileHandler' driver.
INFO - 2020-04-02 07:10:01 --> Controller "App\Controllers\Order" loaded.
INFO - 2020-04-02 07:10:03 --> Session: Class initialized using 'CodeIgniter\Session\Handlers\FileHandler' driver.
INFO - 2020-04-02 07:10:03 --> Controller "App\Controllers\Order" loaded.
INFO - 2020-04-02 07:10:04 --> Session: Class initialized using 'CodeIgniter\Session\Handlers\FileHandler' driver.
INFO - 2020-04-02 07:10:04 --> Controller "App\Controllers\Order" loaded.
INFO - 2020-04-02 07:10:08 --> Session: Class initialized using 'CodeIgniter\Session\Handlers\FileHandler' driver.
INFO - 2020-04-02 07:10:08 --> Controller "App\Controllers\Order" loaded.
INFO - 2020-04-02 07:10:11 --> Session: Class initialized using 'CodeIgniter\Session\Handlers\FileHandler' driver.
INFO - 2020-04-02 07:10:11 --> Controller "App\Controllers\Order" loaded.
INFO - 2020-04-02 07:10:20 --> Session: Class initialized using 'CodeIgniter\Session\Handlers\FileHandler' driver.
INFO - 2020-04-02 07:10:20 --> Controller "App\Controllers\Order" loaded.
INFO - 2020-04-02 07:10:26 --> Session: Class initialized using 'CodeIgniter\Session\Handlers\FileHandler' driver.
INFO - 2020-04-02 07:10:26 --> Controller "App\Controllers\Order" loaded.
INFO - 2020-04-02 18:44:55 --> Session: Class initialized using 'CodeIgniter\Session\Handlers\FileHandler' driver.
INFO - 2020-04-02 18:44:56 --> Controller "App\Controllers\Order" loaded.
INFO - 2020-04-02 18:44:56 --> Session: Class initialized using 'CodeIgniter\Session\Handlers\FileHandler' driver.
INFO - 2020-04-02 18:44:56 --> Controller "App\Controllers\Order" loaded.
INFO - 2020-04-02 18:44:56 --> Session: Class initialized using 'CodeIgniter\Session\Handlers\FileHandler' driver.
INFO - 2020-04-02 18:44:56 --> Controller "App\Controllers\Order" loaded.
INFO - 2020-04-02 18:45:01 --> Session: Class initialized using 'CodeIgniter\Session\Handlers\FileHandler' driver.
INFO - 2020-04-02 18:45:01 --> Controller "App\Controllers\Order" loaded.
INFO - 2020-04-02 18:57:57 --> Session: Class initialized using 'CodeIgniter\Session\Handlers\FileHandler' driver.
INFO - 2020-04-02 18:57:57 --> Controller "App\Controllers\Order" loaded.
INFO - 2020-04-02 18:58:10 --> Session: Class initialized using 'CodeIgniter\Session\Handlers\FileHandler' driver.
INFO - 2020-04-02 18:58:10 --> Controller "App\Controllers\Order" loaded.
INFO - 2020-04-02 18:58:25 --> Session: Class initialized using 'CodeIgniter\Session\Handlers\FileHandler' driver.
INFO - 2020-04-02 18:58:25 --> Controller "App\Controllers\Order" loaded.
INFO - 2020-04-02 18:58:42 --> Session: Class initialized using 'CodeIgniter\Session\Handlers\FileHandler' driver.
INFO - 2020-04-02 18:58:42 --> Controller "App\Controllers\Order" loaded.
INFO - 2020-04-02 18:59:01 --> Session: Class initialized using 'CodeIgniter\Session\Handlers\FileHandler' driver.
INFO - 2020-04-02 18:59:01 --> Controller "App\Controllers\Order" loaded.
INFO - 2020-04-02 18:59:05 --> Session: Class initialized using 'CodeIgniter\Session\Handlers\FileHandler' driver.
INFO - 2020-04-02 18:59:05 --> Controller "App\Controllers\Order" loaded.
INFO - 2020-04-02 18:59:05 --> Session: Class initialized using 'CodeIgniter\Session\Handlers\FileHandler' driver.
INFO - 2020-04-02 18:59:05 --> Controller "App\Controllers\Order" loaded.
INFO - 2020-04-02 18:59:10 --> Session: Class initialized using 'CodeIgniter\Session\Handlers\FileHandler' driver.
INFO - 2020-04-02 18:59:10 --> Controller "App\Controllers\Order" loaded.
INFO - 2020-04-02 18:59:13 --> Session: Class initialized using 'CodeIgniter\Session\Handlers\FileHandler' driver.
INFO - 2020-04-02 18:59:13 --> Controller "App\Controllers\Order" loaded.
INFO - 2020-04-02 18:59:13 --> Session: Class initialized using 'CodeIgniter\Session\Handlers\FileHandler' driver.
INFO - 2020-04-02 18:59:13 --> Controller "App\Controllers\Order" loaded.
INFO - 2020-04-02 19:00:40 --> Session: Class initialized using 'CodeIgniter\Session\Handlers\FileHandler' driver.
INFO - 2020-04-02 19:00:40 --> Controller "App\Controllers\Order" loaded.
INFO - 2020-04-02 19:00:49 --> Session: Class initialized using 'CodeIgniter\Session\Handlers\FileHandler' driver.
INFO - 2020-04-02 19:00:49 --> Controller "App\Controllers\Order" loaded.
INFO - 2020-04-02 19:01:02 --> Session: Class initialized using 'CodeIgniter\Session\Handlers\FileHandler' driver.
INFO - 2020-04-02 19:01:02 --> Controller "App\Controllers\Order" loaded.
INFO - 2020-04-02 19:02:57 --> Session: Class initialized using 'CodeIgniter\Session\Handlers\FileHandler' driver.
INFO - 2020-04-02 19:02:57 --> Controller "App\Controllers\Order" loaded.
INFO - 2020-04-02 19:03:13 --> Session: Class initialized using 'CodeIgniter\Session\Handlers\FileHandler' driver.
INFO - 2020-04-02 19:03:13 --> Controller "App\Controllers\Order" loaded.
INFO - 2020-04-02 19:03:50 --> Session: Class initialized using 'CodeIgniter\Session\Handlers\FileHandler' driver.
INFO - 2020-04-02 19:03:50 --> Controller "App\Controllers\Order" loaded.
INFO - 2020-04-02 19:04:28 --> Session: Class initialized using 'CodeIgniter\Session\Handlers\FileHandler' driver.
INFO - 2020-04-02 19:04:28 --> Controller "App\Controllers\Order" loaded.
INFO - 2020-04-02 19:05:24 --> Session: Class initialized using 'CodeIgniter\Session\Handlers\FileHandler' driver.
INFO - 2020-04-02 19:05:24 --> Controller "App\Controllers\Order" loaded.
INFO - 2020-04-02 19:06:32 --> Session: Class initialized using 'CodeIgniter\Session\Handlers\FileHandler' driver.
INFO - 2020-04-02 19:06:32 --> Controller "App\Controllers\Order" loaded.
INFO - 2020-04-02 19:07:02 --> Session: Class initialized using 'CodeIgniter\Session\Handlers\FileHandler' driver.
INFO - 2020-04-02 19:07:02 --> Controller "App\Controllers\Order" loaded.
INFO - 2020-04-02 19:07:26 --> Session: Class initialized using 'CodeIgniter\Session\Handlers\FileHandler' driver.
INFO - 2020-04-02 19:07:26 --> Controller "App\Controllers\Order" loaded.
INFO - 2020-04-02 19:07:53 --> Session: Class initialized using 'CodeIgniter\Session\Handlers\FileHandler' driver.
INFO - 2020-04-02 19:07:53 --> Controller "App\Controllers\Order" loaded.
INFO - 2020-04-02 19:07:56 --> Session: Class initialized using 'CodeIgniter\Session\Handlers\FileHandler' driver.
INFO - 2020-04-02 19:07:56 --> Controller "App\Controllers\Order" loaded.
INFO - 2020-04-02 19:07:56 --> Session: Class initialized using 'CodeIgniter\Session\Handlers\FileHandler' driver.
INFO - 2020-04-02 19:07:56 --> Controller "App\Controllers\Order" loaded.
INFO - 2020-04-02 19:08:15 --> Session: Class initialized using 'CodeIgniter\Session\Handlers\FileHandler' driver.
INFO - 2020-04-02 19:08:15 --> Controller "App\Controllers\Order" loaded.
INFO - 2020-04-02 19:08:18 --> Session: Class initialized using 'CodeIgniter\Session\Handlers\FileHandler' driver.
INFO - 2020-04-02 19:08:18 --> Controller "App\Controllers\Order" loaded.
INFO - 2020-04-02 19:08:18 --> Session: Class initialized using 'CodeIgniter\Session\Handlers\FileHandler' driver.
INFO - 2020-04-02 19:08:18 --> Controller "App\Controllers\Order" loaded.
INFO - 2020-04-02 19:08:33 --> Session: Class initialized using 'CodeIgniter\Session\Handlers\FileHandler' driver.
INFO - 2020-04-02 19:08:33 --> Controller "App\Controllers\Order" loaded.
INFO - 2020-04-02 19:09:00 --> Session: Class initialized using 'CodeIgniter\Session\Handlers\FileHandler' driver.
INFO - 2020-04-02 19:09:00 --> Controller "App\Controllers\Order" loaded.
INFO - 2020-04-02 19:09:34 --> Session: Class initialized using 'CodeIgniter\Session\Handlers\FileHandler' driver.
INFO - 2020-04-02 19:09:34 --> Controller "App\Controllers\Order" loaded.
INFO - 2020-04-02 19:09:38 --> Session: Class initialized using 'CodeIgniter\Session\Handlers\FileHandler' driver.
INFO - 2020-04-02 19:09:38 --> Controller "App\Controllers\Order" loaded.
INFO - 2020-04-02 19:09:38 --> Session: Class initialized using 'CodeIgniter\Session\Handlers\FileHandler' driver.
INFO - 2020-04-02 19:09:38 --> Controller "App\Controllers\Order" loaded.
INFO - 2020-04-02 19:10:00 --> Session: Class initialized using 'CodeIgniter\Session\Handlers\FileHandler' driver.
INFO - 2020-04-02 19:10:00 --> Controller "App\Controllers\Order" loaded.
INFO - 2020-04-02 19:10:02 --> Session: Class initialized using 'CodeIgniter\Session\Handlers\FileHandler' driver.
INFO - 2020-04-02 19:10:02 --> Controller "App\Controllers\Order" loaded.
INFO - 2020-04-02 19:10:02 --> Session: Class initialized using 'CodeIgniter\Session\Handlers\FileHandler' driver.
INFO - 2020-04-02 19:10:02 --> Controller "App\Controllers\Order" loaded.
INFO - 2020-04-02 19:10:12 --> Session: Class initialized using 'CodeIgniter\Session\Handlers\FileHandler' driver.
INFO - 2020-04-02 19:10:12 --> Controller "App\Controllers\Order" loaded.
INFO - 2020-04-02 19:10:18 --> Session: Class initialized using 'CodeIgniter\Session\Handlers\FileHandler' driver.
INFO - 2020-04-02 19:10:18 --> Controller "App\Controllers\Order" loaded.
INFO - 2020-04-02 19:10:21 --> Session: Class initialized using 'CodeIgniter\Session\Handlers\FileHandler' driver.
INFO - 2020-04-02 19:10:21 --> Controller "App\Controllers\Order" loaded.
INFO - 2020-04-02 19:10:21 --> Session: Class initialized using 'CodeIgniter\Session\Handlers\FileHandler' driver.
INFO - 2020-04-02 19:10:21 --> Controller "App\Controllers\Order" loaded.
INFO - 2020-04-02 19:10:55 --> Session: Class initialized using 'CodeIgniter\Session\Handlers\FileHandler' driver.
INFO - 2020-04-02 19:10:55 --> Controller "App\Controllers\Order" loaded.
INFO - 2020-04-02 19:11:41 --> Session: Class initialized using 'CodeIgniter\Session\Handlers\FileHandler' driver.
INFO - 2020-04-02 19:11:41 --> Controller "App\Controllers\Order" loaded.
INFO - 2020-04-02 19:11:51 --> Session: Class initialized using 'CodeIgniter\Session\Handlers\FileHandler' driver.
INFO - 2020-04-02 19:11:51 --> Controller "App\Controllers\Order" loaded.
INFO - 2020-04-02 19:11:54 --> Session: Class initialized using 'CodeIgniter\Session\Handlers\FileHandler' driver.
INFO - 2020-04-02 19:11:54 --> Controller "App\Controllers\Order" loaded.
INFO - 2020-04-02 19:11:54 --> Session: Class initialized using 'CodeIgniter\Session\Handlers\FileHandler' driver.
INFO - 2020-04-02 19:11:54 --> Controller "App\Controllers\Order" loaded.
INFO - 2020-04-02 19:12:00 --> Session: Class initialized using 'CodeIgniter\Session\Handlers\FileHandler' driver.
INFO - 2020-04-02 19:12:00 --> Controller "App\Controllers\Order" loaded.
