INFO - 2020-08-28 11:00:19 --> Controller "CodeIgniter\CLI\CommandRunner" loaded.
INFO - 2020-08-28 12:04:26 --> Controller "App\Controllers\base\Beranda" loaded.
INFO - 2020-08-28 12:04:27 --> Controller "App\Controllers\base\Beranda" loaded.
INFO - 2020-08-28 12:04:27 --> Controller "App\Controllers\base\Beranda" loaded.
INFO - 2020-08-28 12:04:27 --> Controller "App\Controllers\base\Beranda" loaded.
INFO - 2020-08-28 12:04:30 --> Controller "App\Controllers\base\Beranda" loaded.
INFO - 2020-08-28 12:04:31 --> Controller "App\Controllers\base\Beranda" loaded.
INFO - 2020-08-28 12:04:31 --> Controller "App\Controllers\base\Beranda" loaded.
INFO - 2020-08-28 12:04:31 --> Controller "App\Controllers\base\Beranda" loaded.
INFO - 2020-08-28 12:04:31 --> Controller "App\Controllers\base\Beranda" loaded.
INFO - 2020-08-28 12:04:35 --> Controller "App\Controllers\base\Beranda" loaded.
INFO - 2020-08-28 12:04:35 --> Controller "App\Controllers\base\Beranda" loaded.
INFO - 2020-08-28 12:04:35 --> Controller "App\Controllers\base\Beranda" loaded.
INFO - 2020-08-28 12:04:35 --> Controller "App\Controllers\base\Beranda" loaded.
INFO - 2020-08-28 12:04:35 --> Controller "App\Controllers\base\Beranda" loaded.
INFO - 2020-08-28 12:04:35 --> Controller "App\Controllers\base\Beranda" loaded.
INFO - 2020-08-28 12:04:35 --> Controller "App\Controllers\base\Beranda" loaded.
INFO - 2020-08-28 12:04:36 --> Controller "App\Controllers\base\Beranda" loaded.
INFO - 2020-08-28 12:04:36 --> Controller "App\Controllers\base\Beranda" loaded.
INFO - 2020-08-28 12:04:36 --> Controller "App\Controllers\base\Beranda" loaded.
INFO - 2020-08-28 12:04:36 --> Controller "App\Controllers\base\Beranda" loaded.
INFO - 2020-08-28 12:04:36 --> Controller "App\Controllers\base\Beranda" loaded.
INFO - 2020-08-28 12:04:36 --> Controller "App\Controllers\base\Beranda" loaded.
INFO - 2020-08-28 12:04:36 --> Controller "App\Controllers\base\Beranda" loaded.
INFO - 2020-08-28 12:04:36 --> Controller "App\Controllers\base\Beranda" loaded.
INFO - 2020-08-28 12:05:10 --> Controller "App\Controllers\base\Beranda" loaded.
INFO - 2020-08-28 12:05:10 --> Controller "App\Controllers\base\Beranda" loaded.
INFO - 2020-08-28 12:05:10 --> Controller "App\Controllers\base\Beranda" loaded.
INFO - 2020-08-28 12:05:10 --> Controller "App\Controllers\base\Beranda" loaded.
INFO - 2020-08-28 12:05:10 --> Controller "App\Controllers\base\Beranda" loaded.
INFO - 2020-08-28 12:05:10 --> Controller "App\Controllers\base\Beranda" loaded.
INFO - 2020-08-28 12:05:10 --> Controller "App\Controllers\base\Beranda" loaded.
INFO - 2020-08-28 12:05:10 --> Controller "App\Controllers\base\Beranda" loaded.
INFO - 2020-08-28 12:05:10 --> Controller "App\Controllers\base\Beranda" loaded.
INFO - 2020-08-28 12:05:10 --> Controller "App\Controllers\base\Beranda" loaded.
INFO - 2020-08-28 12:05:10 --> Controller "App\Controllers\base\Beranda" loaded.
INFO - 2020-08-28 12:05:10 --> Controller "App\Controllers\base\Beranda" loaded.
INFO - 2020-08-28 12:05:10 --> Controller "App\Controllers\base\Beranda" loaded.
INFO - 2020-08-28 12:05:10 --> Controller "App\Controllers\base\Beranda" loaded.
INFO - 2020-08-28 12:05:10 --> Controller "App\Controllers\base\Beranda" loaded.
INFO - 2020-08-28 12:05:39 --> Controller "App\Controllers\base\Beranda" loaded.
INFO - 2020-08-28 12:05:39 --> Controller "App\Controllers\base\Beranda" loaded.
INFO - 2020-08-28 12:05:39 --> Controller "App\Controllers\base\Beranda" loaded.
INFO - 2020-08-28 12:05:39 --> Controller "App\Controllers\base\Beranda" loaded.
INFO - 2020-08-28 12:05:39 --> Controller "App\Controllers\base\Beranda" loaded.
INFO - 2020-08-28 12:05:41 --> Controller "App\Controllers\base\Beranda" loaded.
INFO - 2020-08-28 12:05:41 --> Controller "App\Controllers\base\Beranda" loaded.
INFO - 2020-08-28 12:06:22 --> Controller "App\Controllers\base\Beranda" loaded.
INFO - 2020-08-28 12:06:22 --> Controller "App\Controllers\base\Beranda" loaded.
INFO - 2020-08-28 12:06:22 --> Controller "App\Controllers\base\Beranda" loaded.
INFO - 2020-08-28 12:06:44 --> Controller "App\Controllers\base\Beranda" loaded.
INFO - 2020-08-28 12:06:45 --> Controller "App\Controllers\base\Beranda" loaded.
INFO - 2020-08-28 12:06:58 --> Controller "App\Controllers\base\Beranda" loaded.
INFO - 2020-08-28 12:07:01 --> Controller "App\Controllers\base\Beranda" loaded.
INFO - 2020-08-28 12:07:44 --> Controller "App\Controllers\base\Beranda" loaded.
INFO - 2020-08-28 12:07:45 --> Controller "App\Controllers\base\Beranda" loaded.
INFO - 2020-08-28 12:07:45 --> Controller "App\Controllers\base\Beranda" loaded.
INFO - 2020-08-28 12:07:48 --> Controller "App\Controllers\base\Beranda" loaded.
INFO - 2020-08-28 12:13:59 --> Controller "App\Controllers\base\Beranda" loaded.
INFO - 2020-08-28 12:14:00 --> Controller "App\Controllers\base\Beranda" loaded.
INFO - 2020-08-28 12:14:00 --> Controller "App\Controllers\base\Beranda" loaded.
INFO - 2020-08-28 12:14:00 --> Controller "App\Controllers\base\Beranda" loaded.
INFO - 2020-08-28 12:14:01 --> Controller "App\Controllers\base\Beranda" loaded.
INFO - 2020-08-28 12:16:02 --> Controller "App\Controllers\base\Beranda" loaded.
INFO - 2020-08-28 12:16:02 --> Controller "App\Controllers\base\Beranda" loaded.
INFO - 2020-08-28 12:16:02 --> Controller "App\Controllers\base\Beranda" loaded.
INFO - 2020-08-28 12:16:02 --> Controller "App\Controllers\base\Beranda" loaded.
INFO - 2020-08-28 12:16:04 --> Controller "App\Controllers\base\Beranda" loaded.
INFO - 2020-08-28 12:17:04 --> Controller "App\Controllers\base\Beranda" loaded.
INFO - 2020-08-28 12:17:04 --> Controller "App\Controllers\base\Beranda" loaded.
INFO - 2020-08-28 12:17:04 --> Controller "App\Controllers\base\Beranda" loaded.
INFO - 2020-08-28 12:17:04 --> Controller "App\Controllers\base\Beranda" loaded.
INFO - 2020-08-28 12:17:07 --> Controller "App\Controllers\base\Beranda" loaded.
INFO - 2020-08-28 12:17:28 --> Controller "App\Controllers\base\Beranda" loaded.
INFO - 2020-08-28 12:17:28 --> Controller "App\Controllers\base\Beranda" loaded.
INFO - 2020-08-28 12:17:28 --> Controller "App\Controllers\base\Beranda" loaded.
INFO - 2020-08-28 12:17:28 --> Controller "App\Controllers\base\Beranda" loaded.
INFO - 2020-08-28 12:17:31 --> Controller "App\Controllers\base\Beranda" loaded.
INFO - 2020-08-28 12:18:07 --> Controller "App\Controllers\base\Beranda" loaded.
INFO - 2020-08-28 12:18:07 --> Controller "App\Controllers\base\Beranda" loaded.
INFO - 2020-08-28 12:18:07 --> Controller "App\Controllers\base\Beranda" loaded.
INFO - 2020-08-28 12:18:07 --> Controller "App\Controllers\base\Beranda" loaded.
INFO - 2020-08-28 12:18:08 --> Controller "App\Controllers\base\Beranda" loaded.
INFO - 2020-08-28 12:21:10 --> Controller "App\Controllers\base\Beranda" loaded.
INFO - 2020-08-28 12:21:10 --> Controller "App\Controllers\base\Beranda" loaded.
INFO - 2020-08-28 12:21:10 --> Controller "App\Controllers\base\Beranda" loaded.
INFO - 2020-08-28 12:21:10 --> Controller "App\Controllers\base\Beranda" loaded.
INFO - 2020-08-28 12:21:12 --> Controller "App\Controllers\base\Beranda" loaded.
INFO - 2020-08-28 12:21:34 --> Controller "App\Controllers\base\Beranda" loaded.
INFO - 2020-08-28 12:21:35 --> Controller "App\Controllers\base\Beranda" loaded.
INFO - 2020-08-28 12:21:35 --> Controller "App\Controllers\base\Beranda" loaded.
INFO - 2020-08-28 12:21:36 --> Controller "App\Controllers\base\Beranda" loaded.
INFO - 2020-08-28 12:22:18 --> Controller "App\Controllers\base\Beranda" loaded.
INFO - 2020-08-28 12:22:19 --> Controller "App\Controllers\base\Beranda" loaded.
INFO - 2020-08-28 12:22:19 --> Controller "App\Controllers\base\Beranda" loaded.
INFO - 2020-08-28 12:22:19 --> Controller "App\Controllers\base\Beranda" loaded.
INFO - 2020-08-28 12:22:21 --> Controller "App\Controllers\base\Beranda" loaded.
INFO - 2020-08-28 12:27:46 --> Controller "App\Controllers\base\Beranda" loaded.
INFO - 2020-08-28 12:27:46 --> Controller "App\Controllers\base\Beranda" loaded.
INFO - 2020-08-28 12:27:46 --> Controller "App\Controllers\base\Beranda" loaded.
INFO - 2020-08-28 12:27:46 --> Controller "App\Controllers\base\Beranda" loaded.
INFO - 2020-08-28 12:27:49 --> Controller "App\Controllers\base\Beranda" loaded.
INFO - 2020-08-28 12:27:59 --> Controller "App\Controllers\base\Beranda" loaded.
INFO - 2020-08-28 12:27:59 --> Controller "App\Controllers\base\Beranda" loaded.
INFO - 2020-08-28 12:27:59 --> Controller "App\Controllers\base\Beranda" loaded.
INFO - 2020-08-28 12:27:59 --> Controller "App\Controllers\base\Beranda" loaded.
INFO - 2020-08-28 12:28:03 --> Controller "App\Controllers\base\Beranda" loaded.
INFO - 2020-08-28 12:29:32 --> Controller "App\Controllers\base\Beranda" loaded.
INFO - 2020-08-28 12:29:32 --> Controller "App\Controllers\base\Beranda" loaded.
INFO - 2020-08-28 12:29:32 --> Controller "App\Controllers\base\Beranda" loaded.
INFO - 2020-08-28 12:29:35 --> Controller "App\Controllers\base\Beranda" loaded.
INFO - 2020-08-28 12:33:19 --> Controller "App\Controllers\base\Beranda" loaded.
INFO - 2020-08-28 12:33:19 --> Controller "App\Controllers\base\Beranda" loaded.
INFO - 2020-08-28 12:33:19 --> Controller "App\Controllers\base\Beranda" loaded.
INFO - 2020-08-28 12:33:21 --> Controller "App\Controllers\base\Beranda" loaded.
INFO - 2020-08-28 12:35:09 --> Controller "App\Controllers\base\Beranda" loaded.
INFO - 2020-08-28 12:35:10 --> Controller "App\Controllers\base\Beranda" loaded.
INFO - 2020-08-28 12:35:10 --> Controller "App\Controllers\base\Beranda" loaded.
INFO - 2020-08-28 12:35:11 --> Controller "App\Controllers\base\Beranda" loaded.
INFO - 2020-08-28 12:35:24 --> Controller "App\Controllers\base\Beranda" loaded.
INFO - 2020-08-28 12:35:24 --> Controller "App\Controllers\base\Beranda" loaded.
INFO - 2020-08-28 12:35:24 --> Controller "App\Controllers\base\Beranda" loaded.
INFO - 2020-08-28 12:35:25 --> Controller "App\Controllers\base\Beranda" loaded.
INFO - 2020-08-28 12:35:55 --> Controller "App\Controllers\base\Beranda" loaded.
INFO - 2020-08-28 12:35:55 --> Controller "App\Controllers\base\Beranda" loaded.
INFO - 2020-08-28 12:35:55 --> Controller "App\Controllers\base\Beranda" loaded.
INFO - 2020-08-28 12:35:57 --> Controller "App\Controllers\base\Beranda" loaded.
INFO - 2020-08-28 12:36:07 --> Controller "App\Controllers\base\Beranda" loaded.
INFO - 2020-08-28 12:36:09 --> Controller "App\Controllers\base\Beranda" loaded.
INFO - 2020-08-28 12:37:09 --> Controller "App\Controllers\base\Beranda" loaded.
INFO - 2020-08-28 12:37:09 --> Controller "App\Controllers\base\Beranda" loaded.
INFO - 2020-08-28 12:37:09 --> Controller "App\Controllers\base\Beranda" loaded.
INFO - 2020-08-28 12:37:11 --> Controller "App\Controllers\base\Beranda" loaded.
INFO - 2020-08-28 12:38:01 --> Controller "App\Controllers\base\Beranda" loaded.
INFO - 2020-08-28 12:38:01 --> Controller "App\Controllers\base\Beranda" loaded.
INFO - 2020-08-28 12:38:01 --> Controller "App\Controllers\base\Beranda" loaded.
INFO - 2020-08-28 12:38:02 --> Controller "App\Controllers\base\Beranda" loaded.
INFO - 2020-08-28 12:39:02 --> Controller "App\Controllers\base\Beranda" loaded.
INFO - 2020-08-28 12:39:03 --> Controller "App\Controllers\base\Beranda" loaded.
INFO - 2020-08-28 12:39:03 --> Controller "App\Controllers\base\Beranda" loaded.
INFO - 2020-08-28 12:39:04 --> Controller "App\Controllers\base\Beranda" loaded.
INFO - 2020-08-28 12:39:15 --> Controller "App\Controllers\base\Beranda" loaded.
INFO - 2020-08-28 12:39:15 --> Controller "App\Controllers\base\Beranda" loaded.
INFO - 2020-08-28 12:39:15 --> Controller "App\Controllers\base\Beranda" loaded.
INFO - 2020-08-28 12:39:18 --> Controller "App\Controllers\base\Beranda" loaded.
INFO - 2020-08-28 12:40:40 --> Controller "App\Controllers\base\Beranda" loaded.
INFO - 2020-08-28 12:40:42 --> Controller "App\Controllers\base\Beranda" loaded.
INFO - 2020-08-28 12:40:42 --> Controller "App\Controllers\base\Beranda" loaded.
INFO - 2020-08-28 12:40:42 --> Controller "App\Controllers\base\Beranda" loaded.
INFO - 2020-08-28 12:40:43 --> Controller "App\Controllers\base\Beranda" loaded.
INFO - 2020-08-28 12:40:52 --> Controller "App\Controllers\base\Beranda" loaded.
INFO - 2020-08-28 12:40:52 --> Controller "App\Controllers\base\Beranda" loaded.
INFO - 2020-08-28 12:40:52 --> Controller "App\Controllers\base\Beranda" loaded.
INFO - 2020-08-28 12:40:52 --> Controller "App\Controllers\base\Beranda" loaded.
INFO - 2020-08-28 12:40:55 --> Controller "App\Controllers\base\Beranda" loaded.
INFO - 2020-08-28 12:40:55 --> Controller "App\Controllers\base\Beranda" loaded.
INFO - 2020-08-28 12:40:55 --> Controller "App\Controllers\base\Beranda" loaded.
INFO - 2020-08-28 12:40:55 --> Controller "App\Controllers\base\Beranda" loaded.
INFO - 2020-08-28 12:40:55 --> Controller "App\Controllers\base\Beranda" loaded.
INFO - 2020-08-28 12:40:57 --> Controller "App\Controllers\base\Beranda" loaded.
INFO - 2020-08-28 12:40:58 --> Controller "App\Controllers\base\Beranda" loaded.
INFO - 2020-08-28 12:40:58 --> Controller "App\Controllers\base\Beranda" loaded.
INFO - 2020-08-28 12:41:36 --> Controller "App\Controllers\base\Beranda" loaded.
INFO - 2020-08-28 12:41:37 --> Controller "App\Controllers\base\Beranda" loaded.
INFO - 2020-08-28 12:42:14 --> Controller "App\Controllers\base\Beranda" loaded.
INFO - 2020-08-28 12:42:15 --> Controller "App\Controllers\base\Beranda" loaded.
INFO - 2020-08-28 12:42:15 --> Controller "App\Controllers\base\Beranda" loaded.
INFO - 2020-08-28 12:42:17 --> Controller "App\Controllers\base\Beranda" loaded.
INFO - 2020-08-28 12:42:37 --> Controller "App\Controllers\base\Beranda" loaded.
INFO - 2020-08-28 12:42:38 --> Controller "App\Controllers\base\Beranda" loaded.
INFO - 2020-08-28 12:42:38 --> Controller "App\Controllers\base\Beranda" loaded.
INFO - 2020-08-28 12:42:40 --> Controller "App\Controllers\base\Beranda" loaded.
INFO - 2020-08-28 12:44:26 --> Controller "App\Controllers\base\Beranda" loaded.
INFO - 2020-08-28 12:44:26 --> Controller "App\Controllers\base\Beranda" loaded.
INFO - 2020-08-28 12:44:26 --> Controller "App\Controllers\base\Beranda" loaded.
INFO - 2020-08-28 12:44:28 --> Controller "App\Controllers\base\Beranda" loaded.
INFO - 2020-08-28 12:45:33 --> Controller "App\Controllers\base\Beranda" loaded.
INFO - 2020-08-28 12:45:36 --> Controller "App\Controllers\base\Beranda" loaded.
INFO - 2020-08-28 12:48:13 --> Controller "App\Controllers\base\Beranda" loaded.
INFO - 2020-08-28 12:48:16 --> Controller "App\Controllers\base\Beranda" loaded.
INFO - 2020-08-28 12:49:09 --> Controller "App\Controllers\base\Beranda" loaded.
INFO - 2020-08-28 12:49:12 --> Controller "App\Controllers\base\Beranda" loaded.
INFO - 2020-08-28 12:49:26 --> Controller "App\Controllers\base\Beranda" loaded.
INFO - 2020-08-28 12:49:28 --> Controller "App\Controllers\base\Beranda" loaded.
INFO - 2020-08-28 12:50:17 --> Controller "App\Controllers\base\Beranda" loaded.
INFO - 2020-08-28 12:50:22 --> Controller "App\Controllers\base\Beranda" loaded.
INFO - 2020-08-28 12:50:33 --> Controller "App\Controllers\base\Beranda" loaded.
INFO - 2020-08-28 12:50:36 --> Controller "App\Controllers\base\Beranda" loaded.
INFO - 2020-08-28 13:01:09 --> Controller "App\Controllers\base\Beranda" loaded.
INFO - 2020-08-28 13:01:10 --> Controller "App\Controllers\base\Beranda" loaded.
INFO - 2020-08-28 13:01:10 --> Controller "App\Controllers\base\Beranda" loaded.
INFO - 2020-08-28 13:01:19 --> Controller "App\Controllers\base\Beranda" loaded.
INFO - 2020-08-28 13:01:19 --> Controller "App\Controllers\base\Beranda" loaded.
INFO - 2020-08-28 13:01:25 --> Controller "App\Controllers\base\Beranda" loaded.
INFO - 2020-08-28 13:01:35 --> Controller "App\Controllers\base\Beranda" loaded.
INFO - 2020-08-28 13:01:35 --> Controller "App\Controllers\base\Beranda" loaded.
INFO - 2020-08-28 13:01:37 --> Controller "App\Controllers\base\Beranda" loaded.
INFO - 2020-08-28 13:01:42 --> Controller "App\Controllers\base\Beranda" loaded.
INFO - 2020-08-28 13:01:42 --> Controller "App\Controllers\base\Beranda" loaded.
INFO - 2020-08-28 13:01:48 --> Controller "App\Controllers\base\Beranda" loaded.
INFO - 2020-08-28 13:05:37 --> Controller "App\Controllers\base\Beranda" loaded.
INFO - 2020-08-28 13:05:48 --> Controller "App\Controllers\base\Beranda" loaded.
INFO - 2020-08-28 13:06:22 --> Controller "App\Controllers\base\Beranda" loaded.
INFO - 2020-08-28 13:06:42 --> Controller "App\Controllers\base\Beranda" loaded.
INFO - 2020-08-28 13:06:53 --> Controller "App\Controllers\base\Beranda" loaded.
INFO - 2020-08-28 13:25:44 --> Controller "App\Controllers\base\Beranda" loaded.
INFO - 2020-08-28 13:26:54 --> Controller "App\Controllers\base\Beranda" loaded.
INFO - 2020-08-28 13:26:58 --> Controller "App\Controllers\base\Beranda" loaded.
INFO - 2020-08-28 13:27:29 --> Controller "App\Controllers\base\Beranda" loaded.
INFO - 2020-08-28 13:27:29 --> Controller "App\Controllers\base\Beranda" loaded.
INFO - 2020-08-28 13:32:24 --> Controller "App\Controllers\base\Beranda" loaded.
INFO - 2020-08-28 13:32:26 --> Controller "App\Controllers\base\Beranda" loaded.
INFO - 2020-08-28 13:32:33 --> Controller "App\Controllers\base\Beranda" loaded.
INFO - 2020-08-28 13:32:37 --> Controller "App\Controllers\base\Beranda" loaded.
INFO - 2020-08-28 13:33:04 --> Controller "App\Controllers\base\Beranda" loaded.
INFO - 2020-08-28 13:33:08 --> Controller "App\Controllers\base\Beranda" loaded.
INFO - 2020-08-28 13:33:38 --> Controller "App\Controllers\base\Beranda" loaded.
INFO - 2020-08-28 13:33:41 --> Controller "App\Controllers\base\Beranda" loaded.
INFO - 2020-08-28 13:37:58 --> Controller "App\Controllers\base\Beranda" loaded.
INFO - 2020-08-28 13:37:59 --> Controller "App\Controllers\base\Beranda" loaded.
INFO - 2020-08-28 13:38:07 --> Controller "App\Controllers\base\Beranda" loaded.
INFO - 2020-08-28 13:39:03 --> Controller "App\Controllers\base\Beranda" loaded.
INFO - 2020-08-28 13:39:18 --> Controller "App\Controllers\base\Beranda" loaded.
INFO - 2020-08-28 13:39:21 --> Controller "App\Controllers\base\Beranda" loaded.
INFO - 2020-08-28 13:40:12 --> Controller "App\Controllers\base\Beranda" loaded.
INFO - 2020-08-28 14:56:04 --> Controller "App\Controllers\base\Beranda" loaded.
INFO - 2020-08-28 14:56:35 --> Controller "App\Controllers\base\Beranda" loaded.
INFO - 2020-08-28 14:56:35 --> Controller "App\Controllers\base\Beranda" loaded.
INFO - 2020-08-28 14:56:40 --> Controller "App\Controllers\base\Beranda" loaded.
INFO - 2020-08-28 14:56:41 --> Controller "App\Controllers\base\Beranda" loaded.
INFO - 2020-08-28 14:56:41 --> Controller "App\Controllers\base\Beranda" loaded.
INFO - 2020-08-28 14:56:42 --> Controller "App\Controllers\base\Beranda" loaded.
INFO - 2020-08-28 14:58:02 --> Controller "App\Controllers\base\Beranda" loaded.
INFO - 2020-08-28 14:58:02 --> Controller "App\Controllers\base\Beranda" loaded.
INFO - 2020-08-28 14:58:03 --> Controller "App\Controllers\base\Beranda" loaded.
INFO - 2020-08-28 14:58:03 --> Controller "App\Controllers\base\Beranda" loaded.
INFO - 2020-08-28 14:58:38 --> Controller "App\Controllers\base\Beranda" loaded.
INFO - 2020-08-28 14:59:52 --> Controller "App\Controllers\base\Beranda" loaded.
INFO - 2020-08-28 15:00:12 --> Controller "App\Controllers\base\Beranda" loaded.
INFO - 2020-08-28 15:00:21 --> Controller "App\Controllers\base\Beranda" loaded.
INFO - 2020-08-28 15:00:22 --> Controller "App\Controllers\base\Beranda" loaded.
INFO - 2020-08-28 15:04:45 --> Controller "App\Controllers\base\Beranda" loaded.
INFO - 2020-08-28 15:04:48 --> Controller "App\Controllers\base\Beranda" loaded.
INFO - 2020-08-28 15:06:08 --> Controller "App\Controllers\base\Beranda" loaded.
INFO - 2020-08-28 15:06:11 --> Controller "App\Controllers\base\Beranda" loaded.
INFO - 2020-08-28 15:06:50 --> Controller "App\Controllers\base\Beranda" loaded.
INFO - 2020-08-28 15:06:52 --> Controller "App\Controllers\base\Beranda" loaded.
INFO - 2020-08-28 15:10:20 --> Controller "App\Controllers\base\Beranda" loaded.
INFO - 2020-08-28 15:10:23 --> Controller "App\Controllers\base\Beranda" loaded.
INFO - 2020-08-28 15:14:32 --> Controller "App\Controllers\base\Beranda" loaded.
INFO - 2020-08-28 15:14:35 --> Controller "App\Controllers\base\Beranda" loaded.
INFO - 2020-08-28 15:32:26 --> Controller "App\Controllers\base\Beranda" loaded.
INFO - 2020-08-28 15:32:45 --> Controller "App\Controllers\base\Beranda" loaded.
INFO - 2020-08-28 15:33:03 --> Controller "App\Controllers\base\Beranda" loaded.
INFO - 2020-08-28 15:33:04 --> Controller "App\Controllers\base\Beranda" loaded.
INFO - 2020-08-28 15:33:07 --> Session: Class initialized using 'CodeIgniter\Session\Handlers\FileHandler' driver.
INFO - 2020-08-28 15:33:07 --> Controller "App\Controllers\base\Order" loaded.
INFO - 2020-08-28 15:33:07 --> Controller "App\Controllers\base\Beranda" loaded.
INFO - 2020-08-28 15:33:12 --> Controller "App\Controllers\base\Beranda" loaded.
INFO - 2020-08-28 15:33:37 --> Controller "App\Controllers\base\Beranda" loaded.
INFO - 2020-08-28 15:34:21 --> Controller "App\Controllers\base\Beranda" loaded.
INFO - 2020-08-28 15:34:47 --> Controller "App\Controllers\base\Beranda" loaded.
INFO - 2020-08-28 15:35:06 --> Controller "App\Controllers\base\Beranda" loaded.
INFO - 2020-08-28 15:35:15 --> Controller "App\Controllers\base\Beranda" loaded.
INFO - 2020-08-28 15:35:23 --> Controller "App\Controllers\base\Beranda" loaded.
INFO - 2020-08-28 15:35:24 --> Controller "App\Controllers\base\Beranda" loaded.
INFO - 2020-08-28 15:35:54 --> Controller "App\Controllers\base\Beranda" loaded.
INFO - 2020-08-28 15:35:57 --> Controller "App\Controllers\base\Beranda" loaded.
INFO - 2020-08-28 15:36:13 --> Controller "App\Controllers\base\Beranda" loaded.
INFO - 2020-08-28 16:07:41 --> Controller "CodeIgniter\CLI\CommandRunner" loaded.
INFO - 2020-08-28 16:08:11 --> Controller "App\Controllers\base\Beranda" loaded.
INFO - 2020-08-28 16:08:12 --> Controller "App\Controllers\base\Beranda" loaded.
INFO - 2020-08-28 16:08:19 --> Controller "App\Controllers\base\Beranda" loaded.
INFO - 2020-08-28 16:11:21 --> Controller "App\Controllers\base\Beranda" loaded.
INFO - 2020-08-28 16:11:22 --> Controller "App\Controllers\base\Beranda" loaded.
INFO - 2020-08-28 16:11:34 --> Controller "App\Controllers\base\Beranda" loaded.
INFO - 2020-08-28 16:12:02 --> Controller "App\Controllers\base\Beranda" loaded.
INFO - 2020-08-28 16:12:03 --> Controller "App\Controllers\base\Beranda" loaded.
INFO - 2020-08-28 16:12:05 --> Controller "App\Controllers\base\Beranda" loaded.
INFO - 2020-08-28 16:12:05 --> Controller "App\Controllers\base\Beranda" loaded.
INFO - 2020-08-28 16:12:09 --> Controller "App\Controllers\base\Beranda" loaded.
INFO - 2020-08-28 16:12:09 --> Controller "App\Controllers\base\Beranda" loaded.
INFO - 2020-08-28 16:12:27 --> Controller "App\Controllers\base\Beranda" loaded.
INFO - 2020-08-28 16:12:36 --> Controller "App\Controllers\base\Beranda" loaded.
INFO - 2020-08-28 16:12:37 --> Controller "App\Controllers\base\Beranda" loaded.
INFO - 2020-08-28 16:12:39 --> Controller "App\Controllers\base\Beranda" loaded.
INFO - 2020-08-28 16:13:02 --> Controller "App\Controllers\base\Beranda" loaded.
INFO - 2020-08-28 16:13:03 --> Controller "App\Controllers\base\Beranda" loaded.
INFO - 2020-08-28 16:13:06 --> Controller "App\Controllers\base\Beranda" loaded.
INFO - 2020-08-28 16:13:25 --> Controller "App\Controllers\base\Beranda" loaded.
INFO - 2020-08-28 16:13:26 --> Controller "App\Controllers\base\Beranda" loaded.
INFO - 2020-08-28 16:14:04 --> Controller "CodeIgniter\CLI\CommandRunner" loaded.
INFO - 2020-08-28 16:14:11 --> Controller "App\Controllers\base\Beranda" loaded.
INFO - 2020-08-28 16:14:12 --> Controller "App\Controllers\base\Beranda" loaded.
INFO - 2020-08-28 16:14:16 --> Session: Class initialized using 'CodeIgniter\Session\Handlers\FileHandler' driver.
INFO - 2020-08-28 16:14:16 --> Controller "App\Controllers\base\Order" loaded.
INFO - 2020-08-28 16:14:16 --> Controller "App\Controllers\base\Beranda" loaded.
INFO - 2020-08-28 16:14:22 --> Session: Class initialized using 'CodeIgniter\Session\Handlers\FileHandler' driver.
INFO - 2020-08-28 16:14:22 --> Controller "App\Controllers\base\Order" loaded.
INFO - 2020-08-28 16:15:24 --> Session: Class initialized using 'CodeIgniter\Session\Handlers\FileHandler' driver.
INFO - 2020-08-28 16:15:24 --> Controller "App\Controllers\base\Order" loaded.
INFO - 2020-08-28 16:15:30 --> Session: Class initialized using 'CodeIgniter\Session\Handlers\FileHandler' driver.
INFO - 2020-08-28 16:15:30 --> Controller "App\Controllers\base\Order" loaded.
INFO - 2020-08-28 16:15:51 --> Session: Class initialized using 'CodeIgniter\Session\Handlers\FileHandler' driver.
INFO - 2020-08-28 16:15:51 --> Controller "App\Controllers\base\Order" loaded.
INFO - 2020-08-28 16:16:08 --> Session: Class initialized using 'CodeIgniter\Session\Handlers\FileHandler' driver.
INFO - 2020-08-28 16:16:08 --> Controller "App\Controllers\base\Order" loaded.
INFO - 2020-08-28 16:16:19 --> Session: Class initialized using 'CodeIgniter\Session\Handlers\FileHandler' driver.
INFO - 2020-08-28 16:16:19 --> Controller "App\Controllers\base\Order" loaded.
INFO - 2020-08-28 16:16:29 --> Session: Class initialized using 'CodeIgniter\Session\Handlers\FileHandler' driver.
INFO - 2020-08-28 16:16:29 --> Controller "App\Controllers\base\Order" loaded.
INFO - 2020-08-28 16:16:31 --> Session: Class initialized using 'CodeIgniter\Session\Handlers\FileHandler' driver.
INFO - 2020-08-28 16:16:31 --> Controller "App\Controllers\base\Order" loaded.
INFO - 2020-08-28 16:16:52 --> Session: Class initialized using 'CodeIgniter\Session\Handlers\FileHandler' driver.
INFO - 2020-08-28 16:16:52 --> Controller "App\Controllers\base\Order" loaded.
INFO - 2020-08-28 16:16:58 --> Session: Class initialized using 'CodeIgniter\Session\Handlers\FileHandler' driver.
INFO - 2020-08-28 16:16:58 --> Controller "App\Controllers\base\Order" loaded.
INFO - 2020-08-28 16:17:02 --> Controller "App\Controllers\base\Beranda" loaded.
INFO - 2020-08-28 16:17:12 --> Session: Class initialized using 'CodeIgniter\Session\Handlers\FileHandler' driver.
INFO - 2020-08-28 16:17:12 --> Controller "App\Controllers\base\Order" loaded.
INFO - 2020-08-28 16:17:18 --> Session: Class initialized using 'CodeIgniter\Session\Handlers\FileHandler' driver.
INFO - 2020-08-28 16:17:18 --> Controller "App\Controllers\base\Order" loaded.
INFO - 2020-08-28 16:17:18 --> Controller "App\Controllers\base\Beranda" loaded.
INFO - 2020-08-28 16:17:22 --> Session: Class initialized using 'CodeIgniter\Session\Handlers\FileHandler' driver.
INFO - 2020-08-28 16:17:22 --> Controller "App\Controllers\base\Order" loaded.
INFO - 2020-08-28 16:17:25 --> Session: Class initialized using 'CodeIgniter\Session\Handlers\FileHandler' driver.
INFO - 2020-08-28 16:17:25 --> Controller "App\Controllers\base\Order" loaded.
INFO - 2020-08-28 16:17:26 --> Session: Class initialized using 'CodeIgniter\Session\Handlers\FileHandler' driver.
INFO - 2020-08-28 16:17:26 --> Controller "App\Controllers\base\Order" loaded.
INFO - 2020-08-28 16:17:31 --> Session: Class initialized using 'CodeIgniter\Session\Handlers\FileHandler' driver.
INFO - 2020-08-28 16:17:31 --> Controller "App\Controllers\base\Dashboard" loaded.
INFO - 2020-08-28 16:17:35 --> Session: Class initialized using 'CodeIgniter\Session\Handlers\FileHandler' driver.
INFO - 2020-08-28 16:17:35 --> Controller "App\Controllers\undangan\Undangan" loaded.
INFO - 2020-08-28 16:17:35 --> Session: Class initialized using 'CodeIgniter\Session\Handlers\FileHandler' driver.
INFO - 2020-08-28 16:17:35 --> Controller "App\Controllers\undangan\Undangan" loaded.
INFO - 2020-08-28 16:17:55 --> Session: Class initialized using 'CodeIgniter\Session\Handlers\FileHandler' driver.
INFO - 2020-08-28 16:17:55 --> Controller "App\Controllers\base\Dashboard" loaded.
INFO - 2020-08-28 16:18:08 --> Session: Class initialized using 'CodeIgniter\Session\Handlers\FileHandler' driver.
INFO - 2020-08-28 16:18:08 --> Controller "App\Controllers\undangan\Undangan" loaded.
INFO - 2020-08-28 16:18:09 --> Session: Class initialized using 'CodeIgniter\Session\Handlers\FileHandler' driver.
INFO - 2020-08-28 16:18:09 --> Controller "App\Controllers\undangan\Undangan" loaded.
INFO - 2020-08-28 16:18:30 --> Session: Class initialized using 'CodeIgniter\Session\Handlers\FileHandler' driver.
INFO - 2020-08-28 16:18:30 --> Controller "App\Controllers\undangan\Undangan" loaded.
INFO - 2020-08-28 16:18:38 --> Session: Class initialized using 'CodeIgniter\Session\Handlers\FileHandler' driver.
INFO - 2020-08-28 16:18:38 --> Controller "App\Controllers\base\Dashboard" loaded.
INFO - 2020-08-28 16:18:48 --> Session: Class initialized using 'CodeIgniter\Session\Handlers\FileHandler' driver.
INFO - 2020-08-28 16:18:48 --> Session: Class initialized using 'CodeIgniter\Session\Handlers\FileHandler' driver.
INFO - 2020-08-28 16:18:48 --> Controller "App\Controllers\admin\Admin" loaded.
INFO - 2020-08-28 16:18:55 --> Session: Class initialized using 'CodeIgniter\Session\Handlers\FileHandler' driver.
INFO - 2020-08-28 16:18:55 --> Controller "App\Controllers\admin\Admin" loaded.
INFO - 2020-08-28 16:18:56 --> Session: Class initialized using 'CodeIgniter\Session\Handlers\FileHandler' driver.
INFO - 2020-08-28 16:18:56 --> Controller "App\Controllers\admin\Admin" loaded.
INFO - 2020-08-28 16:19:06 --> Session: Class initialized using 'CodeIgniter\Session\Handlers\FileHandler' driver.
INFO - 2020-08-28 16:19:06 --> Controller "App\Controllers\admin\Admin" loaded.
INFO - 2020-08-28 16:19:06 --> Session: Class initialized using 'CodeIgniter\Session\Handlers\FileHandler' driver.
INFO - 2020-08-28 16:19:06 --> Controller "App\Controllers\admin\Admin" loaded.
INFO - 2020-08-28 16:19:10 --> Session: Class initialized using 'CodeIgniter\Session\Handlers\FileHandler' driver.
INFO - 2020-08-28 16:19:10 --> Controller "App\Controllers\admin\Admin" loaded.
INFO - 2020-08-28 16:19:18 --> Session: Class initialized using 'CodeIgniter\Session\Handlers\FileHandler' driver.
INFO - 2020-08-28 16:19:18 --> Controller "App\Controllers\undangan\Undangan" loaded.
INFO - 2020-08-28 16:19:18 --> Session: Class initialized using 'CodeIgniter\Session\Handlers\FileHandler' driver.
INFO - 2020-08-28 16:19:18 --> Controller "App\Controllers\undangan\Undangan" loaded.
INFO - 2020-08-28 16:19:21 --> Session: Class initialized using 'CodeIgniter\Session\Handlers\FileHandler' driver.
INFO - 2020-08-28 16:19:21 --> Controller "App\Controllers\admin\Admin" loaded.
INFO - 2020-08-28 16:19:26 --> Session: Class initialized using 'CodeIgniter\Session\Handlers\FileHandler' driver.
INFO - 2020-08-28 16:19:26 --> Controller "App\Controllers\admin\Admin" loaded.
INFO - 2020-08-28 16:19:31 --> Session: Class initialized using 'CodeIgniter\Session\Handlers\FileHandler' driver.
INFO - 2020-08-28 16:19:31 --> Controller "App\Controllers\admin\Admin" loaded.
INFO - 2020-08-28 16:19:33 --> Session: Class initialized using 'CodeIgniter\Session\Handlers\FileHandler' driver.
INFO - 2020-08-28 16:19:33 --> Controller "App\Controllers\admin\Admin" loaded.
INFO - 2020-08-28 16:19:41 --> Session: Class initialized using 'CodeIgniter\Session\Handlers\FileHandler' driver.
INFO - 2020-08-28 16:19:41 --> Controller "App\Controllers\base\Dashboard" loaded.
INFO - 2020-08-28 16:19:55 --> Session: Class initialized using 'CodeIgniter\Session\Handlers\FileHandler' driver.
INFO - 2020-08-28 16:19:55 --> Controller "App\Controllers\base\Dashboard" loaded.
INFO - 2020-08-28 16:20:04 --> Session: Class initialized using 'CodeIgniter\Session\Handlers\FileHandler' driver.
INFO - 2020-08-28 16:20:04 --> Controller "App\Controllers\base\Dashboard" loaded.
INFO - 2020-08-28 16:20:04 --> Session: Class initialized using 'CodeIgniter\Session\Handlers\FileHandler' driver.
INFO - 2020-08-28 16:20:04 --> Controller "App\Controllers\base\Dashboard" loaded.
INFO - 2020-08-28 16:20:06 --> Session: Class initialized using 'CodeIgniter\Session\Handlers\FileHandler' driver.
INFO - 2020-08-28 16:20:06 --> Controller "App\Controllers\base\Dashboard" loaded.
INFO - 2020-08-28 16:20:18 --> Session: Class initialized using 'CodeIgniter\Session\Handlers\FileHandler' driver.
INFO - 2020-08-28 16:20:18 --> Controller "App\Controllers\base\Dashboard" loaded.
INFO - 2020-08-28 16:20:19 --> Session: Class initialized using 'CodeIgniter\Session\Handlers\FileHandler' driver.
INFO - 2020-08-28 16:20:19 --> Controller "App\Controllers\base\Dashboard" loaded.
INFO - 2020-08-28 16:20:23 --> Session: Class initialized using 'CodeIgniter\Session\Handlers\FileHandler' driver.
INFO - 2020-08-28 16:20:23 --> Controller "App\Controllers\admin\Admin" loaded.
INFO - 2020-08-28 16:20:29 --> Session: Class initialized using 'CodeIgniter\Session\Handlers\FileHandler' driver.
INFO - 2020-08-28 16:20:29 --> Controller "App\Controllers\admin\Admin" loaded.
INFO - 2020-08-28 16:20:29 --> Session: Class initialized using 'CodeIgniter\Session\Handlers\FileHandler' driver.
INFO - 2020-08-28 16:20:29 --> Controller "App\Controllers\admin\Admin" loaded.
INFO - 2020-08-28 16:20:32 --> Session: Class initialized using 'CodeIgniter\Session\Handlers\FileHandler' driver.
INFO - 2020-08-28 16:20:32 --> Controller "App\Controllers\base\Dashboard" loaded.
INFO - 2020-08-28 16:20:36 --> Session: Class initialized using 'CodeIgniter\Session\Handlers\FileHandler' driver.
INFO - 2020-08-28 16:20:36 --> Controller "App\Controllers\base\Dashboard" loaded.
INFO - 2020-08-28 16:20:48 --> Session: Class initialized using 'CodeIgniter\Session\Handlers\FileHandler' driver.
INFO - 2020-08-28 16:20:48 --> Controller "App\Controllers\base\Dashboard" loaded.
INFO - 2020-08-28 16:20:51 --> Session: Class initialized using 'CodeIgniter\Session\Handlers\FileHandler' driver.
INFO - 2020-08-28 16:20:51 --> Controller "App\Controllers\base\Dashboard" loaded.
INFO - 2020-08-28 16:20:55 --> Session: Class initialized using 'CodeIgniter\Session\Handlers\FileHandler' driver.
INFO - 2020-08-28 16:20:55 --> Controller "App\Controllers\base\Dashboard" loaded.
INFO - 2020-08-28 16:20:56 --> Session: Class initialized using 'CodeIgniter\Session\Handlers\FileHandler' driver.
INFO - 2020-08-28 16:20:56 --> Controller "App\Controllers\base\Dashboard" loaded.
INFO - 2020-08-28 16:21:00 --> Session: Class initialized using 'CodeIgniter\Session\Handlers\FileHandler' driver.
INFO - 2020-08-28 16:21:00 --> Controller "App\Controllers\undangan\Undangan" loaded.
INFO - 2020-08-28 16:21:00 --> Session: Class initialized using 'CodeIgniter\Session\Handlers\FileHandler' driver.
INFO - 2020-08-28 16:21:00 --> Controller "App\Controllers\undangan\Undangan" loaded.
INFO - 2020-08-28 16:21:19 --> Session: Class initialized using 'CodeIgniter\Session\Handlers\FileHandler' driver.
INFO - 2020-08-28 16:21:19 --> Controller "App\Controllers\base\Dashboard" loaded.
INFO - 2020-08-28 16:21:22 --> Session: Class initialized using 'CodeIgniter\Session\Handlers\FileHandler' driver.
INFO - 2020-08-28 16:21:22 --> Controller "App\Controllers\base\Dashboard" loaded.
INFO - 2020-08-28 16:21:25 --> Session: Class initialized using 'CodeIgniter\Session\Handlers\FileHandler' driver.
INFO - 2020-08-28 16:21:25 --> Controller "App\Controllers\base\Dashboard" loaded.
INFO - 2020-08-28 16:21:32 --> Session: Class initialized using 'CodeIgniter\Session\Handlers\FileHandler' driver.
INFO - 2020-08-28 16:21:32 --> Controller "App\Controllers\base\Dashboard" loaded.
INFO - 2020-08-28 16:21:32 --> Session: Class initialized using 'CodeIgniter\Session\Handlers\FileHandler' driver.
INFO - 2020-08-28 16:21:32 --> Controller "App\Controllers\base\Dashboard" loaded.
INFO - 2020-08-28 16:21:34 --> Session: Class initialized using 'CodeIgniter\Session\Handlers\FileHandler' driver.
INFO - 2020-08-28 16:21:34 --> Controller "App\Controllers\undangan\Undangan" loaded.
INFO - 2020-08-28 16:21:34 --> Session: Class initialized using 'CodeIgniter\Session\Handlers\FileHandler' driver.
INFO - 2020-08-28 16:21:34 --> Controller "App\Controllers\undangan\Undangan" loaded.
INFO - 2020-08-28 17:25:59 --> Session: Class initialized using 'CodeIgniter\Session\Handlers\FileHandler' driver.
INFO - 2020-08-28 17:25:59 --> Controller "App\Controllers\undangan\Undangan" loaded.
INFO - 2020-08-28 17:25:59 --> Session: Class initialized using 'CodeIgniter\Session\Handlers\FileHandler' driver.
INFO - 2020-08-28 17:25:59 --> Controller "App\Controllers\undangan\Undangan" loaded.
INFO - 2020-08-28 17:26:56 --> Session: Class initialized using 'CodeIgniter\Session\Handlers\FileHandler' driver.
INFO - 2020-08-28 17:26:56 --> Controller "App\Controllers\undangan\Undangan" loaded.
INFO - 2020-08-28 17:26:56 --> Session: Class initialized using 'CodeIgniter\Session\Handlers\FileHandler' driver.
INFO - 2020-08-28 17:26:56 --> Controller "App\Controllers\undangan\Undangan" loaded.
INFO - 2020-08-28 17:27:31 --> Session: Class initialized using 'CodeIgniter\Session\Handlers\FileHandler' driver.
INFO - 2020-08-28 17:27:31 --> Controller "App\Controllers\base\Dashboard" loaded.
INFO - 2020-08-28 17:27:34 --> Session: Class initialized using 'CodeIgniter\Session\Handlers\FileHandler' driver.
INFO - 2020-08-28 17:27:34 --> Controller "App\Controllers\base\Dashboard" loaded.
INFO - 2020-08-28 17:27:39 --> Session: Class initialized using 'CodeIgniter\Session\Handlers\FileHandler' driver.
INFO - 2020-08-28 17:27:39 --> Controller "App\Controllers\base\Dashboard" loaded.
INFO - 2020-08-28 17:27:39 --> Session: Class initialized using 'CodeIgniter\Session\Handlers\FileHandler' driver.
INFO - 2020-08-28 17:27:39 --> Controller "App\Controllers\base\Dashboard" loaded.
INFO - 2020-08-28 17:27:44 --> Session: Class initialized using 'CodeIgniter\Session\Handlers\FileHandler' driver.
INFO - 2020-08-28 17:27:44 --> Controller "App\Controllers\undangan\Undangan" loaded.
INFO - 2020-08-28 17:27:44 --> Session: Class initialized using 'CodeIgniter\Session\Handlers\FileHandler' driver.
INFO - 2020-08-28 17:27:44 --> Controller "App\Controllers\undangan\Undangan" loaded.
INFO - 2020-08-28 17:28:03 --> Session: Class initialized using 'CodeIgniter\Session\Handlers\FileHandler' driver.
INFO - 2020-08-28 17:28:03 --> Controller "App\Controllers\base\Dashboard" loaded.
INFO - 2020-08-28 17:28:17 --> Session: Class initialized using 'CodeIgniter\Session\Handlers\FileHandler' driver.
INFO - 2020-08-28 17:28:17 --> Controller "App\Controllers\base\Dashboard" loaded.
INFO - 2020-08-28 17:28:17 --> Session: Class initialized using 'CodeIgniter\Session\Handlers\FileHandler' driver.
INFO - 2020-08-28 17:28:17 --> Controller "App\Controllers\base\Dashboard" loaded.
INFO - 2020-08-28 17:28:17 --> Session: Class initialized using 'CodeIgniter\Session\Handlers\FileHandler' driver.
INFO - 2020-08-28 17:28:17 --> Controller "App\Controllers\base\Dashboard" loaded.
INFO - 2020-08-28 17:28:18 --> Session: Class initialized using 'CodeIgniter\Session\Handlers\FileHandler' driver.
INFO - 2020-08-28 17:28:18 --> Controller "App\Controllers\base\Dashboard" loaded.
INFO - 2020-08-28 17:28:18 --> Session: Class initialized using 'CodeIgniter\Session\Handlers\FileHandler' driver.
INFO - 2020-08-28 17:28:18 --> Controller "App\Controllers\base\Dashboard" loaded.
INFO - 2020-08-28 17:28:18 --> Session: Class initialized using 'CodeIgniter\Session\Handlers\FileHandler' driver.
INFO - 2020-08-28 17:28:18 --> Controller "App\Controllers\base\Dashboard" loaded.
INFO - 2020-08-28 17:28:50 --> Session: Class initialized using 'CodeIgniter\Session\Handlers\FileHandler' driver.
INFO - 2020-08-28 17:28:50 --> Controller "App\Controllers\base\Dashboard" loaded.
INFO - 2020-08-28 17:28:51 --> Session: Class initialized using 'CodeIgniter\Session\Handlers\FileHandler' driver.
INFO - 2020-08-28 17:28:51 --> Controller "App\Controllers\base\Dashboard" loaded.
INFO - 2020-08-28 17:28:53 --> Controller "App\Controllers\base\Beranda" loaded.
INFO - 2020-08-28 17:28:57 --> Session: Class initialized using 'CodeIgniter\Session\Handlers\FileHandler' driver.
INFO - 2020-08-28 17:28:57 --> Controller "App\Controllers\base\Dashboard" loaded.
INFO - 2020-08-28 17:29:00 --> Session: Class initialized using 'CodeIgniter\Session\Handlers\FileHandler' driver.
INFO - 2020-08-28 17:29:00 --> Controller "App\Controllers\undangan\Undangan" loaded.
INFO - 2020-08-28 17:29:00 --> Session: Class initialized using 'CodeIgniter\Session\Handlers\FileHandler' driver.
INFO - 2020-08-28 17:29:00 --> Controller "App\Controllers\undangan\Undangan" loaded.
INFO - 2020-08-28 17:29:08 --> Session: Class initialized using 'CodeIgniter\Session\Handlers\FileHandler' driver.
INFO - 2020-08-28 17:29:08 --> Controller "App\Controllers\undangan\Undangan" loaded.
INFO - 2020-08-28 17:29:09 --> Session: Class initialized using 'CodeIgniter\Session\Handlers\FileHandler' driver.
INFO - 2020-08-28 17:29:09 --> Controller "App\Controllers\undangan\Undangan" loaded.
INFO - 2020-08-28 17:29:14 --> Session: Class initialized using 'CodeIgniter\Session\Handlers\FileHandler' driver.
INFO - 2020-08-28 17:29:14 --> Controller "App\Controllers\base\Dashboard" loaded.
INFO - 2020-08-28 17:29:17 --> Session: Class initialized using 'CodeIgniter\Session\Handlers\FileHandler' driver.
INFO - 2020-08-28 17:29:17 --> Controller "App\Controllers\undangan\Undangan" loaded.
INFO - 2020-08-28 17:29:17 --> Session: Class initialized using 'CodeIgniter\Session\Handlers\FileHandler' driver.
INFO - 2020-08-28 17:29:17 --> Controller "App\Controllers\undangan\Undangan" loaded.
INFO - 2020-08-28 17:33:21 --> Session: Class initialized using 'CodeIgniter\Session\Handlers\FileHandler' driver.
INFO - 2020-08-28 17:33:21 --> Session: Class initialized using 'CodeIgniter\Session\Handlers\FileHandler' driver.
INFO - 2020-08-28 17:33:21 --> Controller "App\Controllers\base\Dashboard" loaded.
INFO - 2020-08-28 17:33:24 --> Session: Class initialized using 'CodeIgniter\Session\Handlers\FileHandler' driver.
INFO - 2020-08-28 17:33:24 --> Controller "App\Controllers\base\Dashboard" loaded.
INFO - 2020-08-28 17:33:25 --> Session: Class initialized using 'CodeIgniter\Session\Handlers\FileHandler' driver.
INFO - 2020-08-28 17:33:25 --> Controller "App\Controllers\base\Dashboard" loaded.
INFO - 2020-08-28 17:33:25 --> Session: Class initialized using 'CodeIgniter\Session\Handlers\FileHandler' driver.
INFO - 2020-08-28 17:33:25 --> Controller "App\Controllers\base\Dashboard" loaded.
INFO - 2020-08-28 17:33:26 --> Session: Class initialized using 'CodeIgniter\Session\Handlers\FileHandler' driver.
INFO - 2020-08-28 17:33:26 --> Controller "App\Controllers\base\Dashboard" loaded.
INFO - 2020-08-28 17:33:26 --> Session: Class initialized using 'CodeIgniter\Session\Handlers\FileHandler' driver.
INFO - 2020-08-28 17:33:26 --> Controller "App\Controllers\base\Dashboard" loaded.
INFO - 2020-08-28 17:33:27 --> Session: Class initialized using 'CodeIgniter\Session\Handlers\FileHandler' driver.
INFO - 2020-08-28 17:33:27 --> Controller "App\Controllers\base\Dashboard" loaded.
INFO - 2020-08-28 17:33:42 --> Session: Class initialized using 'CodeIgniter\Session\Handlers\FileHandler' driver.
INFO - 2020-08-28 17:33:42 --> Controller "App\Controllers\base\Dashboard" loaded.
INFO - 2020-08-28 17:33:42 --> Session: Class initialized using 'CodeIgniter\Session\Handlers\FileHandler' driver.
INFO - 2020-08-28 17:33:42 --> Controller "App\Controllers\base\Dashboard" loaded.
INFO - 2020-08-28 17:33:42 --> Session: Class initialized using 'CodeIgniter\Session\Handlers\FileHandler' driver.
INFO - 2020-08-28 17:33:42 --> Controller "App\Controllers\base\Dashboard" loaded.
INFO - 2020-08-28 17:33:42 --> Session: Class initialized using 'CodeIgniter\Session\Handlers\FileHandler' driver.
INFO - 2020-08-28 17:33:42 --> Controller "App\Controllers\base\Dashboard" loaded.
INFO - 2020-08-28 17:33:42 --> Session: Class initialized using 'CodeIgniter\Session\Handlers\FileHandler' driver.
INFO - 2020-08-28 17:33:42 --> Controller "App\Controllers\base\Dashboard" loaded.
INFO - 2020-08-28 17:33:42 --> Session: Class initialized using 'CodeIgniter\Session\Handlers\FileHandler' driver.
INFO - 2020-08-28 17:33:42 --> Controller "App\Controllers\base\Dashboard" loaded.
INFO - 2020-08-28 17:33:42 --> Session: Class initialized using 'CodeIgniter\Session\Handlers\FileHandler' driver.
INFO - 2020-08-28 17:33:42 --> Controller "App\Controllers\base\Dashboard" loaded.
INFO - 2020-08-28 17:33:43 --> Session: Class initialized using 'CodeIgniter\Session\Handlers\FileHandler' driver.
INFO - 2020-08-28 17:33:43 --> Controller "App\Controllers\base\Dashboard" loaded.
INFO - 2020-08-28 17:33:43 --> Session: Class initialized using 'CodeIgniter\Session\Handlers\FileHandler' driver.
INFO - 2020-08-28 17:33:43 --> Controller "App\Controllers\base\Dashboard" loaded.
INFO - 2020-08-28 17:37:57 --> Session: Class initialized using 'CodeIgniter\Session\Handlers\FileHandler' driver.
INFO - 2020-08-28 17:37:57 --> Controller "App\Controllers\base\Dashboard" loaded.
INFO - 2020-08-28 17:37:57 --> Session: Class initialized using 'CodeIgniter\Session\Handlers\FileHandler' driver.
INFO - 2020-08-28 17:37:57 --> Controller "App\Controllers\base\Dashboard" loaded.
INFO - 2020-08-28 17:37:58 --> Session: Class initialized using 'CodeIgniter\Session\Handlers\FileHandler' driver.
INFO - 2020-08-28 17:37:58 --> Controller "App\Controllers\base\Dashboard" loaded.
INFO - 2020-08-28 17:37:58 --> Session: Class initialized using 'CodeIgniter\Session\Handlers\FileHandler' driver.
INFO - 2020-08-28 17:37:58 --> Controller "App\Controllers\base\Dashboard" loaded.
INFO - 2020-08-28 17:37:58 --> Session: Class initialized using 'CodeIgniter\Session\Handlers\FileHandler' driver.
INFO - 2020-08-28 17:37:58 --> Controller "App\Controllers\base\Dashboard" loaded.
INFO - 2020-08-28 17:38:03 --> Session: Class initialized using 'CodeIgniter\Session\Handlers\FileHandler' driver.
INFO - 2020-08-28 17:38:03 --> Controller "App\Controllers\base\Dashboard" loaded.
INFO - 2020-08-28 17:38:03 --> Session: Class initialized using 'CodeIgniter\Session\Handlers\FileHandler' driver.
INFO - 2020-08-28 17:38:03 --> Controller "App\Controllers\base\Dashboard" loaded.
INFO - 2020-08-28 17:38:03 --> Session: Class initialized using 'CodeIgniter\Session\Handlers\FileHandler' driver.
INFO - 2020-08-28 17:38:03 --> Controller "App\Controllers\base\Dashboard" loaded.
INFO - 2020-08-28 17:38:04 --> Session: Class initialized using 'CodeIgniter\Session\Handlers\FileHandler' driver.
INFO - 2020-08-28 17:38:04 --> Controller "App\Controllers\base\Dashboard" loaded.
INFO - 2020-08-28 17:38:09 --> Session: Class initialized using 'CodeIgniter\Session\Handlers\FileHandler' driver.
INFO - 2020-08-28 17:38:09 --> Controller "App\Controllers\base\Dashboard" loaded.
INFO - 2020-08-28 17:40:09 --> Session: Class initialized using 'CodeIgniter\Session\Handlers\FileHandler' driver.
INFO - 2020-08-28 17:40:09 --> Controller "App\Controllers\base\Dashboard" loaded.
CRITICAL - 2020-08-28 17:40:09 --> The uploaded file has already been moved.
#0 /var/www/html/undangin/system/HTTP/Files/UploadedFile.php(167): CodeIgniter\HTTP\Exceptions\HTTPException::forAlreadyMoved()
#1 /var/www/html/undangin/app/Controllers/base/Dashboard.php(346): CodeIgniter\HTTP\Files\UploadedFile->move('assets/users/62...', 'album2.png')
#2 /var/www/html/undangin/system/CodeIgniter.php(910): App\Controllers\base\Dashboard->do_update_gallery()
#3 /var/www/html/undangin/system/CodeIgniter.php(398): CodeIgniter\CodeIgniter->runController(Object(App\Controllers\base\Dashboard))
#4 /var/www/html/undangin/system/CodeIgniter.php(306): CodeIgniter\CodeIgniter->handleRequest(NULL, Object(Config\Cache), false)
#5 /var/www/html/undangin/public/index.php(45): CodeIgniter\CodeIgniter->run()
#6 /var/www/html/undangin/system/Commands/Server/rewrite.php(34): require_once('/var/www/html/u...')
#7 {main}
INFO - 2020-08-28 17:40:17 --> Session: Class initialized using 'CodeIgniter\Session\Handlers\FileHandler' driver.
INFO - 2020-08-28 17:40:17 --> Controller "App\Controllers\base\Dashboard" loaded.
CRITICAL - 2020-08-28 17:40:17 --> The uploaded file has already been moved.
#0 /var/www/html/undangin/system/HTTP/Files/UploadedFile.php(167): CodeIgniter\HTTP\Exceptions\HTTPException::forAlreadyMoved()
#1 /var/www/html/undangin/app/Controllers/base/Dashboard.php(346): CodeIgniter\HTTP\Files\UploadedFile->move('assets/users/62...', 'album3.png')
#2 /var/www/html/undangin/system/CodeIgniter.php(910): App\Controllers\base\Dashboard->do_update_gallery()
#3 /var/www/html/undangin/system/CodeIgniter.php(398): CodeIgniter\CodeIgniter->runController(Object(App\Controllers\base\Dashboard))
#4 /var/www/html/undangin/system/CodeIgniter.php(306): CodeIgniter\CodeIgniter->handleRequest(NULL, Object(Config\Cache), false)
#5 /var/www/html/undangin/public/index.php(45): CodeIgniter\CodeIgniter->run()
#6 /var/www/html/undangin/system/Commands/Server/rewrite.php(34): require_once('/var/www/html/u...')
#7 {main}
INFO - 2020-08-28 17:40:29 --> Session: Class initialized using 'CodeIgniter\Session\Handlers\FileHandler' driver.
INFO - 2020-08-28 17:40:29 --> Controller "App\Controllers\base\Dashboard" loaded.
CRITICAL - 2020-08-28 17:40:29 --> The uploaded file has already been moved.
#0 /var/www/html/undangin/system/HTTP/Files/UploadedFile.php(167): CodeIgniter\HTTP\Exceptions\HTTPException::forAlreadyMoved()
#1 /var/www/html/undangin/app/Controllers/base/Dashboard.php(346): CodeIgniter\HTTP\Files\UploadedFile->move('assets/users/62...', 'album4.png')
#2 /var/www/html/undangin/system/CodeIgniter.php(910): App\Controllers\base\Dashboard->do_update_gallery()
#3 /var/www/html/undangin/system/CodeIgniter.php(398): CodeIgniter\CodeIgniter->runController(Object(App\Controllers\base\Dashboard))
#4 /var/www/html/undangin/system/CodeIgniter.php(306): CodeIgniter\CodeIgniter->handleRequest(NULL, Object(Config\Cache), false)
#5 /var/www/html/undangin/public/index.php(45): CodeIgniter\CodeIgniter->run()
#6 /var/www/html/undangin/system/Commands/Server/rewrite.php(34): require_once('/var/www/html/u...')
#7 {main}
INFO - 2020-08-28 17:43:03 --> Session: Class initialized using 'CodeIgniter\Session\Handlers\FileHandler' driver.
INFO - 2020-08-28 17:43:03 --> Controller "App\Controllers\base\Dashboard" loaded.
INFO - 2020-08-28 17:43:11 --> Session: Class initialized using 'CodeIgniter\Session\Handlers\FileHandler' driver.
INFO - 2020-08-28 17:43:11 --> Controller "App\Controllers\base\Dashboard" loaded.
INFO - 2020-08-28 17:43:12 --> Session: Class initialized using 'CodeIgniter\Session\Handlers\FileHandler' driver.
INFO - 2020-08-28 17:43:12 --> Controller "App\Controllers\base\Dashboard" loaded.
INFO - 2020-08-28 17:43:12 --> Session: Class initialized using 'CodeIgniter\Session\Handlers\FileHandler' driver.
INFO - 2020-08-28 17:43:12 --> Controller "App\Controllers\base\Dashboard" loaded.
INFO - 2020-08-28 17:43:31 --> Session: Class initialized using 'CodeIgniter\Session\Handlers\FileHandler' driver.
INFO - 2020-08-28 17:43:31 --> Controller "App\Controllers\undangan\Undangan" loaded.
INFO - 2020-08-28 17:43:32 --> Session: Class initialized using 'CodeIgniter\Session\Handlers\FileHandler' driver.
INFO - 2020-08-28 17:43:32 --> Controller "App\Controllers\undangan\Undangan" loaded.
INFO - 2020-08-28 17:44:01 --> Session: Class initialized using 'CodeIgniter\Session\Handlers\FileHandler' driver.
INFO - 2020-08-28 17:44:01 --> Controller "App\Controllers\base\Dashboard" loaded.
INFO - 2020-08-28 17:44:04 --> Session: Class initialized using 'CodeIgniter\Session\Handlers\FileHandler' driver.
INFO - 2020-08-28 17:44:04 --> Controller "App\Controllers\base\Dashboard" loaded.
INFO - 2020-08-28 17:44:04 --> Session: Class initialized using 'CodeIgniter\Session\Handlers\FileHandler' driver.
INFO - 2020-08-28 17:44:04 --> Controller "App\Controllers\base\Dashboard" loaded.
INFO - 2020-08-28 17:44:04 --> Session: Class initialized using 'CodeIgniter\Session\Handlers\FileHandler' driver.
INFO - 2020-08-28 17:44:04 --> Controller "App\Controllers\base\Dashboard" loaded.
INFO - 2020-08-28 17:44:05 --> Session: Class initialized using 'CodeIgniter\Session\Handlers\FileHandler' driver.
INFO - 2020-08-28 17:44:05 --> Controller "App\Controllers\base\Dashboard" loaded.
INFO - 2020-08-28 17:44:05 --> Session: Class initialized using 'CodeIgniter\Session\Handlers\FileHandler' driver.
INFO - 2020-08-28 17:44:05 --> Controller "App\Controllers\base\Dashboard" loaded.
INFO - 2020-08-28 17:44:05 --> Session: Class initialized using 'CodeIgniter\Session\Handlers\FileHandler' driver.
INFO - 2020-08-28 17:44:05 --> Controller "App\Controllers\base\Dashboard" loaded.
INFO - 2020-08-28 17:44:06 --> Session: Class initialized using 'CodeIgniter\Session\Handlers\FileHandler' driver.
INFO - 2020-08-28 17:44:06 --> Controller "App\Controllers\base\Dashboard" loaded.
INFO - 2020-08-28 17:44:16 --> Session: Class initialized using 'CodeIgniter\Session\Handlers\FileHandler' driver.
INFO - 2020-08-28 17:44:16 --> Controller "App\Controllers\base\Dashboard" loaded.
INFO - 2020-08-28 17:44:17 --> Session: Class initialized using 'CodeIgniter\Session\Handlers\FileHandler' driver.
INFO - 2020-08-28 17:44:17 --> Controller "App\Controllers\base\Dashboard" loaded.
INFO - 2020-08-28 17:44:17 --> Session: Class initialized using 'CodeIgniter\Session\Handlers\FileHandler' driver.
INFO - 2020-08-28 17:44:17 --> Controller "App\Controllers\base\Dashboard" loaded.
INFO - 2020-08-28 17:44:17 --> Session: Class initialized using 'CodeIgniter\Session\Handlers\FileHandler' driver.
INFO - 2020-08-28 17:44:17 --> Controller "App\Controllers\base\Dashboard" loaded.
INFO - 2020-08-28 17:44:18 --> Session: Class initialized using 'CodeIgniter\Session\Handlers\FileHandler' driver.
INFO - 2020-08-28 17:44:18 --> Controller "App\Controllers\base\Dashboard" loaded.
INFO - 2020-08-28 17:44:18 --> Session: Class initialized using 'CodeIgniter\Session\Handlers\FileHandler' driver.
INFO - 2020-08-28 17:44:18 --> Controller "App\Controllers\base\Dashboard" loaded.
INFO - 2020-08-28 17:44:18 --> Session: Class initialized using 'CodeIgniter\Session\Handlers\FileHandler' driver.
INFO - 2020-08-28 17:44:18 --> Controller "App\Controllers\base\Dashboard" loaded.
INFO - 2020-08-28 17:44:18 --> Session: Class initialized using 'CodeIgniter\Session\Handlers\FileHandler' driver.
INFO - 2020-08-28 17:44:18 --> Controller "App\Controllers\base\Dashboard" loaded.
INFO - 2020-08-28 17:44:18 --> Session: Class initialized using 'CodeIgniter\Session\Handlers\FileHandler' driver.
INFO - 2020-08-28 17:44:18 --> Controller "App\Controllers\base\Dashboard" loaded.
INFO - 2020-08-28 17:44:38 --> Session: Class initialized using 'CodeIgniter\Session\Handlers\FileHandler' driver.
INFO - 2020-08-28 17:44:38 --> Controller "App\Controllers\base\Dashboard" loaded.
INFO - 2020-08-28 17:44:38 --> Session: Class initialized using 'CodeIgniter\Session\Handlers\FileHandler' driver.
INFO - 2020-08-28 17:44:38 --> Controller "App\Controllers\base\Dashboard" loaded.
INFO - 2020-08-28 17:44:38 --> Session: Class initialized using 'CodeIgniter\Session\Handlers\FileHandler' driver.
INFO - 2020-08-28 17:44:38 --> Controller "App\Controllers\base\Dashboard" loaded.
INFO - 2020-08-28 17:44:38 --> Session: Class initialized using 'CodeIgniter\Session\Handlers\FileHandler' driver.
INFO - 2020-08-28 17:44:38 --> Controller "App\Controllers\base\Dashboard" loaded.
INFO - 2020-08-28 17:44:38 --> Session: Class initialized using 'CodeIgniter\Session\Handlers\FileHandler' driver.
INFO - 2020-08-28 17:44:38 --> Controller "App\Controllers\base\Dashboard" loaded.
INFO - 2020-08-28 17:44:39 --> Session: Class initialized using 'CodeIgniter\Session\Handlers\FileHandler' driver.
INFO - 2020-08-28 17:44:39 --> Controller "App\Controllers\base\Dashboard" loaded.
INFO - 2020-08-28 17:44:39 --> Session: Class initialized using 'CodeIgniter\Session\Handlers\FileHandler' driver.
INFO - 2020-08-28 17:44:39 --> Controller "App\Controllers\base\Dashboard" loaded.
INFO - 2020-08-28 17:44:39 --> Session: Class initialized using 'CodeIgniter\Session\Handlers\FileHandler' driver.
INFO - 2020-08-28 17:44:39 --> Controller "App\Controllers\base\Dashboard" loaded.
INFO - 2020-08-28 17:44:39 --> Session: Class initialized using 'CodeIgniter\Session\Handlers\FileHandler' driver.
INFO - 2020-08-28 17:44:39 --> Controller "App\Controllers\base\Dashboard" loaded.
INFO - 2020-08-28 17:44:45 --> Session: Class initialized using 'CodeIgniter\Session\Handlers\FileHandler' driver.
INFO - 2020-08-28 17:44:45 --> Controller "App\Controllers\base\Dashboard" loaded.
INFO - 2020-08-28 17:46:21 --> Session: Class initialized using 'CodeIgniter\Session\Handlers\FileHandler' driver.
INFO - 2020-08-28 17:46:21 --> Controller "App\Controllers\base\Dashboard" loaded.
INFO - 2020-08-28 17:46:22 --> Session: Class initialized using 'CodeIgniter\Session\Handlers\FileHandler' driver.
INFO - 2020-08-28 17:46:22 --> Controller "App\Controllers\base\Dashboard" loaded.
INFO - 2020-08-28 17:46:26 --> Session: Class initialized using 'CodeIgniter\Session\Handlers\FileHandler' driver.
INFO - 2020-08-28 17:46:26 --> Controller "App\Controllers\base\Dashboard" loaded.
CRITICAL - 2020-08-28 17:46:26 --> The uploaded file has already been moved.
#0 /var/www/html/undangin/system/HTTP/Files/UploadedFile.php(167): CodeIgniter\HTTP\Exceptions\HTTPException::forAlreadyMoved()
#1 /var/www/html/undangin/app/Controllers/base/Dashboard.php(345): CodeIgniter\HTTP\Files\UploadedFile->move('assets/users/62...', 'album2.png')
#2 /var/www/html/undangin/system/CodeIgniter.php(910): App\Controllers\base\Dashboard->do_update_gallery()
#3 /var/www/html/undangin/system/CodeIgniter.php(398): CodeIgniter\CodeIgniter->runController(Object(App\Controllers\base\Dashboard))
#4 /var/www/html/undangin/system/CodeIgniter.php(306): CodeIgniter\CodeIgniter->handleRequest(NULL, Object(Config\Cache), false)
#5 /var/www/html/undangin/public/index.php(45): CodeIgniter\CodeIgniter->run()
#6 /var/www/html/undangin/system/Commands/Server/rewrite.php(34): require_once('/var/www/html/u...')
#7 {main}
INFO - 2020-08-28 17:46:32 --> Session: Class initialized using 'CodeIgniter\Session\Handlers\FileHandler' driver.
INFO - 2020-08-28 17:46:32 --> Controller "App\Controllers\base\Dashboard" loaded.
INFO - 2020-08-28 17:46:38 --> Session: Class initialized using 'CodeIgniter\Session\Handlers\FileHandler' driver.
INFO - 2020-08-28 17:46:38 --> Controller "App\Controllers\base\Dashboard" loaded.
INFO - 2020-08-28 17:50:10 --> Session: Class initialized using 'CodeIgniter\Session\Handlers\FileHandler' driver.
INFO - 2020-08-28 17:50:10 --> Controller "App\Controllers\base\Dashboard" loaded.
INFO - 2020-08-28 17:50:26 --> Session: Class initialized using 'CodeIgniter\Session\Handlers\FileHandler' driver.
INFO - 2020-08-28 17:50:26 --> Controller "App\Controllers\base\Dashboard" loaded.
INFO - 2020-08-28 17:50:26 --> Session: Class initialized using 'CodeIgniter\Session\Handlers\FileHandler' driver.
INFO - 2020-08-28 17:50:26 --> Controller "App\Controllers\base\Dashboard" loaded.
INFO - 2020-08-28 17:50:26 --> Session: Class initialized using 'CodeIgniter\Session\Handlers\FileHandler' driver.
INFO - 2020-08-28 17:50:26 --> Controller "App\Controllers\base\Dashboard" loaded.
INFO - 2020-08-28 17:50:27 --> Session: Class initialized using 'CodeIgniter\Session\Handlers\FileHandler' driver.
INFO - 2020-08-28 17:50:27 --> Controller "App\Controllers\base\Dashboard" loaded.
INFO - 2020-08-28 17:50:27 --> Session: Class initialized using 'CodeIgniter\Session\Handlers\FileHandler' driver.
INFO - 2020-08-28 17:50:27 --> Controller "App\Controllers\base\Dashboard" loaded.
INFO - 2020-08-28 17:50:38 --> Session: Class initialized using 'CodeIgniter\Session\Handlers\FileHandler' driver.
INFO - 2020-08-28 17:50:38 --> Controller "App\Controllers\base\Dashboard" loaded.
INFO - 2020-08-28 17:50:50 --> Session: Class initialized using 'CodeIgniter\Session\Handlers\FileHandler' driver.
INFO - 2020-08-28 17:50:50 --> Controller "App\Controllers\base\Dashboard" loaded.
INFO - 2020-08-28 17:50:59 --> Session: Class initialized using 'CodeIgniter\Session\Handlers\FileHandler' driver.
INFO - 2020-08-28 17:50:59 --> Controller "App\Controllers\base\Dashboard" loaded.
INFO - 2020-08-28 17:52:49 --> Session: Class initialized using 'CodeIgniter\Session\Handlers\FileHandler' driver.
INFO - 2020-08-28 17:52:49 --> Controller "App\Controllers\admin\Admin" loaded.
INFO - 2020-08-28 17:52:53 --> Session: Class initialized using 'CodeIgniter\Session\Handlers\FileHandler' driver.
INFO - 2020-08-28 17:52:53 --> Controller "App\Controllers\admin\Admin" loaded.
INFO - 2020-08-28 17:52:53 --> Session: Class initialized using 'CodeIgniter\Session\Handlers\FileHandler' driver.
INFO - 2020-08-28 17:52:53 --> Controller "App\Controllers\admin\Admin" loaded.
INFO - 2020-08-28 17:53:15 --> Session: Class initialized using 'CodeIgniter\Session\Handlers\FileHandler' driver.
INFO - 2020-08-28 17:53:15 --> Controller "App\Controllers\admin\Admin" loaded.
INFO - 2020-08-28 17:53:22 --> Session: Class initialized using 'CodeIgniter\Session\Handlers\FileHandler' driver.
INFO - 2020-08-28 17:53:22 --> Controller "App\Controllers\admin\Admin" loaded.
INFO - 2020-08-28 17:53:30 --> Session: Class initialized using 'CodeIgniter\Session\Handlers\FileHandler' driver.
INFO - 2020-08-28 17:53:30 --> Controller "App\Controllers\admin\Admin" loaded.
INFO - 2020-08-28 17:53:52 --> Session: Class initialized using 'CodeIgniter\Session\Handlers\FileHandler' driver.
INFO - 2020-08-28 17:53:52 --> Controller "App\Controllers\admin\Admin" loaded.
INFO - 2020-08-28 17:53:52 --> Session: Class initialized using 'CodeIgniter\Session\Handlers\FileHandler' driver.
INFO - 2020-08-28 17:53:52 --> Controller "App\Controllers\admin\Admin" loaded.
INFO - 2020-08-28 17:54:01 --> Session: Class initialized using 'CodeIgniter\Session\Handlers\FileHandler' driver.
INFO - 2020-08-28 17:54:01 --> Controller "App\Controllers\undangan\Undangan" loaded.
INFO - 2020-08-28 17:54:02 --> Session: Class initialized using 'CodeIgniter\Session\Handlers\FileHandler' driver.
INFO - 2020-08-28 17:54:02 --> Controller "App\Controllers\undangan\Undangan" loaded.
INFO - 2020-08-28 17:55:18 --> Session: Class initialized using 'CodeIgniter\Session\Handlers\FileHandler' driver.
INFO - 2020-08-28 17:55:18 --> Controller "App\Controllers\admin\Admin" loaded.
INFO - 2020-08-28 17:55:20 --> Session: Class initialized using 'CodeIgniter\Session\Handlers\FileHandler' driver.
INFO - 2020-08-28 17:55:20 --> Controller "App\Controllers\admin\Admin" loaded.
INFO - 2020-08-28 17:55:23 --> Session: Class initialized using 'CodeIgniter\Session\Handlers\FileHandler' driver.
INFO - 2020-08-28 17:55:23 --> Controller "App\Controllers\undangan\Undangan" loaded.
INFO - 2020-08-28 17:55:25 --> Session: Class initialized using 'CodeIgniter\Session\Handlers\FileHandler' driver.
INFO - 2020-08-28 17:55:25 --> Controller "App\Controllers\undangan\Undangan" loaded.
INFO - 2020-08-28 17:55:39 --> Session: Class initialized using 'CodeIgniter\Session\Handlers\FileHandler' driver.
INFO - 2020-08-28 17:55:39 --> Controller "App\Controllers\undangan\Undangan" loaded.
INFO - 2020-08-28 17:58:01 --> Session: Class initialized using 'CodeIgniter\Session\Handlers\FileHandler' driver.
INFO - 2020-08-28 17:58:02 --> Controller "App\Controllers\admin\Admin" loaded.
INFO - 2020-08-28 17:58:03 --> Session: Class initialized using 'CodeIgniter\Session\Handlers\FileHandler' driver.
INFO - 2020-08-28 17:58:03 --> Controller "App\Controllers\admin\Admin" loaded.
INFO - 2020-08-28 17:58:05 --> Session: Class initialized using 'CodeIgniter\Session\Handlers\FileHandler' driver.
INFO - 2020-08-28 17:58:05 --> Controller "App\Controllers\undangan\Undangan" loaded.
INFO - 2020-08-28 17:58:06 --> Session: Class initialized using 'CodeIgniter\Session\Handlers\FileHandler' driver.
INFO - 2020-08-28 17:58:06 --> Controller "App\Controllers\undangan\Undangan" loaded.
INFO - 2020-08-28 17:58:26 --> Session: Class initialized using 'CodeIgniter\Session\Handlers\FileHandler' driver.
INFO - 2020-08-28 17:58:26 --> Controller "App\Controllers\base\Dashboard" loaded.
INFO - 2020-08-28 17:58:38 --> Session: Class initialized using 'CodeIgniter\Session\Handlers\FileHandler' driver.
INFO - 2020-08-28 17:58:38 --> Controller "App\Controllers\base\Dashboard" loaded.
INFO - 2020-08-28 17:58:38 --> Session: Class initialized using 'CodeIgniter\Session\Handlers\FileHandler' driver.
INFO - 2020-08-28 17:58:38 --> Controller "App\Controllers\base\Dashboard" loaded.
INFO - 2020-08-28 17:58:57 --> Session: Class initialized using 'CodeIgniter\Session\Handlers\FileHandler' driver.
INFO - 2020-08-28 17:58:57 --> Controller "App\Controllers\undangan\Undangan" loaded.
INFO - 2020-08-28 17:58:57 --> Session: Class initialized using 'CodeIgniter\Session\Handlers\FileHandler' driver.
INFO - 2020-08-28 17:58:57 --> Controller "App\Controllers\undangan\Undangan" loaded.
INFO - 2020-08-28 17:59:45 --> Session: Class initialized using 'CodeIgniter\Session\Handlers\FileHandler' driver.
INFO - 2020-08-28 17:59:45 --> Controller "App\Controllers\base\Dashboard" loaded.
INFO - 2020-08-28 17:59:45 --> Session: Class initialized using 'CodeIgniter\Session\Handlers\FileHandler' driver.
INFO - 2020-08-28 17:59:45 --> Controller "App\Controllers\base\Dashboard" loaded.
INFO - 2020-08-28 17:59:47 --> Session: Class initialized using 'CodeIgniter\Session\Handlers\FileHandler' driver.
INFO - 2020-08-28 17:59:47 --> Controller "App\Controllers\undangan\Undangan" loaded.
INFO - 2020-08-28 17:59:48 --> Session: Class initialized using 'CodeIgniter\Session\Handlers\FileHandler' driver.
INFO - 2020-08-28 17:59:48 --> Controller "App\Controllers\undangan\Undangan" loaded.
INFO - 2020-08-28 18:00:29 --> Session: Class initialized using 'CodeIgniter\Session\Handlers\FileHandler' driver.
INFO - 2020-08-28 18:00:29 --> Controller "App\Controllers\base\Dashboard" loaded.
INFO - 2020-08-28 18:00:29 --> Session: Class initialized using 'CodeIgniter\Session\Handlers\FileHandler' driver.
INFO - 2020-08-28 18:00:29 --> Controller "App\Controllers\base\Dashboard" loaded.
INFO - 2020-08-28 18:00:32 --> Session: Class initialized using 'CodeIgniter\Session\Handlers\FileHandler' driver.
INFO - 2020-08-28 18:00:32 --> Controller "App\Controllers\undangan\Undangan" loaded.
INFO - 2020-08-28 18:00:32 --> Session: Class initialized using 'CodeIgniter\Session\Handlers\FileHandler' driver.
INFO - 2020-08-28 18:00:32 --> Controller "App\Controllers\undangan\Undangan" loaded.
INFO - 2020-08-28 18:01:10 --> Session: Class initialized using 'CodeIgniter\Session\Handlers\FileHandler' driver.
INFO - 2020-08-28 18:01:10 --> Controller "App\Controllers\base\Dashboard" loaded.
INFO - 2020-08-28 18:01:10 --> Session: Class initialized using 'CodeIgniter\Session\Handlers\FileHandler' driver.
INFO - 2020-08-28 18:01:10 --> Controller "App\Controllers\base\Dashboard" loaded.
INFO - 2020-08-28 18:01:12 --> Session: Class initialized using 'CodeIgniter\Session\Handlers\FileHandler' driver.
INFO - 2020-08-28 18:01:12 --> Controller "App\Controllers\undangan\Undangan" loaded.
INFO - 2020-08-28 18:01:13 --> Session: Class initialized using 'CodeIgniter\Session\Handlers\FileHandler' driver.
INFO - 2020-08-28 18:01:13 --> Controller "App\Controllers\undangan\Undangan" loaded.
INFO - 2020-08-28 18:01:59 --> Session: Class initialized using 'CodeIgniter\Session\Handlers\FileHandler' driver.
INFO - 2020-08-28 18:01:59 --> Controller "App\Controllers\base\Dashboard" loaded.
INFO - 2020-08-28 18:01:59 --> Session: Class initialized using 'CodeIgniter\Session\Handlers\FileHandler' driver.
INFO - 2020-08-28 18:01:59 --> Controller "App\Controllers\base\Dashboard" loaded.
INFO - 2020-08-28 18:02:01 --> Session: Class initialized using 'CodeIgniter\Session\Handlers\FileHandler' driver.
INFO - 2020-08-28 18:02:01 --> Controller "App\Controllers\undangan\Undangan" loaded.
INFO - 2020-08-28 18:02:02 --> Session: Class initialized using 'CodeIgniter\Session\Handlers\FileHandler' driver.
INFO - 2020-08-28 18:02:02 --> Controller "App\Controllers\undangan\Undangan" loaded.
INFO - 2020-08-28 18:02:31 --> Session: Class initialized using 'CodeIgniter\Session\Handlers\FileHandler' driver.
INFO - 2020-08-28 18:02:31 --> Controller "App\Controllers\undangan\Undangan" loaded.
INFO - 2020-08-28 18:02:32 --> Session: Class initialized using 'CodeIgniter\Session\Handlers\FileHandler' driver.
INFO - 2020-08-28 18:02:32 --> Controller "App\Controllers\undangan\Undangan" loaded.
INFO - 2020-08-28 18:03:27 --> Session: Class initialized using 'CodeIgniter\Session\Handlers\FileHandler' driver.
INFO - 2020-08-28 18:03:27 --> Controller "App\Controllers\undangan\Undangan" loaded.
INFO - 2020-08-28 18:03:27 --> Session: Class initialized using 'CodeIgniter\Session\Handlers\FileHandler' driver.
INFO - 2020-08-28 18:03:27 --> Controller "App\Controllers\undangan\Undangan" loaded.
INFO - 2020-08-28 18:03:35 --> Session: Class initialized using 'CodeIgniter\Session\Handlers\FileHandler' driver.
INFO - 2020-08-28 18:03:35 --> Controller "App\Controllers\base\Dashboard" loaded.
INFO - 2020-08-28 18:03:35 --> Session: Class initialized using 'CodeIgniter\Session\Handlers\FileHandler' driver.
INFO - 2020-08-28 18:03:35 --> Controller "App\Controllers\base\Dashboard" loaded.
INFO - 2020-08-28 18:03:37 --> Session: Class initialized using 'CodeIgniter\Session\Handlers\FileHandler' driver.
INFO - 2020-08-28 18:03:37 --> Controller "App\Controllers\undangan\Undangan" loaded.
INFO - 2020-08-28 18:03:38 --> Session: Class initialized using 'CodeIgniter\Session\Handlers\FileHandler' driver.
INFO - 2020-08-28 18:03:38 --> Controller "App\Controllers\undangan\Undangan" loaded.
INFO - 2020-08-28 18:03:52 --> Session: Class initialized using 'CodeIgniter\Session\Handlers\FileHandler' driver.
INFO - 2020-08-28 18:03:52 --> Controller "App\Controllers\base\Dashboard" loaded.
INFO - 2020-08-28 18:03:53 --> Session: Class initialized using 'CodeIgniter\Session\Handlers\FileHandler' driver.
INFO - 2020-08-28 18:03:53 --> Controller "App\Controllers\base\Dashboard" loaded.
INFO - 2020-08-28 18:03:55 --> Session: Class initialized using 'CodeIgniter\Session\Handlers\FileHandler' driver.
INFO - 2020-08-28 18:03:55 --> Controller "App\Controllers\undangan\Undangan" loaded.
INFO - 2020-08-28 18:03:56 --> Session: Class initialized using 'CodeIgniter\Session\Handlers\FileHandler' driver.
INFO - 2020-08-28 18:03:56 --> Controller "App\Controllers\undangan\Undangan" loaded.
INFO - 2020-08-28 18:04:07 --> Session: Class initialized using 'CodeIgniter\Session\Handlers\FileHandler' driver.
INFO - 2020-08-28 18:04:07 --> Controller "App\Controllers\admin\Admin" loaded.
INFO - 2020-08-28 18:04:09 --> Session: Class initialized using 'CodeIgniter\Session\Handlers\FileHandler' driver.
INFO - 2020-08-28 18:04:09 --> Controller "App\Controllers\admin\Admin" loaded.
INFO - 2020-08-28 18:04:10 --> Session: Class initialized using 'CodeIgniter\Session\Handlers\FileHandler' driver.
INFO - 2020-08-28 18:04:10 --> Controller "App\Controllers\undangan\Undangan" loaded.
INFO - 2020-08-28 18:04:11 --> Session: Class initialized using 'CodeIgniter\Session\Handlers\FileHandler' driver.
INFO - 2020-08-28 18:04:11 --> Controller "App\Controllers\undangan\Undangan" loaded.
INFO - 2020-08-28 18:04:23 --> Session: Class initialized using 'CodeIgniter\Session\Handlers\FileHandler' driver.
INFO - 2020-08-28 18:04:23 --> Controller "App\Controllers\admin\Admin" loaded.
INFO - 2020-08-28 18:04:24 --> Session: Class initialized using 'CodeIgniter\Session\Handlers\FileHandler' driver.
INFO - 2020-08-28 18:04:24 --> Controller "App\Controllers\admin\Admin" loaded.
INFO - 2020-08-28 18:04:26 --> Session: Class initialized using 'CodeIgniter\Session\Handlers\FileHandler' driver.
INFO - 2020-08-28 18:04:26 --> Controller "App\Controllers\undangan\Undangan" loaded.
INFO - 2020-08-28 18:04:27 --> Session: Class initialized using 'CodeIgniter\Session\Handlers\FileHandler' driver.
INFO - 2020-08-28 18:04:27 --> Controller "App\Controllers\undangan\Undangan" loaded.
INFO - 2020-08-28 18:04:49 --> Session: Class initialized using 'CodeIgniter\Session\Handlers\FileHandler' driver.
INFO - 2020-08-28 18:04:49 --> Controller "App\Controllers\base\Dashboard" loaded.
INFO - 2020-08-28 18:04:57 --> Session: Class initialized using 'CodeIgniter\Session\Handlers\FileHandler' driver.
INFO - 2020-08-28 18:04:57 --> Controller "App\Controllers\base\Dashboard" loaded.
INFO - 2020-08-28 18:04:57 --> Session: Class initialized using 'CodeIgniter\Session\Handlers\FileHandler' driver.
INFO - 2020-08-28 18:04:57 --> Controller "App\Controllers\base\Dashboard" loaded.
INFO - 2020-08-28 18:05:03 --> Session: Class initialized using 'CodeIgniter\Session\Handlers\FileHandler' driver.
INFO - 2020-08-28 18:05:03 --> Controller "App\Controllers\base\Dashboard" loaded.
INFO - 2020-08-28 18:05:23 --> Session: Class initialized using 'CodeIgniter\Session\Handlers\FileHandler' driver.
INFO - 2020-08-28 18:05:23 --> Controller "App\Controllers\base\Dashboard" loaded.
INFO - 2020-08-28 18:05:23 --> Session: Class initialized using 'CodeIgniter\Session\Handlers\FileHandler' driver.
INFO - 2020-08-28 18:05:23 --> Controller "App\Controllers\base\Dashboard" loaded.
INFO - 2020-08-28 18:05:26 --> Session: Class initialized using 'CodeIgniter\Session\Handlers\FileHandler' driver.
INFO - 2020-08-28 18:05:26 --> Controller "App\Controllers\undangan\Undangan" loaded.
INFO - 2020-08-28 18:05:32 --> Session: Class initialized using 'CodeIgniter\Session\Handlers\FileHandler' driver.
INFO - 2020-08-28 18:05:32 --> Controller "App\Controllers\base\Dashboard" loaded.
INFO - 2020-08-28 18:05:38 --> Session: Class initialized using 'CodeIgniter\Session\Handlers\FileHandler' driver.
INFO - 2020-08-28 18:05:38 --> Controller "App\Controllers\base\Dashboard" loaded.
INFO - 2020-08-28 18:05:40 --> Session: Class initialized using 'CodeIgniter\Session\Handlers\FileHandler' driver.
INFO - 2020-08-28 18:05:40 --> Controller "App\Controllers\base\Dashboard" loaded.
INFO - 2020-08-28 18:05:54 --> Session: Class initialized using 'CodeIgniter\Session\Handlers\FileHandler' driver.
INFO - 2020-08-28 18:05:54 --> Controller "App\Controllers\base\Dashboard" loaded.
INFO - 2020-08-28 18:06:02 --> Session: Class initialized using 'CodeIgniter\Session\Handlers\FileHandler' driver.
INFO - 2020-08-28 18:06:02 --> Session: Class initialized using 'CodeIgniter\Session\Handlers\FileHandler' driver.
INFO - 2020-08-28 18:06:02 --> Controller "App\Controllers\base\Dashboard" loaded.
INFO - 2020-08-28 18:06:19 --> Session: Class initialized using 'CodeIgniter\Session\Handlers\FileHandler' driver.
INFO - 2020-08-28 18:06:19 --> Controller "App\Controllers\undangan\Undangan" loaded.
INFO - 2020-08-28 18:06:20 --> Session: Class initialized using 'CodeIgniter\Session\Handlers\FileHandler' driver.
INFO - 2020-08-28 18:06:20 --> Controller "App\Controllers\undangan\Undangan" loaded.
INFO - 2020-08-28 18:06:22 --> Session: Class initialized using 'CodeIgniter\Session\Handlers\FileHandler' driver.
INFO - 2020-08-28 18:06:22 --> Controller "App\Controllers\undangan\Undangan" loaded.
INFO - 2020-08-28 18:06:24 --> Session: Class initialized using 'CodeIgniter\Session\Handlers\FileHandler' driver.
INFO - 2020-08-28 18:06:24 --> Controller "App\Controllers\base\Dashboard" loaded.
INFO - 2020-08-28 18:06:33 --> Session: Class initialized using 'CodeIgniter\Session\Handlers\FileHandler' driver.
INFO - 2020-08-28 18:06:33 --> Controller "App\Controllers\base\Dashboard" loaded.
INFO - 2020-08-28 18:08:55 --> Session: Class initialized using 'CodeIgniter\Session\Handlers\FileHandler' driver.
INFO - 2020-08-28 18:08:55 --> Controller "App\Controllers\base\Dashboard" loaded.
INFO - 2020-08-28 18:09:01 --> Session: Class initialized using 'CodeIgniter\Session\Handlers\FileHandler' driver.
INFO - 2020-08-28 18:09:01 --> Controller "App\Controllers\base\Dashboard" loaded.
INFO - 2020-08-28 18:09:08 --> Session: Class initialized using 'CodeIgniter\Session\Handlers\FileHandler' driver.
INFO - 2020-08-28 18:09:08 --> Controller "App\Controllers\base\Dashboard" loaded.
INFO - 2020-08-28 18:09:10 --> Session: Class initialized using 'CodeIgniter\Session\Handlers\FileHandler' driver.
INFO - 2020-08-28 18:09:10 --> Controller "App\Controllers\base\Dashboard" loaded.
INFO - 2020-08-28 18:10:16 --> Session: Class initialized using 'CodeIgniter\Session\Handlers\FileHandler' driver.
INFO - 2020-08-28 18:10:16 --> Controller "App\Controllers\base\Dashboard" loaded.
INFO - 2020-08-28 18:10:20 --> Session: Class initialized using 'CodeIgniter\Session\Handlers\FileHandler' driver.
INFO - 2020-08-28 18:10:20 --> Controller "App\Controllers\undangan\Undangan" loaded.
INFO - 2020-08-28 18:10:21 --> Session: Class initialized using 'CodeIgniter\Session\Handlers\FileHandler' driver.
INFO - 2020-08-28 18:10:21 --> Controller "App\Controllers\undangan\Undangan" loaded.
INFO - 2020-08-28 18:10:22 --> Session: Class initialized using 'CodeIgniter\Session\Handlers\FileHandler' driver.
INFO - 2020-08-28 18:10:22 --> Controller "App\Controllers\undangan\Undangan" loaded.
INFO - 2020-08-28 18:10:26 --> Session: Class initialized using 'CodeIgniter\Session\Handlers\FileHandler' driver.
INFO - 2020-08-28 18:10:26 --> Controller "App\Controllers\base\Dashboard" loaded.
INFO - 2020-08-28 18:10:37 --> Session: Class initialized using 'CodeIgniter\Session\Handlers\FileHandler' driver.
INFO - 2020-08-28 18:10:37 --> Controller "App\Controllers\base\Dashboard" loaded.
INFO - 2020-08-28 18:11:55 --> Session: Class initialized using 'CodeIgniter\Session\Handlers\FileHandler' driver.
INFO - 2020-08-28 18:11:55 --> Controller "App\Controllers\admin\Admin" loaded.
INFO - 2020-08-28 18:12:08 --> Session: Class initialized using 'CodeIgniter\Session\Handlers\FileHandler' driver.
INFO - 2020-08-28 18:12:08 --> Session: Class initialized using 'CodeIgniter\Session\Handlers\FileHandler' driver.
INFO - 2020-08-28 18:12:08 --> Controller "App\Controllers\admin\Admin" loaded.
INFO - 2020-08-28 18:15:08 --> Session: Class initialized using 'CodeIgniter\Session\Handlers\FileHandler' driver.
INFO - 2020-08-28 18:15:08 --> Controller "App\Controllers\base\Dashboard" loaded.
INFO - 2020-08-28 18:16:50 --> Session: Class initialized using 'CodeIgniter\Session\Handlers\FileHandler' driver.
INFO - 2020-08-28 18:16:50 --> Controller "App\Controllers\base\Dashboard" loaded.
INFO - 2020-08-28 18:17:00 --> Session: Class initialized using 'CodeIgniter\Session\Handlers\FileHandler' driver.
INFO - 2020-08-28 18:17:00 --> Controller "App\Controllers\admin\Admin" loaded.
INFO - 2020-08-28 18:17:17 --> Session: Class initialized using 'CodeIgniter\Session\Handlers\FileHandler' driver.
INFO - 2020-08-28 18:17:18 --> Session: Class initialized using 'CodeIgniter\Session\Handlers\FileHandler' driver.
INFO - 2020-08-28 18:17:18 --> Controller "App\Controllers\admin\Admin" loaded.
INFO - 2020-08-28 18:17:18 --> Session: Class initialized using 'CodeIgniter\Session\Handlers\FileHandler' driver.
INFO - 2020-08-28 18:17:18 --> Controller "App\Controllers\admin\Admin" loaded.
INFO - 2020-08-28 18:18:02 --> Session: Class initialized using 'CodeIgniter\Session\Handlers\FileHandler' driver.
INFO - 2020-08-28 18:18:03 --> Session: Class initialized using 'CodeIgniter\Session\Handlers\FileHandler' driver.
INFO - 2020-08-28 18:18:03 --> Controller "App\Controllers\admin\Admin" loaded.
INFO - 2020-08-28 18:18:03 --> Session: Class initialized using 'CodeIgniter\Session\Handlers\FileHandler' driver.
INFO - 2020-08-28 18:18:03 --> Controller "App\Controllers\admin\Admin" loaded.
INFO - 2020-08-28 18:19:33 --> Session: Class initialized using 'CodeIgniter\Session\Handlers\FileHandler' driver.
INFO - 2020-08-28 18:19:33 --> Controller "App\Controllers\admin\Admin" loaded.
INFO - 2020-08-28 18:19:43 --> Session: Class initialized using 'CodeIgniter\Session\Handlers\FileHandler' driver.
INFO - 2020-08-28 18:19:43 --> Controller "App\Controllers\admin\Admin" loaded.
INFO - 2020-08-28 18:19:51 --> Session: Class initialized using 'CodeIgniter\Session\Handlers\FileHandler' driver.
INFO - 2020-08-28 18:19:51 --> Controller "App\Controllers\base\Dashboard" loaded.
INFO - 2020-08-28 18:19:58 --> Session: Class initialized using 'CodeIgniter\Session\Handlers\FileHandler' driver.
INFO - 2020-08-28 18:19:58 --> Controller "App\Controllers\base\Dashboard" loaded.
INFO - 2020-08-28 18:19:58 --> Session: Class initialized using 'CodeIgniter\Session\Handlers\FileHandler' driver.
INFO - 2020-08-28 18:19:58 --> Controller "App\Controllers\base\Dashboard" loaded.
INFO - 2020-08-28 18:20:05 --> Session: Class initialized using 'CodeIgniter\Session\Handlers\FileHandler' driver.
INFO - 2020-08-28 18:20:05 --> Controller "App\Controllers\admin\Admin" loaded.
INFO - 2020-08-28 18:20:07 --> Session: Class initialized using 'CodeIgniter\Session\Handlers\FileHandler' driver.
INFO - 2020-08-28 18:20:07 --> Controller "App\Controllers\admin\Admin" loaded.
INFO - 2020-08-28 18:20:16 --> Session: Class initialized using 'CodeIgniter\Session\Handlers\FileHandler' driver.
INFO - 2020-08-28 18:20:16 --> Controller "App\Controllers\admin\Admin" loaded.
INFO - 2020-08-28 18:20:17 --> Session: Class initialized using 'CodeIgniter\Session\Handlers\FileHandler' driver.
INFO - 2020-08-28 18:20:17 --> Controller "App\Controllers\admin\Admin" loaded.
INFO - 2020-08-28 18:20:23 --> Session: Class initialized using 'CodeIgniter\Session\Handlers\FileHandler' driver.
INFO - 2020-08-28 18:20:23 --> Controller "App\Controllers\admin\Admin" loaded.
INFO - 2020-08-28 18:20:24 --> Session: Class initialized using 'CodeIgniter\Session\Handlers\FileHandler' driver.
INFO - 2020-08-28 18:20:24 --> Controller "App\Controllers\admin\Admin" loaded.
INFO - 2020-08-28 18:20:30 --> Session: Class initialized using 'CodeIgniter\Session\Handlers\FileHandler' driver.
INFO - 2020-08-28 18:20:30 --> Controller "App\Controllers\admin\Admin" loaded.
INFO - 2020-08-28 18:20:32 --> Session: Class initialized using 'CodeIgniter\Session\Handlers\FileHandler' driver.
INFO - 2020-08-28 18:20:32 --> Controller "App\Controllers\admin\Admin" loaded.
INFO - 2020-08-28 18:20:40 --> Session: Class initialized using 'CodeIgniter\Session\Handlers\FileHandler' driver.
INFO - 2020-08-28 18:20:40 --> Controller "App\Controllers\admin\Admin" loaded.
INFO - 2020-08-28 18:20:42 --> Session: Class initialized using 'CodeIgniter\Session\Handlers\FileHandler' driver.
INFO - 2020-08-28 18:20:42 --> Controller "App\Controllers\admin\Admin" loaded.
INFO - 2020-08-28 18:20:47 --> Session: Class initialized using 'CodeIgniter\Session\Handlers\FileHandler' driver.
INFO - 2020-08-28 18:20:47 --> Controller "App\Controllers\admin\Admin" loaded.
INFO - 2020-08-28 18:20:48 --> Session: Class initialized using 'CodeIgniter\Session\Handlers\FileHandler' driver.
INFO - 2020-08-28 18:20:48 --> Controller "App\Controllers\admin\Admin" loaded.
INFO - 2020-08-28 18:21:39 --> Session: Class initialized using 'CodeIgniter\Session\Handlers\FileHandler' driver.
INFO - 2020-08-28 18:21:39 --> Controller "App\Controllers\admin\Admin" loaded.
INFO - 2020-08-28 18:21:45 --> Controller "App\Controllers\base\Beranda" loaded.
INFO - 2020-08-28 18:22:16 --> Session: Class initialized using 'CodeIgniter\Session\Handlers\FileHandler' driver.
INFO - 2020-08-28 18:22:16 --> Controller "App\Controllers\admin\Admin" loaded.
INFO - 2020-08-28 18:22:16 --> Session: Class initialized using 'CodeIgniter\Session\Handlers\FileHandler' driver.
INFO - 2020-08-28 18:22:16 --> Controller "App\Controllers\admin\Admin" loaded.
INFO - 2020-08-28 18:22:38 --> Session: Class initialized using 'CodeIgniter\Session\Handlers\FileHandler' driver.
INFO - 2020-08-28 18:22:38 --> Controller "App\Controllers\admin\Admin" loaded.
INFO - 2020-08-28 18:22:38 --> Session: Class initialized using 'CodeIgniter\Session\Handlers\FileHandler' driver.
INFO - 2020-08-28 18:22:38 --> Controller "App\Controllers\admin\Admin" loaded.
INFO - 2020-08-28 23:45:47 --> Controller "CodeIgniter\CLI\CommandRunner" loaded.
INFO - 2020-08-28 23:45:51 --> Controller "App\Controllers\base\Beranda" loaded.
INFO - 2020-08-28 23:45:52 --> Controller "App\Controllers\base\Beranda" loaded.
INFO - 2020-08-28 23:45:55 --> Controller "App\Controllers\base\Beranda" loaded.
INFO - 2020-08-28 23:45:56 --> Controller "App\Controllers\base\Beranda" loaded.
INFO - 2020-08-28 23:45:59 --> Controller "App\Controllers\base\Beranda" loaded.
INFO - 2020-08-28 23:46:28 --> Controller "App\Controllers\base\Beranda" loaded.
INFO - 2020-08-28 23:46:53 --> Session: Class initialized using 'CodeIgniter\Session\Handlers\FileHandler' driver.
INFO - 2020-08-28 23:46:53 --> Session: Class initialized using 'CodeIgniter\Session\Handlers\FileHandler' driver.
INFO - 2020-08-28 23:46:53 --> Controller "App\Controllers\base\Dashboard" loaded.
INFO - 2020-08-28 23:46:57 --> Session: Class initialized using 'CodeIgniter\Session\Handlers\FileHandler' driver.
INFO - 2020-08-28 23:46:57 --> Controller "App\Controllers\base\Dashboard" loaded.
INFO - 2020-08-28 23:46:57 --> Session: Class initialized using 'CodeIgniter\Session\Handlers\FileHandler' driver.
INFO - 2020-08-28 23:46:57 --> Controller "App\Controllers\base\Dashboard" loaded.
INFO - 2020-08-28 23:47:04 --> Session: Class initialized using 'CodeIgniter\Session\Handlers\FileHandler' driver.
INFO - 2020-08-28 23:47:04 --> Controller "App\Controllers\base\Dashboard" loaded.
INFO - 2020-08-28 23:48:22 --> Controller "App\Controllers\base\Beranda" loaded.
INFO - 2020-08-28 23:48:33 --> Session: Class initialized using 'CodeIgniter\Session\Handlers\FileHandler' driver.
INFO - 2020-08-28 23:48:33 --> Controller "App\Controllers\base\Dashboard" loaded.
INFO - 2020-08-28 23:48:43 --> Controller "App\Controllers\base\Beranda" loaded.
INFO - 2020-08-28 23:48:52 --> Session: Class initialized using 'CodeIgniter\Session\Handlers\FileHandler' driver.
INFO - 2020-08-28 23:48:52 --> Controller "App\Controllers\undangan\Undangan" loaded.
INFO - 2020-08-28 23:49:01 --> Session: Class initialized using 'CodeIgniter\Session\Handlers\FileHandler' driver.
INFO - 2020-08-28 23:49:01 --> Controller "App\Controllers\undangan\Undangan" loaded.
INFO - 2020-08-28 23:49:09 --> Session: Class initialized using 'CodeIgniter\Session\Handlers\FileHandler' driver.
INFO - 2020-08-28 23:49:09 --> Controller "App\Controllers\undangan\Undangan" loaded.
INFO - 2020-08-28 23:49:15 --> Session: Class initialized using 'CodeIgniter\Session\Handlers\FileHandler' driver.
INFO - 2020-08-28 23:49:15 --> Controller "App\Controllers\undangan\Undangan" loaded.
INFO - 2020-08-28 23:49:18 --> Session: Class initialized using 'CodeIgniter\Session\Handlers\FileHandler' driver.
INFO - 2020-08-28 23:49:18 --> Controller "App\Controllers\undangan\Undangan" loaded.
INFO - 2020-08-28 23:49:21 --> Session: Class initialized using 'CodeIgniter\Session\Handlers\FileHandler' driver.
INFO - 2020-08-28 23:49:21 --> Controller "App\Controllers\undangan\Undangan" loaded.
INFO - 2020-08-28 23:49:26 --> Session: Class initialized using 'CodeIgniter\Session\Handlers\FileHandler' driver.
INFO - 2020-08-28 23:49:26 --> Controller "App\Controllers\undangan\Undangan" loaded.
INFO - 2020-08-28 23:49:28 --> Session: Class initialized using 'CodeIgniter\Session\Handlers\FileHandler' driver.
INFO - 2020-08-28 23:49:28 --> Controller "App\Controllers\base\Dashboard" loaded.
INFO - 2020-08-28 23:52:28 --> Session: Class initialized using 'CodeIgniter\Session\Handlers\FileHandler' driver.
INFO - 2020-08-28 23:52:28 --> Controller "App\Controllers\base\Dashboard" loaded.
INFO - 2020-08-28 23:52:31 --> Session: Class initialized using 'CodeIgniter\Session\Handlers\FileHandler' driver.
INFO - 2020-08-28 23:52:31 --> Controller "App\Controllers\base\Dashboard" loaded.
INFO - 2020-08-28 23:52:40 --> Session: Class initialized using 'CodeIgniter\Session\Handlers\FileHandler' driver.
INFO - 2020-08-28 23:52:40 --> Controller "App\Controllers\base\Dashboard" loaded.
INFO - 2020-08-28 23:52:47 --> Session: Class initialized using 'CodeIgniter\Session\Handlers\FileHandler' driver.
INFO - 2020-08-28 23:52:47 --> Controller "App\Controllers\base\Dashboard" loaded.
INFO - 2020-08-28 23:58:50 --> Session: Class initialized using 'CodeIgniter\Session\Handlers\FileHandler' driver.
INFO - 2020-08-28 23:58:50 --> Controller "App\Controllers\base\Dashboard" loaded.
