INFO - 2020-04-13 01:42:27 --> Session: Class initialized using 'CodeIgniter\Session\Handlers\FileHandler' driver.
INFO - 2020-04-13 01:42:27 --> Controller "App\Controllers\Order" loaded.
INFO - 2020-04-13 01:42:52 --> Session: Class initialized using 'CodeIgniter\Session\Handlers\FileHandler' driver.
INFO - 2020-04-13 01:42:52 --> Controller "App\Controllers\Order" loaded.
INFO - 2020-04-13 01:43:47 --> Session: Class initialized using 'CodeIgniter\Session\Handlers\FileHandler' driver.
INFO - 2020-04-13 01:43:47 --> Controller "App\Controllers\Order" loaded.
INFO - 2020-04-13 01:43:47 --> Session: Class initialized using 'CodeIgniter\Session\Handlers\FileHandler' driver.
INFO - 2020-04-13 01:43:47 --> Controller "App\Controllers\Order" loaded.
INFO - 2020-04-13 01:43:47 --> Session: Class initialized using 'CodeIgniter\Session\Handlers\FileHandler' driver.
INFO - 2020-04-13 01:43:47 --> Controller "App\Controllers\Order" loaded.
INFO - 2020-04-13 01:45:51 --> Session: Class initialized using 'CodeIgniter\Session\Handlers\FileHandler' driver.
INFO - 2020-04-13 01:45:51 --> Controller "App\Controllers\Order" loaded.
INFO - 2020-04-13 01:46:01 --> Session: Class initialized using 'CodeIgniter\Session\Handlers\FileHandler' driver.
INFO - 2020-04-13 01:46:01 --> Controller "App\Controllers\Order" loaded.
INFO - 2020-04-13 01:46:01 --> Session: Class initialized using 'CodeIgniter\Session\Handlers\FileHandler' driver.
INFO - 2020-04-13 01:46:01 --> Controller "App\Controllers\Order" loaded.
INFO - 2020-04-13 01:47:09 --> Session: Class initialized using 'CodeIgniter\Session\Handlers\FileHandler' driver.
INFO - 2020-04-13 01:47:09 --> Controller "App\Controllers\Order" loaded.
INFO - 2020-04-13 01:47:16 --> Session: Class initialized using 'CodeIgniter\Session\Handlers\FileHandler' driver.
INFO - 2020-04-13 01:47:16 --> Controller "App\Controllers\Order" loaded.
INFO - 2020-04-13 01:47:29 --> Session: Class initialized using 'CodeIgniter\Session\Handlers\FileHandler' driver.
INFO - 2020-04-13 01:47:29 --> Controller "App\Controllers\Order" loaded.
INFO - 2020-04-13 01:47:44 --> Session: Class initialized using 'CodeIgniter\Session\Handlers\FileHandler' driver.
INFO - 2020-04-13 01:47:44 --> Controller "App\Controllers\Order" loaded.
INFO - 2020-04-13 01:47:57 --> Session: Class initialized using 'CodeIgniter\Session\Handlers\FileHandler' driver.
INFO - 2020-04-13 01:47:57 --> Controller "App\Controllers\Order" loaded.
INFO - 2020-04-13 01:48:05 --> Session: Class initialized using 'CodeIgniter\Session\Handlers\FileHandler' driver.
INFO - 2020-04-13 01:48:05 --> Controller "App\Controllers\Order" loaded.
INFO - 2020-04-13 01:48:23 --> Session: Class initialized using 'CodeIgniter\Session\Handlers\FileHandler' driver.
INFO - 2020-04-13 01:48:23 --> Controller "App\Controllers\Order" loaded.
INFO - 2020-04-13 01:48:42 --> Session: Class initialized using 'CodeIgniter\Session\Handlers\FileHandler' driver.
INFO - 2020-04-13 01:48:42 --> Controller "App\Controllers\Order" loaded.
INFO - 2020-04-13 01:48:51 --> Session: Class initialized using 'CodeIgniter\Session\Handlers\FileHandler' driver.
INFO - 2020-04-13 01:48:51 --> Controller "App\Controllers\Order" loaded.
INFO - 2020-04-13 01:49:05 --> Session: Class initialized using 'CodeIgniter\Session\Handlers\FileHandler' driver.
INFO - 2020-04-13 01:49:05 --> Controller "App\Controllers\Order" loaded.
INFO - 2020-04-13 01:49:08 --> Session: Class initialized using 'CodeIgniter\Session\Handlers\FileHandler' driver.
INFO - 2020-04-13 01:49:08 --> Controller "App\Controllers\Order" loaded.
INFO - 2020-04-13 01:49:27 --> Session: Class initialized using 'CodeIgniter\Session\Handlers\FileHandler' driver.
INFO - 2020-04-13 01:49:27 --> Controller "App\Controllers\Order" loaded.
INFO - 2020-04-13 01:50:18 --> Session: Class initialized using 'CodeIgniter\Session\Handlers\FileHandler' driver.
INFO - 2020-04-13 01:50:18 --> Controller "App\Controllers\Order" loaded.
INFO - 2020-04-13 01:50:23 --> Session: Class initialized using 'CodeIgniter\Session\Handlers\FileHandler' driver.
INFO - 2020-04-13 01:50:23 --> Controller "App\Controllers\Order" loaded.
INFO - 2020-04-13 01:50:28 --> Session: Class initialized using 'CodeIgniter\Session\Handlers\FileHandler' driver.
INFO - 2020-04-13 01:50:28 --> Controller "App\Controllers\Order" loaded.
INFO - 2020-04-13 01:50:30 --> Session: Class initialized using 'CodeIgniter\Session\Handlers\FileHandler' driver.
INFO - 2020-04-13 01:50:30 --> Controller "App\Controllers\Order" loaded.
INFO - 2020-04-13 01:50:45 --> Session: Class initialized using 'CodeIgniter\Session\Handlers\FileHandler' driver.
INFO - 2020-04-13 01:50:45 --> Controller "App\Controllers\Order" loaded.
INFO - 2020-04-13 01:51:59 --> Session: Class initialized using 'CodeIgniter\Session\Handlers\FileHandler' driver.
INFO - 2020-04-13 01:51:59 --> Controller "App\Controllers\Order" loaded.
INFO - 2020-04-13 01:52:08 --> Session: Class initialized using 'CodeIgniter\Session\Handlers\FileHandler' driver.
INFO - 2020-04-13 01:52:08 --> Controller "App\Controllers\Order" loaded.
INFO - 2020-04-13 01:55:37 --> Session: Class initialized using 'CodeIgniter\Session\Handlers\FileHandler' driver.
INFO - 2020-04-13 01:55:37 --> Controller "App\Controllers\Order" loaded.
INFO - 2020-04-13 01:56:32 --> Session: Class initialized using 'CodeIgniter\Session\Handlers\FileHandler' driver.
INFO - 2020-04-13 01:56:32 --> Controller "App\Controllers\Order" loaded.
INFO - 2020-04-13 01:57:33 --> Session: Class initialized using 'CodeIgniter\Session\Handlers\FileHandler' driver.
INFO - 2020-04-13 01:57:33 --> Controller "App\Controllers\Order" loaded.
INFO - 2020-04-13 01:58:20 --> Session: Class initialized using 'CodeIgniter\Session\Handlers\FileHandler' driver.
INFO - 2020-04-13 01:58:20 --> Controller "App\Controllers\Order" loaded.
INFO - 2020-04-13 01:58:50 --> Session: Class initialized using 'CodeIgniter\Session\Handlers\FileHandler' driver.
INFO - 2020-04-13 01:58:50 --> Controller "App\Controllers\Order" loaded.
INFO - 2020-04-13 01:58:50 --> Session: Class initialized using 'CodeIgniter\Session\Handlers\FileHandler' driver.
INFO - 2020-04-13 01:58:50 --> Controller "App\Controllers\Order" loaded.
INFO - 2020-04-13 01:58:50 --> Session: Class initialized using 'CodeIgniter\Session\Handlers\FileHandler' driver.
INFO - 2020-04-13 01:58:50 --> Controller "App\Controllers\Order" loaded.
INFO - 2020-04-13 01:58:50 --> Session: Class initialized using 'CodeIgniter\Session\Handlers\FileHandler' driver.
INFO - 2020-04-13 01:58:50 --> Controller "App\Controllers\Order" loaded.
INFO - 2020-04-13 01:58:50 --> Session: Class initialized using 'CodeIgniter\Session\Handlers\FileHandler' driver.
INFO - 2020-04-13 01:58:50 --> Controller "App\Controllers\Order" loaded.
INFO - 2020-04-13 01:58:52 --> Session: Class initialized using 'CodeIgniter\Session\Handlers\FileHandler' driver.
INFO - 2020-04-13 01:58:52 --> Controller "App\Controllers\Order" loaded.
INFO - 2020-04-13 01:58:53 --> Session: Class initialized using 'CodeIgniter\Session\Handlers\FileHandler' driver.
INFO - 2020-04-13 01:58:53 --> Controller "App\Controllers\Order" loaded.
INFO - 2020-04-13 01:58:53 --> Session: Class initialized using 'CodeIgniter\Session\Handlers\FileHandler' driver.
INFO - 2020-04-13 01:58:53 --> Controller "App\Controllers\Order" loaded.
INFO - 2020-04-13 01:58:53 --> Session: Class initialized using 'CodeIgniter\Session\Handlers\FileHandler' driver.
INFO - 2020-04-13 01:58:53 --> Controller "App\Controllers\Order" loaded.
INFO - 2020-04-13 01:58:54 --> Session: Class initialized using 'CodeIgniter\Session\Handlers\FileHandler' driver.
INFO - 2020-04-13 01:58:54 --> Controller "App\Controllers\Order" loaded.
INFO - 2020-04-13 01:59:26 --> Session: Class initialized using 'CodeIgniter\Session\Handlers\FileHandler' driver.
INFO - 2020-04-13 01:59:26 --> Controller "App\Controllers\Order" loaded.
INFO - 2020-04-13 01:59:26 --> Session: Class initialized using 'CodeIgniter\Session\Handlers\FileHandler' driver.
INFO - 2020-04-13 01:59:26 --> Controller "App\Controllers\Order" loaded.
INFO - 2020-04-13 01:59:26 --> Session: Class initialized using 'CodeIgniter\Session\Handlers\FileHandler' driver.
INFO - 2020-04-13 01:59:26 --> Controller "App\Controllers\Order" loaded.
INFO - 2020-04-13 01:59:26 --> Session: Class initialized using 'CodeIgniter\Session\Handlers\FileHandler' driver.
INFO - 2020-04-13 01:59:26 --> Controller "App\Controllers\Order" loaded.
INFO - 2020-04-13 01:59:26 --> Session: Class initialized using 'CodeIgniter\Session\Handlers\FileHandler' driver.
INFO - 2020-04-13 01:59:26 --> Controller "App\Controllers\Order" loaded.
INFO - 2020-04-13 01:59:26 --> Session: Class initialized using 'CodeIgniter\Session\Handlers\FileHandler' driver.
INFO - 2020-04-13 01:59:26 --> Controller "App\Controllers\Order" loaded.
INFO - 2020-04-13 01:59:26 --> Session: Class initialized using 'CodeIgniter\Session\Handlers\FileHandler' driver.
INFO - 2020-04-13 01:59:26 --> Controller "App\Controllers\Order" loaded.
INFO - 2020-04-13 01:59:26 --> Session: Class initialized using 'CodeIgniter\Session\Handlers\FileHandler' driver.
INFO - 2020-04-13 01:59:26 --> Controller "App\Controllers\Order" loaded.
INFO - 2020-04-13 01:59:26 --> Session: Class initialized using 'CodeIgniter\Session\Handlers\FileHandler' driver.
INFO - 2020-04-13 01:59:26 --> Controller "App\Controllers\Order" loaded.
INFO - 2020-04-13 01:59:26 --> Session: Class initialized using 'CodeIgniter\Session\Handlers\FileHandler' driver.
INFO - 2020-04-13 01:59:26 --> Controller "App\Controllers\Order" loaded.
INFO - 2020-04-13 01:59:30 --> Session: Class initialized using 'CodeIgniter\Session\Handlers\FileHandler' driver.
INFO - 2020-04-13 01:59:30 --> Controller "App\Controllers\Order" loaded.
INFO - 2020-04-13 01:59:31 --> Session: Class initialized using 'CodeIgniter\Session\Handlers\FileHandler' driver.
INFO - 2020-04-13 01:59:31 --> Controller "App\Controllers\Order" loaded.
INFO - 2020-04-13 01:59:31 --> Session: Class initialized using 'CodeIgniter\Session\Handlers\FileHandler' driver.
INFO - 2020-04-13 01:59:31 --> Controller "App\Controllers\Order" loaded.
INFO - 2020-04-13 01:59:32 --> Session: Class initialized using 'CodeIgniter\Session\Handlers\FileHandler' driver.
INFO - 2020-04-13 01:59:32 --> Controller "App\Controllers\Order" loaded.
INFO - 2020-04-13 01:59:34 --> Session: Class initialized using 'CodeIgniter\Session\Handlers\FileHandler' driver.
INFO - 2020-04-13 01:59:34 --> Controller "App\Controllers\Order" loaded.
INFO - 2020-04-13 01:59:44 --> Session: Class initialized using 'CodeIgniter\Session\Handlers\FileHandler' driver.
INFO - 2020-04-13 01:59:44 --> Controller "App\Controllers\Order" loaded.
INFO - 2020-04-13 01:59:44 --> Session: Class initialized using 'CodeIgniter\Session\Handlers\FileHandler' driver.
INFO - 2020-04-13 01:59:44 --> Controller "App\Controllers\Order" loaded.
INFO - 2020-04-13 01:59:51 --> Session: Class initialized using 'CodeIgniter\Session\Handlers\FileHandler' driver.
INFO - 2020-04-13 01:59:51 --> Controller "App\Controllers\Order" loaded.
INFO - 2020-04-13 01:59:51 --> Session: Class initialized using 'CodeIgniter\Session\Handlers\FileHandler' driver.
INFO - 2020-04-13 01:59:51 --> Controller "App\Controllers\Order" loaded.
INFO - 2020-04-13 01:59:58 --> Session: Class initialized using 'CodeIgniter\Session\Handlers\FileHandler' driver.
INFO - 2020-04-13 01:59:58 --> Controller "App\Controllers\Order" loaded.
INFO - 2020-04-13 01:59:58 --> Session: Class initialized using 'CodeIgniter\Session\Handlers\FileHandler' driver.
INFO - 2020-04-13 01:59:58 --> Controller "App\Controllers\Order" loaded.
INFO - 2020-04-13 02:00:04 --> Session: Class initialized using 'CodeIgniter\Session\Handlers\FileHandler' driver.
INFO - 2020-04-13 02:00:04 --> Controller "App\Controllers\Order" loaded.
INFO - 2020-04-13 02:00:07 --> Session: Class initialized using 'CodeIgniter\Session\Handlers\FileHandler' driver.
INFO - 2020-04-13 02:00:07 --> Controller "App\Controllers\Order" loaded.
INFO - 2020-04-13 02:00:08 --> Session: Class initialized using 'CodeIgniter\Session\Handlers\FileHandler' driver.
INFO - 2020-04-13 02:00:08 --> Controller "App\Controllers\Order" loaded.
INFO - 2020-04-13 02:02:47 --> Session: Class initialized using 'CodeIgniter\Session\Handlers\FileHandler' driver.
INFO - 2020-04-13 02:02:47 --> Controller "App\Controllers\Order" loaded.
INFO - 2020-04-13 02:05:44 --> Session: Class initialized using 'CodeIgniter\Session\Handlers\FileHandler' driver.
INFO - 2020-04-13 02:05:44 --> Controller "App\Controllers\Order" loaded.
INFO - 2020-04-13 02:06:24 --> Session: Class initialized using 'CodeIgniter\Session\Handlers\FileHandler' driver.
INFO - 2020-04-13 02:06:24 --> Controller "App\Controllers\Order" loaded.
INFO - 2020-04-13 02:06:27 --> Session: Class initialized using 'CodeIgniter\Session\Handlers\FileHandler' driver.
INFO - 2020-04-13 02:06:27 --> Controller "App\Controllers\Order" loaded.
INFO - 2020-04-13 02:06:36 --> Session: Class initialized using 'CodeIgniter\Session\Handlers\FileHandler' driver.
INFO - 2020-04-13 02:06:36 --> Controller "App\Controllers\Order" loaded.
INFO - 2020-04-13 02:06:39 --> Session: Class initialized using 'CodeIgniter\Session\Handlers\FileHandler' driver.
INFO - 2020-04-13 02:06:39 --> Controller "App\Controllers\Order" loaded.
INFO - 2020-04-13 02:06:44 --> Session: Class initialized using 'CodeIgniter\Session\Handlers\FileHandler' driver.
INFO - 2020-04-13 02:06:44 --> Controller "App\Controllers\Order" loaded.
INFO - 2020-04-13 02:06:47 --> Session: Class initialized using 'CodeIgniter\Session\Handlers\FileHandler' driver.
INFO - 2020-04-13 02:06:47 --> Controller "App\Controllers\Order" loaded.
INFO - 2020-04-13 02:06:49 --> Session: Class initialized using 'CodeIgniter\Session\Handlers\FileHandler' driver.
INFO - 2020-04-13 02:06:49 --> Controller "App\Controllers\Order" loaded.
INFO - 2020-04-13 06:04:50 --> Session: Class initialized using 'CodeIgniter\Session\Handlers\FileHandler' driver.
INFO - 2020-04-13 06:04:50 --> Controller "App\Controllers\Order" loaded.
INFO - 2020-04-13 06:06:40 --> Session: Class initialized using 'CodeIgniter\Session\Handlers\FileHandler' driver.
INFO - 2020-04-13 06:06:40 --> Controller "App\Controllers\Order" loaded.
INFO - 2020-04-13 06:06:40 --> Session: Class initialized using 'CodeIgniter\Session\Handlers\FileHandler' driver.
INFO - 2020-04-13 06:06:40 --> Controller "App\Controllers\Order" loaded.
INFO - 2020-04-13 06:06:40 --> Session: Class initialized using 'CodeIgniter\Session\Handlers\FileHandler' driver.
INFO - 2020-04-13 06:06:40 --> Controller "App\Controllers\Order" loaded.
INFO - 2020-04-13 06:06:45 --> Session: Class initialized using 'CodeIgniter\Session\Handlers\FileHandler' driver.
INFO - 2020-04-13 06:06:45 --> Controller "App\Controllers\Order" loaded.
INFO - 2020-04-13 06:07:05 --> Session: Class initialized using 'CodeIgniter\Session\Handlers\FileHandler' driver.
INFO - 2020-04-13 06:07:05 --> Controller "App\Controllers\Order" loaded.
INFO - 2020-04-13 06:07:13 --> Session: Class initialized using 'CodeIgniter\Session\Handlers\FileHandler' driver.
INFO - 2020-04-13 06:07:13 --> Controller "App\Controllers\Order" loaded.
INFO - 2020-04-13 06:07:20 --> Session: Class initialized using 'CodeIgniter\Session\Handlers\FileHandler' driver.
INFO - 2020-04-13 06:07:20 --> Controller "App\Controllers\Order" loaded.
INFO - 2020-04-13 06:07:24 --> Session: Class initialized using 'CodeIgniter\Session\Handlers\FileHandler' driver.
INFO - 2020-04-13 06:07:24 --> Controller "App\Controllers\Order" loaded.
INFO - 2020-04-13 06:07:26 --> Session: Class initialized using 'CodeIgniter\Session\Handlers\FileHandler' driver.
INFO - 2020-04-13 06:07:26 --> Controller "App\Controllers\Order" loaded.
INFO - 2020-04-13 06:07:30 --> Session: Class initialized using 'CodeIgniter\Session\Handlers\FileHandler' driver.
INFO - 2020-04-13 06:07:30 --> Controller "App\Controllers\Order" loaded.
INFO - 2020-04-13 06:07:34 --> Session: Class initialized using 'CodeIgniter\Session\Handlers\FileHandler' driver.
INFO - 2020-04-13 06:07:34 --> Controller "App\Controllers\Order" loaded.
INFO - 2020-04-13 06:07:37 --> Session: Class initialized using 'CodeIgniter\Session\Handlers\FileHandler' driver.
INFO - 2020-04-13 06:07:37 --> Controller "App\Controllers\Order" loaded.
CRITICAL - 2020-04-13 06:07:38 --> Column 'foto_wanita' cannot be null
#0 /var/www/html/akadku/home/system/Database/MySQLi/Connection.php(330): mysqli->query('INSERT INTO `fo...')
#1 /var/www/html/akadku/home/system/Database/BaseConnection.php(738): CodeIgniter\Database\MySQLi\Connection->execute('INSERT INTO `fo...')
#2 /var/www/html/akadku/home/system/Database/BaseConnection.php(666): CodeIgniter\Database\BaseConnection->simpleQuery('INSERT INTO `fo...')
#3 /var/www/html/akadku/home/system/Database/BaseBuilder.php(2206): CodeIgniter\Database\BaseConnection->query('INSERT INTO `fo...', Array, false)
#4 /var/www/html/akadku/home/app/Models/OrderModel.php(105): CodeIgniter\Database\BaseBuilder->insert(Array)
#5 /var/www/html/akadku/home/app/Controllers/Order.php(677): App\Models\OrderModel->save_foto(Array)
#6 /var/www/html/akadku/home/system/CodeIgniter.php(910): App\Controllers\Order->saveData()
#7 /var/www/html/akadku/home/system/CodeIgniter.php(398): CodeIgniter\CodeIgniter->runController(Object(App\Controllers\Order))
#8 /var/www/html/akadku/home/system/CodeIgniter.php(306): CodeIgniter\CodeIgniter->handleRequest(NULL, Object(Config\Cache), false)
#9 /var/www/html/akadku/home/index.php(45): CodeIgniter\CodeIgniter->run()
#10 {main}
INFO - 2020-04-13 06:11:58 --> Session: Class initialized using 'CodeIgniter\Session\Handlers\FileHandler' driver.
INFO - 2020-04-13 06:11:58 --> Controller "App\Controllers\Order" loaded.
INFO - 2020-04-13 06:11:59 --> Session: Class initialized using 'CodeIgniter\Session\Handlers\FileHandler' driver.
INFO - 2020-04-13 06:11:59 --> Controller "App\Controllers\Order" loaded.
INFO - 2020-04-13 06:12:02 --> Session: Class initialized using 'CodeIgniter\Session\Handlers\FileHandler' driver.
INFO - 2020-04-13 06:12:02 --> Controller "App\Controllers\Order" loaded.
INFO - 2020-04-13 06:12:02 --> Session: Class initialized using 'CodeIgniter\Session\Handlers\FileHandler' driver.
INFO - 2020-04-13 06:12:02 --> Controller "App\Controllers\Order" loaded.
INFO - 2020-04-13 06:12:06 --> Session: Class initialized using 'CodeIgniter\Session\Handlers\FileHandler' driver.
INFO - 2020-04-13 06:12:06 --> Controller "App\Controllers\Order" loaded.
INFO - 2020-04-13 06:12:06 --> Session: Class initialized using 'CodeIgniter\Session\Handlers\FileHandler' driver.
INFO - 2020-04-13 06:12:06 --> Controller "App\Controllers\Order" loaded.
INFO - 2020-04-13 06:12:10 --> Session: Class initialized using 'CodeIgniter\Session\Handlers\FileHandler' driver.
INFO - 2020-04-13 06:12:10 --> Controller "App\Controllers\Order" loaded.
INFO - 2020-04-13 06:12:13 --> Session: Class initialized using 'CodeIgniter\Session\Handlers\FileHandler' driver.
INFO - 2020-04-13 06:12:13 --> Controller "App\Controllers\Order" loaded.
INFO - 2020-04-13 06:12:21 --> Session: Class initialized using 'CodeIgniter\Session\Handlers\FileHandler' driver.
INFO - 2020-04-13 06:12:21 --> Controller "App\Controllers\Order" loaded.
INFO - 2020-04-13 06:12:21 --> Session: Class initialized using 'CodeIgniter\Session\Handlers\FileHandler' driver.
INFO - 2020-04-13 06:12:21 --> Controller "App\Controllers\Order" loaded.
INFO - 2020-04-13 06:12:21 --> Session: Class initialized using 'CodeIgniter\Session\Handlers\FileHandler' driver.
INFO - 2020-04-13 06:12:21 --> Controller "App\Controllers\Order" loaded.
INFO - 2020-04-13 06:12:27 --> Session: Class initialized using 'CodeIgniter\Session\Handlers\FileHandler' driver.
INFO - 2020-04-13 06:12:27 --> Controller "App\Controllers\Order" loaded.
INFO - 2020-04-13 06:12:33 --> Session: Class initialized using 'CodeIgniter\Session\Handlers\FileHandler' driver.
INFO - 2020-04-13 06:12:33 --> Controller "App\Controllers\Order" loaded.
INFO - 2020-04-13 06:12:38 --> Session: Class initialized using 'CodeIgniter\Session\Handlers\FileHandler' driver.
INFO - 2020-04-13 06:12:38 --> Controller "App\Controllers\Order" loaded.
INFO - 2020-04-13 06:12:47 --> Session: Class initialized using 'CodeIgniter\Session\Handlers\FileHandler' driver.
INFO - 2020-04-13 06:12:47 --> Controller "App\Controllers\Order" loaded.
INFO - 2020-04-13 06:12:52 --> Session: Class initialized using 'CodeIgniter\Session\Handlers\FileHandler' driver.
INFO - 2020-04-13 06:12:52 --> Controller "App\Controllers\Order" loaded.
INFO - 2020-04-13 06:12:55 --> Session: Class initialized using 'CodeIgniter\Session\Handlers\FileHandler' driver.
INFO - 2020-04-13 06:12:55 --> Controller "App\Controllers\Order" loaded.
INFO - 2020-04-13 06:12:59 --> Session: Class initialized using 'CodeIgniter\Session\Handlers\FileHandler' driver.
INFO - 2020-04-13 06:12:59 --> Controller "App\Controllers\Order" loaded.
CRITICAL - 2020-04-13 06:12:59 --> Column 'foto_wanita' cannot be null
#0 /var/www/html/akadku/home/system/Database/MySQLi/Connection.php(330): mysqli->query('INSERT INTO `fo...')
#1 /var/www/html/akadku/home/system/Database/BaseConnection.php(738): CodeIgniter\Database\MySQLi\Connection->execute('INSERT INTO `fo...')
#2 /var/www/html/akadku/home/system/Database/BaseConnection.php(666): CodeIgniter\Database\BaseConnection->simpleQuery('INSERT INTO `fo...')
#3 /var/www/html/akadku/home/system/Database/BaseBuilder.php(2206): CodeIgniter\Database\BaseConnection->query('INSERT INTO `fo...', Array, false)
#4 /var/www/html/akadku/home/app/Models/OrderModel.php(105): CodeIgniter\Database\BaseBuilder->insert(Array)
#5 /var/www/html/akadku/home/app/Controllers/Order.php(677): App\Models\OrderModel->save_foto(Array)
#6 /var/www/html/akadku/home/system/CodeIgniter.php(910): App\Controllers\Order->saveData()
#7 /var/www/html/akadku/home/system/CodeIgniter.php(398): CodeIgniter\CodeIgniter->runController(Object(App\Controllers\Order))
#8 /var/www/html/akadku/home/system/CodeIgniter.php(306): CodeIgniter\CodeIgniter->handleRequest(NULL, Object(Config\Cache), false)
#9 /var/www/html/akadku/home/index.php(45): CodeIgniter\CodeIgniter->run()
#10 {main}
INFO - 2020-04-13 06:17:08 --> Session: Class initialized using 'CodeIgniter\Session\Handlers\FileHandler' driver.
INFO - 2020-04-13 06:17:08 --> Controller "App\Controllers\Order" loaded.
INFO - 2020-04-13 06:17:08 --> Session: Class initialized using 'CodeIgniter\Session\Handlers\FileHandler' driver.
INFO - 2020-04-13 06:17:08 --> Controller "App\Controllers\Order" loaded.
INFO - 2020-04-13 06:17:08 --> Session: Class initialized using 'CodeIgniter\Session\Handlers\FileHandler' driver.
INFO - 2020-04-13 06:17:08 --> Controller "App\Controllers\Order" loaded.
INFO - 2020-04-13 06:17:27 --> Session: Class initialized using 'CodeIgniter\Session\Handlers\FileHandler' driver.
INFO - 2020-04-13 06:17:27 --> Controller "App\Controllers\Order" loaded.
INFO - 2020-04-13 06:17:27 --> Session: Class initialized using 'CodeIgniter\Session\Handlers\FileHandler' driver.
INFO - 2020-04-13 06:17:27 --> Controller "App\Controllers\Order" loaded.
INFO - 2020-04-13 06:18:30 --> Session: Class initialized using 'CodeIgniter\Session\Handlers\FileHandler' driver.
INFO - 2020-04-13 06:18:30 --> Controller "App\Controllers\Order" loaded.
INFO - 2020-04-13 06:18:36 --> Session: Class initialized using 'CodeIgniter\Session\Handlers\FileHandler' driver.
INFO - 2020-04-13 06:18:36 --> Controller "App\Controllers\Order" loaded.
INFO - 2020-04-13 06:18:45 --> Session: Class initialized using 'CodeIgniter\Session\Handlers\FileHandler' driver.
INFO - 2020-04-13 06:18:45 --> Controller "App\Controllers\Order" loaded.
INFO - 2020-04-13 06:18:52 --> Session: Class initialized using 'CodeIgniter\Session\Handlers\FileHandler' driver.
INFO - 2020-04-13 06:18:52 --> Controller "App\Controllers\Order" loaded.
INFO - 2020-04-13 06:19:04 --> Session: Class initialized using 'CodeIgniter\Session\Handlers\FileHandler' driver.
INFO - 2020-04-13 06:19:04 --> Controller "App\Controllers\Order" loaded.
INFO - 2020-04-13 06:19:06 --> Session: Class initialized using 'CodeIgniter\Session\Handlers\FileHandler' driver.
INFO - 2020-04-13 06:19:06 --> Controller "App\Controllers\Order" loaded.
INFO - 2020-04-13 06:19:10 --> Session: Class initialized using 'CodeIgniter\Session\Handlers\FileHandler' driver.
INFO - 2020-04-13 06:19:10 --> Controller "App\Controllers\Order" loaded.
INFO - 2020-04-13 06:19:13 --> Session: Class initialized using 'CodeIgniter\Session\Handlers\FileHandler' driver.
INFO - 2020-04-13 06:19:13 --> Controller "App\Controllers\Order" loaded.
INFO - 2020-04-13 06:19:16 --> Session: Class initialized using 'CodeIgniter\Session\Handlers\FileHandler' driver.
INFO - 2020-04-13 06:19:16 --> Controller "App\Controllers\Order" loaded.
INFO - 2020-04-13 06:19:17 --> Session: Class initialized using 'CodeIgniter\Session\Handlers\FileHandler' driver.
INFO - 2020-04-13 06:19:17 --> Controller "App\Controllers\Order" loaded.
INFO - 2020-04-13 06:19:49 --> Session: Class initialized using 'CodeIgniter\Session\Handlers\FileHandler' driver.
INFO - 2020-04-13 06:19:49 --> Controller "App\Controllers\Order" loaded.
INFO - 2020-04-13 06:19:49 --> Session: Class initialized using 'CodeIgniter\Session\Handlers\FileHandler' driver.
INFO - 2020-04-13 06:19:49 --> Controller "App\Controllers\Order" loaded.
INFO - 2020-04-13 06:19:49 --> Session: Class initialized using 'CodeIgniter\Session\Handlers\FileHandler' driver.
INFO - 2020-04-13 06:19:49 --> Controller "App\Controllers\Order" loaded.
INFO - 2020-04-13 06:19:52 --> Session: Class initialized using 'CodeIgniter\Session\Handlers\FileHandler' driver.
INFO - 2020-04-13 06:19:53 --> Controller "App\Controllers\Order" loaded.
INFO - 2020-04-13 06:20:07 --> Session: Class initialized using 'CodeIgniter\Session\Handlers\FileHandler' driver.
INFO - 2020-04-13 06:20:07 --> Controller "App\Controllers\Order" loaded.
INFO - 2020-04-13 06:20:11 --> Session: Class initialized using 'CodeIgniter\Session\Handlers\FileHandler' driver.
INFO - 2020-04-13 06:20:11 --> Controller "App\Controllers\Order" loaded.
INFO - 2020-04-13 06:20:20 --> Session: Class initialized using 'CodeIgniter\Session\Handlers\FileHandler' driver.
INFO - 2020-04-13 06:20:20 --> Controller "App\Controllers\Order" loaded.
INFO - 2020-04-13 06:20:26 --> Session: Class initialized using 'CodeIgniter\Session\Handlers\FileHandler' driver.
INFO - 2020-04-13 06:20:26 --> Controller "App\Controllers\Order" loaded.
INFO - 2020-04-13 06:20:29 --> Session: Class initialized using 'CodeIgniter\Session\Handlers\FileHandler' driver.
INFO - 2020-04-13 06:20:29 --> Controller "App\Controllers\Order" loaded.
INFO - 2020-04-13 06:20:32 --> Session: Class initialized using 'CodeIgniter\Session\Handlers\FileHandler' driver.
INFO - 2020-04-13 06:20:32 --> Controller "App\Controllers\Order" loaded.
CRITICAL - 2020-04-13 06:20:32 --> Column 'foto_wanita' cannot be null
#0 /var/www/html/akadku/home/system/Database/MySQLi/Connection.php(330): mysqli->query('INSERT INTO `fo...')
#1 /var/www/html/akadku/home/system/Database/BaseConnection.php(738): CodeIgniter\Database\MySQLi\Connection->execute('INSERT INTO `fo...')
#2 /var/www/html/akadku/home/system/Database/BaseConnection.php(666): CodeIgniter\Database\BaseConnection->simpleQuery('INSERT INTO `fo...')
#3 /var/www/html/akadku/home/system/Database/BaseBuilder.php(2206): CodeIgniter\Database\BaseConnection->query('INSERT INTO `fo...', Array, false)
#4 /var/www/html/akadku/home/app/Models/OrderModel.php(105): CodeIgniter\Database\BaseBuilder->insert(Array)
#5 /var/www/html/akadku/home/app/Controllers/Order.php(681): App\Models\OrderModel->save_foto(Array)
#6 /var/www/html/akadku/home/system/CodeIgniter.php(910): App\Controllers\Order->saveData()
#7 /var/www/html/akadku/home/system/CodeIgniter.php(398): CodeIgniter\CodeIgniter->runController(Object(App\Controllers\Order))
#8 /var/www/html/akadku/home/system/CodeIgniter.php(306): CodeIgniter\CodeIgniter->handleRequest(NULL, Object(Config\Cache), false)
#9 /var/www/html/akadku/home/index.php(45): CodeIgniter\CodeIgniter->run()
#10 {main}
INFO - 2020-04-13 06:20:56 --> Session: Class initialized using 'CodeIgniter\Session\Handlers\FileHandler' driver.
INFO - 2020-04-13 06:20:56 --> Controller "App\Controllers\Order" loaded.
INFO - 2020-04-13 06:20:58 --> Session: Class initialized using 'CodeIgniter\Session\Handlers\FileHandler' driver.
INFO - 2020-04-13 06:20:58 --> Controller "App\Controllers\Order" loaded.
INFO - 2020-04-13 06:21:02 --> Session: Class initialized using 'CodeIgniter\Session\Handlers\FileHandler' driver.
INFO - 2020-04-13 06:21:02 --> Controller "App\Controllers\Order" loaded.
INFO - 2020-04-13 06:21:08 --> Session: Class initialized using 'CodeIgniter\Session\Handlers\FileHandler' driver.
INFO - 2020-04-13 06:21:08 --> Controller "App\Controllers\Order" loaded.
INFO - 2020-04-13 06:21:18 --> Session: Class initialized using 'CodeIgniter\Session\Handlers\FileHandler' driver.
INFO - 2020-04-13 06:21:18 --> Controller "App\Controllers\Order" loaded.
INFO - 2020-04-13 06:21:22 --> Session: Class initialized using 'CodeIgniter\Session\Handlers\FileHandler' driver.
INFO - 2020-04-13 06:21:22 --> Controller "App\Controllers\Order" loaded.
INFO - 2020-04-13 06:21:22 --> Session: Class initialized using 'CodeIgniter\Session\Handlers\FileHandler' driver.
INFO - 2020-04-13 06:21:22 --> Controller "App\Controllers\Order" loaded.
INFO - 2020-04-13 06:21:22 --> Session: Class initialized using 'CodeIgniter\Session\Handlers\FileHandler' driver.
INFO - 2020-04-13 06:21:22 --> Controller "App\Controllers\Order" loaded.
INFO - 2020-04-13 06:21:25 --> Session: Class initialized using 'CodeIgniter\Session\Handlers\FileHandler' driver.
INFO - 2020-04-13 06:21:25 --> Controller "App\Controllers\Order" loaded.
INFO - 2020-04-13 06:21:46 --> Session: Class initialized using 'CodeIgniter\Session\Handlers\FileHandler' driver.
INFO - 2020-04-13 06:21:46 --> Controller "App\Controllers\Order" loaded.
INFO - 2020-04-13 06:21:46 --> Session: Class initialized using 'CodeIgniter\Session\Handlers\FileHandler' driver.
INFO - 2020-04-13 06:21:46 --> Controller "App\Controllers\Order" loaded.
INFO - 2020-04-13 06:21:46 --> Session: Class initialized using 'CodeIgniter\Session\Handlers\FileHandler' driver.
INFO - 2020-04-13 06:21:46 --> Controller "App\Controllers\Order" loaded.
INFO - 2020-04-13 06:22:06 --> Session: Class initialized using 'CodeIgniter\Session\Handlers\FileHandler' driver.
INFO - 2020-04-13 06:22:06 --> Controller "App\Controllers\Order" loaded.
INFO - 2020-04-13 06:22:11 --> Session: Class initialized using 'CodeIgniter\Session\Handlers\FileHandler' driver.
INFO - 2020-04-13 06:22:11 --> Controller "App\Controllers\Order" loaded.
INFO - 2020-04-13 06:22:11 --> Session: Class initialized using 'CodeIgniter\Session\Handlers\FileHandler' driver.
INFO - 2020-04-13 06:22:11 --> Controller "App\Controllers\Order" loaded.
INFO - 2020-04-13 06:22:11 --> Session: Class initialized using 'CodeIgniter\Session\Handlers\FileHandler' driver.
INFO - 2020-04-13 06:22:11 --> Controller "App\Controllers\Order" loaded.
INFO - 2020-04-13 06:22:38 --> Session: Class initialized using 'CodeIgniter\Session\Handlers\FileHandler' driver.
INFO - 2020-04-13 06:22:38 --> Controller "App\Controllers\Order" loaded.
INFO - 2020-04-13 06:22:47 --> Session: Class initialized using 'CodeIgniter\Session\Handlers\FileHandler' driver.
INFO - 2020-04-13 06:22:47 --> Controller "App\Controllers\Order" loaded.
INFO - 2020-04-13 06:22:47 --> Session: Class initialized using 'CodeIgniter\Session\Handlers\FileHandler' driver.
INFO - 2020-04-13 06:22:47 --> Controller "App\Controllers\Order" loaded.
INFO - 2020-04-13 06:22:47 --> Session: Class initialized using 'CodeIgniter\Session\Handlers\FileHandler' driver.
INFO - 2020-04-13 06:22:47 --> Controller "App\Controllers\Order" loaded.
INFO - 2020-04-13 06:23:50 --> Session: Class initialized using 'CodeIgniter\Session\Handlers\FileHandler' driver.
INFO - 2020-04-13 06:23:50 --> Controller "App\Controllers\Order" loaded.
INFO - 2020-04-13 06:24:00 --> Session: Class initialized using 'CodeIgniter\Session\Handlers\FileHandler' driver.
INFO - 2020-04-13 06:24:00 --> Controller "App\Controllers\Order" loaded.
INFO - 2020-04-13 06:24:00 --> Session: Class initialized using 'CodeIgniter\Session\Handlers\FileHandler' driver.
INFO - 2020-04-13 06:24:00 --> Controller "App\Controllers\Order" loaded.
INFO - 2020-04-13 06:24:00 --> Session: Class initialized using 'CodeIgniter\Session\Handlers\FileHandler' driver.
INFO - 2020-04-13 06:24:00 --> Controller "App\Controllers\Order" loaded.
INFO - 2020-04-13 06:25:20 --> Session: Class initialized using 'CodeIgniter\Session\Handlers\FileHandler' driver.
INFO - 2020-04-13 06:25:20 --> Controller "App\Controllers\Order" loaded.
INFO - 2020-04-13 06:25:21 --> Session: Class initialized using 'CodeIgniter\Session\Handlers\FileHandler' driver.
INFO - 2020-04-13 06:25:21 --> Controller "App\Controllers\Order" loaded.
INFO - 2020-04-13 06:25:21 --> Session: Class initialized using 'CodeIgniter\Session\Handlers\FileHandler' driver.
INFO - 2020-04-13 06:25:21 --> Controller "App\Controllers\Order" loaded.
INFO - 2020-04-13 06:25:35 --> Session: Class initialized using 'CodeIgniter\Session\Handlers\FileHandler' driver.
INFO - 2020-04-13 06:25:35 --> Controller "App\Controllers\Order" loaded.
INFO - 2020-04-13 06:25:36 --> Session: Class initialized using 'CodeIgniter\Session\Handlers\FileHandler' driver.
INFO - 2020-04-13 06:25:36 --> Controller "App\Controllers\Order" loaded.
INFO - 2020-04-13 06:25:36 --> Session: Class initialized using 'CodeIgniter\Session\Handlers\FileHandler' driver.
INFO - 2020-04-13 06:25:36 --> Controller "App\Controllers\Order" loaded.
INFO - 2020-04-13 06:26:42 --> Session: Class initialized using 'CodeIgniter\Session\Handlers\FileHandler' driver.
INFO - 2020-04-13 06:26:42 --> Controller "App\Controllers\Order" loaded.
INFO - 2020-04-13 06:26:52 --> Session: Class initialized using 'CodeIgniter\Session\Handlers\FileHandler' driver.
INFO - 2020-04-13 06:26:52 --> Controller "App\Controllers\Order" loaded.
INFO - 2020-04-13 06:27:35 --> Session: Class initialized using 'CodeIgniter\Session\Handlers\FileHandler' driver.
INFO - 2020-04-13 06:27:35 --> Controller "App\Controllers\Order" loaded.
INFO - 2020-04-13 06:27:38 --> Session: Class initialized using 'CodeIgniter\Session\Handlers\FileHandler' driver.
INFO - 2020-04-13 06:27:38 --> Controller "App\Controllers\Order" loaded.
INFO - 2020-04-13 06:27:43 --> Session: Class initialized using 'CodeIgniter\Session\Handlers\FileHandler' driver.
INFO - 2020-04-13 06:27:43 --> Controller "App\Controllers\Order" loaded.
INFO - 2020-04-13 06:27:47 --> Session: Class initialized using 'CodeIgniter\Session\Handlers\FileHandler' driver.
INFO - 2020-04-13 06:27:47 --> Controller "App\Controllers\Order" loaded.
INFO - 2020-04-13 06:27:51 --> Session: Class initialized using 'CodeIgniter\Session\Handlers\FileHandler' driver.
INFO - 2020-04-13 06:27:51 --> Controller "App\Controllers\Order" loaded.
INFO - 2020-04-13 06:27:53 --> Session: Class initialized using 'CodeIgniter\Session\Handlers\FileHandler' driver.
INFO - 2020-04-13 06:27:53 --> Controller "App\Controllers\Order" loaded.
INFO - 2020-04-13 07:21:36 --> Used the default controller.
INFO - 2020-04-13 07:21:37 --> Controller "App\Controllers\Beranda" loaded.
INFO - 2020-04-13 07:22:12 --> Used the default controller.
INFO - 2020-04-13 07:22:12 --> Controller "App\Controllers\Beranda" loaded.
INFO - 2020-04-13 07:45:57 --> Used the default controller.
INFO - 2020-04-13 07:45:57 --> Controller "App\Controllers\Beranda" loaded.
INFO - 2020-04-13 07:49:39 --> Session: Class initialized using 'CodeIgniter\Session\Handlers\FileHandler' driver.
INFO - 2020-04-13 07:49:39 --> Controller "App\Controllers\Order" loaded.
INFO - 2020-04-13 07:49:41 --> Session: Class initialized using 'CodeIgniter\Session\Handlers\FileHandler' driver.
INFO - 2020-04-13 07:49:41 --> Controller "App\Controllers\Order" loaded.
INFO - 2020-04-13 07:50:35 --> Session: Class initialized using 'CodeIgniter\Session\Handlers\FileHandler' driver.
INFO - 2020-04-13 07:50:35 --> Controller "App\Controllers\Order" loaded.
INFO - 2020-04-13 07:50:36 --> Session: Class initialized using 'CodeIgniter\Session\Handlers\FileHandler' driver.
INFO - 2020-04-13 07:50:36 --> Controller "App\Controllers\Order" loaded.
INFO - 2020-04-13 07:50:36 --> Session: Class initialized using 'CodeIgniter\Session\Handlers\FileHandler' driver.
INFO - 2020-04-13 07:50:36 --> Controller "App\Controllers\Order" loaded.
INFO - 2020-04-13 08:07:33 --> Controller "App\Controllers\Beranda" loaded.
INFO - 2020-04-13 08:12:48 --> Controller "App\Controllers\Beranda" loaded.
INFO - 2020-04-13 08:13:37 --> Controller "App\Controllers\Beranda" loaded.
INFO - 2020-04-13 08:13:47 --> Controller "App\Controllers\Beranda" loaded.
INFO - 2020-04-13 08:14:01 --> Controller "App\Controllers\Beranda" loaded.
INFO - 2020-04-13 08:14:17 --> Controller "App\Controllers\Beranda" loaded.
INFO - 2020-04-13 08:14:20 --> Controller "App\Controllers\Beranda" loaded.
INFO - 2020-04-13 08:14:31 --> Controller "App\Controllers\Beranda" loaded.
INFO - 2020-04-13 08:15:08 --> Controller "App\Controllers\Beranda" loaded.
INFO - 2020-04-13 08:15:13 --> Used the default controller.
INFO - 2020-04-13 08:15:13 --> Controller "App\Controllers\Beranda" loaded.
INFO - 2020-04-13 08:15:48 --> Used the default controller.
INFO - 2020-04-13 08:15:48 --> Controller "App\Controllers\Beranda" loaded.
INFO - 2020-04-13 08:15:55 --> Controller "App\Controllers\Beranda" loaded.
INFO - 2020-04-13 08:16:09 --> Controller "App\Controllers\Beranda" loaded.
INFO - 2020-04-13 08:17:31 --> Controller "App\Controllers\Beranda" loaded.
INFO - 2020-04-13 08:18:08 --> Controller "App\Controllers\Beranda" loaded.
INFO - 2020-04-13 08:21:03 --> Controller "App\Controllers\Beranda" loaded.
INFO - 2020-04-13 08:22:34 --> Controller "App\Controllers\Beranda" loaded.
INFO - 2020-04-13 08:22:53 --> Controller "App\Controllers\Beranda" loaded.
INFO - 2020-04-13 08:23:45 --> Controller "App\Controllers\Beranda" loaded.
INFO - 2020-04-13 08:24:15 --> Controller "App\Controllers\Beranda" loaded.
INFO - 2020-04-13 08:25:53 --> Controller "App\Controllers\Beranda" loaded.
INFO - 2020-04-13 08:26:16 --> Controller "App\Controllers\Beranda" loaded.
INFO - 2020-04-13 08:26:49 --> Controller "App\Controllers\Beranda" loaded.
INFO - 2020-04-13 08:27:06 --> Controller "App\Controllers\Beranda" loaded.
INFO - 2020-04-13 08:29:15 --> Controller "App\Controllers\Beranda" loaded.
INFO - 2020-04-13 08:29:34 --> Controller "App\Controllers\Beranda" loaded.
INFO - 2020-04-13 08:30:43 --> Controller "App\Controllers\Beranda" loaded.
INFO - 2020-04-13 08:31:24 --> Controller "App\Controllers\Beranda" loaded.
INFO - 2020-04-13 08:31:45 --> Controller "App\Controllers\Beranda" loaded.
INFO - 2020-04-13 08:32:05 --> Controller "App\Controllers\Beranda" loaded.
INFO - 2020-04-13 08:32:52 --> Controller "App\Controllers\Beranda" loaded.
INFO - 2020-04-13 08:35:39 --> Controller "App\Controllers\Beranda" loaded.
INFO - 2020-04-13 08:36:07 --> Controller "App\Controllers\Beranda" loaded.
INFO - 2020-04-13 08:45:37 --> Controller "App\Controllers\Beranda" loaded.
CRITICAL - 2020-04-13 08:45:37 --> Call to a member function getResult() on null
#0 /var/www/html/akadku/home/system/View/View.php(236): include()
#1 /var/www/html/akadku/home/system/Common.php(1071): CodeIgniter\View\View->render('themes', Array, true)
#2 /var/www/html/akadku/home/app/Controllers/Beranda.php(27): view('themes')
#3 /var/www/html/akadku/home/system/CodeIgniter.php(910): App\Controllers\Beranda->themes()
#4 /var/www/html/akadku/home/system/CodeIgniter.php(398): CodeIgniter\CodeIgniter->runController(Object(App\Controllers\Beranda))
#5 /var/www/html/akadku/home/system/CodeIgniter.php(306): CodeIgniter\CodeIgniter->handleRequest(NULL, Object(Config\Cache), false)
#6 /var/www/html/akadku/home/index.php(45): CodeIgniter\CodeIgniter->run()
#7 {main}
INFO - 2020-04-13 08:45:54 --> Controller "App\Controllers\Beranda" loaded.
CRITICAL - 2020-04-13 08:45:54 --> Call to a member function getResult() on null
#0 /var/www/html/akadku/home/system/View/View.php(236): include()
#1 /var/www/html/akadku/home/system/Common.php(1071): CodeIgniter\View\View->render('themes', Array, true)
#2 /var/www/html/akadku/home/app/Controllers/Beranda.php(27): view('themes')
#3 /var/www/html/akadku/home/system/CodeIgniter.php(910): App\Controllers\Beranda->themes()
#4 /var/www/html/akadku/home/system/CodeIgniter.php(398): CodeIgniter\CodeIgniter->runController(Object(App\Controllers\Beranda))
#5 /var/www/html/akadku/home/system/CodeIgniter.php(306): CodeIgniter\CodeIgniter->handleRequest(NULL, Object(Config\Cache), false)
#6 /var/www/html/akadku/home/index.php(45): CodeIgniter\CodeIgniter->run()
#7 {main}
INFO - 2020-04-13 08:46:17 --> Controller "App\Controllers\Beranda" loaded.
CRITICAL - 2020-04-13 08:46:17 --> Call to a member function getResult() on null
#0 /var/www/html/akadku/home/system/View/View.php(236): include()
#1 /var/www/html/akadku/home/system/Common.php(1071): CodeIgniter\View\View->render('themes', Array, true)
#2 /var/www/html/akadku/home/app/Controllers/Beranda.php(27): view('themes')
#3 /var/www/html/akadku/home/system/CodeIgniter.php(910): App\Controllers\Beranda->themes()
#4 /var/www/html/akadku/home/system/CodeIgniter.php(398): CodeIgniter\CodeIgniter->runController(Object(App\Controllers\Beranda))
#5 /var/www/html/akadku/home/system/CodeIgniter.php(306): CodeIgniter\CodeIgniter->handleRequest(NULL, Object(Config\Cache), false)
#6 /var/www/html/akadku/home/index.php(45): CodeIgniter\CodeIgniter->run()
#7 {main}
INFO - 2020-04-13 08:46:26 --> Controller "App\Controllers\Beranda" loaded.
INFO - 2020-04-13 08:48:30 --> Controller "App\Controllers\Beranda" loaded.
INFO - 2020-04-13 08:48:42 --> Controller "App\Controllers\Beranda" loaded.
INFO - 2020-04-13 08:49:40 --> Used the default controller.
INFO - 2020-04-13 08:49:40 --> Controller "App\Controllers\Beranda" loaded.
INFO - 2020-04-13 08:49:53 --> Controller "App\Controllers\Beranda" loaded.
INFO - 2020-04-13 09:10:31 --> Controller "App\Controllers\Anu" loaded.
INFO - 2020-04-13 09:10:34 --> Controller "App\Controllers\Anu" loaded.
INFO - 2020-04-13 09:10:38 --> Controller "App\Controllers\Anu" loaded.
CRITICAL - 2020-04-13 09:10:39 --> You must set the database table to be used with your query.
#0 /var/www/html/akadku/home/system/Model.php(1190): CodeIgniter\Database\BaseConnection->table(NULL)
#1 /var/www/html/akadku/home/system/Model.php(1700): CodeIgniter\Model->builder()
#2 /var/www/html/akadku/home/app/Controllers/Anu.php(42): CodeIgniter\Model->__call('get_album', Array)
#3 /var/www/html/akadku/home/system/CodeIgniter.php(910): App\Controllers\Anu->index()
#4 /var/www/html/akadku/home/system/CodeIgniter.php(398): CodeIgniter\CodeIgniter->runController(Object(App\Controllers\Anu))
#5 /var/www/html/akadku/home/system/CodeIgniter.php(306): CodeIgniter\CodeIgniter->handleRequest(NULL, Object(Config\Cache), false)
#6 /var/www/html/akadku/home/index.php(45): CodeIgniter\CodeIgniter->run()
#7 {main}
INFO - 2020-04-13 09:10:43 --> Controller "App\Controllers\Anu" loaded.
CRITICAL - 2020-04-13 09:10:43 --> You must set the database table to be used with your query.
#0 /var/www/html/akadku/home/system/Model.php(1190): CodeIgniter\Database\BaseConnection->table(NULL)
#1 /var/www/html/akadku/home/system/Model.php(1700): CodeIgniter\Model->builder()
#2 /var/www/html/akadku/home/app/Controllers/Anu.php(42): CodeIgniter\Model->__call('get_album', Array)
#3 /var/www/html/akadku/home/system/CodeIgniter.php(910): App\Controllers\Anu->index()
#4 /var/www/html/akadku/home/system/CodeIgniter.php(398): CodeIgniter\CodeIgniter->runController(Object(App\Controllers\Anu))
#5 /var/www/html/akadku/home/system/CodeIgniter.php(306): CodeIgniter\CodeIgniter->handleRequest(NULL, Object(Config\Cache), false)
#6 /var/www/html/akadku/home/index.php(45): CodeIgniter\CodeIgniter->run()
#7 {main}
INFO - 2020-04-13 09:11:39 --> Controller "App\Controllers\Anu" loaded.
INFO - 2020-04-13 09:12:06 --> Controller "App\Controllers\Anu" loaded.
CRITICAL - 2020-04-13 09:12:06 --> You must set the database table to be used with your query.
#0 /var/www/html/akadku/home/system/Model.php(1190): CodeIgniter\Database\BaseConnection->table(NULL)
#1 /var/www/html/akadku/home/system/Model.php(1700): CodeIgniter\Model->builder()
#2 /var/www/html/akadku/home/app/Controllers/Anu.php(42): CodeIgniter\Model->__call('get_album', Array)
#3 /var/www/html/akadku/home/system/CodeIgniter.php(910): App\Controllers\Anu->index()
#4 /var/www/html/akadku/home/system/CodeIgniter.php(398): CodeIgniter\CodeIgniter->runController(Object(App\Controllers\Anu))
#5 /var/www/html/akadku/home/system/CodeIgniter.php(306): CodeIgniter\CodeIgniter->handleRequest(NULL, Object(Config\Cache), false)
#6 /var/www/html/akadku/home/index.php(45): CodeIgniter\CodeIgniter->run()
#7 {main}
INFO - 2020-04-13 09:12:23 --> Controller "App\Controllers\Anu" loaded.
CRITICAL - 2020-04-13 09:12:23 --> You must set the database table to be used with your query.
#0 /var/www/html/akadku/home/system/Model.php(1190): CodeIgniter\Database\BaseConnection->table(NULL)
#1 /var/www/html/akadku/home/system/Model.php(1700): CodeIgniter\Model->builder()
#2 /var/www/html/akadku/home/app/Controllers/Anu.php(42): CodeIgniter\Model->__call('get_album', Array)
#3 /var/www/html/akadku/home/system/CodeIgniter.php(910): App\Controllers\Anu->index()
#4 /var/www/html/akadku/home/system/CodeIgniter.php(398): CodeIgniter\CodeIgniter->runController(Object(App\Controllers\Anu))
#5 /var/www/html/akadku/home/system/CodeIgniter.php(306): CodeIgniter\CodeIgniter->handleRequest(NULL, Object(Config\Cache), false)
#6 /var/www/html/akadku/home/index.php(45): CodeIgniter\CodeIgniter->run()
#7 {main}
INFO - 2020-04-13 09:12:41 --> Controller "App\Controllers\Anu" loaded.
CRITICAL - 2020-04-13 09:12:41 --> You must set the database table to be used with your query.
#0 /var/www/html/akadku/home/system/Model.php(1190): CodeIgniter\Database\BaseConnection->table(NULL)
#1 /var/www/html/akadku/home/system/Model.php(1700): CodeIgniter\Model->builder()
#2 /var/www/html/akadku/home/app/Controllers/Anu.php(42): CodeIgniter\Model->__call('get_album', Array)
#3 /var/www/html/akadku/home/system/CodeIgniter.php(910): App\Controllers\Anu->index()
#4 /var/www/html/akadku/home/system/CodeIgniter.php(398): CodeIgniter\CodeIgniter->runController(Object(App\Controllers\Anu))
#5 /var/www/html/akadku/home/system/CodeIgniter.php(306): CodeIgniter\CodeIgniter->handleRequest(NULL, Object(Config\Cache), false)
#6 /var/www/html/akadku/home/index.php(45): CodeIgniter\CodeIgniter->run()
#7 {main}
INFO - 2020-04-13 09:12:51 --> Used the default controller.
INFO - 2020-04-13 09:12:51 --> Controller "App\Controllers\Beranda" loaded.
INFO - 2020-04-13 09:14:10 --> Controller "App\Controllers\Anu" loaded.
CRITICAL - 2020-04-13 09:14:10 --> Call to a member function getResult() on null
#0 /var/www/html/akadku/home/system/View/View.php(236): include()
#1 /var/www/html/akadku/home/system/Common.php(1071): CodeIgniter\View\View->render('modernrose', Array, true)
#2 /var/www/html/akadku/home/app/Controllers/Anu.php(46): view('modernrose', Array)
#3 /var/www/html/akadku/home/system/CodeIgniter.php(910): App\Controllers\Anu->index()
#4 /var/www/html/akadku/home/system/CodeIgniter.php(398): CodeIgniter\CodeIgniter->runController(Object(App\Controllers\Anu))
#5 /var/www/html/akadku/home/system/CodeIgniter.php(306): CodeIgniter\CodeIgniter->handleRequest(NULL, Object(Config\Cache), false)
#6 /var/www/html/akadku/home/index.php(45): CodeIgniter\CodeIgniter->run()
#7 {main}
INFO - 2020-04-13 09:14:11 --> Controller "App\Controllers\Anu" loaded.
CRITICAL - 2020-04-13 09:14:11 --> Call to a member function getResult() on null
#0 /var/www/html/akadku/home/system/View/View.php(236): include()
#1 /var/www/html/akadku/home/system/Common.php(1071): CodeIgniter\View\View->render('modernrose', Array, true)
#2 /var/www/html/akadku/home/app/Controllers/Anu.php(46): view('modernrose', Array)
#3 /var/www/html/akadku/home/system/CodeIgniter.php(910): App\Controllers\Anu->index()
#4 /var/www/html/akadku/home/system/CodeIgniter.php(398): CodeIgniter\CodeIgniter->runController(Object(App\Controllers\Anu))
#5 /var/www/html/akadku/home/system/CodeIgniter.php(306): CodeIgniter\CodeIgniter->handleRequest(NULL, Object(Config\Cache), false)
#6 /var/www/html/akadku/home/index.php(45): CodeIgniter\CodeIgniter->run()
#7 {main}
INFO - 2020-04-13 09:14:11 --> Controller "App\Controllers\Anu" loaded.
CRITICAL - 2020-04-13 09:14:11 --> Call to a member function getResult() on null
#0 /var/www/html/akadku/home/system/View/View.php(236): include()
#1 /var/www/html/akadku/home/system/Common.php(1071): CodeIgniter\View\View->render('modernrose', Array, true)
#2 /var/www/html/akadku/home/app/Controllers/Anu.php(46): view('modernrose', Array)
#3 /var/www/html/akadku/home/system/CodeIgniter.php(910): App\Controllers\Anu->index()
#4 /var/www/html/akadku/home/system/CodeIgniter.php(398): CodeIgniter\CodeIgniter->runController(Object(App\Controllers\Anu))
#5 /var/www/html/akadku/home/system/CodeIgniter.php(306): CodeIgniter\CodeIgniter->handleRequest(NULL, Object(Config\Cache), false)
#6 /var/www/html/akadku/home/index.php(45): CodeIgniter\CodeIgniter->run()
#7 {main}
INFO - 2020-04-13 09:14:21 --> Controller "App\Controllers\Anu" loaded.
CRITICAL - 2020-04-13 09:14:21 --> You must set the database table to be used with your query.
#0 /var/www/html/akadku/home/system/Model.php(1190): CodeIgniter\Database\BaseConnection->table(NULL)
#1 /var/www/html/akadku/home/system/Model.php(1700): CodeIgniter\Model->builder()
#2 /var/www/html/akadku/home/app/Controllers/Anu.php(42): CodeIgniter\Model->__call('get_album', Array)
#3 /var/www/html/akadku/home/system/CodeIgniter.php(910): App\Controllers\Anu->index()
#4 /var/www/html/akadku/home/system/CodeIgniter.php(398): CodeIgniter\CodeIgniter->runController(Object(App\Controllers\Anu))
#5 /var/www/html/akadku/home/system/CodeIgniter.php(306): CodeIgniter\CodeIgniter->handleRequest(NULL, Object(Config\Cache), false)
#6 /var/www/html/akadku/home/index.php(45): CodeIgniter\CodeIgniter->run()
#7 {main}
INFO - 2020-04-13 09:14:31 --> Controller "App\Controllers\Anu" loaded.
INFO - 2020-04-13 09:16:04 --> Controller "App\Controllers\Anu" loaded.
CRITICAL - 2020-04-13 09:16:04 --> You must set the database table to be used with your query.
#0 /var/www/html/akadku/home/system/Model.php(1190): CodeIgniter\Database\BaseConnection->table(NULL)
#1 /var/www/html/akadku/home/system/Model.php(1648): CodeIgniter\Model->builder()
#2 /var/www/html/akadku/home/app/Models/AnuModel.php(61): CodeIgniter\Model->__get('album')
#3 /var/www/html/akadku/home/app/Controllers/Anu.php(42): App\Models\AnuModel->get_album('2')
#4 /var/www/html/akadku/home/system/CodeIgniter.php(910): App\Controllers\Anu->index()
#5 /var/www/html/akadku/home/system/CodeIgniter.php(398): CodeIgniter\CodeIgniter->runController(Object(App\Controllers\Anu))
#6 /var/www/html/akadku/home/system/CodeIgniter.php(306): CodeIgniter\CodeIgniter->handleRequest(NULL, Object(Config\Cache), false)
#7 /var/www/html/akadku/home/index.php(45): CodeIgniter\CodeIgniter->run()
#8 {main}
INFO - 2020-04-13 09:16:05 --> Controller "App\Controllers\Anu" loaded.
CRITICAL - 2020-04-13 09:16:07 --> You must set the database table to be used with your query.
#0 /var/www/html/akadku/home/system/Model.php(1190): CodeIgniter\Database\BaseConnection->table(NULL)
#1 /var/www/html/akadku/home/system/Model.php(1648): CodeIgniter\Model->builder()
#2 /var/www/html/akadku/home/app/Models/AnuModel.php(61): CodeIgniter\Model->__get('album')
#3 /var/www/html/akadku/home/app/Controllers/Anu.php(42): App\Models\AnuModel->get_album('2')
#4 /var/www/html/akadku/home/system/CodeIgniter.php(910): App\Controllers\Anu->index()
#5 /var/www/html/akadku/home/system/CodeIgniter.php(398): CodeIgniter\CodeIgniter->runController(Object(App\Controllers\Anu))
#6 /var/www/html/akadku/home/system/CodeIgniter.php(306): CodeIgniter\CodeIgniter->handleRequest(NULL, Object(Config\Cache), false)
#7 /var/www/html/akadku/home/index.php(45): CodeIgniter\CodeIgniter->run()
#8 {main}
INFO - 2020-04-13 09:16:30 --> Controller "App\Controllers\Anu" loaded.
INFO - 2020-04-13 09:16:30 --> Used the default controller.
INFO - 2020-04-13 09:16:30 --> Controller "App\Controllers\Beranda" loaded.
INFO - 2020-04-13 09:16:47 --> Controller "App\Controllers\Anu" loaded.
INFO - 2020-04-13 09:16:47 --> Used the default controller.
INFO - 2020-04-13 09:16:47 --> Controller "App\Controllers\Beranda" loaded.
INFO - 2020-04-13 09:17:46 --> Used the default controller.
INFO - 2020-04-13 09:17:46 --> Controller "App\Controllers\Beranda" loaded.
INFO - 2020-04-13 09:18:13 --> Controller "App\Controllers\Beranda" loaded.
INFO - 2020-04-13 09:18:34 --> Controller "App\Controllers\Beranda" loaded.
INFO - 2020-04-13 09:18:36 --> Controller "App\Controllers\Beranda" loaded.
INFO - 2020-04-13 09:19:10 --> Controller "App\Controllers\Beranda" loaded.
INFO - 2020-04-13 09:19:17 --> Controller "App\Controllers\Beranda" loaded.
INFO - 2020-04-13 09:19:21 --> Session: Class initialized using 'CodeIgniter\Session\Handlers\FileHandler' driver.
INFO - 2020-04-13 09:19:21 --> Controller "App\Controllers\Order" loaded.
INFO - 2020-04-13 09:19:21 --> Session: Class initialized using 'CodeIgniter\Session\Handlers\FileHandler' driver.
INFO - 2020-04-13 09:19:21 --> Controller "App\Controllers\Order" loaded.
INFO - 2020-04-13 09:19:21 --> Controller "App\Controllers\Beranda" loaded.
INFO - 2020-04-13 09:19:21 --> Controller "App\Controllers\Beranda" loaded.
INFO - 2020-04-13 09:19:21 --> Controller "App\Controllers\Beranda" loaded.
INFO - 2020-04-13 09:19:47 --> Session: Class initialized using 'CodeIgniter\Session\Handlers\FileHandler' driver.
INFO - 2020-04-13 09:19:47 --> Controller "App\Controllers\Order" loaded.
INFO - 2020-04-13 09:19:48 --> Controller "App\Controllers\Beranda" loaded.
INFO - 2020-04-13 09:19:48 --> Controller "App\Controllers\Beranda" loaded.
INFO - 2020-04-13 09:19:48 --> Controller "App\Controllers\Beranda" loaded.
INFO - 2020-04-13 09:19:49 --> Session: Class initialized using 'CodeIgniter\Session\Handlers\FileHandler' driver.
INFO - 2020-04-13 09:19:49 --> Controller "App\Controllers\Order" loaded.
INFO - 2020-04-13 09:19:50 --> Controller "App\Controllers\Beranda" loaded.
INFO - 2020-04-13 09:19:50 --> Controller "App\Controllers\Beranda" loaded.
INFO - 2020-04-13 09:19:50 --> Controller "App\Controllers\Beranda" loaded.
INFO - 2020-04-13 09:19:52 --> Controller "App\Controllers\Beranda" loaded.
INFO - 2020-04-13 09:19:54 --> Controller "App\Controllers\Beranda" loaded.
INFO - 2020-04-13 09:19:55 --> Session: Class initialized using 'CodeIgniter\Session\Handlers\FileHandler' driver.
INFO - 2020-04-13 09:19:55 --> Controller "App\Controllers\Order" loaded.
INFO - 2020-04-13 09:19:56 --> Controller "App\Controllers\Beranda" loaded.
INFO - 2020-04-13 09:19:56 --> Controller "App\Controllers\Beranda" loaded.
INFO - 2020-04-13 09:19:56 --> Controller "App\Controllers\Beranda" loaded.
INFO - 2020-04-13 09:21:20 --> Session: Class initialized using 'CodeIgniter\Session\Handlers\FileHandler' driver.
INFO - 2020-04-13 09:21:20 --> Controller "App\Controllers\Order" loaded.
CRITICAL - 2020-04-13 09:21:20 --> {0, string} route cannot be found while reverse-routing.
#0 /var/www/html/akadku/home/system/HTTP/RedirectResponse.php(92): CodeIgniter\HTTP\Exceptions\HTTPException::forInvalidRedirectRoute('')
#1 /var/www/html/akadku/home/app/Controllers/Order.php(268): CodeIgniter\HTTP\RedirectResponse->route(false)
#2 /var/www/html/akadku/home/system/CodeIgniter.php(910): App\Controllers\Order->any()
#3 /var/www/html/akadku/home/system/CodeIgniter.php(398): CodeIgniter\CodeIgniter->runController(Object(App\Controllers\Order))
#4 /var/www/html/akadku/home/system/CodeIgniter.php(306): CodeIgniter\CodeIgniter->handleRequest(NULL, Object(Config\Cache), false)
#5 /var/www/html/akadku/home/index.php(45): CodeIgniter\CodeIgniter->run()
#6 {main}
INFO - 2020-04-13 09:21:50 --> Session: Class initialized using 'CodeIgniter\Session\Handlers\FileHandler' driver.
INFO - 2020-04-13 09:21:50 --> Controller "App\Controllers\Order" loaded.
CRITICAL - 2020-04-13 09:21:50 --> {0, string} route cannot be found while reverse-routing.
#0 /var/www/html/akadku/home/system/HTTP/RedirectResponse.php(92): CodeIgniter\HTTP\Exceptions\HTTPException::forInvalidRedirectRoute('')
#1 /var/www/html/akadku/home/app/Controllers/Order.php(268): CodeIgniter\HTTP\RedirectResponse->route(false)
#2 /var/www/html/akadku/home/system/CodeIgniter.php(910): App\Controllers\Order->any()
#3 /var/www/html/akadku/home/system/CodeIgniter.php(398): CodeIgniter\CodeIgniter->runController(Object(App\Controllers\Order))
#4 /var/www/html/akadku/home/system/CodeIgniter.php(306): CodeIgniter\CodeIgniter->handleRequest(NULL, Object(Config\Cache), false)
#5 /var/www/html/akadku/home/index.php(45): CodeIgniter\CodeIgniter->run()
#6 {main}
INFO - 2020-04-13 09:21:57 --> Session: Class initialized using 'CodeIgniter\Session\Handlers\FileHandler' driver.
INFO - 2020-04-13 09:21:57 --> Controller "App\Controllers\Order" loaded.
INFO - 2020-04-13 09:22:09 --> Session: Class initialized using 'CodeIgniter\Session\Handlers\FileHandler' driver.
INFO - 2020-04-13 09:22:09 --> Controller "App\Controllers\Order" loaded.
INFO - 2020-04-13 09:30:16 --> Controller "App\Controllers\Beranda" loaded.
INFO - 2020-04-13 09:30:19 --> Session: Class initialized using 'CodeIgniter\Session\Handlers\FileHandler' driver.
INFO - 2020-04-13 09:30:19 --> Controller "App\Controllers\Order" loaded.
CRITICAL - 2020-04-13 09:30:19 --> {0, string} route cannot be found while reverse-routing.
#0 /var/www/html/akadku/home/system/HTTP/RedirectResponse.php(92): CodeIgniter\HTTP\Exceptions\HTTPException::forInvalidRedirectRoute('')
#1 /var/www/html/akadku/home/app/Controllers/Order.php(266): CodeIgniter\HTTP\RedirectResponse->route(false)
#2 /var/www/html/akadku/home/system/CodeIgniter.php(910): App\Controllers\Order->any()
#3 /var/www/html/akadku/home/system/CodeIgniter.php(398): CodeIgniter\CodeIgniter->runController(Object(App\Controllers\Order))
#4 /var/www/html/akadku/home/system/CodeIgniter.php(306): CodeIgniter\CodeIgniter->handleRequest(NULL, Object(Config\Cache), false)
#5 /var/www/html/akadku/home/index.php(45): CodeIgniter\CodeIgniter->run()
#6 {main}
INFO - 2020-04-13 09:30:59 --> Session: Class initialized using 'CodeIgniter\Session\Handlers\FileHandler' driver.
INFO - 2020-04-13 09:30:59 --> Controller "App\Controllers\Order" loaded.
INFO - 2020-04-13 09:30:59 --> Session: Class initialized using 'CodeIgniter\Session\Handlers\FileHandler' driver.
INFO - 2020-04-13 09:30:59 --> Controller "App\Controllers\Order" loaded.
INFO - 2020-04-13 09:30:59 --> Controller "App\Controllers\Beranda" loaded.
INFO - 2020-04-13 09:30:59 --> Controller "App\Controllers\Beranda" loaded.
INFO - 2020-04-13 09:30:59 --> Controller "App\Controllers\Beranda" loaded.
INFO - 2020-04-13 09:31:14 --> Session: Class initialized using 'CodeIgniter\Session\Handlers\FileHandler' driver.
INFO - 2020-04-13 09:31:14 --> Controller "App\Controllers\Order" loaded.
INFO - 2020-04-13 09:31:15 --> Controller "App\Controllers\Beranda" loaded.
INFO - 2020-04-13 09:31:15 --> Controller "App\Controllers\Beranda" loaded.
INFO - 2020-04-13 09:31:15 --> Controller "App\Controllers\Beranda" loaded.
INFO - 2020-04-13 09:31:18 --> Session: Class initialized using 'CodeIgniter\Session\Handlers\FileHandler' driver.
INFO - 2020-04-13 09:31:18 --> Controller "App\Controllers\Order" loaded.
INFO - 2020-04-13 09:31:18 --> Session: Class initialized using 'CodeIgniter\Session\Handlers\FileHandler' driver.
INFO - 2020-04-13 09:31:18 --> Controller "App\Controllers\Order" loaded.
INFO - 2020-04-13 09:31:18 --> Controller "App\Controllers\Beranda" loaded.
INFO - 2020-04-13 09:31:18 --> Controller "App\Controllers\Beranda" loaded.
INFO - 2020-04-13 09:31:18 --> Controller "App\Controllers\Beranda" loaded.
INFO - 2020-04-13 09:31:19 --> Session: Class initialized using 'CodeIgniter\Session\Handlers\FileHandler' driver.
INFO - 2020-04-13 09:31:19 --> Controller "App\Controllers\Order" loaded.
INFO - 2020-04-13 09:31:19 --> Session: Class initialized using 'CodeIgniter\Session\Handlers\FileHandler' driver.
INFO - 2020-04-13 09:31:19 --> Controller "App\Controllers\Order" loaded.
INFO - 2020-04-13 09:31:20 --> Controller "App\Controllers\Beranda" loaded.
INFO - 2020-04-13 09:31:20 --> Controller "App\Controllers\Beranda" loaded.
INFO - 2020-04-13 09:31:20 --> Controller "App\Controllers\Beranda" loaded.
INFO - 2020-04-13 09:31:24 --> Session: Class initialized using 'CodeIgniter\Session\Handlers\FileHandler' driver.
INFO - 2020-04-13 09:31:24 --> Controller "App\Controllers\Order" loaded.
INFO - 2020-04-13 09:31:24 --> Controller "App\Controllers\Beranda" loaded.
INFO - 2020-04-13 09:31:24 --> Controller "App\Controllers\Beranda" loaded.
INFO - 2020-04-13 09:31:24 --> Controller "App\Controllers\Beranda" loaded.
INFO - 2020-04-13 09:40:07 --> Session: Class initialized using 'CodeIgniter\Session\Handlers\FileHandler' driver.
INFO - 2020-04-13 09:40:07 --> Controller "App\Controllers\Order" loaded.
INFO - 2020-04-13 09:40:07 --> Session: Class initialized using 'CodeIgniter\Session\Handlers\FileHandler' driver.
INFO - 2020-04-13 09:40:07 --> Controller "App\Controllers\Order" loaded.
INFO - 2020-04-13 09:40:07 --> Controller "App\Controllers\Beranda" loaded.
INFO - 2020-04-13 09:40:07 --> Controller "App\Controllers\Beranda" loaded.
INFO - 2020-04-13 09:40:07 --> Controller "App\Controllers\Beranda" loaded.
INFO - 2020-04-13 09:40:10 --> Session: Class initialized using 'CodeIgniter\Session\Handlers\FileHandler' driver.
INFO - 2020-04-13 09:40:10 --> Controller "App\Controllers\Order" loaded.
INFO - 2020-04-13 09:40:11 --> Controller "App\Controllers\Beranda" loaded.
INFO - 2020-04-13 09:40:11 --> Controller "App\Controllers\Beranda" loaded.
INFO - 2020-04-13 09:40:11 --> Controller "App\Controllers\Beranda" loaded.
INFO - 2020-04-13 09:40:49 --> Session: Class initialized using 'CodeIgniter\Session\Handlers\FileHandler' driver.
INFO - 2020-04-13 09:40:49 --> Controller "App\Controllers\Order" loaded.
INFO - 2020-04-13 09:40:49 --> Controller "App\Controllers\Beranda" loaded.
INFO - 2020-04-13 09:40:56 --> Session: Class initialized using 'CodeIgniter\Session\Handlers\FileHandler' driver.
INFO - 2020-04-13 09:40:56 --> Controller "App\Controllers\Order" loaded.
INFO - 2020-04-13 09:40:56 --> Controller "App\Controllers\Beranda" loaded.
INFO - 2020-04-13 09:41:09 --> Session: Class initialized using 'CodeIgniter\Session\Handlers\FileHandler' driver.
INFO - 2020-04-13 09:41:09 --> Controller "App\Controllers\Order" loaded.
INFO - 2020-04-13 09:41:09 --> Session: Class initialized using 'CodeIgniter\Session\Handlers\FileHandler' driver.
INFO - 2020-04-13 09:41:09 --> Controller "App\Controllers\Order" loaded.
INFO - 2020-04-13 09:41:09 --> Controller "App\Controllers\Beranda" loaded.
INFO - 2020-04-13 09:41:13 --> Session: Class initialized using 'CodeIgniter\Session\Handlers\FileHandler' driver.
INFO - 2020-04-13 09:41:13 --> Controller "App\Controllers\Order" loaded.
INFO - 2020-04-13 09:41:13 --> Session: Class initialized using 'CodeIgniter\Session\Handlers\FileHandler' driver.
INFO - 2020-04-13 09:41:13 --> Controller "App\Controllers\Order" loaded.
INFO - 2020-04-13 09:41:13 --> Controller "App\Controllers\Beranda" loaded.
INFO - 2020-04-13 09:41:30 --> Controller "App\Controllers\Beranda" loaded.
INFO - 2020-04-13 09:41:32 --> Session: Class initialized using 'CodeIgniter\Session\Handlers\FileHandler' driver.
INFO - 2020-04-13 09:41:32 --> Controller "App\Controllers\Order" loaded.
INFO - 2020-04-13 09:41:32 --> Session: Class initialized using 'CodeIgniter\Session\Handlers\FileHandler' driver.
INFO - 2020-04-13 09:41:32 --> Controller "App\Controllers\Order" loaded.
INFO - 2020-04-13 09:41:32 --> Controller "App\Controllers\Beranda" loaded.
INFO - 2020-04-13 09:41:35 --> Session: Class initialized using 'CodeIgniter\Session\Handlers\FileHandler' driver.
INFO - 2020-04-13 09:41:35 --> Controller "App\Controllers\Order" loaded.
INFO - 2020-04-13 09:41:35 --> Session: Class initialized using 'CodeIgniter\Session\Handlers\FileHandler' driver.
INFO - 2020-04-13 09:41:35 --> Controller "App\Controllers\Order" loaded.
INFO - 2020-04-13 09:41:35 --> Controller "App\Controllers\Beranda" loaded.
INFO - 2020-04-13 09:43:09 --> Controller "App\Controllers\Beranda" loaded.
INFO - 2020-04-13 09:43:22 --> Controller "App\Controllers\Beranda" loaded.
INFO - 2020-04-13 09:43:39 --> Session: Class initialized using 'CodeIgniter\Session\Handlers\FileHandler' driver.
INFO - 2020-04-13 09:43:39 --> Controller "App\Controllers\Order" loaded.
INFO - 2020-04-13 09:43:39 --> Session: Class initialized using 'CodeIgniter\Session\Handlers\FileHandler' driver.
INFO - 2020-04-13 09:43:39 --> Controller "App\Controllers\Order" loaded.
INFO - 2020-04-13 09:43:39 --> Controller "App\Controllers\Beranda" loaded.
INFO - 2020-04-13 09:43:46 --> Session: Class initialized using 'CodeIgniter\Session\Handlers\FileHandler' driver.
INFO - 2020-04-13 09:43:46 --> Controller "App\Controllers\Order" loaded.
INFO - 2020-04-13 09:43:46 --> Session: Class initialized using 'CodeIgniter\Session\Handlers\FileHandler' driver.
INFO - 2020-04-13 09:43:46 --> Controller "App\Controllers\Order" loaded.
INFO - 2020-04-13 09:43:46 --> Controller "App\Controllers\Beranda" loaded.
INFO - 2020-04-13 09:44:14 --> Session: Class initialized using 'CodeIgniter\Session\Handlers\FileHandler' driver.
INFO - 2020-04-13 09:44:14 --> Controller "App\Controllers\Order" loaded.
INFO - 2020-04-13 09:44:14 --> Controller "App\Controllers\Beranda" loaded.
INFO - 2020-04-13 09:44:14 --> Controller "App\Controllers\Beranda" loaded.
INFO - 2020-04-13 09:44:14 --> Controller "App\Controllers\Beranda" loaded.
INFO - 2020-04-13 09:44:19 --> Session: Class initialized using 'CodeIgniter\Session\Handlers\FileHandler' driver.
INFO - 2020-04-13 09:44:19 --> Controller "App\Controllers\Order" loaded.
INFO - 2020-04-13 09:44:19 --> Controller "App\Controllers\Beranda" loaded.
INFO - 2020-04-13 09:44:19 --> Controller "App\Controllers\Beranda" loaded.
INFO - 2020-04-13 09:44:19 --> Controller "App\Controllers\Beranda" loaded.
INFO - 2020-04-13 09:44:21 --> Session: Class initialized using 'CodeIgniter\Session\Handlers\FileHandler' driver.
INFO - 2020-04-13 09:44:21 --> Controller "App\Controllers\Order" loaded.
INFO - 2020-04-13 09:44:22 --> Controller "App\Controllers\Beranda" loaded.
INFO - 2020-04-13 09:44:22 --> Controller "App\Controllers\Beranda" loaded.
INFO - 2020-04-13 09:44:22 --> Controller "App\Controllers\Beranda" loaded.
INFO - 2020-04-13 09:44:49 --> Session: Class initialized using 'CodeIgniter\Session\Handlers\FileHandler' driver.
INFO - 2020-04-13 09:44:49 --> Controller "App\Controllers\Order" loaded.
INFO - 2020-04-13 09:44:49 --> Controller "App\Controllers\Beranda" loaded.
INFO - 2020-04-13 09:44:50 --> Controller "App\Controllers\Beranda" loaded.
INFO - 2020-04-13 09:44:50 --> Controller "App\Controllers\Beranda" loaded.
INFO - 2020-04-13 09:44:51 --> Session: Class initialized using 'CodeIgniter\Session\Handlers\FileHandler' driver.
INFO - 2020-04-13 09:44:51 --> Controller "App\Controllers\Order" loaded.
INFO - 2020-04-13 09:44:52 --> Controller "App\Controllers\Beranda" loaded.
INFO - 2020-04-13 09:44:52 --> Controller "App\Controllers\Beranda" loaded.
INFO - 2020-04-13 09:44:52 --> Controller "App\Controllers\Beranda" loaded.
INFO - 2020-04-13 09:44:58 --> Session: Class initialized using 'CodeIgniter\Session\Handlers\FileHandler' driver.
INFO - 2020-04-13 09:44:58 --> Controller "App\Controllers\Order" loaded.
INFO - 2020-04-13 09:45:11 --> Session: Class initialized using 'CodeIgniter\Session\Handlers\FileHandler' driver.
INFO - 2020-04-13 09:45:11 --> Controller "App\Controllers\Order" loaded.
INFO - 2020-04-13 09:45:13 --> Session: Class initialized using 'CodeIgniter\Session\Handlers\FileHandler' driver.
INFO - 2020-04-13 09:45:13 --> Controller "App\Controllers\Order" loaded.
INFO - 2020-04-13 09:45:14 --> Session: Class initialized using 'CodeIgniter\Session\Handlers\FileHandler' driver.
INFO - 2020-04-13 09:45:14 --> Controller "App\Controllers\Order" loaded.
INFO - 2020-04-13 09:45:28 --> Session: Class initialized using 'CodeIgniter\Session\Handlers\FileHandler' driver.
INFO - 2020-04-13 09:45:28 --> Controller "App\Controllers\Order" loaded.
INFO - 2020-04-13 09:45:33 --> Session: Class initialized using 'CodeIgniter\Session\Handlers\FileHandler' driver.
INFO - 2020-04-13 09:45:33 --> Controller "App\Controllers\Order" loaded.
INFO - 2020-04-13 09:45:41 --> Session: Class initialized using 'CodeIgniter\Session\Handlers\FileHandler' driver.
INFO - 2020-04-13 09:45:41 --> Controller "App\Controllers\Order" loaded.
INFO - 2020-04-13 09:45:49 --> Session: Class initialized using 'CodeIgniter\Session\Handlers\FileHandler' driver.
INFO - 2020-04-13 09:45:49 --> Controller "App\Controllers\Order" loaded.
INFO - 2020-04-13 09:45:56 --> Session: Class initialized using 'CodeIgniter\Session\Handlers\FileHandler' driver.
INFO - 2020-04-13 09:45:56 --> Controller "App\Controllers\Order" loaded.
INFO - 2020-04-13 09:46:11 --> Session: Class initialized using 'CodeIgniter\Session\Handlers\FileHandler' driver.
INFO - 2020-04-13 09:46:11 --> Controller "App\Controllers\Order" loaded.
INFO - 2020-04-13 09:46:21 --> Session: Class initialized using 'CodeIgniter\Session\Handlers\FileHandler' driver.
INFO - 2020-04-13 09:46:21 --> Controller "App\Controllers\Order" loaded.
INFO - 2020-04-13 09:46:28 --> Session: Class initialized using 'CodeIgniter\Session\Handlers\FileHandler' driver.
INFO - 2020-04-13 09:46:28 --> Controller "App\Controllers\Order" loaded.
INFO - 2020-04-13 09:46:29 --> Controller "App\Controllers\Beranda" loaded.
INFO - 2020-04-13 09:46:31 --> Session: Class initialized using 'CodeIgniter\Session\Handlers\FileHandler' driver.
INFO - 2020-04-13 09:46:31 --> Controller "App\Controllers\Order" loaded.
INFO - 2020-04-13 09:46:36 --> Session: Class initialized using 'CodeIgniter\Session\Handlers\FileHandler' driver.
INFO - 2020-04-13 09:46:36 --> Controller "App\Controllers\Order" loaded.
INFO - 2020-04-13 09:46:36 --> Controller "App\Controllers\Beranda" loaded.
INFO - 2020-04-13 09:48:02 --> Session: Class initialized using 'CodeIgniter\Session\Handlers\FileHandler' driver.
INFO - 2020-04-13 09:48:02 --> Controller "App\Controllers\Order" loaded.
INFO - 2020-04-13 09:48:06 --> Session: Class initialized using 'CodeIgniter\Session\Handlers\FileHandler' driver.
INFO - 2020-04-13 09:48:06 --> Controller "App\Controllers\Order" loaded.
INFO - 2020-04-13 09:48:06 --> Controller "App\Controllers\Beranda" loaded.
INFO - 2020-04-13 09:48:31 --> Session: Class initialized using 'CodeIgniter\Session\Handlers\FileHandler' driver.
INFO - 2020-04-13 09:48:31 --> Controller "App\Controllers\Order" loaded.
INFO - 2020-04-13 09:48:32 --> Session: Class initialized using 'CodeIgniter\Session\Handlers\FileHandler' driver.
INFO - 2020-04-13 09:48:32 --> Controller "App\Controllers\Order" loaded.
INFO - 2020-04-13 09:48:55 --> Session: Class initialized using 'CodeIgniter\Session\Handlers\FileHandler' driver.
INFO - 2020-04-13 09:48:55 --> Controller "App\Controllers\Order" loaded.
INFO - 2020-04-13 09:48:55 --> Controller "App\Controllers\Beranda" loaded.
INFO - 2020-04-13 09:49:26 --> Session: Class initialized using 'CodeIgniter\Session\Handlers\FileHandler' driver.
INFO - 2020-04-13 09:49:26 --> Controller "App\Controllers\Order" loaded.
INFO - 2020-04-13 09:49:30 --> Session: Class initialized using 'CodeIgniter\Session\Handlers\FileHandler' driver.
INFO - 2020-04-13 09:49:30 --> Controller "App\Controllers\Order" loaded.
INFO - 2020-04-13 09:49:30 --> Controller "App\Controllers\Beranda" loaded.
INFO - 2020-04-13 09:51:50 --> Session: Class initialized using 'CodeIgniter\Session\Handlers\FileHandler' driver.
INFO - 2020-04-13 09:51:50 --> Controller "App\Controllers\Order" loaded.
INFO - 2020-04-13 09:51:53 --> Session: Class initialized using 'CodeIgniter\Session\Handlers\FileHandler' driver.
INFO - 2020-04-13 09:51:53 --> Controller "App\Controllers\Order" loaded.
INFO - 2020-04-13 09:51:53 --> Controller "App\Controllers\Beranda" loaded.
INFO - 2020-04-13 09:51:55 --> Session: Class initialized using 'CodeIgniter\Session\Handlers\FileHandler' driver.
INFO - 2020-04-13 09:51:55 --> Controller "App\Controllers\Order" loaded.
INFO - 2020-04-13 09:51:57 --> Session: Class initialized using 'CodeIgniter\Session\Handlers\FileHandler' driver.
INFO - 2020-04-13 09:51:57 --> Controller "App\Controllers\Order" loaded.
INFO - 2020-04-13 09:51:57 --> Controller "App\Controllers\Beranda" loaded.
INFO - 2020-04-13 09:53:28 --> Session: Class initialized using 'CodeIgniter\Session\Handlers\FileHandler' driver.
INFO - 2020-04-13 09:53:28 --> Controller "App\Controllers\Order" loaded.
INFO - 2020-04-13 09:53:30 --> Session: Class initialized using 'CodeIgniter\Session\Handlers\FileHandler' driver.
INFO - 2020-04-13 09:53:30 --> Controller "App\Controllers\Order" loaded.
INFO - 2020-04-13 09:53:43 --> Session: Class initialized using 'CodeIgniter\Session\Handlers\FileHandler' driver.
INFO - 2020-04-13 09:53:43 --> Controller "App\Controllers\Order" loaded.
INFO - 2020-04-13 09:53:48 --> Session: Class initialized using 'CodeIgniter\Session\Handlers\FileHandler' driver.
INFO - 2020-04-13 09:53:48 --> Controller "App\Controllers\Order" loaded.
INFO - 2020-04-13 09:53:50 --> Session: Class initialized using 'CodeIgniter\Session\Handlers\FileHandler' driver.
INFO - 2020-04-13 09:53:50 --> Controller "App\Controllers\Order" loaded.
INFO - 2020-04-13 09:53:54 --> Session: Class initialized using 'CodeIgniter\Session\Handlers\FileHandler' driver.
INFO - 2020-04-13 09:53:54 --> Controller "App\Controllers\Order" loaded.
INFO - 2020-04-13 09:53:54 --> Session: Class initialized using 'CodeIgniter\Session\Handlers\FileHandler' driver.
INFO - 2020-04-13 09:53:54 --> Controller "App\Controllers\Order" loaded.
INFO - 2020-04-13 09:53:54 --> Session: Class initialized using 'CodeIgniter\Session\Handlers\FileHandler' driver.
INFO - 2020-04-13 09:53:54 --> Controller "App\Controllers\Order" loaded.
INFO - 2020-04-13 09:53:54 --> Controller "App\Controllers\Beranda" loaded.
INFO - 2020-04-13 09:59:34 --> Session: Class initialized using 'CodeIgniter\Session\Handlers\FileHandler' driver.
INFO - 2020-04-13 09:59:34 --> Controller "App\Controllers\Order" loaded.
INFO - 2020-04-13 09:59:34 --> Controller "App\Controllers\Beranda" loaded.
INFO - 2020-04-13 09:59:34 --> Controller "App\Controllers\Beranda" loaded.
INFO - 2020-04-13 09:59:34 --> Controller "App\Controllers\Beranda" loaded.
INFO - 2020-04-13 09:59:39 --> Session: Class initialized using 'CodeIgniter\Session\Handlers\FileHandler' driver.
INFO - 2020-04-13 09:59:39 --> Controller "App\Controllers\Order" loaded.
INFO - 2020-04-13 09:59:39 --> Session: Class initialized using 'CodeIgniter\Session\Handlers\FileHandler' driver.
INFO - 2020-04-13 09:59:39 --> Controller "App\Controllers\Order" loaded.
INFO - 2020-04-13 09:59:39 --> Session: Class initialized using 'CodeIgniter\Session\Handlers\FileHandler' driver.
INFO - 2020-04-13 09:59:39 --> Controller "App\Controllers\Order" loaded.
INFO - 2020-04-13 09:59:39 --> Controller "App\Controllers\Beranda" loaded.
INFO - 2020-04-13 10:01:02 --> Session: Class initialized using 'CodeIgniter\Session\Handlers\FileHandler' driver.
INFO - 2020-04-13 10:01:02 --> Controller "App\Controllers\Order" loaded.
INFO - 2020-04-13 10:01:02 --> Controller "App\Controllers\Beranda" loaded.
INFO - 2020-04-13 10:01:02 --> Controller "App\Controllers\Beranda" loaded.
INFO - 2020-04-13 10:01:02 --> Controller "App\Controllers\Beranda" loaded.
INFO - 2020-04-13 10:01:05 --> Session: Class initialized using 'CodeIgniter\Session\Handlers\FileHandler' driver.
INFO - 2020-04-13 10:01:05 --> Controller "App\Controllers\Order" loaded.
INFO - 2020-04-13 10:01:05 --> Session: Class initialized using 'CodeIgniter\Session\Handlers\FileHandler' driver.
INFO - 2020-04-13 10:01:05 --> Controller "App\Controllers\Order" loaded.
INFO - 2020-04-13 10:01:05 --> Session: Class initialized using 'CodeIgniter\Session\Handlers\FileHandler' driver.
INFO - 2020-04-13 10:01:05 --> Controller "App\Controllers\Order" loaded.
INFO - 2020-04-13 10:01:05 --> Controller "App\Controllers\Beranda" loaded.
INFO - 2020-04-13 10:01:05 --> Controller "App\Controllers\Beranda" loaded.
INFO - 2020-04-13 10:01:05 --> Controller "App\Controllers\Beranda" loaded.
INFO - 2020-04-13 10:01:08 --> Session: Class initialized using 'CodeIgniter\Session\Handlers\FileHandler' driver.
INFO - 2020-04-13 10:01:08 --> Controller "App\Controllers\Order" loaded.
INFO - 2020-04-13 10:01:08 --> Controller "App\Controllers\Beranda" loaded.
INFO - 2020-04-13 10:01:08 --> Controller "App\Controllers\Beranda" loaded.
INFO - 2020-04-13 10:01:08 --> Controller "App\Controllers\Beranda" loaded.
INFO - 2020-04-13 10:01:13 --> Session: Class initialized using 'CodeIgniter\Session\Handlers\FileHandler' driver.
INFO - 2020-04-13 10:01:13 --> Controller "App\Controllers\Order" loaded.
INFO - 2020-04-13 10:01:13 --> Controller "App\Controllers\Beranda" loaded.
INFO - 2020-04-13 10:01:19 --> Session: Class initialized using 'CodeIgniter\Session\Handlers\FileHandler' driver.
INFO - 2020-04-13 10:01:19 --> Controller "App\Controllers\Order" loaded.
INFO - 2020-04-13 10:01:19 --> Controller "App\Controllers\Beranda" loaded.
INFO - 2020-04-13 10:01:22 --> Session: Class initialized using 'CodeIgniter\Session\Handlers\FileHandler' driver.
INFO - 2020-04-13 10:01:22 --> Controller "App\Controllers\Order" loaded.
INFO - 2020-04-13 10:01:23 --> Controller "App\Controllers\Beranda" loaded.
INFO - 2020-04-13 10:01:23 --> Controller "App\Controllers\Beranda" loaded.
INFO - 2020-04-13 10:01:23 --> Controller "App\Controllers\Beranda" loaded.
INFO - 2020-04-13 10:01:27 --> Session: Class initialized using 'CodeIgniter\Session\Handlers\FileHandler' driver.
INFO - 2020-04-13 10:01:27 --> Controller "App\Controllers\Order" loaded.
INFO - 2020-04-13 10:01:28 --> Controller "App\Controllers\Beranda" loaded.
INFO - 2020-04-13 10:01:28 --> Controller "App\Controllers\Beranda" loaded.
INFO - 2020-04-13 10:01:28 --> Controller "App\Controllers\Beranda" loaded.
INFO - 2020-04-13 10:01:32 --> Session: Class initialized using 'CodeIgniter\Session\Handlers\FileHandler' driver.
INFO - 2020-04-13 10:01:32 --> Controller "App\Controllers\Order" loaded.
INFO - 2020-04-13 10:01:32 --> Controller "App\Controllers\Beranda" loaded.
INFO - 2020-04-13 10:01:32 --> Controller "App\Controllers\Beranda" loaded.
INFO - 2020-04-13 10:01:32 --> Controller "App\Controllers\Beranda" loaded.
INFO - 2020-04-13 10:01:50 --> Session: Class initialized using 'CodeIgniter\Session\Handlers\FileHandler' driver.
INFO - 2020-04-13 10:01:50 --> Controller "App\Controllers\Order" loaded.
INFO - 2020-04-13 10:01:51 --> Controller "App\Controllers\Beranda" loaded.
INFO - 2020-04-13 10:01:51 --> Controller "App\Controllers\Beranda" loaded.
INFO - 2020-04-13 10:01:51 --> Controller "App\Controllers\Beranda" loaded.
INFO - 2020-04-13 10:06:29 --> Session: Class initialized using 'CodeIgniter\Session\Handlers\FileHandler' driver.
INFO - 2020-04-13 10:06:29 --> Controller "App\Controllers\Order" loaded.
INFO - 2020-04-13 10:06:29 --> Controller "App\Controllers\Beranda" loaded.
INFO - 2020-04-13 10:06:29 --> Controller "App\Controllers\Beranda" loaded.
INFO - 2020-04-13 10:06:29 --> Controller "App\Controllers\Beranda" loaded.
INFO - 2020-04-13 10:06:40 --> Session: Class initialized using 'CodeIgniter\Session\Handlers\FileHandler' driver.
INFO - 2020-04-13 10:06:40 --> Controller "App\Controllers\Order" loaded.
INFO - 2020-04-13 10:06:40 --> Controller "App\Controllers\Beranda" loaded.
INFO - 2020-04-13 10:06:40 --> Controller "App\Controllers\Beranda" loaded.
INFO - 2020-04-13 10:06:40 --> Controller "App\Controllers\Beranda" loaded.
INFO - 2020-04-13 10:06:43 --> Session: Class initialized using 'CodeIgniter\Session\Handlers\FileHandler' driver.
INFO - 2020-04-13 10:06:43 --> Controller "App\Controllers\Order" loaded.
INFO - 2020-04-13 10:06:44 --> Controller "App\Controllers\Beranda" loaded.
INFO - 2020-04-13 10:06:44 --> Controller "App\Controllers\Beranda" loaded.
INFO - 2020-04-13 10:06:44 --> Controller "App\Controllers\Beranda" loaded.
INFO - 2020-04-13 10:07:27 --> Session: Class initialized using 'CodeIgniter\Session\Handlers\FileHandler' driver.
INFO - 2020-04-13 10:07:27 --> Controller "App\Controllers\Order" loaded.
INFO - 2020-04-13 10:07:27 --> Controller "App\Controllers\Beranda" loaded.
