CRITICAL - 2020-03-21 07:53:15 --> Class 'App\Controllers\AnuModel' not found
#0 /var/www/html/CodeIgniter4/system/CodeIgniter.php(882): App\Controllers\Anu->__construct()
#1 /var/www/html/CodeIgniter4/system/CodeIgniter.php(393): CodeIgniter\CodeIgniter->createController()
#2 /var/www/html/CodeIgniter4/system/CodeIgniter.php(306): CodeIgniter\CodeIgniter->handleRequest(NULL, Object(Config\Cache), false)
#3 /var/www/html/CodeIgniter4/index.php(45): CodeIgniter\CodeIgniter->run()
#4 {main}
CRITICAL - 2020-03-21 07:53:34 --> Class 'App\Controllers\AnuModel' not found
#0 /var/www/html/CodeIgniter4/system/CodeIgniter.php(882): App\Controllers\Anu->__construct()
#1 /var/www/html/CodeIgniter4/system/CodeIgniter.php(393): CodeIgniter\CodeIgniter->createController()
#2 /var/www/html/CodeIgniter4/system/CodeIgniter.php(306): CodeIgniter\CodeIgniter->handleRequest(NULL, Object(Config\Cache), false)
#3 /var/www/html/CodeIgniter4/index.php(45): CodeIgniter\CodeIgniter->run()
#4 {main}
CRITICAL - 2020-03-21 07:53:40 --> Class 'App\Controllers\AnuModel' not found
#0 /var/www/html/CodeIgniter4/system/CodeIgniter.php(882): App\Controllers\Anu->__construct()
#1 /var/www/html/CodeIgniter4/system/CodeIgniter.php(393): CodeIgniter\CodeIgniter->createController()
#2 /var/www/html/CodeIgniter4/system/CodeIgniter.php(306): CodeIgniter\CodeIgniter->handleRequest(NULL, Object(Config\Cache), false)
#3 /var/www/html/CodeIgniter4/index.php(45): CodeIgniter\CodeIgniter->run()
#4 {main}
CRITICAL - 2020-03-21 07:53:41 --> Class 'App\Controllers\AnuModel' not found
#0 /var/www/html/CodeIgniter4/system/CodeIgniter.php(882): App\Controllers\Anu->__construct()
#1 /var/www/html/CodeIgniter4/system/CodeIgniter.php(393): CodeIgniter\CodeIgniter->createController()
#2 /var/www/html/CodeIgniter4/system/CodeIgniter.php(306): CodeIgniter\CodeIgniter->handleRequest(NULL, Object(Config\Cache), false)
#3 /var/www/html/CodeIgniter4/index.php(45): CodeIgniter\CodeIgniter->run()
#4 {main}
CRITICAL - 2020-03-21 07:54:34 --> Class 'App\Controllers\AnuModel' not found
#0 /var/www/html/CodeIgniter4/system/CodeIgniter.php(882): App\Controllers\Anu->__construct()
#1 /var/www/html/CodeIgniter4/system/CodeIgniter.php(393): CodeIgniter\CodeIgniter->createController()
#2 /var/www/html/CodeIgniter4/system/CodeIgniter.php(306): CodeIgniter\CodeIgniter->handleRequest(NULL, Object(Config\Cache), false)
#3 /var/www/html/CodeIgniter4/index.php(45): CodeIgniter\CodeIgniter->run()
#4 {main}
CRITICAL - 2020-03-21 07:54:35 --> Class 'App\Controllers\AnuModel' not found
#0 /var/www/html/CodeIgniter4/system/CodeIgniter.php(882): App\Controllers\Anu->__construct()
#1 /var/www/html/CodeIgniter4/system/CodeIgniter.php(393): CodeIgniter\CodeIgniter->createController()
#2 /var/www/html/CodeIgniter4/system/CodeIgniter.php(306): CodeIgniter\CodeIgniter->handleRequest(NULL, Object(Config\Cache), false)
#3 /var/www/html/CodeIgniter4/index.php(45): CodeIgniter\CodeIgniter->run()
#4 {main}
CRITICAL - 2020-03-21 07:54:56 --> Class 'App\Controllers\AnuModel' not found
#0 /var/www/html/CodeIgniter4/system/CodeIgniter.php(882): App\Controllers\Anu->__construct()
#1 /var/www/html/CodeIgniter4/system/CodeIgniter.php(393): CodeIgniter\CodeIgniter->createController()
#2 /var/www/html/CodeIgniter4/system/CodeIgniter.php(306): CodeIgniter\CodeIgniter->handleRequest(NULL, Object(Config\Cache), false)
#3 /var/www/html/CodeIgniter4/index.php(45): CodeIgniter\CodeIgniter->run()
#4 {main}
CRITICAL - 2020-03-21 17:20:17 --> Class 'App\Controllers\AnuModel' not found
#0 /var/www/html/CodeIgniter4/system/CodeIgniter.php(882): App\Controllers\Anu->__construct()
#1 /var/www/html/CodeIgniter4/system/CodeIgniter.php(393): CodeIgniter\CodeIgniter->createController()
#2 /var/www/html/CodeIgniter4/system/CodeIgniter.php(306): CodeIgniter\CodeIgniter->handleRequest(NULL, Object(Config\Cache), false)
#3 /var/www/html/CodeIgniter4/index.php(45): CodeIgniter\CodeIgniter->run()
#4 {main}
CRITICAL - 2020-03-21 17:20:18 --> Class 'App\Controllers\AnuModel' not found
#0 /var/www/html/CodeIgniter4/system/CodeIgniter.php(882): App\Controllers\Anu->__construct()
#1 /var/www/html/CodeIgniter4/system/CodeIgniter.php(393): CodeIgniter\CodeIgniter->createController()
#2 /var/www/html/CodeIgniter4/system/CodeIgniter.php(306): CodeIgniter\CodeIgniter->handleRequest(NULL, Object(Config\Cache), false)
#3 /var/www/html/CodeIgniter4/index.php(45): CodeIgniter\CodeIgniter->run()
#4 {main}
CRITICAL - 2020-03-21 17:20:19 --> Class 'App\Controllers\AnuModel' not found
#0 /var/www/html/CodeIgniter4/system/CodeIgniter.php(882): App\Controllers\Anu->__construct()
#1 /var/www/html/CodeIgniter4/system/CodeIgniter.php(393): CodeIgniter\CodeIgniter->createController()
#2 /var/www/html/CodeIgniter4/system/CodeIgniter.php(306): CodeIgniter\CodeIgniter->handleRequest(NULL, Object(Config\Cache), false)
#3 /var/www/html/CodeIgniter4/index.php(45): CodeIgniter\CodeIgniter->run()
#4 {main}
CRITICAL - 2020-03-21 17:20:37 --> Class 'App\Controllers\AnuModel' not found
#0 /var/www/html/CodeIgniter4/system/CodeIgniter.php(882): App\Controllers\Anu->__construct()
#1 /var/www/html/CodeIgniter4/system/CodeIgniter.php(393): CodeIgniter\CodeIgniter->createController()
#2 /var/www/html/CodeIgniter4/system/CodeIgniter.php(306): CodeIgniter\CodeIgniter->handleRequest(NULL, Object(Config\Cache), false)
#3 /var/www/html/CodeIgniter4/index.php(45): CodeIgniter\CodeIgniter->run()
#4 {main}
CRITICAL - 2020-03-21 17:20:37 --> Class 'App\Controllers\AnuModel' not found
#0 /var/www/html/CodeIgniter4/system/CodeIgniter.php(882): App\Controllers\Anu->__construct()
#1 /var/www/html/CodeIgniter4/system/CodeIgniter.php(393): CodeIgniter\CodeIgniter->createController()
#2 /var/www/html/CodeIgniter4/system/CodeIgniter.php(306): CodeIgniter\CodeIgniter->handleRequest(NULL, Object(Config\Cache), false)
#3 /var/www/html/CodeIgniter4/index.php(45): CodeIgniter\CodeIgniter->run()
#4 {main}
CRITICAL - 2020-03-21 17:20:37 --> Class 'App\Controllers\AnuModel' not found
#0 /var/www/html/CodeIgniter4/system/CodeIgniter.php(882): App\Controllers\Anu->__construct()
#1 /var/www/html/CodeIgniter4/system/CodeIgniter.php(393): CodeIgniter\CodeIgniter->createController()
#2 /var/www/html/CodeIgniter4/system/CodeIgniter.php(306): CodeIgniter\CodeIgniter->handleRequest(NULL, Object(Config\Cache), false)
#3 /var/www/html/CodeIgniter4/index.php(45): CodeIgniter\CodeIgniter->run()
#4 {main}
CRITICAL - 2020-03-21 17:20:38 --> Class 'App\Controllers\AnuModel' not found
#0 /var/www/html/CodeIgniter4/system/CodeIgniter.php(882): App\Controllers\Anu->__construct()
#1 /var/www/html/CodeIgniter4/system/CodeIgniter.php(393): CodeIgniter\CodeIgniter->createController()
#2 /var/www/html/CodeIgniter4/system/CodeIgniter.php(306): CodeIgniter\CodeIgniter->handleRequest(NULL, Object(Config\Cache), false)
#3 /var/www/html/CodeIgniter4/index.php(45): CodeIgniter\CodeIgniter->run()
#4 {main}
CRITICAL - 2020-03-21 17:20:38 --> Class 'App\Controllers\AnuModel' not found
#0 /var/www/html/CodeIgniter4/system/CodeIgniter.php(882): App\Controllers\Anu->__construct()
#1 /var/www/html/CodeIgniter4/system/CodeIgniter.php(393): CodeIgniter\CodeIgniter->createController()
#2 /var/www/html/CodeIgniter4/system/CodeIgniter.php(306): CodeIgniter\CodeIgniter->handleRequest(NULL, Object(Config\Cache), false)
#3 /var/www/html/CodeIgniter4/index.php(45): CodeIgniter\CodeIgniter->run()
#4 {main}
CRITICAL - 2020-03-21 17:20:38 --> Class 'App\Controllers\AnuModel' not found
#0 /var/www/html/CodeIgniter4/system/CodeIgniter.php(882): App\Controllers\Anu->__construct()
#1 /var/www/html/CodeIgniter4/system/CodeIgniter.php(393): CodeIgniter\CodeIgniter->createController()
#2 /var/www/html/CodeIgniter4/system/CodeIgniter.php(306): CodeIgniter\CodeIgniter->handleRequest(NULL, Object(Config\Cache), false)
#3 /var/www/html/CodeIgniter4/index.php(45): CodeIgniter\CodeIgniter->run()
#4 {main}
CRITICAL - 2020-03-21 17:22:16 --> Class 'App\Controllers\AnuModel' not found
#0 /var/www/html/CodeIgniter4/system/CodeIgniter.php(882): App\Controllers\Anu->__construct()
#1 /var/www/html/CodeIgniter4/system/CodeIgniter.php(393): CodeIgniter\CodeIgniter->createController()
#2 /var/www/html/CodeIgniter4/system/CodeIgniter.php(306): CodeIgniter\CodeIgniter->handleRequest(NULL, Object(Config\Cache), false)
#3 /var/www/html/CodeIgniter4/index.php(45): CodeIgniter\CodeIgniter->run()
#4 {main}
CRITICAL - 2020-03-21 17:22:20 --> Class 'App\Controllers\AnuModel' not found
#0 /var/www/html/CodeIgniter4/system/CodeIgniter.php(882): App\Controllers\Anu->__construct()
#1 /var/www/html/CodeIgniter4/system/CodeIgniter.php(393): CodeIgniter\CodeIgniter->createController()
#2 /var/www/html/CodeIgniter4/system/CodeIgniter.php(306): CodeIgniter\CodeIgniter->handleRequest(NULL, Object(Config\Cache), false)
#3 /var/www/html/CodeIgniter4/index.php(45): CodeIgniter\CodeIgniter->run()
#4 {main}
CRITICAL - 2020-03-21 17:22:32 --> Class 'App\Controllers\AnuModel' not found
#0 /var/www/html/CodeIgniter4/system/CodeIgniter.php(882): App\Controllers\Anu->__construct()
#1 /var/www/html/CodeIgniter4/system/CodeIgniter.php(393): CodeIgniter\CodeIgniter->createController()
#2 /var/www/html/CodeIgniter4/system/CodeIgniter.php(306): CodeIgniter\CodeIgniter->handleRequest(NULL, Object(Config\Cache), false)
#3 /var/www/html/CodeIgniter4/index.php(45): CodeIgniter\CodeIgniter->run()
#4 {main}
CRITICAL - 2020-03-21 17:22:43 --> Class 'App\Controllers\AnuModel' not found
#0 /var/www/html/CodeIgniter4/system/CodeIgniter.php(882): App\Controllers\Anu->__construct()
#1 /var/www/html/CodeIgniter4/system/CodeIgniter.php(393): CodeIgniter\CodeIgniter->createController()
#2 /var/www/html/CodeIgniter4/system/CodeIgniter.php(306): CodeIgniter\CodeIgniter->handleRequest(NULL, Object(Config\Cache), false)
#3 /var/www/html/CodeIgniter4/index.php(45): CodeIgniter\CodeIgniter->run()
#4 {main}
CRITICAL - 2020-03-21 17:22:43 --> Class 'App\Controllers\AnuModel' not found
#0 /var/www/html/CodeIgniter4/system/CodeIgniter.php(882): App\Controllers\Anu->__construct()
#1 /var/www/html/CodeIgniter4/system/CodeIgniter.php(393): CodeIgniter\CodeIgniter->createController()
#2 /var/www/html/CodeIgniter4/system/CodeIgniter.php(306): CodeIgniter\CodeIgniter->handleRequest(NULL, Object(Config\Cache), false)
#3 /var/www/html/CodeIgniter4/index.php(45): CodeIgniter\CodeIgniter->run()
#4 {main}
CRITICAL - 2020-03-21 17:22:50 --> Class 'App\Controllers\AnuModel' not found
#0 /var/www/html/CodeIgniter4/system/CodeIgniter.php(882): App\Controllers\Anu->__construct()
#1 /var/www/html/CodeIgniter4/system/CodeIgniter.php(393): CodeIgniter\CodeIgniter->createController()
#2 /var/www/html/CodeIgniter4/system/CodeIgniter.php(306): CodeIgniter\CodeIgniter->handleRequest(NULL, Object(Config\Cache), false)
#3 /var/www/html/CodeIgniter4/index.php(45): CodeIgniter\CodeIgniter->run()
#4 {main}
CRITICAL - 2020-03-21 17:22:51 --> Class 'App\Controllers\AnuModel' not found
#0 /var/www/html/CodeIgniter4/system/CodeIgniter.php(882): App\Controllers\Anu->__construct()
#1 /var/www/html/CodeIgniter4/system/CodeIgniter.php(393): CodeIgniter\CodeIgniter->createController()
#2 /var/www/html/CodeIgniter4/system/CodeIgniter.php(306): CodeIgniter\CodeIgniter->handleRequest(NULL, Object(Config\Cache), false)
#3 /var/www/html/CodeIgniter4/index.php(45): CodeIgniter\CodeIgniter->run()
#4 {main}
CRITICAL - 2020-03-21 17:22:54 --> Class 'App\Controllers\AnuModel' not found
#0 /var/www/html/CodeIgniter4/system/CodeIgniter.php(882): App\Controllers\Anu->__construct()
#1 /var/www/html/CodeIgniter4/system/CodeIgniter.php(393): CodeIgniter\CodeIgniter->createController()
#2 /var/www/html/CodeIgniter4/system/CodeIgniter.php(306): CodeIgniter\CodeIgniter->handleRequest(NULL, Object(Config\Cache), false)
#3 /var/www/html/CodeIgniter4/index.php(45): CodeIgniter\CodeIgniter->run()
#4 {main}
CRITICAL - 2020-03-21 17:22:55 --> Class 'App\Controllers\AnuModel' not found
#0 /var/www/html/CodeIgniter4/system/CodeIgniter.php(882): App\Controllers\Anu->__construct()
#1 /var/www/html/CodeIgniter4/system/CodeIgniter.php(393): CodeIgniter\CodeIgniter->createController()
#2 /var/www/html/CodeIgniter4/system/CodeIgniter.php(306): CodeIgniter\CodeIgniter->handleRequest(NULL, Object(Config\Cache), false)
#3 /var/www/html/CodeIgniter4/index.php(45): CodeIgniter\CodeIgniter->run()
#4 {main}
INFO - 2020-03-21 17:23:09 --> Controller "App\Controllers\Anu" loaded.
CRITICAL - 2020-03-21 17:23:09 --> Call to a member function get_users() on null
#0 /var/www/html/CodeIgniter4/system/CodeIgniter.php(910): App\Controllers\Anu->index()
#1 /var/www/html/CodeIgniter4/system/CodeIgniter.php(398): CodeIgniter\CodeIgniter->runController(Object(App\Controllers\Anu))
#2 /var/www/html/CodeIgniter4/system/CodeIgniter.php(306): CodeIgniter\CodeIgniter->handleRequest(NULL, Object(Config\Cache), false)
#3 /var/www/html/CodeIgniter4/index.php(45): CodeIgniter\CodeIgniter->run()
#4 {main}
INFO - 2020-03-21 17:23:10 --> Controller "App\Controllers\Anu" loaded.
CRITICAL - 2020-03-21 17:23:10 --> Call to a member function get_users() on null
#0 /var/www/html/CodeIgniter4/system/CodeIgniter.php(910): App\Controllers\Anu->index()
#1 /var/www/html/CodeIgniter4/system/CodeIgniter.php(398): CodeIgniter\CodeIgniter->runController(Object(App\Controllers\Anu))
#2 /var/www/html/CodeIgniter4/system/CodeIgniter.php(306): CodeIgniter\CodeIgniter->handleRequest(NULL, Object(Config\Cache), false)
#3 /var/www/html/CodeIgniter4/index.php(45): CodeIgniter\CodeIgniter->run()
#4 {main}
INFO - 2020-03-21 17:23:17 --> Controller "App\Controllers\Anu" loaded.
INFO - 2020-03-21 17:23:19 --> Controller "App\Controllers\Anu" loaded.
INFO - 2020-03-21 17:23:19 --> Controller "App\Controllers\Anu" loaded.
INFO - 2020-03-21 17:23:20 --> Controller "App\Controllers\Anu" loaded.
INFO - 2020-03-21 17:24:53 --> Controller "App\Controllers\Anu" loaded.
INFO - 2020-03-21 17:25:02 --> Controller "App\Controllers\Anu" loaded.
CRITICAL - 2020-03-21 17:25:02 --> Object of class CodeIgniter\Database\MySQLi\Result could not be converted to string
#0 /var/www/html/CodeIgniter4/app/Controllers/Anu.php(38): CodeIgniter\Debug\Exceptions->errorHandler(4096, 'Object of class...', '/var/www/html/C...', 38, Array)
#1 /var/www/html/CodeIgniter4/system/CodeIgniter.php(910): App\Controllers\Anu->index()
#2 /var/www/html/CodeIgniter4/system/CodeIgniter.php(398): CodeIgniter\CodeIgniter->runController(Object(App\Controllers\Anu))
#3 /var/www/html/CodeIgniter4/system/CodeIgniter.php(306): CodeIgniter\CodeIgniter->handleRequest(NULL, Object(Config\Cache), false)
#4 /var/www/html/CodeIgniter4/index.php(45): CodeIgniter\CodeIgniter->run()
#5 {main}
INFO - 2020-03-21 17:25:23 --> Controller "App\Controllers\Anu" loaded.
INFO - 2020-03-21 17:27:15 --> Controller "App\Controllers\Anu" loaded.
CRITICAL - 2020-03-21 17:27:15 --> Call to a member function get() on null
#0 /var/www/html/CodeIgniter4/app/Controllers/Anu.php(38): App\Models\AnuModel->get_users()
#1 /var/www/html/CodeIgniter4/system/CodeIgniter.php(910): App\Controllers\Anu->index()
#2 /var/www/html/CodeIgniter4/system/CodeIgniter.php(398): CodeIgniter\CodeIgniter->runController(Object(App\Controllers\Anu))
#3 /var/www/html/CodeIgniter4/system/CodeIgniter.php(306): CodeIgniter\CodeIgniter->handleRequest(NULL, Object(Config\Cache), false)
#4 /var/www/html/CodeIgniter4/index.php(45): CodeIgniter\CodeIgniter->run()
#5 {main}
INFO - 2020-03-21 17:27:34 --> Controller "App\Controllers\Anu" loaded.
INFO - 2020-03-21 17:27:42 --> Controller "App\Controllers\Anu" loaded.
CRITICAL - 2020-03-21 17:27:42 --> Call to a member function table() on null
#0 /var/www/html/CodeIgniter4/app/Controllers/Anu.php(38): App\Models\AnuModel->get_users()
#1 /var/www/html/CodeIgniter4/system/CodeIgniter.php(910): App\Controllers\Anu->index()
#2 /var/www/html/CodeIgniter4/system/CodeIgniter.php(398): CodeIgniter\CodeIgniter->runController(Object(App\Controllers\Anu))
#3 /var/www/html/CodeIgniter4/system/CodeIgniter.php(306): CodeIgniter\CodeIgniter->handleRequest(NULL, Object(Config\Cache), false)
#4 /var/www/html/CodeIgniter4/index.php(45): CodeIgniter\CodeIgniter->run()
#5 {main}
INFO - 2020-03-21 17:28:08 --> Controller "App\Controllers\Anu" loaded.
CRITICAL - 2020-03-21 17:28:08 --> Object of class CodeIgniter\Database\MySQLi\Result could not be converted to string
#0 /var/www/html/CodeIgniter4/app/Controllers/Anu.php(38): CodeIgniter\Debug\Exceptions->errorHandler(4096, 'Object of class...', '/var/www/html/C...', 38, Array)
#1 /var/www/html/CodeIgniter4/system/CodeIgniter.php(910): App\Controllers\Anu->index()
#2 /var/www/html/CodeIgniter4/system/CodeIgniter.php(398): CodeIgniter\CodeIgniter->runController(Object(App\Controllers\Anu))
#3 /var/www/html/CodeIgniter4/system/CodeIgniter.php(306): CodeIgniter\CodeIgniter->handleRequest(NULL, Object(Config\Cache), false)
#4 /var/www/html/CodeIgniter4/index.php(45): CodeIgniter\CodeIgniter->run()
#5 {main}
INFO - 2020-03-21 17:28:09 --> Controller "App\Controllers\Anu" loaded.
CRITICAL - 2020-03-21 17:28:09 --> Object of class CodeIgniter\Database\MySQLi\Result could not be converted to string
#0 /var/www/html/CodeIgniter4/app/Controllers/Anu.php(38): CodeIgniter\Debug\Exceptions->errorHandler(4096, 'Object of class...', '/var/www/html/C...', 38, Array)
#1 /var/www/html/CodeIgniter4/system/CodeIgniter.php(910): App\Controllers\Anu->index()
#2 /var/www/html/CodeIgniter4/system/CodeIgniter.php(398): CodeIgniter\CodeIgniter->runController(Object(App\Controllers\Anu))
#3 /var/www/html/CodeIgniter4/system/CodeIgniter.php(306): CodeIgniter\CodeIgniter->handleRequest(NULL, Object(Config\Cache), false)
#4 /var/www/html/CodeIgniter4/index.php(45): CodeIgniter\CodeIgniter->run()
#5 {main}
INFO - 2020-03-21 17:28:20 --> Controller "App\Controllers\Anu" loaded.
CRITICAL - 2020-03-21 17:28:20 --> Call to undefined method CodeIgniter\Database\MySQLi\Result::getCountArray()
#0 /var/www/html/CodeIgniter4/app/Controllers/Anu.php(38): App\Models\AnuModel->get_users()
#1 /var/www/html/CodeIgniter4/system/CodeIgniter.php(910): App\Controllers\Anu->index()
#2 /var/www/html/CodeIgniter4/system/CodeIgniter.php(398): CodeIgniter\CodeIgniter->runController(Object(App\Controllers\Anu))
#3 /var/www/html/CodeIgniter4/system/CodeIgniter.php(306): CodeIgniter\CodeIgniter->handleRequest(NULL, Object(Config\Cache), false)
#4 /var/www/html/CodeIgniter4/index.php(45): CodeIgniter\CodeIgniter->run()
#5 {main}
INFO - 2020-03-21 17:29:45 --> Controller "App\Controllers\Anu" loaded.
INFO - 2020-03-21 17:29:56 --> Controller "App\Controllers\Anu" loaded.
CRITICAL - 2020-03-21 17:33:46 --> syntax error, unexpected end of file, expecting function (T_FUNCTION) or const (T_CONST)
#0 /var/www/html/CodeIgniter4/system/Autoloader/Autoloader.php(296): CodeIgniter\Autoloader\Autoloader->requireFile('/var/www/html/C...')
#1 /var/www/html/CodeIgniter4/system/Autoloader/Autoloader.php(258): CodeIgniter\Autoloader\Autoloader->loadInNamespace('App\\Controllers...')
#2 [internal function]: CodeIgniter\Autoloader\Autoloader->loadClass('App\\Controllers...')
#3 [internal function]: spl_autoload_call('App\\Controllers...')
#4 /var/www/html/CodeIgniter4/system/CodeIgniter.php(861): class_exists('\\App\\Controller...', true)
#5 /var/www/html/CodeIgniter4/system/CodeIgniter.php(388): CodeIgniter\CodeIgniter->startController()
#6 /var/www/html/CodeIgniter4/system/CodeIgniter.php(306): CodeIgniter\CodeIgniter->handleRequest(NULL, Object(Config\Cache), false)
#7 /var/www/html/CodeIgniter4/index.php(45): CodeIgniter\CodeIgniter->run()
#8 {main}
CRITICAL - 2020-03-21 17:34:16 --> syntax error, unexpected end of file, expecting function (T_FUNCTION) or const (T_CONST)
#0 /var/www/html/CodeIgniter4/system/Autoloader/Autoloader.php(296): CodeIgniter\Autoloader\Autoloader->requireFile('/var/www/html/C...')
#1 /var/www/html/CodeIgniter4/system/Autoloader/Autoloader.php(258): CodeIgniter\Autoloader\Autoloader->loadInNamespace('App\\Controllers...')
#2 [internal function]: CodeIgniter\Autoloader\Autoloader->loadClass('App\\Controllers...')
#3 [internal function]: spl_autoload_call('App\\Controllers...')
#4 /var/www/html/CodeIgniter4/system/CodeIgniter.php(861): class_exists('\\App\\Controller...', true)
#5 /var/www/html/CodeIgniter4/system/CodeIgniter.php(388): CodeIgniter\CodeIgniter->startController()
#6 /var/www/html/CodeIgniter4/system/CodeIgniter.php(306): CodeIgniter\CodeIgniter->handleRequest(NULL, Object(Config\Cache), false)
#7 /var/www/html/CodeIgniter4/index.php(45): CodeIgniter\CodeIgniter->run()
#8 {main}
CRITICAL - 2020-03-21 17:34:17 --> syntax error, unexpected end of file, expecting function (T_FUNCTION) or const (T_CONST)
#0 /var/www/html/CodeIgniter4/system/Autoloader/Autoloader.php(296): CodeIgniter\Autoloader\Autoloader->requireFile('/var/www/html/C...')
#1 /var/www/html/CodeIgniter4/system/Autoloader/Autoloader.php(258): CodeIgniter\Autoloader\Autoloader->loadInNamespace('App\\Controllers...')
#2 [internal function]: CodeIgniter\Autoloader\Autoloader->loadClass('App\\Controllers...')
#3 [internal function]: spl_autoload_call('App\\Controllers...')
#4 /var/www/html/CodeIgniter4/system/CodeIgniter.php(861): class_exists('\\App\\Controller...', true)
#5 /var/www/html/CodeIgniter4/system/CodeIgniter.php(388): CodeIgniter\CodeIgniter->startController()
#6 /var/www/html/CodeIgniter4/system/CodeIgniter.php(306): CodeIgniter\CodeIgniter->handleRequest(NULL, Object(Config\Cache), false)
#7 /var/www/html/CodeIgniter4/index.php(45): CodeIgniter\CodeIgniter->run()
#8 {main}
INFO - 2020-03-21 17:34:55 --> Controller "App\Controllers\Anu" loaded.
INFO - 2020-03-21 17:35:25 --> Controller "App\Controllers\Anu" loaded.
INFO - 2020-03-21 17:44:28 --> Controller "App\Controllers\Anu" loaded.
INFO - 2020-03-21 17:44:30 --> Controller "App\Controllers\Anu" loaded.
CRITICAL - 2020-03-21 17:44:30 --> Object of class CodeIgniter\Database\MySQLi\Builder could not be converted to string
#0 /var/www/html/CodeIgniter4/app/Controllers/Anu.php(29): CodeIgniter\Debug\Exceptions->errorHandler(4096, 'Object of class...', '/var/www/html/C...', 29, Array)
#1 /var/www/html/CodeIgniter4/system/CodeIgniter.php(910): App\Controllers\Anu->index()
#2 /var/www/html/CodeIgniter4/system/CodeIgniter.php(398): CodeIgniter\CodeIgniter->runController(Object(App\Controllers\Anu))
#3 /var/www/html/CodeIgniter4/system/CodeIgniter.php(306): CodeIgniter\CodeIgniter->handleRequest(NULL, Object(Config\Cache), false)
#4 /var/www/html/CodeIgniter4/index.php(45): CodeIgniter\CodeIgniter->run()
#5 {main}
INFO - 2020-03-21 17:44:30 --> Controller "App\Controllers\Anu" loaded.
CRITICAL - 2020-03-21 17:44:30 --> Object of class CodeIgniter\Database\MySQLi\Builder could not be converted to string
#0 /var/www/html/CodeIgniter4/app/Controllers/Anu.php(29): CodeIgniter\Debug\Exceptions->errorHandler(4096, 'Object of class...', '/var/www/html/C...', 29, Array)
#1 /var/www/html/CodeIgniter4/system/CodeIgniter.php(910): App\Controllers\Anu->index()
#2 /var/www/html/CodeIgniter4/system/CodeIgniter.php(398): CodeIgniter\CodeIgniter->runController(Object(App\Controllers\Anu))
#3 /var/www/html/CodeIgniter4/system/CodeIgniter.php(306): CodeIgniter\CodeIgniter->handleRequest(NULL, Object(Config\Cache), false)
#4 /var/www/html/CodeIgniter4/index.php(45): CodeIgniter\CodeIgniter->run()
#5 {main}
INFO - 2020-03-21 17:44:31 --> Controller "App\Controllers\Anu" loaded.
CRITICAL - 2020-03-21 17:44:31 --> Object of class CodeIgniter\Database\MySQLi\Builder could not be converted to string
#0 /var/www/html/CodeIgniter4/app/Controllers/Anu.php(29): CodeIgniter\Debug\Exceptions->errorHandler(4096, 'Object of class...', '/var/www/html/C...', 29, Array)
#1 /var/www/html/CodeIgniter4/system/CodeIgniter.php(910): App\Controllers\Anu->index()
#2 /var/www/html/CodeIgniter4/system/CodeIgniter.php(398): CodeIgniter\CodeIgniter->runController(Object(App\Controllers\Anu))
#3 /var/www/html/CodeIgniter4/system/CodeIgniter.php(306): CodeIgniter\CodeIgniter->handleRequest(NULL, Object(Config\Cache), false)
#4 /var/www/html/CodeIgniter4/index.php(45): CodeIgniter\CodeIgniter->run()
#5 {main}
INFO - 2020-03-21 17:44:33 --> Controller "App\Controllers\Anu" loaded.
CRITICAL - 2020-03-21 17:44:33 --> Object of class CodeIgniter\Database\MySQLi\Builder could not be converted to string
#0 /var/www/html/CodeIgniter4/app/Controllers/Anu.php(29): CodeIgniter\Debug\Exceptions->errorHandler(4096, 'Object of class...', '/var/www/html/C...', 29, Array)
#1 /var/www/html/CodeIgniter4/system/CodeIgniter.php(910): App\Controllers\Anu->index()
#2 /var/www/html/CodeIgniter4/system/CodeIgniter.php(398): CodeIgniter\CodeIgniter->runController(Object(App\Controllers\Anu))
#3 /var/www/html/CodeIgniter4/system/CodeIgniter.php(306): CodeIgniter\CodeIgniter->handleRequest(NULL, Object(Config\Cache), false)
#4 /var/www/html/CodeIgniter4/index.php(45): CodeIgniter\CodeIgniter->run()
#5 {main}
INFO - 2020-03-21 17:45:02 --> Controller "App\Controllers\Anu" loaded.
CRITICAL - 2020-03-21 17:45:02 --> Object of class CodeIgniter\Database\MySQLi\Result could not be converted to string
#0 /var/www/html/CodeIgniter4/app/Controllers/Anu.php(29): CodeIgniter\Debug\Exceptions->errorHandler(4096, 'Object of class...', '/var/www/html/C...', 29, Array)
#1 /var/www/html/CodeIgniter4/system/CodeIgniter.php(910): App\Controllers\Anu->index()
#2 /var/www/html/CodeIgniter4/system/CodeIgniter.php(398): CodeIgniter\CodeIgniter->runController(Object(App\Controllers\Anu))
#3 /var/www/html/CodeIgniter4/system/CodeIgniter.php(306): CodeIgniter\CodeIgniter->handleRequest(NULL, Object(Config\Cache), false)
#4 /var/www/html/CodeIgniter4/index.php(45): CodeIgniter\CodeIgniter->run()
#5 {main}
INFO - 2020-03-21 17:45:04 --> Controller "App\Controllers\Anu" loaded.
CRITICAL - 2020-03-21 17:45:04 --> Object of class CodeIgniter\Database\MySQLi\Result could not be converted to string
#0 /var/www/html/CodeIgniter4/app/Controllers/Anu.php(29): CodeIgniter\Debug\Exceptions->errorHandler(4096, 'Object of class...', '/var/www/html/C...', 29, Array)
#1 /var/www/html/CodeIgniter4/system/CodeIgniter.php(910): App\Controllers\Anu->index()
#2 /var/www/html/CodeIgniter4/system/CodeIgniter.php(398): CodeIgniter\CodeIgniter->runController(Object(App\Controllers\Anu))
#3 /var/www/html/CodeIgniter4/system/CodeIgniter.php(306): CodeIgniter\CodeIgniter->handleRequest(NULL, Object(Config\Cache), false)
#4 /var/www/html/CodeIgniter4/index.php(45): CodeIgniter\CodeIgniter->run()
#5 {main}
INFO - 2020-03-21 17:45:27 --> Controller "App\Controllers\Anu" loaded.
CRITICAL - 2020-03-21 17:45:27 --> Object of class CodeIgniter\Database\MySQLi\Builder could not be converted to string
#0 /var/www/html/CodeIgniter4/app/Controllers/Anu.php(29): CodeIgniter\Debug\Exceptions->errorHandler(4096, 'Object of class...', '/var/www/html/C...', 29, Array)
#1 /var/www/html/CodeIgniter4/system/CodeIgniter.php(910): App\Controllers\Anu->index()
#2 /var/www/html/CodeIgniter4/system/CodeIgniter.php(398): CodeIgniter\CodeIgniter->runController(Object(App\Controllers\Anu))
#3 /var/www/html/CodeIgniter4/system/CodeIgniter.php(306): CodeIgniter\CodeIgniter->handleRequest(NULL, Object(Config\Cache), false)
#4 /var/www/html/CodeIgniter4/index.php(45): CodeIgniter\CodeIgniter->run()
#5 {main}
INFO - 2020-03-21 17:45:29 --> Controller "App\Controllers\Anu" loaded.
CRITICAL - 2020-03-21 17:45:29 --> Object of class CodeIgniter\Database\MySQLi\Builder could not be converted to string
#0 /var/www/html/CodeIgniter4/app/Controllers/Anu.php(29): CodeIgniter\Debug\Exceptions->errorHandler(4096, 'Object of class...', '/var/www/html/C...', 29, Array)
#1 /var/www/html/CodeIgniter4/system/CodeIgniter.php(910): App\Controllers\Anu->index()
#2 /var/www/html/CodeIgniter4/system/CodeIgniter.php(398): CodeIgniter\CodeIgniter->runController(Object(App\Controllers\Anu))
#3 /var/www/html/CodeIgniter4/system/CodeIgniter.php(306): CodeIgniter\CodeIgniter->handleRequest(NULL, Object(Config\Cache), false)
#4 /var/www/html/CodeIgniter4/index.php(45): CodeIgniter\CodeIgniter->run()
#5 {main}
INFO - 2020-03-21 17:45:59 --> Controller "App\Controllers\Anu" loaded.
INFO - 2020-03-21 17:46:01 --> Controller "App\Controllers\Anu" loaded.
INFO - 2020-03-21 17:49:45 --> Controller "App\Controllers\Anu" loaded.
INFO - 2020-03-21 17:49:59 --> Controller "App\Controllers\Anu" loaded.
INFO - 2020-03-21 17:50:00 --> Controller "App\Controllers\Anu" loaded.
INFO - 2020-03-21 17:50:59 --> Controller "App\Controllers\Anu" loaded.
INFO - 2020-03-21 17:51:00 --> Controller "App\Controllers\Anu" loaded.
INFO - 2020-03-21 17:51:11 --> Controller "App\Controllers\Anu" loaded.
INFO - 2020-03-21 17:51:13 --> Controller "App\Controllers\Anu" loaded.
INFO - 2020-03-21 17:51:24 --> Controller "App\Controllers\Anu" loaded.
INFO - 2020-03-21 17:51:38 --> Controller "App\Controllers\Anu" loaded.
INFO - 2020-03-21 17:51:40 --> Controller "App\Controllers\Anu" loaded.
INFO - 2020-03-21 17:51:56 --> Controller "App\Controllers\Anu" loaded.
INFO - 2020-03-21 17:52:02 --> Controller "App\Controllers\Anu" loaded.
INFO - 2020-03-21 17:52:05 --> Controller "App\Controllers\Anu" loaded.
INFO - 2020-03-21 17:55:03 --> Controller "App\Controllers\Anu" loaded.
INFO - 2020-03-21 17:55:04 --> Controller "App\Controllers\Anu" loaded.
INFO - 2020-03-21 17:55:08 --> Controller "App\Controllers\Anu" loaded.
INFO - 2020-03-21 17:55:23 --> Controller "App\Controllers\Anu" loaded.
INFO - 2020-03-21 17:55:26 --> Controller "App\Controllers\Anu" loaded.
INFO - 2020-03-21 17:55:34 --> Controller "App\Controllers\Anu" loaded.
CRITICAL - 2020-03-21 17:56:30 --> syntax error, unexpected '}', expecting ';'
#0 /var/www/html/CodeIgniter4/system/Autoloader/Autoloader.php(296): CodeIgniter\Autoloader\Autoloader->requireFile('/var/www/html/C...')
#1 /var/www/html/CodeIgniter4/system/Autoloader/Autoloader.php(258): CodeIgniter\Autoloader\Autoloader->loadInNamespace('App\\Controllers...')
#2 [internal function]: CodeIgniter\Autoloader\Autoloader->loadClass('App\\Controllers...')
#3 [internal function]: spl_autoload_call('App\\Controllers...')
#4 /var/www/html/CodeIgniter4/system/CodeIgniter.php(861): class_exists('\\App\\Controller...', true)
#5 /var/www/html/CodeIgniter4/system/CodeIgniter.php(388): CodeIgniter\CodeIgniter->startController()
#6 /var/www/html/CodeIgniter4/system/CodeIgniter.php(306): CodeIgniter\CodeIgniter->handleRequest(NULL, Object(Config\Cache), false)
#7 /var/www/html/CodeIgniter4/index.php(45): CodeIgniter\CodeIgniter->run()
#8 {main}
CRITICAL - 2020-03-21 17:56:32 --> syntax error, unexpected '}', expecting ';'
#0 /var/www/html/CodeIgniter4/system/Autoloader/Autoloader.php(296): CodeIgniter\Autoloader\Autoloader->requireFile('/var/www/html/C...')
#1 /var/www/html/CodeIgniter4/system/Autoloader/Autoloader.php(258): CodeIgniter\Autoloader\Autoloader->loadInNamespace('App\\Controllers...')
#2 [internal function]: CodeIgniter\Autoloader\Autoloader->loadClass('App\\Controllers...')
#3 [internal function]: spl_autoload_call('App\\Controllers...')
#4 /var/www/html/CodeIgniter4/system/CodeIgniter.php(861): class_exists('\\App\\Controller...', true)
#5 /var/www/html/CodeIgniter4/system/CodeIgniter.php(388): CodeIgniter\CodeIgniter->startController()
#6 /var/www/html/CodeIgniter4/system/CodeIgniter.php(306): CodeIgniter\CodeIgniter->handleRequest(NULL, Object(Config\Cache), false)
#7 /var/www/html/CodeIgniter4/index.php(45): CodeIgniter\CodeIgniter->run()
#8 {main}
CRITICAL - 2020-03-21 17:56:38 --> syntax error, unexpected '}', expecting ';'
#0 /var/www/html/CodeIgniter4/system/Autoloader/Autoloader.php(296): CodeIgniter\Autoloader\Autoloader->requireFile('/var/www/html/C...')
#1 /var/www/html/CodeIgniter4/system/Autoloader/Autoloader.php(258): CodeIgniter\Autoloader\Autoloader->loadInNamespace('App\\Controllers...')
#2 [internal function]: CodeIgniter\Autoloader\Autoloader->loadClass('App\\Controllers...')
#3 [internal function]: spl_autoload_call('App\\Controllers...')
#4 /var/www/html/CodeIgniter4/system/CodeIgniter.php(861): class_exists('\\App\\Controller...', true)
#5 /var/www/html/CodeIgniter4/system/CodeIgniter.php(388): CodeIgniter\CodeIgniter->startController()
#6 /var/www/html/CodeIgniter4/system/CodeIgniter.php(306): CodeIgniter\CodeIgniter->handleRequest(NULL, Object(Config\Cache), false)
#7 /var/www/html/CodeIgniter4/index.php(45): CodeIgniter\CodeIgniter->run()
#8 {main}
INFO - 2020-03-21 17:57:25 --> Controller "App\Controllers\Anu" loaded.
INFO - 2020-03-21 17:57:27 --> Controller "App\Controllers\Anu" loaded.
INFO - 2020-03-21 17:57:27 --> Controller "App\Controllers\Anu" loaded.
INFO - 2020-03-21 17:57:28 --> Controller "App\Controllers\Anu" loaded.
INFO - 2020-03-21 17:57:38 --> Controller "App\Controllers\Anu" loaded.
INFO - 2020-03-21 17:57:41 --> Controller "App\Controllers\Anu" loaded.
INFO - 2020-03-21 17:57:42 --> Controller "App\Controllers\Anu" loaded.
INFO - 2020-03-21 17:57:42 --> Controller "App\Controllers\Anu" loaded.
INFO - 2020-03-21 17:57:42 --> Controller "App\Controllers\Anu" loaded.
INFO - 2020-03-21 17:57:46 --> Controller "App\Controllers\Anu" loaded.
INFO - 2020-03-21 17:57:47 --> Controller "App\Controllers\Anu" loaded.
INFO - 2020-03-21 17:57:47 --> Controller "App\Controllers\Anu" loaded.
INFO - 2020-03-21 17:57:48 --> Controller "App\Controllers\Anu" loaded.
INFO - 2020-03-21 17:57:58 --> Controller "App\Controllers\Anu" loaded.
INFO - 2020-03-21 17:58:00 --> Controller "App\Controllers\Anu" loaded.
INFO - 2020-03-21 17:58:00 --> Controller "App\Controllers\Anu" loaded.
INFO - 2020-03-21 17:58:52 --> Controller "App\Controllers\Anu" loaded.
INFO - 2020-03-21 17:58:53 --> Controller "App\Controllers\Anu" loaded.
INFO - 2020-03-21 17:58:53 --> Controller "App\Controllers\Anu" loaded.
INFO - 2020-03-21 17:58:54 --> Controller "App\Controllers\Anu" loaded.
INFO - 2020-03-21 18:00:00 --> Controller "App\Controllers\Anu" loaded.
INFO - 2020-03-21 18:00:01 --> Controller "App\Controllers\Anu" loaded.
INFO - 2020-03-21 18:00:01 --> Controller "App\Controllers\Anu" loaded.
INFO - 2020-03-21 18:00:02 --> Controller "App\Controllers\Anu" loaded.
CRITICAL - 2020-03-21 18:01:45 --> syntax error, unexpected '}', expecting function (T_FUNCTION) or const (T_CONST)
#0 /var/www/html/CodeIgniter4/system/Autoloader/Autoloader.php(296): CodeIgniter\Autoloader\Autoloader->requireFile('/var/www/html/C...')
#1 /var/www/html/CodeIgniter4/system/Autoloader/Autoloader.php(258): CodeIgniter\Autoloader\Autoloader->loadInNamespace('App\\Models\\AnuM...')
#2 [internal function]: CodeIgniter\Autoloader\Autoloader->loadClass('App\\Models\\AnuM...')
#3 /var/www/html/CodeIgniter4/app/Controllers/Anu.php(15): spl_autoload_call('App\\Models\\AnuM...')
#4 /var/www/html/CodeIgniter4/system/CodeIgniter.php(882): App\Controllers\Anu->__construct()
#5 /var/www/html/CodeIgniter4/system/CodeIgniter.php(393): CodeIgniter\CodeIgniter->createController()
#6 /var/www/html/CodeIgniter4/system/CodeIgniter.php(306): CodeIgniter\CodeIgniter->handleRequest(NULL, Object(Config\Cache), false)
#7 /var/www/html/CodeIgniter4/index.php(45): CodeIgniter\CodeIgniter->run()
#8 {main}
CRITICAL - 2020-03-21 18:01:54 --> syntax error, unexpected '}', expecting function (T_FUNCTION) or const (T_CONST)
#0 /var/www/html/CodeIgniter4/system/Autoloader/Autoloader.php(296): CodeIgniter\Autoloader\Autoloader->requireFile('/var/www/html/C...')
#1 /var/www/html/CodeIgniter4/system/Autoloader/Autoloader.php(258): CodeIgniter\Autoloader\Autoloader->loadInNamespace('App\\Models\\AnuM...')
#2 [internal function]: CodeIgniter\Autoloader\Autoloader->loadClass('App\\Models\\AnuM...')
#3 /var/www/html/CodeIgniter4/app/Controllers/Anu.php(15): spl_autoload_call('App\\Models\\AnuM...')
#4 /var/www/html/CodeIgniter4/system/CodeIgniter.php(882): App\Controllers\Anu->__construct()
#5 /var/www/html/CodeIgniter4/system/CodeIgniter.php(393): CodeIgniter\CodeIgniter->createController()
#6 /var/www/html/CodeIgniter4/system/CodeIgniter.php(306): CodeIgniter\CodeIgniter->handleRequest(NULL, Object(Config\Cache), false)
#7 /var/www/html/CodeIgniter4/index.php(45): CodeIgniter\CodeIgniter->run()
#8 {main}
CRITICAL - 2020-03-21 18:01:57 --> syntax error, unexpected '}', expecting function (T_FUNCTION) or const (T_CONST)
#0 /var/www/html/CodeIgniter4/system/Autoloader/Autoloader.php(296): CodeIgniter\Autoloader\Autoloader->requireFile('/var/www/html/C...')
#1 /var/www/html/CodeIgniter4/system/Autoloader/Autoloader.php(258): CodeIgniter\Autoloader\Autoloader->loadInNamespace('App\\Models\\AnuM...')
#2 [internal function]: CodeIgniter\Autoloader\Autoloader->loadClass('App\\Models\\AnuM...')
#3 /var/www/html/CodeIgniter4/app/Controllers/Anu.php(15): spl_autoload_call('App\\Models\\AnuM...')
#4 /var/www/html/CodeIgniter4/system/CodeIgniter.php(882): App\Controllers\Anu->__construct()
#5 /var/www/html/CodeIgniter4/system/CodeIgniter.php(393): CodeIgniter\CodeIgniter->createController()
#6 /var/www/html/CodeIgniter4/system/CodeIgniter.php(306): CodeIgniter\CodeIgniter->handleRequest(NULL, Object(Config\Cache), false)
#7 /var/www/html/CodeIgniter4/index.php(45): CodeIgniter\CodeIgniter->run()
#8 {main}
CRITICAL - 2020-03-21 18:02:03 --> syntax error, unexpected '}', expecting function (T_FUNCTION) or const (T_CONST)
#0 /var/www/html/CodeIgniter4/system/Autoloader/Autoloader.php(296): CodeIgniter\Autoloader\Autoloader->requireFile('/var/www/html/C...')
#1 /var/www/html/CodeIgniter4/system/Autoloader/Autoloader.php(258): CodeIgniter\Autoloader\Autoloader->loadInNamespace('App\\Models\\AnuM...')
#2 [internal function]: CodeIgniter\Autoloader\Autoloader->loadClass('App\\Models\\AnuM...')
#3 /var/www/html/CodeIgniter4/app/Controllers/Anu.php(15): spl_autoload_call('App\\Models\\AnuM...')
#4 /var/www/html/CodeIgniter4/system/CodeIgniter.php(882): App\Controllers\Anu->__construct()
#5 /var/www/html/CodeIgniter4/system/CodeIgniter.php(393): CodeIgniter\CodeIgniter->createController()
#6 /var/www/html/CodeIgniter4/system/CodeIgniter.php(306): CodeIgniter\CodeIgniter->handleRequest(NULL, Object(Config\Cache), false)
#7 /var/www/html/CodeIgniter4/index.php(45): CodeIgniter\CodeIgniter->run()
#8 {main}
INFO - 2020-03-21 18:02:29 --> Controller "App\Controllers\Anu" loaded.
INFO - 2020-03-21 18:02:31 --> Controller "App\Controllers\Anu" loaded.
INFO - 2020-03-21 18:02:31 --> Controller "App\Controllers\Anu" loaded.
INFO - 2020-03-21 18:02:31 --> Controller "App\Controllers\Anu" loaded.
INFO - 2020-03-21 18:08:40 --> Controller "App\Controllers\Anu" loaded.
INFO - 2020-03-21 18:08:51 --> Controller "App\Controllers\Anu" loaded.
INFO - 2020-03-21 18:08:57 --> Controller "App\Controllers\Anu" loaded.
INFO - 2020-03-21 18:08:57 --> Controller "App\Controllers\Anu" loaded.
INFO - 2020-03-21 18:13:28 --> Controller "App\Controllers\Anu" loaded.
INFO - 2020-03-21 18:13:30 --> Controller "App\Controllers\Anu" loaded.
INFO - 2020-03-21 18:13:30 --> Controller "App\Controllers\Anu" loaded.
INFO - 2020-03-21 18:13:31 --> Controller "App\Controllers\Anu" loaded.
INFO - 2020-03-21 18:18:41 --> Controller "App\Controllers\Anu" loaded.
INFO - 2020-03-21 18:18:43 --> Controller "App\Controllers\Anu" loaded.
INFO - 2020-03-21 18:18:43 --> Controller "App\Controllers\Anu" loaded.
INFO - 2020-03-21 18:18:44 --> Controller "App\Controllers\Anu" loaded.
INFO - 2020-03-21 18:18:46 --> Controller "App\Controllers\Anu" loaded.
INFO - 2020-03-21 18:19:28 --> Controller "App\Controllers\Anu" loaded.
INFO - 2020-03-21 18:19:30 --> Controller "App\Controllers\Anu" loaded.
INFO - 2020-03-21 18:19:30 --> Controller "App\Controllers\Anu" loaded.
INFO - 2020-03-21 18:19:31 --> Controller "App\Controllers\Anu" loaded.
INFO - 2020-03-21 18:19:32 --> Controller "App\Controllers\Anu" loaded.
INFO - 2020-03-21 18:20:12 --> Controller "App\Controllers\Anu" loaded.
INFO - 2020-03-21 18:20:12 --> Controller "App\Controllers\Anu" loaded.
INFO - 2020-03-21 18:20:13 --> Controller "App\Controllers\Anu" loaded.
INFO - 2020-03-21 18:20:18 --> Controller "App\Controllers\Anu" loaded.
INFO - 2020-03-21 18:20:19 --> Controller "App\Controllers\Anu" loaded.
INFO - 2020-03-21 18:20:19 --> Controller "App\Controllers\Anu" loaded.
INFO - 2020-03-21 18:20:20 --> Controller "App\Controllers\Anu" loaded.
INFO - 2020-03-21 18:20:21 --> Controller "App\Controllers\Anu" loaded.
INFO - 2020-03-21 18:20:32 --> Controller "App\Controllers\Anu" loaded.
INFO - 2020-03-21 18:20:33 --> Controller "App\Controllers\Anu" loaded.
INFO - 2020-03-21 18:20:33 --> Controller "App\Controllers\Anu" loaded.
INFO - 2020-03-21 18:20:34 --> Controller "App\Controllers\Anu" loaded.
INFO - 2020-03-21 18:20:35 --> Controller "App\Controllers\Anu" loaded.
INFO - 2020-03-21 18:20:55 --> Controller "App\Controllers\Anu" loaded.
INFO - 2020-03-21 18:20:57 --> Controller "App\Controllers\Anu" loaded.
INFO - 2020-03-21 18:20:57 --> Controller "App\Controllers\Anu" loaded.
INFO - 2020-03-21 18:20:58 --> Controller "App\Controllers\Anu" loaded.
INFO - 2020-03-21 18:21:00 --> Controller "App\Controllers\Anu" loaded.
INFO - 2020-03-21 18:22:47 --> Controller "App\Controllers\Anu" loaded.
INFO - 2020-03-21 18:22:48 --> Controller "App\Controllers\Anu" loaded.
INFO - 2020-03-21 18:22:48 --> Controller "App\Controllers\Anu" loaded.
INFO - 2020-03-21 18:22:49 --> Controller "App\Controllers\Anu" loaded.
INFO - 2020-03-21 18:24:19 --> Controller "App\Controllers\Anu" loaded.
INFO - 2020-03-21 18:24:21 --> Controller "App\Controllers\Anu" loaded.
INFO - 2020-03-21 18:24:21 --> Controller "App\Controllers\Anu" loaded.
INFO - 2020-03-21 18:24:22 --> Controller "App\Controllers\Anu" loaded.
INFO - 2020-03-21 18:24:23 --> Controller "App\Controllers\Anu" loaded.
INFO - 2020-03-21 18:29:15 --> Controller "App\Controllers\Anu" loaded.
INFO - 2020-03-21 18:29:17 --> Controller "App\Controllers\Anu" loaded.
INFO - 2020-03-21 18:29:17 --> Controller "App\Controllers\Anu" loaded.
INFO - 2020-03-21 18:29:18 --> Controller "App\Controllers\Anu" loaded.
INFO - 2020-03-21 18:29:20 --> Controller "App\Controllers\Anu" loaded.
INFO - 2020-03-21 18:35:29 --> Controller "App\Controllers\Anu" loaded.
INFO - 2020-03-21 18:35:31 --> Controller "App\Controllers\Anu" loaded.
INFO - 2020-03-21 18:35:31 --> Controller "App\Controllers\Anu" loaded.
INFO - 2020-03-21 18:35:32 --> Controller "App\Controllers\Anu" loaded.
INFO - 2020-03-21 18:35:34 --> Controller "App\Controllers\Anu" loaded.
INFO - 2020-03-21 18:36:41 --> Controller "App\Controllers\Anu" loaded.
INFO - 2020-03-21 18:36:41 --> Controller "App\Controllers\Anu" loaded.
INFO - 2020-03-21 18:37:44 --> Controller "App\Controllers\Anu" loaded.
INFO - 2020-03-21 18:37:55 --> Controller "App\Controllers\Anu" loaded.
INFO - 2020-03-21 18:37:56 --> Controller "App\Controllers\Anu" loaded.
INFO - 2020-03-21 18:38:01 --> Controller "App\Controllers\Anu" loaded.
INFO - 2020-03-21 18:38:05 --> Controller "App\Controllers\Anu" loaded.
INFO - 2020-03-21 18:38:06 --> Controller "App\Controllers\Anu" loaded.
INFO - 2020-03-21 18:39:25 --> Controller "App\Controllers\Anu" loaded.
INFO - 2020-03-21 18:39:26 --> Controller "App\Controllers\Anu" loaded.
INFO - 2020-03-21 18:39:27 --> Controller "App\Controllers\Anu" loaded.
INFO - 2020-03-21 18:40:14 --> Controller "App\Controllers\Anu" loaded.
INFO - 2020-03-21 18:40:17 --> Controller "App\Controllers\Anu" loaded.
INFO - 2020-03-21 18:40:46 --> Controller "App\Controllers\Anu" loaded.
INFO - 2020-03-21 18:40:46 --> Controller "App\Controllers\Anu" loaded.
INFO - 2020-03-21 18:40:46 --> Controller "App\Controllers\Anu" loaded.
INFO - 2020-03-21 20:01:54 --> Controller "App\Controllers\Anu" loaded.
INFO - 2020-03-21 20:02:00 --> Controller "App\Controllers\Anu" loaded.
