INFO - 2020-07-30 04:01:40 --> Controller "App\Controllers\Beranda" loaded.
INFO - 2020-07-30 04:01:44 --> Controller "App\Controllers\Beranda" loaded.
INFO - 2020-07-30 04:01:48 --> Controller "App\Controllers\Undangan" loaded.
CRITICAL - 2020-07-30 04:01:48 --> Undefined property: App\Controllers\Undangan::$AnuModel
#0 /var/www/html/akadkufix/app/Controllers/Undangan.php(37): CodeIgniter\Debug\Exceptions->errorHandler(8, 'Undefined prope...', '/var/www/html/a...', 37, Array)
#1 /var/www/html/akadkufix/system/CodeIgniter.php(910): App\Controllers\Undangan->undangan()
#2 /var/www/html/akadkufix/system/CodeIgniter.php(398): CodeIgniter\CodeIgniter->runController(Object(App\Controllers\Undangan))
#3 /var/www/html/akadkufix/system/CodeIgniter.php(306): CodeIgniter\CodeIgniter->handleRequest(NULL, Object(Config\Cache), false)
#4 /var/www/html/akadkufix/index.php(45): CodeIgniter\CodeIgniter->run()
#5 {main}
INFO - 2020-07-30 04:01:54 --> Controller "App\Controllers\Undangan" loaded.
CRITICAL - 2020-07-30 04:01:54 --> Call to a member function cek_domain() on null
#0 /var/www/html/akadkufix/system/CodeIgniter.php(910): App\Controllers\Undangan->undangan()
#1 /var/www/html/akadkufix/system/CodeIgniter.php(398): CodeIgniter\CodeIgniter->runController(Object(App\Controllers\Undangan))
#2 /var/www/html/akadkufix/system/CodeIgniter.php(306): CodeIgniter\CodeIgniter->handleRequest(NULL, Object(Config\Cache), false)
#3 /var/www/html/akadkufix/index.php(45): CodeIgniter\CodeIgniter->run()
#4 {main}
INFO - 2020-07-30 04:02:00 --> Controller "App\Controllers\Undangan" loaded.
CRITICAL - 2020-07-30 04:02:00 --> Undefined property: App\Controllers\Undangan::$AnuModel
#0 /var/www/html/akadkufix/app/Controllers/Undangan.php(37): CodeIgniter\Debug\Exceptions->errorHandler(8, 'Undefined prope...', '/var/www/html/a...', 37, Array)
#1 /var/www/html/akadkufix/system/CodeIgniter.php(910): App\Controllers\Undangan->undangan()
#2 /var/www/html/akadkufix/system/CodeIgniter.php(398): CodeIgniter\CodeIgniter->runController(Object(App\Controllers\Undangan))
#3 /var/www/html/akadkufix/system/CodeIgniter.php(306): CodeIgniter\CodeIgniter->handleRequest(NULL, Object(Config\Cache), false)
#4 /var/www/html/akadkufix/index.php(45): CodeIgniter\CodeIgniter->run()
#5 {main}
INFO - 2020-07-30 04:02:24 --> Controller "App\Controllers\Undangan" loaded.
CRITICAL - 2020-07-30 04:02:25 --> Undefined variable: w_ayah_pria
#0 /var/www/html/akadkufix/app/Views/themes/hwflower.php(129): CodeIgniter\Debug\Exceptions->errorHandler(8, 'Undefined varia...', '/var/www/html/a...', 129, Array)
#1 /var/www/html/akadkufix/system/View/View.php(236): include('/var/www/html/a...')
#2 /var/www/html/akadkufix/system/Common.php(1071): CodeIgniter\View\View->render('themes/hwflower', Array, true)
#3 /var/www/html/akadkufix/app/Controllers/Undangan.php(63): view('themes/hwflower', Array)
#4 /var/www/html/akadkufix/system/CodeIgniter.php(910): App\Controllers\Undangan->undangan()
#5 /var/www/html/akadkufix/system/CodeIgniter.php(398): CodeIgniter\CodeIgniter->runController(Object(App\Controllers\Undangan))
#6 /var/www/html/akadkufix/system/CodeIgniter.php(306): CodeIgniter\CodeIgniter->handleRequest(NULL, Object(Config\Cache), false)
#7 /var/www/html/akadkufix/index.php(45): CodeIgniter\CodeIgniter->run()
#8 {main}
INFO - 2020-07-30 04:02:33 --> Controller "App\Controllers\Undangan" loaded.
INFO - 2020-07-30 04:02:49 --> Controller "App\Controllers\Beranda" loaded.
INFO - 2020-07-30 04:27:03 --> Controller "App\Controllers\Beranda" loaded.
INFO - 2020-07-30 04:28:29 --> Controller "App\Controllers\Beranda" loaded.
INFO - 2020-07-30 04:39:56 --> Session: Class initialized using 'CodeIgniter\Session\Handlers\FileHandler' driver.
CRITICAL - 2020-07-30 04:39:56 --> Cannot redeclare App\Models\OrderModel::cek_domain()
#0 [internal function]: CodeIgniter\Debug\Exceptions->shutdownHandler()
#1 {main}
INFO - 2020-07-30 04:40:01 --> Session: Class initialized using 'CodeIgniter\Session\Handlers\FileHandler' driver.
CRITICAL - 2020-07-30 04:40:01 --> Cannot redeclare App\Models\OrderModel::cek_domain()
#0 [internal function]: CodeIgniter\Debug\Exceptions->shutdownHandler()
#1 {main}
INFO - 2020-07-30 04:40:15 --> Session: Class initialized using 'CodeIgniter\Session\Handlers\FileHandler' driver.
CRITICAL - 2020-07-30 04:40:15 --> Cannot redeclare App\Models\OrderModel::cek_domain()
#0 [internal function]: CodeIgniter\Debug\Exceptions->shutdownHandler()
#1 {main}
INFO - 2020-07-30 04:41:22 --> Session: Class initialized using 'CodeIgniter\Session\Handlers\FileHandler' driver.
INFO - 2020-07-30 04:41:22 --> Controller "App\Controllers\Order" loaded.
INFO - 2020-07-30 04:58:25 --> Controller "App\Controllers\Beranda" loaded.
INFO - 2020-07-30 04:58:29 --> Controller "App\Controllers\Beranda" loaded.
INFO - 2020-07-30 04:58:35 --> Session: Class initialized using 'CodeIgniter\Session\Handlers\FileHandler' driver.
INFO - 2020-07-30 04:58:35 --> Controller "App\Controllers\Order" loaded.
INFO - 2020-07-30 04:58:35 --> Controller "App\Controllers\Beranda" loaded.
INFO - 2020-07-30 04:58:37 --> Session: Class initialized using 'CodeIgniter\Session\Handlers\FileHandler' driver.
INFO - 2020-07-30 04:58:37 --> Controller "App\Controllers\Order" loaded.
INFO - 2020-07-30 04:58:38 --> Controller "App\Controllers\Beranda" loaded.
INFO - 2020-07-30 04:58:58 --> Controller "App\Controllers\Beranda" loaded.
INFO - 2020-07-30 04:59:02 --> Session: Class initialized using 'CodeIgniter\Session\Handlers\FileHandler' driver.
INFO - 2020-07-30 04:59:02 --> Controller "App\Controllers\Order" loaded.
INFO - 2020-07-30 04:59:04 --> Session: Class initialized using 'CodeIgniter\Session\Handlers\FileHandler' driver.
INFO - 2020-07-30 04:59:04 --> Controller "App\Controllers\Order" loaded.
INFO - 2020-07-30 05:20:02 --> Session: Class initialized using 'CodeIgniter\Session\Handlers\FileHandler' driver.
INFO - 2020-07-30 05:20:02 --> Controller "App\Controllers\Order" loaded.
CRITICAL - 2020-07-30 05:20:02 --> Undefined index: nama_lengkap_pria
#0 /var/www/html/akadkufix/app/Views/order/order2-mempelai.php(57): CodeIgniter\Debug\Exceptions->errorHandler(8, 'Undefined index...', '/var/www/html/a...', 57, Array)
#1 /var/www/html/akadkufix/system/View/View.php(236): include('/var/www/html/a...')
#2 /var/www/html/akadkufix/system/Common.php(1071): CodeIgniter\View\View->render('order/order2-me...', Array, true)
#3 /var/www/html/akadkufix/app/Views/base/order.php(59): view('order/order2-me...')
#4 /var/www/html/akadkufix/system/View/View.php(236): include('/var/www/html/a...')
#5 /var/www/html/akadkufix/system/Common.php(1071): CodeIgniter\View\View->render('order/order2-me...', Array, true)
#6 /var/www/html/akadkufix/app/Controllers/Order.php(133): view('base/order', Array)
#7 /var/www/html/akadkufix/system/CodeIgniter.php(910): App\Controllers\Order->mempelai()
#8 /var/www/html/akadkufix/system/CodeIgniter.php(398): CodeIgniter\CodeIgniter->runController(Object(App\Controllers\Order))
#9 /var/www/html/akadkufix/system/CodeIgniter.php(306): CodeIgniter\CodeIgniter->handleRequest(NULL, Object(Config\Cache), false)
#10 /var/www/html/akadkufix/index.php(45): CodeIgniter\CodeIgniter->run()
#11 {main}
INFO - 2020-07-30 05:20:10 --> Session: Class initialized using 'CodeIgniter\Session\Handlers\FileHandler' driver.
INFO - 2020-07-30 05:20:10 --> Controller "App\Controllers\Order" loaded.
INFO - 2020-07-30 05:20:15 --> Session: Class initialized using 'CodeIgniter\Session\Handlers\FileHandler' driver.
INFO - 2020-07-30 05:20:15 --> Controller "App\Controllers\Order" loaded.
INFO - 2020-07-30 05:20:23 --> Session: Class initialized using 'CodeIgniter\Session\Handlers\FileHandler' driver.
INFO - 2020-07-30 05:20:23 --> Controller "App\Controllers\Order" loaded.
INFO - 2020-07-30 05:20:26 --> Session: Class initialized using 'CodeIgniter\Session\Handlers\FileHandler' driver.
INFO - 2020-07-30 05:20:26 --> Controller "App\Controllers\Order" loaded.
INFO - 2020-07-30 05:20:26 --> Controller "App\Controllers\Beranda" loaded.
INFO - 2020-07-30 05:20:30 --> Session: Class initialized using 'CodeIgniter\Session\Handlers\FileHandler' driver.
INFO - 2020-07-30 05:20:30 --> Controller "App\Controllers\Order" loaded.
INFO - 2020-07-30 05:20:32 --> Session: Class initialized using 'CodeIgniter\Session\Handlers\FileHandler' driver.
INFO - 2020-07-30 05:20:32 --> Controller "App\Controllers\Order" loaded.
INFO - 2020-07-30 05:20:34 --> Session: Class initialized using 'CodeIgniter\Session\Handlers\FileHandler' driver.
INFO - 2020-07-30 05:20:34 --> Controller "App\Controllers\Order" loaded.
INFO - 2020-07-30 05:20:38 --> Session: Class initialized using 'CodeIgniter\Session\Handlers\FileHandler' driver.
INFO - 2020-07-30 05:20:38 --> Controller "App\Controllers\Order" loaded.
INFO - 2020-07-30 05:20:38 --> Controller "App\Controllers\Beranda" loaded.
INFO - 2020-07-30 05:23:48 --> Session: Class initialized using 'CodeIgniter\Session\Handlers\FileHandler' driver.
INFO - 2020-07-30 05:23:48 --> Controller "App\Controllers\Order" loaded.
INFO - 2020-07-30 05:23:49 --> Controller "App\Controllers\Beranda" loaded.
INFO - 2020-07-30 05:24:08 --> Controller "App\Controllers\Beranda" loaded.
INFO - 2020-07-30 05:24:16 --> Session: Class initialized using 'CodeIgniter\Session\Handlers\FileHandler' driver.
INFO - 2020-07-30 05:24:16 --> Controller "App\Controllers\Order" loaded.
INFO - 2020-07-30 05:25:13 --> Session: Class initialized using 'CodeIgniter\Session\Handlers\FileHandler' driver.
INFO - 2020-07-30 05:25:13 --> Controller "App\Controllers\Order" loaded.
INFO - 2020-07-30 05:25:36 --> Session: Class initialized using 'CodeIgniter\Session\Handlers\FileHandler' driver.
INFO - 2020-07-30 05:25:36 --> Controller "App\Controllers\Order" loaded.
INFO - 2020-07-30 05:25:39 --> Session: Class initialized using 'CodeIgniter\Session\Handlers\FileHandler' driver.
INFO - 2020-07-30 05:25:39 --> Controller "App\Controllers\Order" loaded.
INFO - 2020-07-30 05:25:56 --> Session: Class initialized using 'CodeIgniter\Session\Handlers\FileHandler' driver.
INFO - 2020-07-30 05:25:56 --> Controller "App\Controllers\Order" loaded.
INFO - 2020-07-30 05:26:03 --> Controller "App\Controllers\Beranda" loaded.
INFO - 2020-07-30 05:30:02 --> Session: Class initialized using 'CodeIgniter\Session\Handlers\FileHandler' driver.
INFO - 2020-07-30 05:30:02 --> Controller "App\Controllers\Order" loaded.
INFO - 2020-07-30 05:30:05 --> Session: Class initialized using 'CodeIgniter\Session\Handlers\FileHandler' driver.
INFO - 2020-07-30 05:30:05 --> Controller "App\Controllers\Order" loaded.
INFO - 2020-07-30 05:30:05 --> Controller "App\Controllers\Beranda" loaded.
INFO - 2020-07-30 05:30:07 --> Controller "App\Controllers\Beranda" loaded.
INFO - 2020-07-30 05:30:10 --> Session: Class initialized using 'CodeIgniter\Session\Handlers\FileHandler' driver.
INFO - 2020-07-30 05:30:10 --> Controller "App\Controllers\Order" loaded.
INFO - 2020-07-30 05:30:12 --> Controller "App\Controllers\Beranda" loaded.
INFO - 2020-07-30 05:38:55 --> Session: Class initialized using 'CodeIgniter\Session\Handlers\FileHandler' driver.
INFO - 2020-07-30 05:38:55 --> Controller "App\Controllers\Order" loaded.
INFO - 2020-07-30 05:38:57 --> Controller "App\Controllers\Beranda" loaded.
INFO - 2020-07-30 05:41:41 --> Session: Class initialized using 'CodeIgniter\Session\Handlers\FileHandler' driver.
INFO - 2020-07-30 05:41:41 --> Controller "App\Controllers\Order" loaded.
INFO - 2020-07-30 05:41:41 --> Session: Class initialized using 'CodeIgniter\Session\Handlers\FileHandler' driver.
INFO - 2020-07-30 05:41:41 --> Controller "App\Controllers\Order" loaded.
INFO - 2020-07-30 05:41:41 --> Session: Class initialized using 'CodeIgniter\Session\Handlers\FileHandler' driver.
INFO - 2020-07-30 05:41:41 --> Controller "App\Controllers\Order" loaded.
INFO - 2020-07-30 05:41:44 --> Controller "App\Controllers\Beranda" loaded.
INFO - 2020-07-30 05:41:45 --> Session: Class initialized using 'CodeIgniter\Session\Handlers\FileHandler' driver.
INFO - 2020-07-30 05:41:45 --> Controller "App\Controllers\Order" loaded.
INFO - 2020-07-30 05:41:45 --> Session: Class initialized using 'CodeIgniter\Session\Handlers\FileHandler' driver.
INFO - 2020-07-30 05:41:45 --> Controller "App\Controllers\Order" loaded.
INFO - 2020-07-30 05:41:45 --> Session: Class initialized using 'CodeIgniter\Session\Handlers\FileHandler' driver.
INFO - 2020-07-30 05:41:45 --> Controller "App\Controllers\Order" loaded.
INFO - 2020-07-30 05:41:47 --> Controller "App\Controllers\Beranda" loaded.
INFO - 2020-07-30 05:41:48 --> Session: Class initialized using 'CodeIgniter\Session\Handlers\FileHandler' driver.
INFO - 2020-07-30 05:41:48 --> Controller "App\Controllers\Order" loaded.
INFO - 2020-07-30 05:41:50 --> Controller "App\Controllers\Beranda" loaded.
INFO - 2020-07-30 05:41:50 --> Session: Class initialized using 'CodeIgniter\Session\Handlers\FileHandler' driver.
INFO - 2020-07-30 05:41:50 --> Controller "App\Controllers\Order" loaded.
INFO - 2020-07-30 05:41:53 --> Controller "App\Controllers\Beranda" loaded.
INFO - 2020-07-30 05:41:55 --> Session: Class initialized using 'CodeIgniter\Session\Handlers\FileHandler' driver.
INFO - 2020-07-30 05:41:55 --> Controller "App\Controllers\Order" loaded.
INFO - 2020-07-30 05:41:57 --> Controller "App\Controllers\Beranda" loaded.
INFO - 2020-07-30 05:41:58 --> Session: Class initialized using 'CodeIgniter\Session\Handlers\FileHandler' driver.
INFO - 2020-07-30 05:41:58 --> Controller "App\Controllers\Order" loaded.
INFO - 2020-07-30 05:42:00 --> Controller "App\Controllers\Beranda" loaded.
INFO - 2020-07-30 05:42:03 --> Session: Class initialized using 'CodeIgniter\Session\Handlers\FileHandler' driver.
INFO - 2020-07-30 05:42:03 --> Controller "App\Controllers\Order" loaded.
INFO - 2020-07-30 05:42:03 --> Session: Class initialized using 'CodeIgniter\Session\Handlers\FileHandler' driver.
INFO - 2020-07-30 05:42:03 --> Controller "App\Controllers\Order" loaded.
INFO - 2020-07-30 05:42:04 --> Session: Class initialized using 'CodeIgniter\Session\Handlers\FileHandler' driver.
INFO - 2020-07-30 05:42:04 --> Controller "App\Controllers\Order" loaded.
INFO - 2020-07-30 05:42:06 --> Controller "App\Controllers\Beranda" loaded.
INFO - 2020-07-30 05:42:07 --> Session: Class initialized using 'CodeIgniter\Session\Handlers\FileHandler' driver.
INFO - 2020-07-30 05:42:07 --> Controller "App\Controllers\Order" loaded.
INFO - 2020-07-30 05:42:07 --> Session: Class initialized using 'CodeIgniter\Session\Handlers\FileHandler' driver.
INFO - 2020-07-30 05:42:07 --> Controller "App\Controllers\Order" loaded.
INFO - 2020-07-30 05:42:07 --> Session: Class initialized using 'CodeIgniter\Session\Handlers\FileHandler' driver.
INFO - 2020-07-30 05:42:07 --> Controller "App\Controllers\Order" loaded.
INFO - 2020-07-30 05:42:10 --> Controller "App\Controllers\Beranda" loaded.
INFO - 2020-07-30 05:42:23 --> Session: Class initialized using 'CodeIgniter\Session\Handlers\FileHandler' driver.
INFO - 2020-07-30 05:42:23 --> Controller "App\Controllers\Order" loaded.
INFO - 2020-07-30 05:42:25 --> Session: Class initialized using 'CodeIgniter\Session\Handlers\FileHandler' driver.
INFO - 2020-07-30 05:42:25 --> Controller "App\Controllers\Order" loaded.
INFO - 2020-07-30 05:42:25 --> Session: Class initialized using 'CodeIgniter\Session\Handlers\FileHandler' driver.
INFO - 2020-07-30 05:42:25 --> Controller "App\Controllers\Order" loaded.
INFO - 2020-07-30 05:42:25 --> Session: Class initialized using 'CodeIgniter\Session\Handlers\FileHandler' driver.
INFO - 2020-07-30 05:42:25 --> Controller "App\Controllers\Order" loaded.
INFO - 2020-07-30 05:42:28 --> Controller "App\Controllers\Beranda" loaded.
INFO - 2020-07-30 05:43:40 --> Session: Class initialized using 'CodeIgniter\Session\Handlers\FileHandler' driver.
INFO - 2020-07-30 05:43:40 --> Controller "App\Controllers\Order" loaded.
INFO - 2020-07-30 05:43:40 --> Session: Class initialized using 'CodeIgniter\Session\Handlers\FileHandler' driver.
INFO - 2020-07-30 05:43:40 --> Controller "App\Controllers\Order" loaded.
INFO - 2020-07-30 05:43:40 --> Session: Class initialized using 'CodeIgniter\Session\Handlers\FileHandler' driver.
INFO - 2020-07-30 05:43:40 --> Controller "App\Controllers\Order" loaded.
INFO - 2020-07-30 05:43:43 --> Controller "App\Controllers\Beranda" loaded.
INFO - 2020-07-30 05:51:38 --> Session: Class initialized using 'CodeIgniter\Session\Handlers\FileHandler' driver.
INFO - 2020-07-30 05:51:38 --> Controller "App\Controllers\Order" loaded.
INFO - 2020-07-30 05:51:38 --> Controller "App\Controllers\Beranda" loaded.
INFO - 2020-07-30 05:51:43 --> Session: Class initialized using 'CodeIgniter\Session\Handlers\FileHandler' driver.
INFO - 2020-07-30 05:51:43 --> Controller "App\Controllers\Order" loaded.
INFO - 2020-07-30 05:51:43 --> Controller "App\Controllers\Beranda" loaded.
INFO - 2020-07-30 05:51:47 --> Session: Class initialized using 'CodeIgniter\Session\Handlers\FileHandler' driver.
INFO - 2020-07-30 05:51:47 --> Controller "App\Controllers\Order" loaded.
INFO - 2020-07-30 05:51:47 --> Session: Class initialized using 'CodeIgniter\Session\Handlers\FileHandler' driver.
INFO - 2020-07-30 05:51:47 --> Controller "App\Controllers\Order" loaded.
INFO - 2020-07-30 05:51:48 --> Session: Class initialized using 'CodeIgniter\Session\Handlers\FileHandler' driver.
INFO - 2020-07-30 05:51:48 --> Controller "App\Controllers\Order" loaded.
INFO - 2020-07-30 05:51:48 --> Controller "App\Controllers\Beranda" loaded.
INFO - 2020-07-30 05:51:50 --> Session: Class initialized using 'CodeIgniter\Session\Handlers\FileHandler' driver.
INFO - 2020-07-30 05:51:50 --> Controller "App\Controllers\Order" loaded.
INFO - 2020-07-30 05:51:50 --> Session: Class initialized using 'CodeIgniter\Session\Handlers\FileHandler' driver.
INFO - 2020-07-30 05:51:50 --> Controller "App\Controllers\Order" loaded.
INFO - 2020-07-30 05:51:50 --> Session: Class initialized using 'CodeIgniter\Session\Handlers\FileHandler' driver.
INFO - 2020-07-30 05:51:50 --> Controller "App\Controllers\Order" loaded.
INFO - 2020-07-30 05:51:50 --> Controller "App\Controllers\Beranda" loaded.
INFO - 2020-07-30 05:51:53 --> Session: Class initialized using 'CodeIgniter\Session\Handlers\FileHandler' driver.
INFO - 2020-07-30 05:51:53 --> Controller "App\Controllers\Order" loaded.
INFO - 2020-07-30 05:51:53 --> Session: Class initialized using 'CodeIgniter\Session\Handlers\FileHandler' driver.
INFO - 2020-07-30 05:51:53 --> Controller "App\Controllers\Order" loaded.
INFO - 2020-07-30 05:51:53 --> Session: Class initialized using 'CodeIgniter\Session\Handlers\FileHandler' driver.
INFO - 2020-07-30 05:51:53 --> Controller "App\Controllers\Order" loaded.
INFO - 2020-07-30 05:51:53 --> Controller "App\Controllers\Beranda" loaded.
INFO - 2020-07-30 05:51:56 --> Session: Class initialized using 'CodeIgniter\Session\Handlers\FileHandler' driver.
INFO - 2020-07-30 05:51:56 --> Controller "App\Controllers\Order" loaded.
INFO - 2020-07-30 05:51:56 --> Session: Class initialized using 'CodeIgniter\Session\Handlers\FileHandler' driver.
INFO - 2020-07-30 05:51:56 --> Controller "App\Controllers\Order" loaded.
INFO - 2020-07-30 05:51:56 --> Session: Class initialized using 'CodeIgniter\Session\Handlers\FileHandler' driver.
INFO - 2020-07-30 05:51:56 --> Controller "App\Controllers\Order" loaded.
INFO - 2020-07-30 05:51:56 --> Controller "App\Controllers\Beranda" loaded.
INFO - 2020-07-30 05:52:00 --> Controller "App\Controllers\Beranda" loaded.
INFO - 2020-07-30 05:52:06 --> Session: Class initialized using 'CodeIgniter\Session\Handlers\FileHandler' driver.
INFO - 2020-07-30 05:52:06 --> Controller "App\Controllers\Order" loaded.
INFO - 2020-07-30 05:52:07 --> Controller "App\Controllers\Beranda" loaded.
INFO - 2020-07-30 05:52:12 --> Session: Class initialized using 'CodeIgniter\Session\Handlers\FileHandler' driver.
INFO - 2020-07-30 05:52:12 --> Controller "App\Controllers\Order" loaded.
INFO - 2020-07-30 05:52:25 --> Session: Class initialized using 'CodeIgniter\Session\Handlers\FileHandler' driver.
INFO - 2020-07-30 05:52:25 --> Controller "App\Controllers\Order" loaded.
INFO - 2020-07-30 05:52:25 --> Session: Class initialized using 'CodeIgniter\Session\Handlers\FileHandler' driver.
INFO - 2020-07-30 05:52:25 --> Controller "App\Controllers\Order" loaded.
INFO - 2020-07-30 05:52:25 --> Session: Class initialized using 'CodeIgniter\Session\Handlers\FileHandler' driver.
INFO - 2020-07-30 05:52:25 --> Controller "App\Controllers\Order" loaded.
INFO - 2020-07-30 05:52:37 --> Session: Class initialized using 'CodeIgniter\Session\Handlers\FileHandler' driver.
INFO - 2020-07-30 05:52:37 --> Controller "App\Controllers\Order" loaded.
INFO - 2020-07-30 05:52:42 --> Session: Class initialized using 'CodeIgniter\Session\Handlers\FileHandler' driver.
INFO - 2020-07-30 05:52:42 --> Controller "App\Controllers\Order" loaded.
INFO - 2020-07-30 05:52:42 --> Session: Class initialized using 'CodeIgniter\Session\Handlers\FileHandler' driver.
INFO - 2020-07-30 05:52:42 --> Controller "App\Controllers\Order" loaded.
INFO - 2020-07-30 05:52:42 --> Session: Class initialized using 'CodeIgniter\Session\Handlers\FileHandler' driver.
INFO - 2020-07-30 05:52:42 --> Controller "App\Controllers\Order" loaded.
INFO - 2020-07-30 05:52:45 --> Session: Class initialized using 'CodeIgniter\Session\Handlers\FileHandler' driver.
INFO - 2020-07-30 05:52:45 --> Controller "App\Controllers\Order" loaded.
INFO - 2020-07-30 05:52:45 --> Session: Class initialized using 'CodeIgniter\Session\Handlers\FileHandler' driver.
INFO - 2020-07-30 05:52:45 --> Controller "App\Controllers\Order" loaded.
INFO - 2020-07-30 05:52:45 --> Session: Class initialized using 'CodeIgniter\Session\Handlers\FileHandler' driver.
INFO - 2020-07-30 05:52:45 --> Controller "App\Controllers\Order" loaded.
INFO - 2020-07-30 05:52:47 --> Session: Class initialized using 'CodeIgniter\Session\Handlers\FileHandler' driver.
INFO - 2020-07-30 05:52:47 --> Controller "App\Controllers\Order" loaded.
INFO - 2020-07-30 05:52:48 --> Session: Class initialized using 'CodeIgniter\Session\Handlers\FileHandler' driver.
INFO - 2020-07-30 05:52:48 --> Controller "App\Controllers\Order" loaded.
INFO - 2020-07-30 05:52:51 --> Session: Class initialized using 'CodeIgniter\Session\Handlers\FileHandler' driver.
INFO - 2020-07-30 05:52:51 --> Controller "App\Controllers\Order" loaded.
INFO - 2020-07-30 05:52:51 --> Session: Class initialized using 'CodeIgniter\Session\Handlers\FileHandler' driver.
INFO - 2020-07-30 05:52:51 --> Controller "App\Controllers\Order" loaded.
INFO - 2020-07-30 05:52:51 --> Session: Class initialized using 'CodeIgniter\Session\Handlers\FileHandler' driver.
INFO - 2020-07-30 05:52:51 --> Controller "App\Controllers\Order" loaded.
INFO - 2020-07-30 05:52:52 --> Session: Class initialized using 'CodeIgniter\Session\Handlers\FileHandler' driver.
INFO - 2020-07-30 05:52:52 --> Controller "App\Controllers\Order" loaded.
INFO - 2020-07-30 05:52:52 --> Session: Class initialized using 'CodeIgniter\Session\Handlers\FileHandler' driver.
INFO - 2020-07-30 05:52:52 --> Controller "App\Controllers\Order" loaded.
INFO - 2020-07-30 05:52:52 --> Session: Class initialized using 'CodeIgniter\Session\Handlers\FileHandler' driver.
INFO - 2020-07-30 05:52:52 --> Controller "App\Controllers\Order" loaded.
INFO - 2020-07-30 05:53:10 --> Session: Class initialized using 'CodeIgniter\Session\Handlers\FileHandler' driver.
INFO - 2020-07-30 05:53:10 --> Controller "App\Controllers\Order" loaded.
INFO - 2020-07-30 05:53:11 --> Session: Class initialized using 'CodeIgniter\Session\Handlers\FileHandler' driver.
INFO - 2020-07-30 05:53:11 --> Controller "App\Controllers\Order" loaded.
INFO - 2020-07-30 05:53:13 --> Session: Class initialized using 'CodeIgniter\Session\Handlers\FileHandler' driver.
INFO - 2020-07-30 05:53:13 --> Controller "App\Controllers\Order" loaded.
INFO - 2020-07-30 05:53:13 --> Session: Class initialized using 'CodeIgniter\Session\Handlers\FileHandler' driver.
INFO - 2020-07-30 05:53:13 --> Controller "App\Controllers\Order" loaded.
INFO - 2020-07-30 05:53:13 --> Session: Class initialized using 'CodeIgniter\Session\Handlers\FileHandler' driver.
INFO - 2020-07-30 05:53:13 --> Controller "App\Controllers\Order" loaded.
INFO - 2020-07-30 05:53:16 --> Session: Class initialized using 'CodeIgniter\Session\Handlers\FileHandler' driver.
INFO - 2020-07-30 05:53:16 --> Controller "App\Controllers\Order" loaded.
INFO - 2020-07-30 05:54:28 --> Session: Class initialized using 'CodeIgniter\Session\Handlers\FileHandler' driver.
INFO - 2020-07-30 05:54:28 --> Controller "App\Controllers\Order" loaded.
INFO - 2020-07-30 05:54:30 --> Session: Class initialized using 'CodeIgniter\Session\Handlers\FileHandler' driver.
INFO - 2020-07-30 05:54:30 --> Controller "App\Controllers\Order" loaded.
INFO - 2020-07-30 05:54:32 --> Session: Class initialized using 'CodeIgniter\Session\Handlers\FileHandler' driver.
INFO - 2020-07-30 05:54:32 --> Controller "App\Controllers\Order" loaded.
INFO - 2020-07-30 05:54:34 --> Session: Class initialized using 'CodeIgniter\Session\Handlers\FileHandler' driver.
INFO - 2020-07-30 05:54:34 --> Controller "App\Controllers\Order" loaded.
INFO - 2020-07-30 05:54:36 --> Session: Class initialized using 'CodeIgniter\Session\Handlers\FileHandler' driver.
INFO - 2020-07-30 05:54:36 --> Controller "App\Controllers\Order" loaded.
INFO - 2020-07-30 05:54:38 --> Session: Class initialized using 'CodeIgniter\Session\Handlers\FileHandler' driver.
INFO - 2020-07-30 05:54:38 --> Controller "App\Controllers\Order" loaded.
INFO - 2020-07-30 05:56:34 --> Session: Class initialized using 'CodeIgniter\Session\Handlers\FileHandler' driver.
INFO - 2020-07-30 05:56:34 --> Controller "App\Controllers\Order" loaded.
INFO - 2020-07-30 05:56:59 --> Session: Class initialized using 'CodeIgniter\Session\Handlers\FileHandler' driver.
INFO - 2020-07-30 05:56:59 --> Controller "App\Controllers\Order" loaded.
INFO - 2020-07-30 05:56:59 --> Session: Class initialized using 'CodeIgniter\Session\Handlers\FileHandler' driver.
INFO - 2020-07-30 05:56:59 --> Controller "App\Controllers\Order" loaded.
INFO - 2020-07-30 05:56:59 --> Session: Class initialized using 'CodeIgniter\Session\Handlers\FileHandler' driver.
INFO - 2020-07-30 05:56:59 --> Controller "App\Controllers\Order" loaded.
INFO - 2020-07-30 05:56:59 --> Controller "App\Controllers\Beranda" loaded.
INFO - 2020-07-30 05:57:01 --> Session: Class initialized using 'CodeIgniter\Session\Handlers\FileHandler' driver.
INFO - 2020-07-30 05:57:01 --> Controller "App\Controllers\Order" loaded.
INFO - 2020-07-30 05:57:13 --> Session: Class initialized using 'CodeIgniter\Session\Handlers\FileHandler' driver.
INFO - 2020-07-30 05:57:13 --> Controller "App\Controllers\Order" loaded.
INFO - 2020-07-30 05:57:39 --> Session: Class initialized using 'CodeIgniter\Session\Handlers\FileHandler' driver.
INFO - 2020-07-30 05:57:39 --> Controller "App\Controllers\Order" loaded.
INFO - 2020-07-30 05:57:52 --> Session: Class initialized using 'CodeIgniter\Session\Handlers\FileHandler' driver.
INFO - 2020-07-30 05:57:52 --> Controller "App\Controllers\Order" loaded.
INFO - 2020-07-30 05:58:49 --> Session: Class initialized using 'CodeIgniter\Session\Handlers\FileHandler' driver.
INFO - 2020-07-30 05:58:49 --> Controller "App\Controllers\Order" loaded.
INFO - 2020-07-30 05:58:52 --> Session: Class initialized using 'CodeIgniter\Session\Handlers\FileHandler' driver.
INFO - 2020-07-30 05:58:52 --> Controller "App\Controllers\Order" loaded.
INFO - 2020-07-30 05:58:57 --> Session: Class initialized using 'CodeIgniter\Session\Handlers\FileHandler' driver.
INFO - 2020-07-30 05:58:57 --> Controller "App\Controllers\Order" loaded.
INFO - 2020-07-30 05:59:11 --> Session: Class initialized using 'CodeIgniter\Session\Handlers\FileHandler' driver.
INFO - 2020-07-30 05:59:11 --> Controller "App\Controllers\Order" loaded.
INFO - 2020-07-30 05:59:13 --> Session: Class initialized using 'CodeIgniter\Session\Handlers\FileHandler' driver.
INFO - 2020-07-30 05:59:13 --> Controller "App\Controllers\Order" loaded.
INFO - 2020-07-30 18:54:43 --> Controller "App\Controllers\Beranda" loaded.
INFO - 2020-07-30 18:54:52 --> Session: Class initialized using 'CodeIgniter\Session\Handlers\FileHandler' driver.
INFO - 2020-07-30 18:54:52 --> Controller "App\Controllers\Order" loaded.
INFO - 2020-07-30 18:54:52 --> Controller "App\Controllers\Beranda" loaded.
INFO - 2020-07-30 18:54:56 --> Session: Class initialized using 'CodeIgniter\Session\Handlers\FileHandler' driver.
INFO - 2020-07-30 18:54:56 --> Controller "App\Controllers\Order" loaded.
INFO - 2020-07-30 18:55:02 --> Session: Class initialized using 'CodeIgniter\Session\Handlers\FileHandler' driver.
INFO - 2020-07-30 18:55:02 --> Controller "App\Controllers\Order" loaded.
INFO - 2020-07-30 18:55:07 --> Session: Class initialized using 'CodeIgniter\Session\Handlers\FileHandler' driver.
INFO - 2020-07-30 18:55:07 --> Controller "App\Controllers\Order" loaded.
INFO - 2020-07-30 18:55:12 --> Session: Class initialized using 'CodeIgniter\Session\Handlers\FileHandler' driver.
INFO - 2020-07-30 18:55:12 --> Controller "App\Controllers\Order" loaded.
INFO - 2020-07-30 18:55:17 --> Session: Class initialized using 'CodeIgniter\Session\Handlers\FileHandler' driver.
INFO - 2020-07-30 18:55:17 --> Controller "App\Controllers\Order" loaded.
INFO - 2020-07-30 18:55:30 --> Session: Class initialized using 'CodeIgniter\Session\Handlers\FileHandler' driver.
INFO - 2020-07-30 18:55:30 --> Controller "App\Controllers\Order" loaded.
CRITICAL - 2020-07-30 18:55:30 --> mkdir(): Permission denied
#0 [internal function]: CodeIgniter\Debug\Exceptions->errorHandler(2, 'mkdir(): Permis...', '/var/www/html/a...', 350, Array)
#1 /var/www/html/akadkufix/app/Controllers/Order.php(350): mkdir('assets/users/du...', 511, true)
#2 /var/www/html/akadkufix/system/CodeIgniter.php(910): App\Controllers\Order->fileUpload()
#3 /var/www/html/akadkufix/system/CodeIgniter.php(398): CodeIgniter\CodeIgniter->runController(Object(App\Controllers\Order))
#4 /var/www/html/akadkufix/system/CodeIgniter.php(306): CodeIgniter\CodeIgniter->handleRequest(NULL, Object(Config\Cache), false)
#5 /var/www/html/akadkufix/index.php(45): CodeIgniter\CodeIgniter->run()
#6 {main}
INFO - 2020-07-30 18:55:30 --> Session: Class initialized using 'CodeIgniter\Session\Handlers\FileHandler' driver.
INFO - 2020-07-30 18:55:30 --> Controller "App\Controllers\Order" loaded.
CRITICAL - 2020-07-30 18:55:30 --> mkdir(): Permission denied
#0 [internal function]: CodeIgniter\Debug\Exceptions->errorHandler(2, 'mkdir(): Permis...', '/var/www/html/a...', 350, Array)
#1 /var/www/html/akadkufix/app/Controllers/Order.php(350): mkdir('assets/users/du...', 511, true)
#2 /var/www/html/akadkufix/system/CodeIgniter.php(910): App\Controllers\Order->fileUpload()
#3 /var/www/html/akadkufix/system/CodeIgniter.php(398): CodeIgniter\CodeIgniter->runController(Object(App\Controllers\Order))
#4 /var/www/html/akadkufix/system/CodeIgniter.php(306): CodeIgniter\CodeIgniter->handleRequest(NULL, Object(Config\Cache), false)
#5 /var/www/html/akadkufix/index.php(45): CodeIgniter\CodeIgniter->run()
#6 {main}
INFO - 2020-07-30 18:55:34 --> Session: Class initialized using 'CodeIgniter\Session\Handlers\FileHandler' driver.
INFO - 2020-07-30 18:55:34 --> Controller "App\Controllers\Order" loaded.
CRITICAL - 2020-07-30 18:55:34 --> mkdir(): Permission denied
#0 [internal function]: CodeIgniter\Debug\Exceptions->errorHandler(2, 'mkdir(): Permis...', '/var/www/html/a...', 350, Array)
#1 /var/www/html/akadkufix/app/Controllers/Order.php(350): mkdir('assets/users/du...', 511, true)
#2 /var/www/html/akadkufix/system/CodeIgniter.php(910): App\Controllers\Order->fileUpload()
#3 /var/www/html/akadkufix/system/CodeIgniter.php(398): CodeIgniter\CodeIgniter->runController(Object(App\Controllers\Order))
#4 /var/www/html/akadkufix/system/CodeIgniter.php(306): CodeIgniter\CodeIgniter->handleRequest(NULL, Object(Config\Cache), false)
#5 /var/www/html/akadkufix/index.php(45): CodeIgniter\CodeIgniter->run()
#6 {main}
INFO - 2020-07-30 18:55:34 --> Session: Class initialized using 'CodeIgniter\Session\Handlers\FileHandler' driver.
INFO - 2020-07-30 18:55:34 --> Controller "App\Controllers\Order" loaded.
CRITICAL - 2020-07-30 18:55:34 --> mkdir(): Permission denied
#0 [internal function]: CodeIgniter\Debug\Exceptions->errorHandler(2, 'mkdir(): Permis...', '/var/www/html/a...', 350, Array)
#1 /var/www/html/akadkufix/app/Controllers/Order.php(350): mkdir('assets/users/du...', 511, true)
#2 /var/www/html/akadkufix/system/CodeIgniter.php(910): App\Controllers\Order->fileUpload()
#3 /var/www/html/akadkufix/system/CodeIgniter.php(398): CodeIgniter\CodeIgniter->runController(Object(App\Controllers\Order))
#4 /var/www/html/akadkufix/system/CodeIgniter.php(306): CodeIgniter\CodeIgniter->handleRequest(NULL, Object(Config\Cache), false)
#5 /var/www/html/akadkufix/index.php(45): CodeIgniter\CodeIgniter->run()
#6 {main}
INFO - 2020-07-30 18:55:36 --> Session: Class initialized using 'CodeIgniter\Session\Handlers\FileHandler' driver.
INFO - 2020-07-30 18:55:36 --> Controller "App\Controllers\Order" loaded.
CRITICAL - 2020-07-30 18:55:36 --> mkdir(): Permission denied
#0 [internal function]: CodeIgniter\Debug\Exceptions->errorHandler(2, 'mkdir(): Permis...', '/var/www/html/a...', 350, Array)
#1 /var/www/html/akadkufix/app/Controllers/Order.php(350): mkdir('assets/users/du...', 511, true)
#2 /var/www/html/akadkufix/system/CodeIgniter.php(910): App\Controllers\Order->fileUpload()
#3 /var/www/html/akadkufix/system/CodeIgniter.php(398): CodeIgniter\CodeIgniter->runController(Object(App\Controllers\Order))
#4 /var/www/html/akadkufix/system/CodeIgniter.php(306): CodeIgniter\CodeIgniter->handleRequest(NULL, Object(Config\Cache), false)
#5 /var/www/html/akadkufix/index.php(45): CodeIgniter\CodeIgniter->run()
#6 {main}
INFO - 2020-07-30 18:55:36 --> Session: Class initialized using 'CodeIgniter\Session\Handlers\FileHandler' driver.
INFO - 2020-07-30 18:55:36 --> Controller "App\Controllers\Order" loaded.
CRITICAL - 2020-07-30 18:55:36 --> mkdir(): Permission denied
#0 [internal function]: CodeIgniter\Debug\Exceptions->errorHandler(2, 'mkdir(): Permis...', '/var/www/html/a...', 350, Array)
#1 /var/www/html/akadkufix/app/Controllers/Order.php(350): mkdir('assets/users/du...', 511, true)
#2 /var/www/html/akadkufix/system/CodeIgniter.php(910): App\Controllers\Order->fileUpload()
#3 /var/www/html/akadkufix/system/CodeIgniter.php(398): CodeIgniter\CodeIgniter->runController(Object(App\Controllers\Order))
#4 /var/www/html/akadkufix/system/CodeIgniter.php(306): CodeIgniter\CodeIgniter->handleRequest(NULL, Object(Config\Cache), false)
#5 /var/www/html/akadkufix/index.php(45): CodeIgniter\CodeIgniter->run()
#6 {main}
INFO - 2020-07-30 18:55:38 --> Session: Class initialized using 'CodeIgniter\Session\Handlers\FileHandler' driver.
INFO - 2020-07-30 18:55:38 --> Controller "App\Controllers\Order" loaded.
CRITICAL - 2020-07-30 18:55:38 --> mkdir(): Permission denied
#0 [internal function]: CodeIgniter\Debug\Exceptions->errorHandler(2, 'mkdir(): Permis...', '/var/www/html/a...', 350, Array)
#1 /var/www/html/akadkufix/app/Controllers/Order.php(350): mkdir('assets/users/du...', 511, true)
#2 /var/www/html/akadkufix/system/CodeIgniter.php(910): App\Controllers\Order->fileUpload()
#3 /var/www/html/akadkufix/system/CodeIgniter.php(398): CodeIgniter\CodeIgniter->runController(Object(App\Controllers\Order))
#4 /var/www/html/akadkufix/system/CodeIgniter.php(306): CodeIgniter\CodeIgniter->handleRequest(NULL, Object(Config\Cache), false)
#5 /var/www/html/akadkufix/index.php(45): CodeIgniter\CodeIgniter->run()
#6 {main}
INFO - 2020-07-30 18:55:38 --> Session: Class initialized using 'CodeIgniter\Session\Handlers\FileHandler' driver.
INFO - 2020-07-30 18:55:38 --> Controller "App\Controllers\Order" loaded.
CRITICAL - 2020-07-30 18:55:38 --> mkdir(): Permission denied
#0 [internal function]: CodeIgniter\Debug\Exceptions->errorHandler(2, 'mkdir(): Permis...', '/var/www/html/a...', 350, Array)
#1 /var/www/html/akadkufix/app/Controllers/Order.php(350): mkdir('assets/users/du...', 511, true)
#2 /var/www/html/akadkufix/system/CodeIgniter.php(910): App\Controllers\Order->fileUpload()
#3 /var/www/html/akadkufix/system/CodeIgniter.php(398): CodeIgniter\CodeIgniter->runController(Object(App\Controllers\Order))
#4 /var/www/html/akadkufix/system/CodeIgniter.php(306): CodeIgniter\CodeIgniter->handleRequest(NULL, Object(Config\Cache), false)
#5 /var/www/html/akadkufix/index.php(45): CodeIgniter\CodeIgniter->run()
#6 {main}
INFO - 2020-07-30 18:55:39 --> Session: Class initialized using 'CodeIgniter\Session\Handlers\FileHandler' driver.
INFO - 2020-07-30 18:55:39 --> Controller "App\Controllers\Order" loaded.
CRITICAL - 2020-07-30 18:55:39 --> mkdir(): Permission denied
#0 [internal function]: CodeIgniter\Debug\Exceptions->errorHandler(2, 'mkdir(): Permis...', '/var/www/html/a...', 350, Array)
#1 /var/www/html/akadkufix/app/Controllers/Order.php(350): mkdir('assets/users/du...', 511, true)
#2 /var/www/html/akadkufix/system/CodeIgniter.php(910): App\Controllers\Order->fileUpload()
#3 /var/www/html/akadkufix/system/CodeIgniter.php(398): CodeIgniter\CodeIgniter->runController(Object(App\Controllers\Order))
#4 /var/www/html/akadkufix/system/CodeIgniter.php(306): CodeIgniter\CodeIgniter->handleRequest(NULL, Object(Config\Cache), false)
#5 /var/www/html/akadkufix/index.php(45): CodeIgniter\CodeIgniter->run()
#6 {main}
INFO - 2020-07-30 18:55:39 --> Session: Class initialized using 'CodeIgniter\Session\Handlers\FileHandler' driver.
INFO - 2020-07-30 18:55:39 --> Controller "App\Controllers\Order" loaded.
CRITICAL - 2020-07-30 18:55:39 --> mkdir(): Permission denied
#0 [internal function]: CodeIgniter\Debug\Exceptions->errorHandler(2, 'mkdir(): Permis...', '/var/www/html/a...', 350, Array)
#1 /var/www/html/akadkufix/app/Controllers/Order.php(350): mkdir('assets/users/du...', 511, true)
#2 /var/www/html/akadkufix/system/CodeIgniter.php(910): App\Controllers\Order->fileUpload()
#3 /var/www/html/akadkufix/system/CodeIgniter.php(398): CodeIgniter\CodeIgniter->runController(Object(App\Controllers\Order))
#4 /var/www/html/akadkufix/system/CodeIgniter.php(306): CodeIgniter\CodeIgniter->handleRequest(NULL, Object(Config\Cache), false)
#5 /var/www/html/akadkufix/index.php(45): CodeIgniter\CodeIgniter->run()
#6 {main}
INFO - 2020-07-30 18:55:39 --> Session: Class initialized using 'CodeIgniter\Session\Handlers\FileHandler' driver.
INFO - 2020-07-30 18:55:39 --> Controller "App\Controllers\Order" loaded.
CRITICAL - 2020-07-30 18:55:39 --> mkdir(): Permission denied
#0 [internal function]: CodeIgniter\Debug\Exceptions->errorHandler(2, 'mkdir(): Permis...', '/var/www/html/a...', 350, Array)
#1 /var/www/html/akadkufix/app/Controllers/Order.php(350): mkdir('assets/users/du...', 511, true)
#2 /var/www/html/akadkufix/system/CodeIgniter.php(910): App\Controllers\Order->fileUpload()
#3 /var/www/html/akadkufix/system/CodeIgniter.php(398): CodeIgniter\CodeIgniter->runController(Object(App\Controllers\Order))
#4 /var/www/html/akadkufix/system/CodeIgniter.php(306): CodeIgniter\CodeIgniter->handleRequest(NULL, Object(Config\Cache), false)
#5 /var/www/html/akadkufix/index.php(45): CodeIgniter\CodeIgniter->run()
#6 {main}
INFO - 2020-07-30 18:55:39 --> Session: Class initialized using 'CodeIgniter\Session\Handlers\FileHandler' driver.
INFO - 2020-07-30 18:55:39 --> Controller "App\Controllers\Order" loaded.
CRITICAL - 2020-07-30 18:55:39 --> mkdir(): Permission denied
#0 [internal function]: CodeIgniter\Debug\Exceptions->errorHandler(2, 'mkdir(): Permis...', '/var/www/html/a...', 350, Array)
#1 /var/www/html/akadkufix/app/Controllers/Order.php(350): mkdir('assets/users/du...', 511, true)
#2 /var/www/html/akadkufix/system/CodeIgniter.php(910): App\Controllers\Order->fileUpload()
#3 /var/www/html/akadkufix/system/CodeIgniter.php(398): CodeIgniter\CodeIgniter->runController(Object(App\Controllers\Order))
#4 /var/www/html/akadkufix/system/CodeIgniter.php(306): CodeIgniter\CodeIgniter->handleRequest(NULL, Object(Config\Cache), false)
#5 /var/www/html/akadkufix/index.php(45): CodeIgniter\CodeIgniter->run()
#6 {main}
INFO - 2020-07-30 18:55:40 --> Session: Class initialized using 'CodeIgniter\Session\Handlers\FileHandler' driver.
INFO - 2020-07-30 18:55:40 --> Controller "App\Controllers\Order" loaded.
CRITICAL - 2020-07-30 18:55:40 --> mkdir(): Permission denied
#0 [internal function]: CodeIgniter\Debug\Exceptions->errorHandler(2, 'mkdir(): Permis...', '/var/www/html/a...', 350, Array)
#1 /var/www/html/akadkufix/app/Controllers/Order.php(350): mkdir('assets/users/du...', 511, true)
#2 /var/www/html/akadkufix/system/CodeIgniter.php(910): App\Controllers\Order->fileUpload()
#3 /var/www/html/akadkufix/system/CodeIgniter.php(398): CodeIgniter\CodeIgniter->runController(Object(App\Controllers\Order))
#4 /var/www/html/akadkufix/system/CodeIgniter.php(306): CodeIgniter\CodeIgniter->handleRequest(NULL, Object(Config\Cache), false)
#5 /var/www/html/akadkufix/index.php(45): CodeIgniter\CodeIgniter->run()
#6 {main}
INFO - 2020-07-30 18:55:40 --> Session: Class initialized using 'CodeIgniter\Session\Handlers\FileHandler' driver.
INFO - 2020-07-30 18:55:40 --> Controller "App\Controllers\Order" loaded.
CRITICAL - 2020-07-30 18:55:40 --> mkdir(): Permission denied
#0 [internal function]: CodeIgniter\Debug\Exceptions->errorHandler(2, 'mkdir(): Permis...', '/var/www/html/a...', 350, Array)
#1 /var/www/html/akadkufix/app/Controllers/Order.php(350): mkdir('assets/users/du...', 511, true)
#2 /var/www/html/akadkufix/system/CodeIgniter.php(910): App\Controllers\Order->fileUpload()
#3 /var/www/html/akadkufix/system/CodeIgniter.php(398): CodeIgniter\CodeIgniter->runController(Object(App\Controllers\Order))
#4 /var/www/html/akadkufix/system/CodeIgniter.php(306): CodeIgniter\CodeIgniter->handleRequest(NULL, Object(Config\Cache), false)
#5 /var/www/html/akadkufix/index.php(45): CodeIgniter\CodeIgniter->run()
#6 {main}
INFO - 2020-07-30 18:55:40 --> Session: Class initialized using 'CodeIgniter\Session\Handlers\FileHandler' driver.
INFO - 2020-07-30 18:55:40 --> Controller "App\Controllers\Order" loaded.
CRITICAL - 2020-07-30 18:55:40 --> mkdir(): Permission denied
#0 [internal function]: CodeIgniter\Debug\Exceptions->errorHandler(2, 'mkdir(): Permis...', '/var/www/html/a...', 350, Array)
#1 /var/www/html/akadkufix/app/Controllers/Order.php(350): mkdir('assets/users/du...', 511, true)
#2 /var/www/html/akadkufix/system/CodeIgniter.php(910): App\Controllers\Order->fileUpload()
#3 /var/www/html/akadkufix/system/CodeIgniter.php(398): CodeIgniter\CodeIgniter->runController(Object(App\Controllers\Order))
#4 /var/www/html/akadkufix/system/CodeIgniter.php(306): CodeIgniter\CodeIgniter->handleRequest(NULL, Object(Config\Cache), false)
#5 /var/www/html/akadkufix/index.php(45): CodeIgniter\CodeIgniter->run()
#6 {main}
INFO - 2020-07-30 18:55:54 --> Session: Class initialized using 'CodeIgniter\Session\Handlers\FileHandler' driver.
INFO - 2020-07-30 18:55:54 --> Controller "App\Controllers\Order" loaded.
CRITICAL - 2020-07-30 18:55:54 --> mkdir(): Permission denied
#0 [internal function]: CodeIgniter\Debug\Exceptions->errorHandler(2, 'mkdir(): Permis...', '/var/www/html/a...', 350, Array)
#1 /var/www/html/akadkufix/app/Controllers/Order.php(350): mkdir('assets/users/du...', 511, true)
#2 /var/www/html/akadkufix/system/CodeIgniter.php(910): App\Controllers\Order->fileUpload()
#3 /var/www/html/akadkufix/system/CodeIgniter.php(398): CodeIgniter\CodeIgniter->runController(Object(App\Controllers\Order))
#4 /var/www/html/akadkufix/system/CodeIgniter.php(306): CodeIgniter\CodeIgniter->handleRequest(NULL, Object(Config\Cache), false)
#5 /var/www/html/akadkufix/index.php(45): CodeIgniter\CodeIgniter->run()
#6 {main}
INFO - 2020-07-30 18:55:54 --> Session: Class initialized using 'CodeIgniter\Session\Handlers\FileHandler' driver.
INFO - 2020-07-30 18:55:54 --> Controller "App\Controllers\Order" loaded.
CRITICAL - 2020-07-30 18:55:54 --> mkdir(): Permission denied
#0 [internal function]: CodeIgniter\Debug\Exceptions->errorHandler(2, 'mkdir(): Permis...', '/var/www/html/a...', 350, Array)
#1 /var/www/html/akadkufix/app/Controllers/Order.php(350): mkdir('assets/users/du...', 511, true)
#2 /var/www/html/akadkufix/system/CodeIgniter.php(910): App\Controllers\Order->fileUpload()
#3 /var/www/html/akadkufix/system/CodeIgniter.php(398): CodeIgniter\CodeIgniter->runController(Object(App\Controllers\Order))
#4 /var/www/html/akadkufix/system/CodeIgniter.php(306): CodeIgniter\CodeIgniter->handleRequest(NULL, Object(Config\Cache), false)
#5 /var/www/html/akadkufix/index.php(45): CodeIgniter\CodeIgniter->run()
#6 {main}
INFO - 2020-07-30 18:55:55 --> Session: Class initialized using 'CodeIgniter\Session\Handlers\FileHandler' driver.
INFO - 2020-07-30 18:55:55 --> Controller "App\Controllers\Order" loaded.
CRITICAL - 2020-07-30 18:55:55 --> mkdir(): Permission denied
#0 [internal function]: CodeIgniter\Debug\Exceptions->errorHandler(2, 'mkdir(): Permis...', '/var/www/html/a...', 350, Array)
#1 /var/www/html/akadkufix/app/Controllers/Order.php(350): mkdir('assets/users/du...', 511, true)
#2 /var/www/html/akadkufix/system/CodeIgniter.php(910): App\Controllers\Order->fileUpload()
#3 /var/www/html/akadkufix/system/CodeIgniter.php(398): CodeIgniter\CodeIgniter->runController(Object(App\Controllers\Order))
#4 /var/www/html/akadkufix/system/CodeIgniter.php(306): CodeIgniter\CodeIgniter->handleRequest(NULL, Object(Config\Cache), false)
#5 /var/www/html/akadkufix/index.php(45): CodeIgniter\CodeIgniter->run()
#6 {main}
INFO - 2020-07-30 18:55:55 --> Session: Class initialized using 'CodeIgniter\Session\Handlers\FileHandler' driver.
INFO - 2020-07-30 18:55:55 --> Controller "App\Controllers\Order" loaded.
CRITICAL - 2020-07-30 18:55:55 --> mkdir(): Permission denied
#0 [internal function]: CodeIgniter\Debug\Exceptions->errorHandler(2, 'mkdir(): Permis...', '/var/www/html/a...', 350, Array)
#1 /var/www/html/akadkufix/app/Controllers/Order.php(350): mkdir('assets/users/du...', 511, true)
#2 /var/www/html/akadkufix/system/CodeIgniter.php(910): App\Controllers\Order->fileUpload()
#3 /var/www/html/akadkufix/system/CodeIgniter.php(398): CodeIgniter\CodeIgniter->runController(Object(App\Controllers\Order))
#4 /var/www/html/akadkufix/system/CodeIgniter.php(306): CodeIgniter\CodeIgniter->handleRequest(NULL, Object(Config\Cache), false)
#5 /var/www/html/akadkufix/index.php(45): CodeIgniter\CodeIgniter->run()
#6 {main}
INFO - 2020-07-30 18:55:56 --> Session: Class initialized using 'CodeIgniter\Session\Handlers\FileHandler' driver.
INFO - 2020-07-30 18:55:56 --> Controller "App\Controllers\Order" loaded.
CRITICAL - 2020-07-30 18:55:56 --> mkdir(): Permission denied
#0 [internal function]: CodeIgniter\Debug\Exceptions->errorHandler(2, 'mkdir(): Permis...', '/var/www/html/a...', 350, Array)
#1 /var/www/html/akadkufix/app/Controllers/Order.php(350): mkdir('assets/users/du...', 511, true)
#2 /var/www/html/akadkufix/system/CodeIgniter.php(910): App\Controllers\Order->fileUpload()
#3 /var/www/html/akadkufix/system/CodeIgniter.php(398): CodeIgniter\CodeIgniter->runController(Object(App\Controllers\Order))
#4 /var/www/html/akadkufix/system/CodeIgniter.php(306): CodeIgniter\CodeIgniter->handleRequest(NULL, Object(Config\Cache), false)
#5 /var/www/html/akadkufix/index.php(45): CodeIgniter\CodeIgniter->run()
#6 {main}
INFO - 2020-07-30 18:55:56 --> Session: Class initialized using 'CodeIgniter\Session\Handlers\FileHandler' driver.
INFO - 2020-07-30 18:55:56 --> Controller "App\Controllers\Order" loaded.
CRITICAL - 2020-07-30 18:55:56 --> mkdir(): Permission denied
#0 [internal function]: CodeIgniter\Debug\Exceptions->errorHandler(2, 'mkdir(): Permis...', '/var/www/html/a...', 350, Array)
#1 /var/www/html/akadkufix/app/Controllers/Order.php(350): mkdir('assets/users/du...', 511, true)
#2 /var/www/html/akadkufix/system/CodeIgniter.php(910): App\Controllers\Order->fileUpload()
#3 /var/www/html/akadkufix/system/CodeIgniter.php(398): CodeIgniter\CodeIgniter->runController(Object(App\Controllers\Order))
#4 /var/www/html/akadkufix/system/CodeIgniter.php(306): CodeIgniter\CodeIgniter->handleRequest(NULL, Object(Config\Cache), false)
#5 /var/www/html/akadkufix/index.php(45): CodeIgniter\CodeIgniter->run()
#6 {main}
INFO - 2020-07-30 18:55:57 --> Session: Class initialized using 'CodeIgniter\Session\Handlers\FileHandler' driver.
INFO - 2020-07-30 18:55:57 --> Controller "App\Controllers\Order" loaded.
CRITICAL - 2020-07-30 18:55:57 --> mkdir(): Permission denied
#0 [internal function]: CodeIgniter\Debug\Exceptions->errorHandler(2, 'mkdir(): Permis...', '/var/www/html/a...', 350, Array)
#1 /var/www/html/akadkufix/app/Controllers/Order.php(350): mkdir('assets/users/du...', 511, true)
#2 /var/www/html/akadkufix/system/CodeIgniter.php(910): App\Controllers\Order->fileUpload()
#3 /var/www/html/akadkufix/system/CodeIgniter.php(398): CodeIgniter\CodeIgniter->runController(Object(App\Controllers\Order))
#4 /var/www/html/akadkufix/system/CodeIgniter.php(306): CodeIgniter\CodeIgniter->handleRequest(NULL, Object(Config\Cache), false)
#5 /var/www/html/akadkufix/index.php(45): CodeIgniter\CodeIgniter->run()
#6 {main}
INFO - 2020-07-30 18:55:57 --> Session: Class initialized using 'CodeIgniter\Session\Handlers\FileHandler' driver.
INFO - 2020-07-30 18:55:57 --> Controller "App\Controllers\Order" loaded.
CRITICAL - 2020-07-30 18:55:57 --> mkdir(): Permission denied
#0 [internal function]: CodeIgniter\Debug\Exceptions->errorHandler(2, 'mkdir(): Permis...', '/var/www/html/a...', 350, Array)
#1 /var/www/html/akadkufix/app/Controllers/Order.php(350): mkdir('assets/users/du...', 511, true)
#2 /var/www/html/akadkufix/system/CodeIgniter.php(910): App\Controllers\Order->fileUpload()
#3 /var/www/html/akadkufix/system/CodeIgniter.php(398): CodeIgniter\CodeIgniter->runController(Object(App\Controllers\Order))
#4 /var/www/html/akadkufix/system/CodeIgniter.php(306): CodeIgniter\CodeIgniter->handleRequest(NULL, Object(Config\Cache), false)
#5 /var/www/html/akadkufix/index.php(45): CodeIgniter\CodeIgniter->run()
#6 {main}
INFO - 2020-07-30 18:55:57 --> Session: Class initialized using 'CodeIgniter\Session\Handlers\FileHandler' driver.
INFO - 2020-07-30 18:55:57 --> Controller "App\Controllers\Order" loaded.
CRITICAL - 2020-07-30 18:55:57 --> mkdir(): Permission denied
#0 [internal function]: CodeIgniter\Debug\Exceptions->errorHandler(2, 'mkdir(): Permis...', '/var/www/html/a...', 350, Array)
#1 /var/www/html/akadkufix/app/Controllers/Order.php(350): mkdir('assets/users/du...', 511, true)
#2 /var/www/html/akadkufix/system/CodeIgniter.php(910): App\Controllers\Order->fileUpload()
#3 /var/www/html/akadkufix/system/CodeIgniter.php(398): CodeIgniter\CodeIgniter->runController(Object(App\Controllers\Order))
#4 /var/www/html/akadkufix/system/CodeIgniter.php(306): CodeIgniter\CodeIgniter->handleRequest(NULL, Object(Config\Cache), false)
#5 /var/www/html/akadkufix/index.php(45): CodeIgniter\CodeIgniter->run()
#6 {main}
INFO - 2020-07-30 18:55:57 --> Session: Class initialized using 'CodeIgniter\Session\Handlers\FileHandler' driver.
INFO - 2020-07-30 18:55:57 --> Controller "App\Controllers\Order" loaded.
CRITICAL - 2020-07-30 18:55:57 --> mkdir(): Permission denied
#0 [internal function]: CodeIgniter\Debug\Exceptions->errorHandler(2, 'mkdir(): Permis...', '/var/www/html/a...', 350, Array)
#1 /var/www/html/akadkufix/app/Controllers/Order.php(350): mkdir('assets/users/du...', 511, true)
#2 /var/www/html/akadkufix/system/CodeIgniter.php(910): App\Controllers\Order->fileUpload()
#3 /var/www/html/akadkufix/system/CodeIgniter.php(398): CodeIgniter\CodeIgniter->runController(Object(App\Controllers\Order))
#4 /var/www/html/akadkufix/system/CodeIgniter.php(306): CodeIgniter\CodeIgniter->handleRequest(NULL, Object(Config\Cache), false)
#5 /var/www/html/akadkufix/index.php(45): CodeIgniter\CodeIgniter->run()
#6 {main}
INFO - 2020-07-30 18:56:11 --> Session: Class initialized using 'CodeIgniter\Session\Handlers\FileHandler' driver.
INFO - 2020-07-30 18:56:11 --> Controller "App\Controllers\Order" loaded.
CRITICAL - 2020-07-30 18:56:11 --> mkdir(): Permission denied
#0 [internal function]: CodeIgniter\Debug\Exceptions->errorHandler(2, 'mkdir(): Permis...', '/var/www/html/a...', 350, Array)
#1 /var/www/html/akadkufix/app/Controllers/Order.php(350): mkdir('assets/users/du...', 511, true)
#2 /var/www/html/akadkufix/system/CodeIgniter.php(910): App\Controllers\Order->fileUpload()
#3 /var/www/html/akadkufix/system/CodeIgniter.php(398): CodeIgniter\CodeIgniter->runController(Object(App\Controllers\Order))
#4 /var/www/html/akadkufix/system/CodeIgniter.php(306): CodeIgniter\CodeIgniter->handleRequest(NULL, Object(Config\Cache), false)
#5 /var/www/html/akadkufix/index.php(45): CodeIgniter\CodeIgniter->run()
#6 {main}
INFO - 2020-07-30 18:56:11 --> Session: Class initialized using 'CodeIgniter\Session\Handlers\FileHandler' driver.
INFO - 2020-07-30 18:56:11 --> Controller "App\Controllers\Order" loaded.
CRITICAL - 2020-07-30 18:56:11 --> mkdir(): Permission denied
#0 [internal function]: CodeIgniter\Debug\Exceptions->errorHandler(2, 'mkdir(): Permis...', '/var/www/html/a...', 350, Array)
#1 /var/www/html/akadkufix/app/Controllers/Order.php(350): mkdir('assets/users/du...', 511, true)
#2 /var/www/html/akadkufix/system/CodeIgniter.php(910): App\Controllers\Order->fileUpload()
#3 /var/www/html/akadkufix/system/CodeIgniter.php(398): CodeIgniter\CodeIgniter->runController(Object(App\Controllers\Order))
#4 /var/www/html/akadkufix/system/CodeIgniter.php(306): CodeIgniter\CodeIgniter->handleRequest(NULL, Object(Config\Cache), false)
#5 /var/www/html/akadkufix/index.php(45): CodeIgniter\CodeIgniter->run()
#6 {main}
INFO - 2020-07-30 18:56:18 --> Session: Class initialized using 'CodeIgniter\Session\Handlers\FileHandler' driver.
INFO - 2020-07-30 18:56:18 --> Controller "App\Controllers\Order" loaded.
INFO - 2020-07-30 18:57:14 --> Session: Class initialized using 'CodeIgniter\Session\Handlers\FileHandler' driver.
INFO - 2020-07-30 18:57:14 --> Controller "App\Controllers\Order" loaded.
INFO - 2020-07-30 18:57:14 --> Session: Class initialized using 'CodeIgniter\Session\Handlers\FileHandler' driver.
INFO - 2020-07-30 18:57:14 --> Controller "App\Controllers\Order" loaded.
INFO - 2020-07-30 18:57:14 --> Controller "App\Controllers\Beranda" loaded.
INFO - 2020-07-30 18:57:14 --> Session: Class initialized using 'CodeIgniter\Session\Handlers\FileHandler' driver.
INFO - 2020-07-30 18:57:14 --> Controller "App\Controllers\Order" loaded.
INFO - 2020-07-30 18:57:14 --> Controller "App\Controllers\Beranda" loaded.
INFO - 2020-07-30 18:57:14 --> Session: Class initialized using 'CodeIgniter\Session\Handlers\FileHandler' driver.
INFO - 2020-07-30 18:57:14 --> Controller "App\Controllers\Order" loaded.
INFO - 2020-07-30 18:57:14 --> Controller "App\Controllers\Beranda" loaded.
INFO - 2020-07-30 18:57:14 --> Session: Class initialized using 'CodeIgniter\Session\Handlers\FileHandler' driver.
INFO - 2020-07-30 18:57:14 --> Controller "App\Controllers\Order" loaded.
INFO - 2020-07-30 18:57:14 --> Controller "App\Controllers\Beranda" loaded.
INFO - 2020-07-30 18:57:14 --> Session: Class initialized using 'CodeIgniter\Session\Handlers\FileHandler' driver.
INFO - 2020-07-30 18:57:14 --> Controller "App\Controllers\Order" loaded.
INFO - 2020-07-30 18:57:14 --> Controller "App\Controllers\Beranda" loaded.
INFO - 2020-07-30 18:57:14 --> Session: Class initialized using 'CodeIgniter\Session\Handlers\FileHandler' driver.
INFO - 2020-07-30 18:57:14 --> Controller "App\Controllers\Order" loaded.
INFO - 2020-07-30 18:57:14 --> Controller "App\Controllers\Beranda" loaded.
INFO - 2020-07-30 18:57:14 --> Session: Class initialized using 'CodeIgniter\Session\Handlers\FileHandler' driver.
INFO - 2020-07-30 18:57:14 --> Controller "App\Controllers\Order" loaded.
INFO - 2020-07-30 18:57:14 --> Controller "App\Controllers\Beranda" loaded.
INFO - 2020-07-30 18:57:14 --> Controller "App\Controllers\Beranda" loaded.
INFO - 2020-07-30 18:57:19 --> Session: Class initialized using 'CodeIgniter\Session\Handlers\FileHandler' driver.
INFO - 2020-07-30 18:57:19 --> Controller "App\Controllers\Order" loaded.
INFO - 2020-07-30 18:57:20 --> Session: Class initialized using 'CodeIgniter\Session\Handlers\FileHandler' driver.
INFO - 2020-07-30 18:57:20 --> Controller "App\Controllers\Order" loaded.
INFO - 2020-07-30 18:57:21 --> Session: Class initialized using 'CodeIgniter\Session\Handlers\FileHandler' driver.
INFO - 2020-07-30 18:57:21 --> Controller "App\Controllers\Order" loaded.
INFO - 2020-07-30 18:57:22 --> Session: Class initialized using 'CodeIgniter\Session\Handlers\FileHandler' driver.
INFO - 2020-07-30 18:57:22 --> Controller "App\Controllers\Order" loaded.
INFO - 2020-07-30 18:57:41 --> Session: Class initialized using 'CodeIgniter\Session\Handlers\FileHandler' driver.
INFO - 2020-07-30 18:57:41 --> Controller "App\Controllers\Order" loaded.
INFO - 2020-07-30 18:57:49 --> Session: Class initialized using 'CodeIgniter\Session\Handlers\FileHandler' driver.
INFO - 2020-07-30 18:57:49 --> Controller "App\Controllers\Order" loaded.
INFO - 2020-07-30 18:57:50 --> Session: Class initialized using 'CodeIgniter\Session\Handlers\FileHandler' driver.
INFO - 2020-07-30 18:57:50 --> Controller "App\Controllers\Order" loaded.
INFO - 2020-07-30 18:57:50 --> Controller "App\Controllers\Beranda" loaded.
INFO - 2020-07-30 18:57:50 --> Session: Class initialized using 'CodeIgniter\Session\Handlers\FileHandler' driver.
INFO - 2020-07-30 18:57:50 --> Controller "App\Controllers\Order" loaded.
INFO - 2020-07-30 18:57:50 --> Controller "App\Controllers\Beranda" loaded.
INFO - 2020-07-30 18:57:50 --> Session: Class initialized using 'CodeIgniter\Session\Handlers\FileHandler' driver.
INFO - 2020-07-30 18:57:50 --> Controller "App\Controllers\Order" loaded.
INFO - 2020-07-30 18:57:50 --> Controller "App\Controllers\Beranda" loaded.
INFO - 2020-07-30 18:57:50 --> Session: Class initialized using 'CodeIgniter\Session\Handlers\FileHandler' driver.
INFO - 2020-07-30 18:57:50 --> Controller "App\Controllers\Order" loaded.
INFO - 2020-07-30 18:57:50 --> Controller "App\Controllers\Beranda" loaded.
INFO - 2020-07-30 18:57:50 --> Session: Class initialized using 'CodeIgniter\Session\Handlers\FileHandler' driver.
INFO - 2020-07-30 18:57:50 --> Controller "App\Controllers\Order" loaded.
INFO - 2020-07-30 18:57:50 --> Controller "App\Controllers\Beranda" loaded.
INFO - 2020-07-30 18:57:50 --> Session: Class initialized using 'CodeIgniter\Session\Handlers\FileHandler' driver.
INFO - 2020-07-30 18:57:50 --> Controller "App\Controllers\Order" loaded.
INFO - 2020-07-30 18:57:53 --> Session: Class initialized using 'CodeIgniter\Session\Handlers\FileHandler' driver.
INFO - 2020-07-30 18:57:53 --> Controller "App\Controllers\Order" loaded.
INFO - 2020-07-30 18:57:53 --> Session: Class initialized using 'CodeIgniter\Session\Handlers\FileHandler' driver.
INFO - 2020-07-30 18:57:53 --> Controller "App\Controllers\Order" loaded.
INFO - 2020-07-30 18:57:55 --> Session: Class initialized using 'CodeIgniter\Session\Handlers\FileHandler' driver.
INFO - 2020-07-30 18:57:55 --> Controller "App\Controllers\Order" loaded.
INFO - 2020-07-30 18:57:55 --> Session: Class initialized using 'CodeIgniter\Session\Handlers\FileHandler' driver.
INFO - 2020-07-30 18:57:55 --> Controller "App\Controllers\Order" loaded.
INFO - 2020-07-30 18:59:07 --> Session: Class initialized using 'CodeIgniter\Session\Handlers\FileHandler' driver.
INFO - 2020-07-30 18:59:07 --> Controller "App\Controllers\Order" loaded.
INFO - 2020-07-30 18:59:24 --> Session: Class initialized using 'CodeIgniter\Session\Handlers\FileHandler' driver.
INFO - 2020-07-30 18:59:24 --> Controller "App\Controllers\Order" loaded.
INFO - 2020-07-30 18:59:24 --> Session: Class initialized using 'CodeIgniter\Session\Handlers\FileHandler' driver.
INFO - 2020-07-30 18:59:24 --> Controller "App\Controllers\Order" loaded.
INFO - 2020-07-30 18:59:25 --> Session: Class initialized using 'CodeIgniter\Session\Handlers\FileHandler' driver.
INFO - 2020-07-30 18:59:25 --> Controller "App\Controllers\Order" loaded.
INFO - 2020-07-30 18:59:25 --> Session: Class initialized using 'CodeIgniter\Session\Handlers\FileHandler' driver.
INFO - 2020-07-30 18:59:25 --> Controller "App\Controllers\Order" loaded.
INFO - 2020-07-30 18:59:25 --> Session: Class initialized using 'CodeIgniter\Session\Handlers\FileHandler' driver.
INFO - 2020-07-30 18:59:25 --> Controller "App\Controllers\Order" loaded.
INFO - 2020-07-30 18:59:25 --> Session: Class initialized using 'CodeIgniter\Session\Handlers\FileHandler' driver.
INFO - 2020-07-30 18:59:25 --> Controller "App\Controllers\Order" loaded.
INFO - 2020-07-30 18:59:27 --> Session: Class initialized using 'CodeIgniter\Session\Handlers\FileHandler' driver.
INFO - 2020-07-30 18:59:27 --> Controller "App\Controllers\Order" loaded.
INFO - 2020-07-30 18:59:28 --> Session: Class initialized using 'CodeIgniter\Session\Handlers\FileHandler' driver.
INFO - 2020-07-30 18:59:28 --> Controller "App\Controllers\Order" loaded.
INFO - 2020-07-30 18:59:29 --> Session: Class initialized using 'CodeIgniter\Session\Handlers\FileHandler' driver.
INFO - 2020-07-30 18:59:29 --> Controller "App\Controllers\Order" loaded.
INFO - 2020-07-30 18:59:29 --> Session: Class initialized using 'CodeIgniter\Session\Handlers\FileHandler' driver.
INFO - 2020-07-30 18:59:29 --> Controller "App\Controllers\Order" loaded.
INFO - 2020-07-30 18:59:34 --> Session: Class initialized using 'CodeIgniter\Session\Handlers\FileHandler' driver.
INFO - 2020-07-30 18:59:34 --> Controller "App\Controllers\Order" loaded.
INFO - 2020-07-30 18:59:34 --> Session: Class initialized using 'CodeIgniter\Session\Handlers\FileHandler' driver.
INFO - 2020-07-30 18:59:34 --> Controller "App\Controllers\Order" loaded.
INFO - 2020-07-30 18:59:34 --> Controller "App\Controllers\Beranda" loaded.
INFO - 2020-07-30 18:59:34 --> Session: Class initialized using 'CodeIgniter\Session\Handlers\FileHandler' driver.
INFO - 2020-07-30 18:59:34 --> Controller "App\Controllers\Order" loaded.
INFO - 2020-07-30 18:59:34 --> Controller "App\Controllers\Beranda" loaded.
INFO - 2020-07-30 18:59:34 --> Session: Class initialized using 'CodeIgniter\Session\Handlers\FileHandler' driver.
INFO - 2020-07-30 18:59:34 --> Controller "App\Controllers\Order" loaded.
INFO - 2020-07-30 18:59:34 --> Controller "App\Controllers\Beranda" loaded.
INFO - 2020-07-30 18:59:34 --> Session: Class initialized using 'CodeIgniter\Session\Handlers\FileHandler' driver.
INFO - 2020-07-30 18:59:34 --> Controller "App\Controllers\Order" loaded.
INFO - 2020-07-30 18:59:34 --> Controller "App\Controllers\Beranda" loaded.
INFO - 2020-07-30 18:59:34 --> Session: Class initialized using 'CodeIgniter\Session\Handlers\FileHandler' driver.
INFO - 2020-07-30 18:59:34 --> Controller "App\Controllers\Order" loaded.
INFO - 2020-07-30 18:59:34 --> Controller "App\Controllers\Beranda" loaded.
INFO - 2020-07-30 18:59:34 --> Session: Class initialized using 'CodeIgniter\Session\Handlers\FileHandler' driver.
INFO - 2020-07-30 18:59:34 --> Controller "App\Controllers\Order" loaded.
INFO - 2020-07-30 18:59:34 --> Controller "App\Controllers\Beranda" loaded.
INFO - 2020-07-30 18:59:34 --> Session: Class initialized using 'CodeIgniter\Session\Handlers\FileHandler' driver.
INFO - 2020-07-30 18:59:34 --> Controller "App\Controllers\Order" loaded.
INFO - 2020-07-30 18:59:34 --> Controller "App\Controllers\Beranda" loaded.
INFO - 2020-07-30 18:59:34 --> Session: Class initialized using 'CodeIgniter\Session\Handlers\FileHandler' driver.
INFO - 2020-07-30 18:59:34 --> Controller "App\Controllers\Order" loaded.
INFO - 2020-07-30 18:59:35 --> Controller "App\Controllers\Beranda" loaded.
INFO - 2020-07-30 18:59:35 --> Session: Class initialized using 'CodeIgniter\Session\Handlers\FileHandler' driver.
INFO - 2020-07-30 18:59:35 --> Controller "App\Controllers\Order" loaded.
INFO - 2020-07-30 18:59:35 --> Controller "App\Controllers\Beranda" loaded.
INFO - 2020-07-30 18:59:35 --> Session: Class initialized using 'CodeIgniter\Session\Handlers\FileHandler' driver.
INFO - 2020-07-30 18:59:35 --> Controller "App\Controllers\Order" loaded.
INFO - 2020-07-30 18:59:35 --> Controller "App\Controllers\Beranda" loaded.
INFO - 2020-07-30 18:59:35 --> Session: Class initialized using 'CodeIgniter\Session\Handlers\FileHandler' driver.
INFO - 2020-07-30 18:59:35 --> Controller "App\Controllers\Order" loaded.
INFO - 2020-07-30 18:59:37 --> Session: Class initialized using 'CodeIgniter\Session\Handlers\FileHandler' driver.
INFO - 2020-07-30 18:59:37 --> Controller "App\Controllers\Order" loaded.
INFO - 2020-07-30 18:59:40 --> Session: Class initialized using 'CodeIgniter\Session\Handlers\FileHandler' driver.
INFO - 2020-07-30 18:59:40 --> Controller "App\Controllers\Order" loaded.
INFO - 2020-07-30 19:00:05 --> Controller "App\Controllers\Beranda" loaded.
INFO - 2020-07-30 19:02:25 --> Session: Class initialized using 'CodeIgniter\Session\Handlers\FileHandler' driver.
INFO - 2020-07-30 19:02:25 --> Controller "App\Controllers\Order" loaded.
INFO - 2020-07-30 19:02:28 --> Session: Class initialized using 'CodeIgniter\Session\Handlers\FileHandler' driver.
INFO - 2020-07-30 19:02:28 --> Controller "App\Controllers\Order" loaded.
INFO - 2020-07-30 19:02:28 --> Controller "App\Controllers\Beranda" loaded.
INFO - 2020-07-30 19:02:31 --> Controller "App\Controllers\Beranda" loaded.
INFO - 2020-07-30 19:02:32 --> Session: Class initialized using 'CodeIgniter\Session\Handlers\FileHandler' driver.
INFO - 2020-07-30 19:02:33 --> Controller "App\Controllers\Order" loaded.
INFO - 2020-07-30 19:02:33 --> Session: Class initialized using 'CodeIgniter\Session\Handlers\FileHandler' driver.
INFO - 2020-07-30 19:02:33 --> Controller "App\Controllers\Order" loaded.
INFO - 2020-07-30 19:02:33 --> Session: Class initialized using 'CodeIgniter\Session\Handlers\FileHandler' driver.
INFO - 2020-07-30 19:02:33 --> Controller "App\Controllers\Order" loaded.
INFO - 2020-07-30 19:02:33 --> Session: Class initialized using 'CodeIgniter\Session\Handlers\FileHandler' driver.
INFO - 2020-07-30 19:02:33 --> Controller "App\Controllers\Order" loaded.
INFO - 2020-07-30 19:02:33 --> Session: Class initialized using 'CodeIgniter\Session\Handlers\FileHandler' driver.
INFO - 2020-07-30 19:02:33 --> Controller "App\Controllers\Order" loaded.
INFO - 2020-07-30 19:02:33 --> Session: Class initialized using 'CodeIgniter\Session\Handlers\FileHandler' driver.
INFO - 2020-07-30 19:02:33 --> Controller "App\Controllers\Order" loaded.
INFO - 2020-07-30 19:02:34 --> Session: Class initialized using 'CodeIgniter\Session\Handlers\FileHandler' driver.
INFO - 2020-07-30 19:02:34 --> Controller "App\Controllers\Order" loaded.
INFO - 2020-07-30 19:02:34 --> Session: Class initialized using 'CodeIgniter\Session\Handlers\FileHandler' driver.
INFO - 2020-07-30 19:02:34 --> Controller "App\Controllers\Order" loaded.
INFO - 2020-07-30 19:02:35 --> Session: Class initialized using 'CodeIgniter\Session\Handlers\FileHandler' driver.
INFO - 2020-07-30 19:02:35 --> Controller "App\Controllers\Order" loaded.
INFO - 2020-07-30 19:02:35 --> Session: Class initialized using 'CodeIgniter\Session\Handlers\FileHandler' driver.
INFO - 2020-07-30 19:02:35 --> Controller "App\Controllers\Order" loaded.
INFO - 2020-07-30 19:02:40 --> Session: Class initialized using 'CodeIgniter\Session\Handlers\FileHandler' driver.
INFO - 2020-07-30 19:02:40 --> Controller "App\Controllers\Order" loaded.
INFO - 2020-07-30 19:02:40 --> Session: Class initialized using 'CodeIgniter\Session\Handlers\FileHandler' driver.
INFO - 2020-07-30 19:02:40 --> Controller "App\Controllers\Order" loaded.
INFO - 2020-07-30 19:02:40 --> Session: Class initialized using 'CodeIgniter\Session\Handlers\FileHandler' driver.
INFO - 2020-07-30 19:02:40 --> Controller "App\Controllers\Order" loaded.
INFO - 2020-07-30 19:02:40 --> Session: Class initialized using 'CodeIgniter\Session\Handlers\FileHandler' driver.
INFO - 2020-07-30 19:02:40 --> Controller "App\Controllers\Order" loaded.
INFO - 2020-07-30 19:02:40 --> Session: Class initialized using 'CodeIgniter\Session\Handlers\FileHandler' driver.
INFO - 2020-07-30 19:02:40 --> Controller "App\Controllers\Order" loaded.
INFO - 2020-07-30 19:02:40 --> Session: Class initialized using 'CodeIgniter\Session\Handlers\FileHandler' driver.
INFO - 2020-07-30 19:02:40 --> Controller "App\Controllers\Order" loaded.
INFO - 2020-07-30 19:02:40 --> Session: Class initialized using 'CodeIgniter\Session\Handlers\FileHandler' driver.
INFO - 2020-07-30 19:02:40 --> Controller "App\Controllers\Order" loaded.
INFO - 2020-07-30 19:02:40 --> Session: Class initialized using 'CodeIgniter\Session\Handlers\FileHandler' driver.
INFO - 2020-07-30 19:02:40 --> Controller "App\Controllers\Order" loaded.
INFO - 2020-07-30 19:02:41 --> Session: Class initialized using 'CodeIgniter\Session\Handlers\FileHandler' driver.
INFO - 2020-07-30 19:02:41 --> Controller "App\Controllers\Order" loaded.
INFO - 2020-07-30 19:02:41 --> Session: Class initialized using 'CodeIgniter\Session\Handlers\FileHandler' driver.
INFO - 2020-07-30 19:02:41 --> Controller "App\Controllers\Order" loaded.
INFO - 2020-07-30 19:02:41 --> Session: Class initialized using 'CodeIgniter\Session\Handlers\FileHandler' driver.
INFO - 2020-07-30 19:02:41 --> Controller "App\Controllers\Order" loaded.
INFO - 2020-07-30 19:02:41 --> Session: Class initialized using 'CodeIgniter\Session\Handlers\FileHandler' driver.
INFO - 2020-07-30 19:02:41 --> Controller "App\Controllers\Order" loaded.
INFO - 2020-07-30 19:02:44 --> Session: Class initialized using 'CodeIgniter\Session\Handlers\FileHandler' driver.
INFO - 2020-07-30 19:02:44 --> Controller "App\Controllers\Order" loaded.
INFO - 2020-07-30 19:03:33 --> Session: Class initialized using 'CodeIgniter\Session\Handlers\FileHandler' driver.
INFO - 2020-07-30 19:03:33 --> Controller "App\Controllers\Order" loaded.
INFO - 2020-07-30 19:03:42 --> Session: Class initialized using 'CodeIgniter\Session\Handlers\FileHandler' driver.
INFO - 2020-07-30 19:03:42 --> Controller "App\Controllers\Order" loaded.
CRITICAL - 2020-07-30 19:03:42 --> The original file is not a valid file.
#0 /var/www/html/akadkufix/system/HTTP/Files/UploadedFile.php(172): CodeIgniter\HTTP\Exceptions\HTTPException::forInvalidFile()
#1 /var/www/html/akadkufix/app/Controllers/Order.php(358): CodeIgniter\HTTP\Files\UploadedFile->move('assets/users/du...', 'album6.png')
#2 /var/www/html/akadkufix/system/CodeIgniter.php(910): App\Controllers\Order->fileUpload()
#3 /var/www/html/akadkufix/system/CodeIgniter.php(398): CodeIgniter\CodeIgniter->runController(Object(App\Controllers\Order))
#4 /var/www/html/akadkufix/system/CodeIgniter.php(306): CodeIgniter\CodeIgniter->handleRequest(NULL, Object(Config\Cache), false)
#5 /var/www/html/akadkufix/index.php(45): CodeIgniter\CodeIgniter->run()
#6 {main}
INFO - 2020-07-30 19:03:53 --> Session: Class initialized using 'CodeIgniter\Session\Handlers\FileHandler' driver.
INFO - 2020-07-30 19:03:53 --> Controller "App\Controllers\Order" loaded.
INFO - 2020-07-30 19:03:57 --> Session: Class initialized using 'CodeIgniter\Session\Handlers\FileHandler' driver.
INFO - 2020-07-30 19:03:57 --> Controller "App\Controllers\Order" loaded.
INFO - 2020-07-30 19:08:42 --> Session: Class initialized using 'CodeIgniter\Session\Handlers\FileHandler' driver.
INFO - 2020-07-30 19:08:42 --> Controller "App\Controllers\Order" loaded.
INFO - 2020-07-30 19:08:45 --> Controller "App\Controllers\Beranda" loaded.
INFO - 2020-07-30 19:08:46 --> Session: Class initialized using 'CodeIgniter\Session\Handlers\FileHandler' driver.
INFO - 2020-07-30 19:08:46 --> Controller "App\Controllers\Order" loaded.
INFO - 2020-07-30 19:09:09 --> Session: Class initialized using 'CodeIgniter\Session\Handlers\FileHandler' driver.
INFO - 2020-07-30 19:09:09 --> Controller "App\Controllers\Order" loaded.
INFO - 2020-07-30 19:09:09 --> Session: Class initialized using 'CodeIgniter\Session\Handlers\FileHandler' driver.
INFO - 2020-07-30 19:09:09 --> Controller "App\Controllers\Order" loaded.
INFO - 2020-07-30 19:09:09 --> Session: Class initialized using 'CodeIgniter\Session\Handlers\FileHandler' driver.
INFO - 2020-07-30 19:09:09 --> Controller "App\Controllers\Order" loaded.
INFO - 2020-07-30 19:09:09 --> Session: Class initialized using 'CodeIgniter\Session\Handlers\FileHandler' driver.
INFO - 2020-07-30 19:09:09 --> Controller "App\Controllers\Order" loaded.
INFO - 2020-07-30 19:09:10 --> Session: Class initialized using 'CodeIgniter\Session\Handlers\FileHandler' driver.
INFO - 2020-07-30 19:09:10 --> Controller "App\Controllers\Order" loaded.
INFO - 2020-07-30 19:09:10 --> Session: Class initialized using 'CodeIgniter\Session\Handlers\FileHandler' driver.
INFO - 2020-07-30 19:09:10 --> Controller "App\Controllers\Order" loaded.
INFO - 2020-07-30 19:09:10 --> Session: Class initialized using 'CodeIgniter\Session\Handlers\FileHandler' driver.
INFO - 2020-07-30 19:09:10 --> Controller "App\Controllers\Order" loaded.
INFO - 2020-07-30 19:09:19 --> Session: Class initialized using 'CodeIgniter\Session\Handlers\FileHandler' driver.
INFO - 2020-07-30 19:09:19 --> Controller "App\Controllers\Order" loaded.
INFO - 2020-07-30 19:09:19 --> Session: Class initialized using 'CodeIgniter\Session\Handlers\FileHandler' driver.
INFO - 2020-07-30 19:09:19 --> Controller "App\Controllers\Order" loaded.
INFO - 2020-07-30 19:09:19 --> Session: Class initialized using 'CodeIgniter\Session\Handlers\FileHandler' driver.
INFO - 2020-07-30 19:09:19 --> Controller "App\Controllers\Order" loaded.
INFO - 2020-07-30 19:09:23 --> Session: Class initialized using 'CodeIgniter\Session\Handlers\FileHandler' driver.
INFO - 2020-07-30 19:09:23 --> Controller "App\Controllers\Order" loaded.
INFO - 2020-07-30 19:09:27 --> Session: Class initialized using 'CodeIgniter\Session\Handlers\FileHandler' driver.
INFO - 2020-07-30 19:09:27 --> Controller "App\Controllers\Order" loaded.
INFO - 2020-07-30 19:09:28 --> Session: Class initialized using 'CodeIgniter\Session\Handlers\FileHandler' driver.
INFO - 2020-07-30 19:09:28 --> Controller "App\Controllers\Order" loaded.
INFO - 2020-07-30 19:09:58 --> Session: Class initialized using 'CodeIgniter\Session\Handlers\FileHandler' driver.
INFO - 2020-07-30 19:09:58 --> Controller "App\Controllers\Order" loaded.
