INFO - 2020-04-03 04:11:24 --> Session: Class initialized using 'CodeIgniter\Session\Handlers\FileHandler' driver.
INFO - 2020-04-03 04:11:24 --> Controller "App\Controllers\Order" loaded.
INFO - 2020-04-03 04:11:24 --> Session: Class initialized using 'CodeIgniter\Session\Handlers\FileHandler' driver.
INFO - 2020-04-03 04:11:24 --> Controller "App\Controllers\Order" loaded.
INFO - 2020-04-03 04:11:29 --> Session: Class initialized using 'CodeIgniter\Session\Handlers\FileHandler' driver.
INFO - 2020-04-03 04:11:29 --> Controller "App\Controllers\Order" loaded.
INFO - 2020-04-03 04:11:43 --> Session: Class initialized using 'CodeIgniter\Session\Handlers\FileHandler' driver.
INFO - 2020-04-03 04:11:43 --> Controller "App\Controllers\Order" loaded.
INFO - 2020-04-03 04:11:46 --> Session: Class initialized using 'CodeIgniter\Session\Handlers\FileHandler' driver.
INFO - 2020-04-03 04:11:46 --> Controller "App\Controllers\Order" loaded.
INFO - 2020-04-03 04:11:46 --> Session: Class initialized using 'CodeIgniter\Session\Handlers\FileHandler' driver.
INFO - 2020-04-03 04:11:46 --> Controller "App\Controllers\Order" loaded.
INFO - 2020-04-03 04:11:51 --> Session: Class initialized using 'CodeIgniter\Session\Handlers\FileHandler' driver.
INFO - 2020-04-03 04:11:51 --> Controller "App\Controllers\Order" loaded.
INFO - 2020-04-03 04:12:31 --> Session: Class initialized using 'CodeIgniter\Session\Handlers\FileHandler' driver.
INFO - 2020-04-03 04:12:31 --> Controller "App\Controllers\Order" loaded.
INFO - 2020-04-03 04:12:35 --> Session: Class initialized using 'CodeIgniter\Session\Handlers\FileHandler' driver.
INFO - 2020-04-03 04:12:35 --> Controller "App\Controllers\Order" loaded.
INFO - 2020-04-03 04:14:15 --> Session: Class initialized using 'CodeIgniter\Session\Handlers\FileHandler' driver.
INFO - 2020-04-03 04:14:15 --> Controller "App\Controllers\Order" loaded.
INFO - 2020-04-03 04:14:25 --> Session: Class initialized using 'CodeIgniter\Session\Handlers\FileHandler' driver.
INFO - 2020-04-03 04:14:25 --> Controller "App\Controllers\Order" loaded.
INFO - 2020-04-03 04:14:39 --> Session: Class initialized using 'CodeIgniter\Session\Handlers\FileHandler' driver.
INFO - 2020-04-03 04:14:39 --> Controller "App\Controllers\Order" loaded.
INFO - 2020-04-03 04:14:42 --> Session: Class initialized using 'CodeIgniter\Session\Handlers\FileHandler' driver.
INFO - 2020-04-03 04:14:42 --> Controller "App\Controllers\Order" loaded.
INFO - 2020-04-03 04:14:42 --> Session: Class initialized using 'CodeIgniter\Session\Handlers\FileHandler' driver.
INFO - 2020-04-03 04:14:42 --> Controller "App\Controllers\Order" loaded.
INFO - 2020-04-03 04:14:49 --> Session: Class initialized using 'CodeIgniter\Session\Handlers\FileHandler' driver.
INFO - 2020-04-03 04:14:49 --> Controller "App\Controllers\Order" loaded.
INFO - 2020-04-03 04:14:51 --> Session: Class initialized using 'CodeIgniter\Session\Handlers\FileHandler' driver.
INFO - 2020-04-03 04:14:51 --> Controller "App\Controllers\Order" loaded.
INFO - 2020-04-03 04:14:51 --> Session: Class initialized using 'CodeIgniter\Session\Handlers\FileHandler' driver.
INFO - 2020-04-03 04:14:51 --> Controller "App\Controllers\Order" loaded.
INFO - 2020-04-03 04:14:56 --> Session: Class initialized using 'CodeIgniter\Session\Handlers\FileHandler' driver.
INFO - 2020-04-03 04:14:56 --> Controller "App\Controllers\Order" loaded.
INFO - 2020-04-03 04:14:58 --> Session: Class initialized using 'CodeIgniter\Session\Handlers\FileHandler' driver.
INFO - 2020-04-03 04:14:58 --> Controller "App\Controllers\Order" loaded.
INFO - 2020-04-03 04:14:58 --> Session: Class initialized using 'CodeIgniter\Session\Handlers\FileHandler' driver.
INFO - 2020-04-03 04:14:58 --> Controller "App\Controllers\Order" loaded.
INFO - 2020-04-03 04:15:27 --> Session: Class initialized using 'CodeIgniter\Session\Handlers\FileHandler' driver.
INFO - 2020-04-03 04:15:27 --> Controller "App\Controllers\Order" loaded.
INFO - 2020-04-03 04:15:29 --> Session: Class initialized using 'CodeIgniter\Session\Handlers\FileHandler' driver.
INFO - 2020-04-03 04:15:29 --> Controller "App\Controllers\Order" loaded.
INFO - 2020-04-03 04:15:29 --> Session: Class initialized using 'CodeIgniter\Session\Handlers\FileHandler' driver.
INFO - 2020-04-03 04:15:29 --> Controller "App\Controllers\Order" loaded.
INFO - 2020-04-03 04:18:24 --> Session: Class initialized using 'CodeIgniter\Session\Handlers\FileHandler' driver.
INFO - 2020-04-03 04:18:24 --> Controller "App\Controllers\Order" loaded.
INFO - 2020-04-03 04:48:39 --> Session: Class initialized using 'CodeIgniter\Session\Handlers\FileHandler' driver.
INFO - 2020-04-03 04:48:39 --> Controller "App\Controllers\Order" loaded.
INFO - 2020-04-03 04:48:49 --> Session: Class initialized using 'CodeIgniter\Session\Handlers\FileHandler' driver.
INFO - 2020-04-03 04:48:49 --> Controller "App\Controllers\Order" loaded.
INFO - 2020-04-03 04:48:49 --> Session: Class initialized using 'CodeIgniter\Session\Handlers\FileHandler' driver.
INFO - 2020-04-03 04:48:49 --> Controller "App\Controllers\Order" loaded.
INFO - 2020-04-03 04:48:49 --> Session: Class initialized using 'CodeIgniter\Session\Handlers\FileHandler' driver.
INFO - 2020-04-03 04:48:49 --> Controller "App\Controllers\Order" loaded.
INFO - 2020-04-03 04:48:49 --> Session: Class initialized using 'CodeIgniter\Session\Handlers\FileHandler' driver.
INFO - 2020-04-03 04:48:49 --> Controller "App\Controllers\Order" loaded.
INFO - 2020-04-03 04:48:50 --> Session: Class initialized using 'CodeIgniter\Session\Handlers\FileHandler' driver.
INFO - 2020-04-03 04:48:50 --> Controller "App\Controllers\Order" loaded.
INFO - 2020-04-03 04:48:50 --> Session: Class initialized using 'CodeIgniter\Session\Handlers\FileHandler' driver.
INFO - 2020-04-03 04:48:50 --> Controller "App\Controllers\Order" loaded.
INFO - 2020-04-03 04:48:52 --> Session: Class initialized using 'CodeIgniter\Session\Handlers\FileHandler' driver.
INFO - 2020-04-03 04:48:52 --> Controller "App\Controllers\Order" loaded.
INFO - 2020-04-03 04:48:52 --> Session: Class initialized using 'CodeIgniter\Session\Handlers\FileHandler' driver.
INFO - 2020-04-03 04:48:52 --> Controller "App\Controllers\Order" loaded.
INFO - 2020-04-03 04:48:56 --> Session: Class initialized using 'CodeIgniter\Session\Handlers\FileHandler' driver.
INFO - 2020-04-03 04:48:56 --> Controller "App\Controllers\Order" loaded.
INFO - 2020-04-03 04:48:57 --> Session: Class initialized using 'CodeIgniter\Session\Handlers\FileHandler' driver.
INFO - 2020-04-03 04:48:57 --> Controller "App\Controllers\Order" loaded.
INFO - 2020-04-03 04:49:05 --> Session: Class initialized using 'CodeIgniter\Session\Handlers\FileHandler' driver.
INFO - 2020-04-03 04:49:05 --> Controller "App\Controllers\Order" loaded.
INFO - 2020-04-03 04:49:05 --> Session: Class initialized using 'CodeIgniter\Session\Handlers\FileHandler' driver.
INFO - 2020-04-03 04:49:05 --> Controller "App\Controllers\Order" loaded.
INFO - 2020-04-03 04:49:21 --> Session: Class initialized using 'CodeIgniter\Session\Handlers\FileHandler' driver.
INFO - 2020-04-03 04:49:21 --> Controller "App\Controllers\Order" loaded.
INFO - 2020-04-03 04:49:21 --> Session: Class initialized using 'CodeIgniter\Session\Handlers\FileHandler' driver.
INFO - 2020-04-03 04:49:21 --> Controller "App\Controllers\Order" loaded.
INFO - 2020-04-03 04:49:22 --> Session: Class initialized using 'CodeIgniter\Session\Handlers\FileHandler' driver.
INFO - 2020-04-03 04:49:22 --> Controller "App\Controllers\Order" loaded.
INFO - 2020-04-03 04:49:22 --> Session: Class initialized using 'CodeIgniter\Session\Handlers\FileHandler' driver.
INFO - 2020-04-03 04:49:22 --> Controller "App\Controllers\Order" loaded.
INFO - 2020-04-03 04:49:23 --> Session: Class initialized using 'CodeIgniter\Session\Handlers\FileHandler' driver.
INFO - 2020-04-03 04:49:23 --> Controller "App\Controllers\Order" loaded.
INFO - 2020-04-03 04:49:23 --> Session: Class initialized using 'CodeIgniter\Session\Handlers\FileHandler' driver.
INFO - 2020-04-03 04:49:23 --> Controller "App\Controllers\Order" loaded.
INFO - 2020-04-03 04:49:25 --> Session: Class initialized using 'CodeIgniter\Session\Handlers\FileHandler' driver.
INFO - 2020-04-03 04:49:25 --> Controller "App\Controllers\Order" loaded.
INFO - 2020-04-03 04:49:25 --> Session: Class initialized using 'CodeIgniter\Session\Handlers\FileHandler' driver.
INFO - 2020-04-03 04:49:25 --> Controller "App\Controllers\Order" loaded.
INFO - 2020-04-03 04:49:29 --> Session: Class initialized using 'CodeIgniter\Session\Handlers\FileHandler' driver.
INFO - 2020-04-03 04:49:29 --> Controller "App\Controllers\Order" loaded.
INFO - 2020-04-03 04:49:29 --> Session: Class initialized using 'CodeIgniter\Session\Handlers\FileHandler' driver.
INFO - 2020-04-03 04:49:29 --> Controller "App\Controllers\Order" loaded.
INFO - 2020-04-03 04:49:34 --> Session: Class initialized using 'CodeIgniter\Session\Handlers\FileHandler' driver.
INFO - 2020-04-03 04:49:34 --> Controller "App\Controllers\Order" loaded.
INFO - 2020-04-03 04:50:16 --> Session: Class initialized using 'CodeIgniter\Session\Handlers\FileHandler' driver.
INFO - 2020-04-03 04:50:16 --> Controller "App\Controllers\Order" loaded.
INFO - 2020-04-03 04:50:16 --> Session: Class initialized using 'CodeIgniter\Session\Handlers\FileHandler' driver.
INFO - 2020-04-03 04:50:16 --> Controller "App\Controllers\Order" loaded.
INFO - 2020-04-03 04:50:16 --> Session: Class initialized using 'CodeIgniter\Session\Handlers\FileHandler' driver.
INFO - 2020-04-03 04:50:16 --> Controller "App\Controllers\Order" loaded.
INFO - 2020-04-03 04:50:16 --> Session: Class initialized using 'CodeIgniter\Session\Handlers\FileHandler' driver.
INFO - 2020-04-03 04:50:16 --> Controller "App\Controllers\Order" loaded.
INFO - 2020-04-03 04:50:17 --> Session: Class initialized using 'CodeIgniter\Session\Handlers\FileHandler' driver.
INFO - 2020-04-03 04:50:17 --> Controller "App\Controllers\Order" loaded.
INFO - 2020-04-03 04:50:17 --> Session: Class initialized using 'CodeIgniter\Session\Handlers\FileHandler' driver.
INFO - 2020-04-03 04:50:17 --> Controller "App\Controllers\Order" loaded.
INFO - 2020-04-03 04:50:19 --> Session: Class initialized using 'CodeIgniter\Session\Handlers\FileHandler' driver.
INFO - 2020-04-03 04:50:19 --> Controller "App\Controllers\Order" loaded.
INFO - 2020-04-03 04:50:19 --> Session: Class initialized using 'CodeIgniter\Session\Handlers\FileHandler' driver.
INFO - 2020-04-03 04:50:19 --> Controller "App\Controllers\Order" loaded.
INFO - 2020-04-03 04:50:24 --> Session: Class initialized using 'CodeIgniter\Session\Handlers\FileHandler' driver.
INFO - 2020-04-03 04:50:24 --> Controller "App\Controllers\Order" loaded.
INFO - 2020-04-03 04:50:24 --> Session: Class initialized using 'CodeIgniter\Session\Handlers\FileHandler' driver.
INFO - 2020-04-03 04:50:24 --> Controller "App\Controllers\Order" loaded.
INFO - 2020-04-03 04:50:32 --> Session: Class initialized using 'CodeIgniter\Session\Handlers\FileHandler' driver.
INFO - 2020-04-03 04:50:32 --> Controller "App\Controllers\Order" loaded.
INFO - 2020-04-03 04:50:32 --> Session: Class initialized using 'CodeIgniter\Session\Handlers\FileHandler' driver.
INFO - 2020-04-03 04:50:32 --> Controller "App\Controllers\Order" loaded.
INFO - 2020-04-03 04:52:27 --> Session: Class initialized using 'CodeIgniter\Session\Handlers\FileHandler' driver.
INFO - 2020-04-03 04:52:27 --> Controller "App\Controllers\Order" loaded.
INFO - 2020-04-03 04:52:27 --> Session: Class initialized using 'CodeIgniter\Session\Handlers\FileHandler' driver.
INFO - 2020-04-03 04:52:27 --> Controller "App\Controllers\Order" loaded.
INFO - 2020-04-03 04:52:27 --> Session: Class initialized using 'CodeIgniter\Session\Handlers\FileHandler' driver.
INFO - 2020-04-03 04:52:27 --> Controller "App\Controllers\Order" loaded.
INFO - 2020-04-03 04:52:27 --> Session: Class initialized using 'CodeIgniter\Session\Handlers\FileHandler' driver.
INFO - 2020-04-03 04:52:27 --> Controller "App\Controllers\Order" loaded.
INFO - 2020-04-03 04:52:30 --> Session: Class initialized using 'CodeIgniter\Session\Handlers\FileHandler' driver.
INFO - 2020-04-03 04:52:30 --> Controller "App\Controllers\Order" loaded.
INFO - 2020-04-03 04:52:30 --> Session: Class initialized using 'CodeIgniter\Session\Handlers\FileHandler' driver.
INFO - 2020-04-03 04:52:30 --> Controller "App\Controllers\Order" loaded.
INFO - 2020-04-03 04:52:36 --> Session: Class initialized using 'CodeIgniter\Session\Handlers\FileHandler' driver.
INFO - 2020-04-03 04:52:36 --> Controller "App\Controllers\Order" loaded.
INFO - 2020-04-03 04:52:36 --> Session: Class initialized using 'CodeIgniter\Session\Handlers\FileHandler' driver.
INFO - 2020-04-03 04:52:36 --> Controller "App\Controllers\Order" loaded.
INFO - 2020-04-03 04:52:37 --> Session: Class initialized using 'CodeIgniter\Session\Handlers\FileHandler' driver.
INFO - 2020-04-03 04:52:37 --> Controller "App\Controllers\Order" loaded.
INFO - 2020-04-03 04:52:37 --> Session: Class initialized using 'CodeIgniter\Session\Handlers\FileHandler' driver.
INFO - 2020-04-03 04:52:37 --> Controller "App\Controllers\Order" loaded.
INFO - 2020-04-03 04:52:38 --> Session: Class initialized using 'CodeIgniter\Session\Handlers\FileHandler' driver.
INFO - 2020-04-03 04:52:38 --> Controller "App\Controllers\Order" loaded.
INFO - 2020-04-03 04:52:38 --> Session: Class initialized using 'CodeIgniter\Session\Handlers\FileHandler' driver.
INFO - 2020-04-03 04:52:38 --> Controller "App\Controllers\Order" loaded.
INFO - 2020-04-03 04:52:40 --> Session: Class initialized using 'CodeIgniter\Session\Handlers\FileHandler' driver.
INFO - 2020-04-03 04:52:40 --> Controller "App\Controllers\Order" loaded.
INFO - 2020-04-03 04:52:40 --> Session: Class initialized using 'CodeIgniter\Session\Handlers\FileHandler' driver.
INFO - 2020-04-03 04:52:40 --> Controller "App\Controllers\Order" loaded.
INFO - 2020-04-03 04:52:44 --> Session: Class initialized using 'CodeIgniter\Session\Handlers\FileHandler' driver.
INFO - 2020-04-03 04:52:44 --> Controller "App\Controllers\Order" loaded.
INFO - 2020-04-03 04:52:44 --> Session: Class initialized using 'CodeIgniter\Session\Handlers\FileHandler' driver.
INFO - 2020-04-03 04:52:44 --> Controller "App\Controllers\Order" loaded.
INFO - 2020-04-03 04:52:52 --> Session: Class initialized using 'CodeIgniter\Session\Handlers\FileHandler' driver.
INFO - 2020-04-03 04:52:52 --> Controller "App\Controllers\Order" loaded.
INFO - 2020-04-03 04:52:52 --> Session: Class initialized using 'CodeIgniter\Session\Handlers\FileHandler' driver.
INFO - 2020-04-03 04:52:52 --> Controller "App\Controllers\Order" loaded.
INFO - 2020-04-03 04:55:32 --> Session: Class initialized using 'CodeIgniter\Session\Handlers\FileHandler' driver.
INFO - 2020-04-03 04:55:32 --> Controller "App\Controllers\Order" loaded.
INFO - 2020-04-03 04:55:32 --> Session: Class initialized using 'CodeIgniter\Session\Handlers\FileHandler' driver.
INFO - 2020-04-03 04:55:32 --> Controller "App\Controllers\Order" loaded.
INFO - 2020-04-03 04:55:33 --> Session: Class initialized using 'CodeIgniter\Session\Handlers\FileHandler' driver.
INFO - 2020-04-03 04:55:33 --> Controller "App\Controllers\Order" loaded.
INFO - 2020-04-03 04:55:33 --> Session: Class initialized using 'CodeIgniter\Session\Handlers\FileHandler' driver.
INFO - 2020-04-03 04:55:33 --> Controller "App\Controllers\Order" loaded.
INFO - 2020-04-03 04:55:34 --> Session: Class initialized using 'CodeIgniter\Session\Handlers\FileHandler' driver.
INFO - 2020-04-03 04:55:34 --> Controller "App\Controllers\Order" loaded.
INFO - 2020-04-03 04:55:34 --> Session: Class initialized using 'CodeIgniter\Session\Handlers\FileHandler' driver.
INFO - 2020-04-03 04:55:34 --> Controller "App\Controllers\Order" loaded.
INFO - 2020-04-03 04:55:36 --> Session: Class initialized using 'CodeIgniter\Session\Handlers\FileHandler' driver.
INFO - 2020-04-03 04:55:36 --> Controller "App\Controllers\Order" loaded.
INFO - 2020-04-03 04:55:36 --> Session: Class initialized using 'CodeIgniter\Session\Handlers\FileHandler' driver.
INFO - 2020-04-03 04:55:36 --> Controller "App\Controllers\Order" loaded.
INFO - 2020-04-03 04:55:40 --> Session: Class initialized using 'CodeIgniter\Session\Handlers\FileHandler' driver.
INFO - 2020-04-03 04:55:40 --> Controller "App\Controllers\Order" loaded.
INFO - 2020-04-03 04:55:40 --> Session: Class initialized using 'CodeIgniter\Session\Handlers\FileHandler' driver.
INFO - 2020-04-03 04:55:40 --> Controller "App\Controllers\Order" loaded.
INFO - 2020-04-03 04:55:48 --> Session: Class initialized using 'CodeIgniter\Session\Handlers\FileHandler' driver.
INFO - 2020-04-03 04:55:48 --> Controller "App\Controllers\Order" loaded.
INFO - 2020-04-03 04:55:48 --> Session: Class initialized using 'CodeIgniter\Session\Handlers\FileHandler' driver.
INFO - 2020-04-03 04:55:48 --> Controller "App\Controllers\Order" loaded.
INFO - 2020-04-03 04:58:01 --> Session: Class initialized using 'CodeIgniter\Session\Handlers\FileHandler' driver.
INFO - 2020-04-03 04:58:01 --> Controller "App\Controllers\Order" loaded.
INFO - 2020-04-03 04:58:01 --> Session: Class initialized using 'CodeIgniter\Session\Handlers\FileHandler' driver.
INFO - 2020-04-03 04:58:01 --> Controller "App\Controllers\Order" loaded.
INFO - 2020-04-03 04:58:01 --> Session: Class initialized using 'CodeIgniter\Session\Handlers\FileHandler' driver.
INFO - 2020-04-03 04:58:01 --> Controller "App\Controllers\Order" loaded.
INFO - 2020-04-03 04:58:01 --> Session: Class initialized using 'CodeIgniter\Session\Handlers\FileHandler' driver.
INFO - 2020-04-03 04:58:01 --> Controller "App\Controllers\Order" loaded.
INFO - 2020-04-03 04:59:42 --> Session: Class initialized using 'CodeIgniter\Session\Handlers\FileHandler' driver.
INFO - 2020-04-03 04:59:42 --> Controller "App\Controllers\Order" loaded.
INFO - 2020-04-03 04:59:50 --> Session: Class initialized using 'CodeIgniter\Session\Handlers\FileHandler' driver.
INFO - 2020-04-03 04:59:50 --> Controller "App\Controllers\Order" loaded.
INFO - 2020-04-03 04:59:50 --> Session: Class initialized using 'CodeIgniter\Session\Handlers\FileHandler' driver.
INFO - 2020-04-03 04:59:50 --> Controller "App\Controllers\Order" loaded.
INFO - 2020-04-03 04:59:51 --> Session: Class initialized using 'CodeIgniter\Session\Handlers\FileHandler' driver.
INFO - 2020-04-03 04:59:51 --> Controller "App\Controllers\Order" loaded.
INFO - 2020-04-03 04:59:51 --> Session: Class initialized using 'CodeIgniter\Session\Handlers\FileHandler' driver.
INFO - 2020-04-03 04:59:51 --> Controller "App\Controllers\Order" loaded.
INFO - 2020-04-03 04:59:52 --> Session: Class initialized using 'CodeIgniter\Session\Handlers\FileHandler' driver.
INFO - 2020-04-03 04:59:52 --> Controller "App\Controllers\Order" loaded.
INFO - 2020-04-03 04:59:52 --> Session: Class initialized using 'CodeIgniter\Session\Handlers\FileHandler' driver.
INFO - 2020-04-03 04:59:52 --> Controller "App\Controllers\Order" loaded.
INFO - 2020-04-03 04:59:54 --> Session: Class initialized using 'CodeIgniter\Session\Handlers\FileHandler' driver.
INFO - 2020-04-03 04:59:54 --> Controller "App\Controllers\Order" loaded.
INFO - 2020-04-03 04:59:54 --> Session: Class initialized using 'CodeIgniter\Session\Handlers\FileHandler' driver.
INFO - 2020-04-03 04:59:54 --> Controller "App\Controllers\Order" loaded.
INFO - 2020-04-03 04:59:58 --> Session: Class initialized using 'CodeIgniter\Session\Handlers\FileHandler' driver.
INFO - 2020-04-03 04:59:58 --> Controller "App\Controllers\Order" loaded.
INFO - 2020-04-03 04:59:58 --> Session: Class initialized using 'CodeIgniter\Session\Handlers\FileHandler' driver.
INFO - 2020-04-03 04:59:58 --> Controller "App\Controllers\Order" loaded.
INFO - 2020-04-03 05:00:06 --> Session: Class initialized using 'CodeIgniter\Session\Handlers\FileHandler' driver.
INFO - 2020-04-03 05:00:06 --> Controller "App\Controllers\Order" loaded.
INFO - 2020-04-03 05:00:06 --> Session: Class initialized using 'CodeIgniter\Session\Handlers\FileHandler' driver.
INFO - 2020-04-03 05:00:06 --> Controller "App\Controllers\Order" loaded.
INFO - 2020-04-03 05:03:08 --> Session: Class initialized using 'CodeIgniter\Session\Handlers\FileHandler' driver.
INFO - 2020-04-03 05:03:08 --> Controller "App\Controllers\Order" loaded.
INFO - 2020-04-03 05:03:21 --> Session: Class initialized using 'CodeIgniter\Session\Handlers\FileHandler' driver.
INFO - 2020-04-03 05:03:21 --> Controller "App\Controllers\Order" loaded.
INFO - 2020-04-03 05:03:21 --> Session: Class initialized using 'CodeIgniter\Session\Handlers\FileHandler' driver.
INFO - 2020-04-03 05:03:21 --> Controller "App\Controllers\Order" loaded.
INFO - 2020-04-03 05:03:21 --> Session: Class initialized using 'CodeIgniter\Session\Handlers\FileHandler' driver.
INFO - 2020-04-03 05:03:21 --> Controller "App\Controllers\Order" loaded.
INFO - 2020-04-03 05:03:21 --> Session: Class initialized using 'CodeIgniter\Session\Handlers\FileHandler' driver.
INFO - 2020-04-03 05:03:21 --> Controller "App\Controllers\Order" loaded.
INFO - 2020-04-03 05:03:23 --> Session: Class initialized using 'CodeIgniter\Session\Handlers\FileHandler' driver.
INFO - 2020-04-03 05:03:23 --> Controller "App\Controllers\Order" loaded.
INFO - 2020-04-03 05:03:23 --> Session: Class initialized using 'CodeIgniter\Session\Handlers\FileHandler' driver.
INFO - 2020-04-03 05:03:23 --> Controller "App\Controllers\Order" loaded.
INFO - 2020-04-03 05:03:26 --> Session: Class initialized using 'CodeIgniter\Session\Handlers\FileHandler' driver.
INFO - 2020-04-03 05:03:26 --> Controller "App\Controllers\Order" loaded.
INFO - 2020-04-03 05:03:26 --> Session: Class initialized using 'CodeIgniter\Session\Handlers\FileHandler' driver.
INFO - 2020-04-03 05:03:26 --> Controller "App\Controllers\Order" loaded.
INFO - 2020-04-03 05:03:30 --> Session: Class initialized using 'CodeIgniter\Session\Handlers\FileHandler' driver.
INFO - 2020-04-03 05:03:30 --> Controller "App\Controllers\Order" loaded.
INFO - 2020-04-03 05:03:30 --> Session: Class initialized using 'CodeIgniter\Session\Handlers\FileHandler' driver.
INFO - 2020-04-03 05:03:30 --> Controller "App\Controllers\Order" loaded.
INFO - 2020-04-03 05:03:38 --> Session: Class initialized using 'CodeIgniter\Session\Handlers\FileHandler' driver.
INFO - 2020-04-03 05:03:38 --> Controller "App\Controllers\Order" loaded.
INFO - 2020-04-03 05:03:38 --> Session: Class initialized using 'CodeIgniter\Session\Handlers\FileHandler' driver.
INFO - 2020-04-03 05:03:38 --> Controller "App\Controllers\Order" loaded.
INFO - 2020-04-03 05:17:55 --> Used the default controller.
INFO - 2020-04-03 05:17:55 --> Controller "App\Controllers\Beranda" loaded.
INFO - 2020-04-03 05:18:02 --> Session: Class initialized using 'CodeIgniter\Session\Handlers\FileHandler' driver.
INFO - 2020-04-03 05:18:02 --> Controller "App\Controllers\Order" loaded.
INFO - 2020-04-03 05:18:16 --> Session: Class initialized using 'CodeIgniter\Session\Handlers\FileHandler' driver.
INFO - 2020-04-03 05:18:16 --> Controller "App\Controllers\Order" loaded.
INFO - 2020-04-03 05:18:32 --> Session: Class initialized using 'CodeIgniter\Session\Handlers\FileHandler' driver.
INFO - 2020-04-03 05:18:32 --> Controller "App\Controllers\Order" loaded.
INFO - 2020-04-03 05:19:03 --> Session: Class initialized using 'CodeIgniter\Session\Handlers\FileHandler' driver.
INFO - 2020-04-03 05:19:03 --> Controller "App\Controllers\Order" loaded.
INFO - 2020-04-03 05:19:13 --> Session: Class initialized using 'CodeIgniter\Session\Handlers\FileHandler' driver.
INFO - 2020-04-03 05:19:13 --> Controller "App\Controllers\Order" loaded.
INFO - 2020-04-03 05:19:26 --> Session: Class initialized using 'CodeIgniter\Session\Handlers\FileHandler' driver.
INFO - 2020-04-03 05:19:26 --> Controller "App\Controllers\Order" loaded.
INFO - 2020-04-03 05:19:26 --> Session: Class initialized using 'CodeIgniter\Session\Handlers\FileHandler' driver.
INFO - 2020-04-03 05:19:26 --> Controller "App\Controllers\Order" loaded.
INFO - 2020-04-03 05:19:27 --> Session: Class initialized using 'CodeIgniter\Session\Handlers\FileHandler' driver.
INFO - 2020-04-03 05:19:27 --> Controller "App\Controllers\Order" loaded.
INFO - 2020-04-03 05:19:27 --> Session: Class initialized using 'CodeIgniter\Session\Handlers\FileHandler' driver.
INFO - 2020-04-03 05:19:27 --> Controller "App\Controllers\Order" loaded.
INFO - 2020-04-03 05:19:28 --> Session: Class initialized using 'CodeIgniter\Session\Handlers\FileHandler' driver.
INFO - 2020-04-03 05:19:28 --> Controller "App\Controllers\Order" loaded.
INFO - 2020-04-03 05:19:28 --> Session: Class initialized using 'CodeIgniter\Session\Handlers\FileHandler' driver.
INFO - 2020-04-03 05:19:28 --> Controller "App\Controllers\Order" loaded.
INFO - 2020-04-03 05:19:28 --> Session: Class initialized using 'CodeIgniter\Session\Handlers\FileHandler' driver.
INFO - 2020-04-03 05:19:28 --> Controller "App\Controllers\Order" loaded.
INFO - 2020-04-03 05:19:29 --> Session: Class initialized using 'CodeIgniter\Session\Handlers\FileHandler' driver.
INFO - 2020-04-03 05:19:29 --> Controller "App\Controllers\Order" loaded.
INFO - 2020-04-03 05:19:30 --> Session: Class initialized using 'CodeIgniter\Session\Handlers\FileHandler' driver.
INFO - 2020-04-03 05:19:30 --> Controller "App\Controllers\Order" loaded.
INFO - 2020-04-03 05:19:30 --> Session: Class initialized using 'CodeIgniter\Session\Handlers\FileHandler' driver.
INFO - 2020-04-03 05:19:30 --> Controller "App\Controllers\Order" loaded.
INFO - 2020-04-03 05:19:31 --> Session: Class initialized using 'CodeIgniter\Session\Handlers\FileHandler' driver.
INFO - 2020-04-03 05:19:31 --> Controller "App\Controllers\Order" loaded.
INFO - 2020-04-03 05:19:31 --> Session: Class initialized using 'CodeIgniter\Session\Handlers\FileHandler' driver.
INFO - 2020-04-03 05:19:31 --> Controller "App\Controllers\Order" loaded.
INFO - 2020-04-03 05:19:31 --> Session: Class initialized using 'CodeIgniter\Session\Handlers\FileHandler' driver.
INFO - 2020-04-03 05:19:31 --> Controller "App\Controllers\Order" loaded.
INFO - 2020-04-03 05:19:31 --> Session: Class initialized using 'CodeIgniter\Session\Handlers\FileHandler' driver.
INFO - 2020-04-03 05:19:31 --> Controller "App\Controllers\Order" loaded.
INFO - 2020-04-03 05:19:31 --> Session: Class initialized using 'CodeIgniter\Session\Handlers\FileHandler' driver.
INFO - 2020-04-03 05:19:31 --> Controller "App\Controllers\Order" loaded.
INFO - 2020-04-03 05:19:31 --> Session: Class initialized using 'CodeIgniter\Session\Handlers\FileHandler' driver.
INFO - 2020-04-03 05:19:31 --> Controller "App\Controllers\Order" loaded.
INFO - 2020-04-03 05:19:31 --> Session: Class initialized using 'CodeIgniter\Session\Handlers\FileHandler' driver.
INFO - 2020-04-03 05:19:31 --> Controller "App\Controllers\Order" loaded.
INFO - 2020-04-03 05:19:31 --> Session: Class initialized using 'CodeIgniter\Session\Handlers\FileHandler' driver.
INFO - 2020-04-03 05:19:31 --> Controller "App\Controllers\Order" loaded.
INFO - 2020-04-03 05:19:33 --> Session: Class initialized using 'CodeIgniter\Session\Handlers\FileHandler' driver.
INFO - 2020-04-03 05:19:33 --> Controller "App\Controllers\Order" loaded.
INFO - 2020-04-03 05:19:33 --> Session: Class initialized using 'CodeIgniter\Session\Handlers\FileHandler' driver.
INFO - 2020-04-03 05:19:33 --> Controller "App\Controllers\Order" loaded.
INFO - 2020-04-03 05:19:33 --> Session: Class initialized using 'CodeIgniter\Session\Handlers\FileHandler' driver.
INFO - 2020-04-03 05:19:33 --> Controller "App\Controllers\Order" loaded.
INFO - 2020-04-03 05:19:33 --> Session: Class initialized using 'CodeIgniter\Session\Handlers\FileHandler' driver.
INFO - 2020-04-03 05:19:33 --> Controller "App\Controllers\Order" loaded.
INFO - 2020-04-03 05:19:33 --> Session: Class initialized using 'CodeIgniter\Session\Handlers\FileHandler' driver.
INFO - 2020-04-03 05:19:33 --> Controller "App\Controllers\Order" loaded.
INFO - 2020-04-03 05:19:33 --> Session: Class initialized using 'CodeIgniter\Session\Handlers\FileHandler' driver.
INFO - 2020-04-03 05:19:33 --> Controller "App\Controllers\Order" loaded.
INFO - 2020-04-03 05:19:34 --> Session: Class initialized using 'CodeIgniter\Session\Handlers\FileHandler' driver.
INFO - 2020-04-03 05:19:34 --> Controller "App\Controllers\Order" loaded.
INFO - 2020-04-03 05:19:34 --> Session: Class initialized using 'CodeIgniter\Session\Handlers\FileHandler' driver.
INFO - 2020-04-03 05:19:34 --> Controller "App\Controllers\Order" loaded.
INFO - 2020-04-03 05:19:35 --> Session: Class initialized using 'CodeIgniter\Session\Handlers\FileHandler' driver.
INFO - 2020-04-03 05:19:35 --> Controller "App\Controllers\Order" loaded.
INFO - 2020-04-03 05:19:35 --> Session: Class initialized using 'CodeIgniter\Session\Handlers\FileHandler' driver.
INFO - 2020-04-03 05:19:35 --> Controller "App\Controllers\Order" loaded.
INFO - 2020-04-03 05:19:35 --> Session: Class initialized using 'CodeIgniter\Session\Handlers\FileHandler' driver.
INFO - 2020-04-03 05:19:35 --> Controller "App\Controllers\Order" loaded.
INFO - 2020-04-03 05:19:35 --> Session: Class initialized using 'CodeIgniter\Session\Handlers\FileHandler' driver.
INFO - 2020-04-03 05:19:35 --> Controller "App\Controllers\Order" loaded.
INFO - 2020-04-03 05:19:35 --> Session: Class initialized using 'CodeIgniter\Session\Handlers\FileHandler' driver.
INFO - 2020-04-03 05:19:35 --> Controller "App\Controllers\Order" loaded.
INFO - 2020-04-03 05:19:35 --> Session: Class initialized using 'CodeIgniter\Session\Handlers\FileHandler' driver.
INFO - 2020-04-03 05:19:35 --> Controller "App\Controllers\Order" loaded.
INFO - 2020-04-03 05:19:37 --> Session: Class initialized using 'CodeIgniter\Session\Handlers\FileHandler' driver.
INFO - 2020-04-03 05:19:37 --> Controller "App\Controllers\Order" loaded.
INFO - 2020-04-03 05:19:37 --> Session: Class initialized using 'CodeIgniter\Session\Handlers\FileHandler' driver.
INFO - 2020-04-03 05:19:37 --> Controller "App\Controllers\Order" loaded.
INFO - 2020-04-03 05:19:37 --> Session: Class initialized using 'CodeIgniter\Session\Handlers\FileHandler' driver.
INFO - 2020-04-03 05:19:37 --> Controller "App\Controllers\Order" loaded.
INFO - 2020-04-03 05:19:37 --> Session: Class initialized using 'CodeIgniter\Session\Handlers\FileHandler' driver.
INFO - 2020-04-03 05:19:37 --> Controller "App\Controllers\Order" loaded.
INFO - 2020-04-03 05:19:39 --> Session: Class initialized using 'CodeIgniter\Session\Handlers\FileHandler' driver.
INFO - 2020-04-03 05:19:39 --> Controller "App\Controllers\Order" loaded.
INFO - 2020-04-03 05:19:39 --> Session: Class initialized using 'CodeIgniter\Session\Handlers\FileHandler' driver.
INFO - 2020-04-03 05:19:39 --> Controller "App\Controllers\Order" loaded.
INFO - 2020-04-03 05:19:42 --> Session: Class initialized using 'CodeIgniter\Session\Handlers\FileHandler' driver.
INFO - 2020-04-03 05:19:42 --> Controller "App\Controllers\Order" loaded.
INFO - 2020-04-03 05:19:42 --> Session: Class initialized using 'CodeIgniter\Session\Handlers\FileHandler' driver.
INFO - 2020-04-03 05:19:42 --> Controller "App\Controllers\Order" loaded.
INFO - 2020-04-03 05:19:44 --> Session: Class initialized using 'CodeIgniter\Session\Handlers\FileHandler' driver.
INFO - 2020-04-03 05:19:44 --> Controller "App\Controllers\Order" loaded.
INFO - 2020-04-03 05:19:44 --> Session: Class initialized using 'CodeIgniter\Session\Handlers\FileHandler' driver.
INFO - 2020-04-03 05:19:44 --> Controller "App\Controllers\Order" loaded.
INFO - 2020-04-03 05:19:45 --> Session: Class initialized using 'CodeIgniter\Session\Handlers\FileHandler' driver.
INFO - 2020-04-03 05:19:45 --> Controller "App\Controllers\Order" loaded.
INFO - 2020-04-03 05:19:45 --> Session: Class initialized using 'CodeIgniter\Session\Handlers\FileHandler' driver.
INFO - 2020-04-03 05:19:45 --> Controller "App\Controllers\Order" loaded.
INFO - 2020-04-03 05:19:47 --> Session: Class initialized using 'CodeIgniter\Session\Handlers\FileHandler' driver.
INFO - 2020-04-03 05:19:47 --> Controller "App\Controllers\Order" loaded.
INFO - 2020-04-03 05:19:47 --> Session: Class initialized using 'CodeIgniter\Session\Handlers\FileHandler' driver.
INFO - 2020-04-03 05:19:47 --> Controller "App\Controllers\Order" loaded.
INFO - 2020-04-03 05:19:51 --> Session: Class initialized using 'CodeIgniter\Session\Handlers\FileHandler' driver.
INFO - 2020-04-03 05:19:51 --> Controller "App\Controllers\Order" loaded.
INFO - 2020-04-03 05:19:51 --> Session: Class initialized using 'CodeIgniter\Session\Handlers\FileHandler' driver.
INFO - 2020-04-03 05:19:51 --> Controller "App\Controllers\Order" loaded.
INFO - 2020-04-03 06:12:09 --> Session: Class initialized using 'CodeIgniter\Session\Handlers\FileHandler' driver.
INFO - 2020-04-03 06:12:09 --> Controller "App\Controllers\Order" loaded.
INFO - 2020-04-03 06:12:09 --> Session: Class initialized using 'CodeIgniter\Session\Handlers\FileHandler' driver.
INFO - 2020-04-03 06:12:09 --> Controller "App\Controllers\Order" loaded.
INFO - 2020-04-03 06:12:09 --> Session: Class initialized using 'CodeIgniter\Session\Handlers\FileHandler' driver.
INFO - 2020-04-03 06:12:09 --> Controller "App\Controllers\Order" loaded.
INFO - 2020-04-03 06:12:10 --> Session: Class initialized using 'CodeIgniter\Session\Handlers\FileHandler' driver.
INFO - 2020-04-03 06:12:10 --> Controller "App\Controllers\Order" loaded.
INFO - 2020-04-03 06:12:11 --> Session: Class initialized using 'CodeIgniter\Session\Handlers\FileHandler' driver.
INFO - 2020-04-03 06:12:11 --> Controller "App\Controllers\Order" loaded.
INFO - 2020-04-03 06:12:11 --> Session: Class initialized using 'CodeIgniter\Session\Handlers\FileHandler' driver.
INFO - 2020-04-03 06:12:11 --> Controller "App\Controllers\Order" loaded.
INFO - 2020-04-03 06:12:13 --> Session: Class initialized using 'CodeIgniter\Session\Handlers\FileHandler' driver.
INFO - 2020-04-03 06:12:13 --> Controller "App\Controllers\Order" loaded.
INFO - 2020-04-03 06:12:13 --> Session: Class initialized using 'CodeIgniter\Session\Handlers\FileHandler' driver.
INFO - 2020-04-03 06:12:13 --> Controller "App\Controllers\Order" loaded.
INFO - 2020-04-03 06:12:17 --> Session: Class initialized using 'CodeIgniter\Session\Handlers\FileHandler' driver.
INFO - 2020-04-03 06:12:17 --> Controller "App\Controllers\Order" loaded.
INFO - 2020-04-03 06:12:17 --> Session: Class initialized using 'CodeIgniter\Session\Handlers\FileHandler' driver.
INFO - 2020-04-03 06:12:17 --> Controller "App\Controllers\Order" loaded.
INFO - 2020-04-03 06:12:25 --> Session: Class initialized using 'CodeIgniter\Session\Handlers\FileHandler' driver.
INFO - 2020-04-03 06:12:25 --> Controller "App\Controllers\Order" loaded.
INFO - 2020-04-03 06:12:25 --> Session: Class initialized using 'CodeIgniter\Session\Handlers\FileHandler' driver.
INFO - 2020-04-03 06:12:25 --> Controller "App\Controllers\Order" loaded.
INFO - 2020-04-03 06:20:03 --> Session: Class initialized using 'CodeIgniter\Session\Handlers\FileHandler' driver.
INFO - 2020-04-03 06:20:03 --> Controller "App\Controllers\Order" loaded.
INFO - 2020-04-03 06:20:03 --> Session: Class initialized using 'CodeIgniter\Session\Handlers\FileHandler' driver.
INFO - 2020-04-03 06:20:03 --> Controller "App\Controllers\Order" loaded.
INFO - 2020-04-03 06:20:03 --> Session: Class initialized using 'CodeIgniter\Session\Handlers\FileHandler' driver.
INFO - 2020-04-03 06:20:03 --> Controller "App\Controllers\Order" loaded.
INFO - 2020-04-03 06:20:03 --> Session: Class initialized using 'CodeIgniter\Session\Handlers\FileHandler' driver.
INFO - 2020-04-03 06:20:03 --> Controller "App\Controllers\Order" loaded.
INFO - 2020-04-03 06:20:04 --> Session: Class initialized using 'CodeIgniter\Session\Handlers\FileHandler' driver.
INFO - 2020-04-03 06:20:04 --> Controller "App\Controllers\Order" loaded.
INFO - 2020-04-03 06:20:04 --> Session: Class initialized using 'CodeIgniter\Session\Handlers\FileHandler' driver.
INFO - 2020-04-03 06:20:04 --> Controller "App\Controllers\Order" loaded.
INFO - 2020-04-03 06:20:04 --> Session: Class initialized using 'CodeIgniter\Session\Handlers\FileHandler' driver.
INFO - 2020-04-03 06:20:04 --> Controller "App\Controllers\Order" loaded.
INFO - 2020-04-03 06:20:04 --> Session: Class initialized using 'CodeIgniter\Session\Handlers\FileHandler' driver.
INFO - 2020-04-03 06:20:04 --> Controller "App\Controllers\Order" loaded.
INFO - 2020-04-03 06:20:05 --> Session: Class initialized using 'CodeIgniter\Session\Handlers\FileHandler' driver.
INFO - 2020-04-03 06:20:05 --> Controller "App\Controllers\Order" loaded.
INFO - 2020-04-03 06:20:05 --> Session: Class initialized using 'CodeIgniter\Session\Handlers\FileHandler' driver.
INFO - 2020-04-03 06:20:05 --> Controller "App\Controllers\Order" loaded.
INFO - 2020-04-03 06:20:06 --> Session: Class initialized using 'CodeIgniter\Session\Handlers\FileHandler' driver.
INFO - 2020-04-03 06:20:06 --> Controller "App\Controllers\Order" loaded.
INFO - 2020-04-03 06:20:06 --> Session: Class initialized using 'CodeIgniter\Session\Handlers\FileHandler' driver.
INFO - 2020-04-03 06:20:06 --> Controller "App\Controllers\Order" loaded.
INFO - 2020-04-03 06:20:06 --> Session: Class initialized using 'CodeIgniter\Session\Handlers\FileHandler' driver.
INFO - 2020-04-03 06:20:06 --> Controller "App\Controllers\Order" loaded.
INFO - 2020-04-03 06:20:06 --> Session: Class initialized using 'CodeIgniter\Session\Handlers\FileHandler' driver.
INFO - 2020-04-03 06:20:06 --> Controller "App\Controllers\Order" loaded.
INFO - 2020-04-03 06:20:08 --> Session: Class initialized using 'CodeIgniter\Session\Handlers\FileHandler' driver.
INFO - 2020-04-03 06:20:08 --> Controller "App\Controllers\Order" loaded.
INFO - 2020-04-03 06:20:08 --> Session: Class initialized using 'CodeIgniter\Session\Handlers\FileHandler' driver.
INFO - 2020-04-03 06:20:08 --> Controller "App\Controllers\Order" loaded.
INFO - 2020-04-03 06:20:10 --> Session: Class initialized using 'CodeIgniter\Session\Handlers\FileHandler' driver.
INFO - 2020-04-03 06:20:10 --> Controller "App\Controllers\Order" loaded.
INFO - 2020-04-03 06:20:10 --> Session: Class initialized using 'CodeIgniter\Session\Handlers\FileHandler' driver.
INFO - 2020-04-03 06:20:10 --> Controller "App\Controllers\Order" loaded.
INFO - 2020-04-03 06:20:12 --> Session: Class initialized using 'CodeIgniter\Session\Handlers\FileHandler' driver.
INFO - 2020-04-03 06:20:12 --> Controller "App\Controllers\Order" loaded.
INFO - 2020-04-03 06:20:12 --> Session: Class initialized using 'CodeIgniter\Session\Handlers\FileHandler' driver.
INFO - 2020-04-03 06:20:12 --> Controller "App\Controllers\Order" loaded.
INFO - 2020-04-03 06:20:18 --> Session: Class initialized using 'CodeIgniter\Session\Handlers\FileHandler' driver.
INFO - 2020-04-03 06:20:18 --> Controller "App\Controllers\Order" loaded.
INFO - 2020-04-03 06:20:18 --> Session: Class initialized using 'CodeIgniter\Session\Handlers\FileHandler' driver.
INFO - 2020-04-03 06:20:18 --> Controller "App\Controllers\Order" loaded.
INFO - 2020-04-03 06:20:20 --> Session: Class initialized using 'CodeIgniter\Session\Handlers\FileHandler' driver.
INFO - 2020-04-03 06:20:20 --> Controller "App\Controllers\Order" loaded.
INFO - 2020-04-03 06:20:20 --> Session: Class initialized using 'CodeIgniter\Session\Handlers\FileHandler' driver.
INFO - 2020-04-03 06:20:20 --> Controller "App\Controllers\Order" loaded.
INFO - 2020-04-03 06:22:24 --> Used the default controller.
INFO - 2020-04-03 06:22:24 --> Controller "App\Controllers\Beranda" loaded.
INFO - 2020-04-03 06:22:30 --> Session: Class initialized using 'CodeIgniter\Session\Handlers\FileHandler' driver.
INFO - 2020-04-03 06:22:30 --> Controller "App\Controllers\Order" loaded.
INFO - 2020-04-03 06:22:30 --> Session: Class initialized using 'CodeIgniter\Session\Handlers\FileHandler' driver.
INFO - 2020-04-03 06:22:30 --> Controller "App\Controllers\Order" loaded.
INFO - 2020-04-03 06:22:41 --> Session: Class initialized using 'CodeIgniter\Session\Handlers\FileHandler' driver.
INFO - 2020-04-03 06:22:41 --> Controller "App\Controllers\Order" loaded.
INFO - 2020-04-03 06:23:00 --> Session: Class initialized using 'CodeIgniter\Session\Handlers\FileHandler' driver.
INFO - 2020-04-03 06:23:00 --> Controller "App\Controllers\Order" loaded.
INFO - 2020-04-03 06:23:31 --> Used the default controller.
INFO - 2020-04-03 06:23:31 --> Controller "App\Controllers\Beranda" loaded.
