INFO - 2022-02-21 09:08:11 --> Controller "App\Controllers\base\Beranda" loaded.
INFO - 2022-02-21 09:08:18 --> Session: Class initialized using 'CodeIgniter\Session\Handlers\FileHandler' driver.
INFO - 2022-02-21 09:08:18 --> Controller "App\Controllers\base\Dashboard" loaded.
INFO - 2022-02-21 09:09:16 --> Session: Class initialized using 'CodeIgniter\Session\Handlers\FileHandler' driver.
INFO - 2022-02-21 09:09:16 --> Controller "App\Controllers\base\Dashboard" loaded.
INFO - 2022-02-21 09:09:16 --> Session: Class initialized using 'CodeIgniter\Session\Handlers\FileHandler' driver.
INFO - 2022-02-21 09:09:16 --> Controller "App\Controllers\base\Dashboard" loaded.
INFO - 2022-02-21 09:09:45 --> Session: Class initialized using 'CodeIgniter\Session\Handlers\FileHandler' driver.
INFO - 2022-02-21 09:09:45 --> Controller "App\Controllers\base\Dashboard" loaded.
INFO - 2022-02-21 09:09:45 --> Session: Class initialized using 'CodeIgniter\Session\Handlers\FileHandler' driver.
INFO - 2022-02-21 09:09:45 --> Controller "App\Controllers\base\Dashboard" loaded.
INFO - 2022-02-21 09:09:54 --> Session: Class initialized using 'CodeIgniter\Session\Handlers\FileHandler' driver.
INFO - 2022-02-21 09:09:54 --> Controller "App\Controllers\base\Dashboard" loaded.
INFO - 2022-02-21 09:09:54 --> Session: Class initialized using 'CodeIgniter\Session\Handlers\FileHandler' driver.
INFO - 2022-02-21 09:09:54 --> Controller "App\Controllers\base\Dashboard" loaded.
INFO - 2022-02-21 09:12:27 --> Session: Class initialized using 'CodeIgniter\Session\Handlers\FileHandler' driver.
INFO - 2022-02-21 09:12:27 --> Controller "App\Controllers\base\Dashboard" loaded.
INFO - 2022-02-21 09:12:30 --> Session: Class initialized using 'CodeIgniter\Session\Handlers\FileHandler' driver.
INFO - 2022-02-21 09:12:30 --> Controller "App\Controllers\base\Dashboard" loaded.
INFO - 2022-02-21 09:12:33 --> Session: Class initialized using 'CodeIgniter\Session\Handlers\FileHandler' driver.
INFO - 2022-02-21 09:12:34 --> Controller "App\Controllers\base\Dashboard" loaded.
INFO - 2022-02-21 09:12:34 --> Controller "App\Controllers\base\Beranda" loaded.
INFO - 2022-02-21 09:12:38 --> Session: Class initialized using 'CodeIgniter\Session\Handlers\FileHandler' driver.
INFO - 2022-02-21 09:12:38 --> Controller "App\Controllers\base\Dashboard" loaded.
INFO - 2022-02-21 09:12:55 --> Session: Class initialized using 'CodeIgniter\Session\Handlers\FileHandler' driver.
INFO - 2022-02-21 09:12:55 --> Controller "App\Controllers\base\Dashboard" loaded.
INFO - 2022-02-21 09:12:55 --> Session: Class initialized using 'CodeIgniter\Session\Handlers\FileHandler' driver.
INFO - 2022-02-21 09:12:55 --> Controller "App\Controllers\base\Dashboard" loaded.
INFO - 2022-02-21 09:13:04 --> Session: Class initialized using 'CodeIgniter\Session\Handlers\FileHandler' driver.
INFO - 2022-02-21 09:13:04 --> Controller "App\Controllers\base\Dashboard" loaded.
INFO - 2022-02-21 09:13:09 --> Session: Class initialized using 'CodeIgniter\Session\Handlers\FileHandler' driver.
INFO - 2022-02-21 09:13:09 --> Controller "App\Controllers\base\Dashboard" loaded.
INFO - 2022-02-21 09:14:22 --> Session: Class initialized using 'CodeIgniter\Session\Handlers\FileHandler' driver.
INFO - 2022-02-21 09:14:22 --> Controller "App\Controllers\base\Dashboard" loaded.
INFO - 2022-02-21 09:14:27 --> Session: Class initialized using 'CodeIgniter\Session\Handlers\FileHandler' driver.
INFO - 2022-02-21 09:14:27 --> Controller "App\Controllers\base\Dashboard" loaded.
INFO - 2022-02-21 09:14:27 --> Session: Class initialized using 'CodeIgniter\Session\Handlers\FileHandler' driver.
INFO - 2022-02-21 09:14:27 --> Controller "App\Controllers\base\Dashboard" loaded.
INFO - 2022-02-21 09:14:39 --> Session: Class initialized using 'CodeIgniter\Session\Handlers\FileHandler' driver.
INFO - 2022-02-21 09:14:39 --> Controller "App\Controllers\base\Dashboard" loaded.
INFO - 2022-02-21 09:14:39 --> Session: Class initialized using 'CodeIgniter\Session\Handlers\FileHandler' driver.
INFO - 2022-02-21 09:14:39 --> Controller "App\Controllers\base\Dashboard" loaded.
INFO - 2022-02-21 09:15:00 --> Session: Class initialized using 'CodeIgniter\Session\Handlers\FileHandler' driver.
INFO - 2022-02-21 09:15:00 --> Controller "App\Controllers\base\Dashboard" loaded.
INFO - 2022-02-21 09:15:03 --> Session: Class initialized using 'CodeIgniter\Session\Handlers\FileHandler' driver.
INFO - 2022-02-21 09:15:03 --> Controller "App\Controllers\base\Dashboard" loaded.
INFO - 2022-02-21 09:15:06 --> Session: Class initialized using 'CodeIgniter\Session\Handlers\FileHandler' driver.
INFO - 2022-02-21 09:15:06 --> Controller "App\Controllers\base\Dashboard" loaded.
INFO - 2022-02-21 09:15:12 --> Session: Class initialized using 'CodeIgniter\Session\Handlers\FileHandler' driver.
INFO - 2022-02-21 09:15:12 --> Controller "App\Controllers\base\Dashboard" loaded.
INFO - 2022-02-21 09:15:17 --> Session: Class initialized using 'CodeIgniter\Session\Handlers\FileHandler' driver.
INFO - 2022-02-21 09:15:17 --> Controller "App\Controllers\base\Dashboard" loaded.
INFO - 2022-02-21 09:15:24 --> Session: Class initialized using 'CodeIgniter\Session\Handlers\FileHandler' driver.
INFO - 2022-02-21 09:15:24 --> Controller "App\Controllers\base\Dashboard" loaded.
INFO - 2022-02-21 09:15:28 --> Session: Class initialized using 'CodeIgniter\Session\Handlers\FileHandler' driver.
INFO - 2022-02-21 09:15:28 --> Controller "App\Controllers\base\Dashboard" loaded.
INFO - 2022-02-21 09:15:39 --> Session: Class initialized using 'CodeIgniter\Session\Handlers\FileHandler' driver.
INFO - 2022-02-21 09:15:39 --> Controller "App\Controllers\base\Dashboard" loaded.
INFO - 2022-02-21 09:15:46 --> Session: Class initialized using 'CodeIgniter\Session\Handlers\FileHandler' driver.
INFO - 2022-02-21 09:15:47 --> Controller "App\Controllers\base\Dashboard" loaded.
INFO - 2022-02-21 09:15:55 --> Session: Class initialized using 'CodeIgniter\Session\Handlers\FileHandler' driver.
INFO - 2022-02-21 09:15:55 --> Controller "App\Controllers\base\Dashboard" loaded.
INFO - 2022-02-21 09:15:55 --> Session: Class initialized using 'CodeIgniter\Session\Handlers\FileHandler' driver.
INFO - 2022-02-21 09:15:55 --> Controller "App\Controllers\base\Dashboard" loaded.
INFO - 2022-02-21 09:15:59 --> Session: Class initialized using 'CodeIgniter\Session\Handlers\FileHandler' driver.
INFO - 2022-02-21 09:15:59 --> Session: Class initialized using 'CodeIgniter\Session\Handlers\FileHandler' driver.
INFO - 2022-02-21 09:15:59 --> Controller "App\Controllers\base\Dashboard" loaded.
INFO - 2022-02-21 09:16:15 --> Session: Class initialized using 'CodeIgniter\Session\Handlers\FileHandler' driver.
INFO - 2022-02-21 09:16:15 --> Session: Class initialized using 'CodeIgniter\Session\Handlers\FileHandler' driver.
INFO - 2022-02-21 09:16:15 --> Controller "App\Controllers\base\Dashboard" loaded.
INFO - 2022-02-21 09:16:16 --> Session: Class initialized using 'CodeIgniter\Session\Handlers\FileHandler' driver.
INFO - 2022-02-21 09:16:17 --> Session: Class initialized using 'CodeIgniter\Session\Handlers\FileHandler' driver.
INFO - 2022-02-21 09:16:17 --> Controller "App\Controllers\base\Dashboard" loaded.
INFO - 2022-02-21 09:16:18 --> Session: Class initialized using 'CodeIgniter\Session\Handlers\FileHandler' driver.
INFO - 2022-02-21 09:16:18 --> Session: Class initialized using 'CodeIgniter\Session\Handlers\FileHandler' driver.
INFO - 2022-02-21 09:16:18 --> Controller "App\Controllers\base\Dashboard" loaded.
INFO - 2022-02-21 09:16:19 --> Session: Class initialized using 'CodeIgniter\Session\Handlers\FileHandler' driver.
INFO - 2022-02-21 09:16:19 --> Session: Class initialized using 'CodeIgniter\Session\Handlers\FileHandler' driver.
INFO - 2022-02-21 09:16:19 --> Controller "App\Controllers\base\Dashboard" loaded.
INFO - 2022-02-21 09:16:20 --> Session: Class initialized using 'CodeIgniter\Session\Handlers\FileHandler' driver.
INFO - 2022-02-21 09:16:20 --> Session: Class initialized using 'CodeIgniter\Session\Handlers\FileHandler' driver.
INFO - 2022-02-21 09:16:20 --> Controller "App\Controllers\base\Dashboard" loaded.
INFO - 2022-02-21 09:16:20 --> Session: Class initialized using 'CodeIgniter\Session\Handlers\FileHandler' driver.
INFO - 2022-02-21 09:16:21 --> Session: Class initialized using 'CodeIgniter\Session\Handlers\FileHandler' driver.
INFO - 2022-02-21 09:16:21 --> Controller "App\Controllers\base\Dashboard" loaded.
INFO - 2022-02-21 09:16:21 --> Session: Class initialized using 'CodeIgniter\Session\Handlers\FileHandler' driver.
INFO - 2022-02-21 09:16:22 --> Session: Class initialized using 'CodeIgniter\Session\Handlers\FileHandler' driver.
INFO - 2022-02-21 09:16:22 --> Controller "App\Controllers\base\Dashboard" loaded.
INFO - 2022-02-21 09:16:22 --> Session: Class initialized using 'CodeIgniter\Session\Handlers\FileHandler' driver.
INFO - 2022-02-21 09:16:22 --> Controller "App\Controllers\base\Dashboard" loaded.
INFO - 2022-02-21 09:16:23 --> Session: Class initialized using 'CodeIgniter\Session\Handlers\FileHandler' driver.
INFO - 2022-02-21 09:16:23 --> Session: Class initialized using 'CodeIgniter\Session\Handlers\FileHandler' driver.
INFO - 2022-02-21 09:16:23 --> Controller "App\Controllers\base\Dashboard" loaded.
INFO - 2022-02-21 09:16:26 --> Controller "App\Controllers\base\Beranda" loaded.
INFO - 2022-02-21 09:30:45 --> Controller "App\Controllers\base\Beranda" loaded.
INFO - 2022-02-21 09:31:10 --> Controller "App\Controllers\base\Beranda" loaded.
INFO - 2022-02-21 09:31:12 --> Session: Class initialized using 'CodeIgniter\Session\Handlers\FileHandler' driver.
INFO - 2022-02-21 09:31:12 --> Controller "App\Controllers\base\Dashboard" loaded.
INFO - 2022-02-21 09:32:35 --> Session: Class initialized using 'CodeIgniter\Session\Handlers\FileHandler' driver.
INFO - 2022-02-21 09:32:35 --> Controller "App\Controllers\base\Dashboard" loaded.
INFO - 2022-02-21 09:32:37 --> Session: Class initialized using 'CodeIgniter\Session\Handlers\FileHandler' driver.
INFO - 2022-02-21 09:32:37 --> Controller "App\Controllers\base\Dashboard" loaded.
INFO - 2022-02-21 09:32:37 --> Session: Class initialized using 'CodeIgniter\Session\Handlers\FileHandler' driver.
INFO - 2022-02-21 09:32:37 --> Controller "App\Controllers\base\Dashboard" loaded.
INFO - 2022-02-21 09:32:38 --> Session: Class initialized using 'CodeIgniter\Session\Handlers\FileHandler' driver.
INFO - 2022-02-21 09:32:38 --> Controller "App\Controllers\base\Dashboard" loaded.
INFO - 2022-02-21 09:37:17 --> Session: Class initialized using 'CodeIgniter\Session\Handlers\FileHandler' driver.
INFO - 2022-02-21 09:37:17 --> Controller "App\Controllers\base\Dashboard" loaded.
INFO - 2022-02-21 09:37:18 --> Session: Class initialized using 'CodeIgniter\Session\Handlers\FileHandler' driver.
INFO - 2022-02-21 09:37:18 --> Controller "App\Controllers\base\Dashboard" loaded.
INFO - 2022-02-21 09:37:22 --> Controller "App\Controllers\base\Beranda" loaded.
INFO - 2022-02-21 09:37:23 --> Session: Class initialized using 'CodeIgniter\Session\Handlers\FileHandler' driver.
INFO - 2022-02-21 09:37:23 --> Controller "App\Controllers\base\Dashboard" loaded.
INFO - 2022-02-21 09:37:25 --> Session: Class initialized using 'CodeIgniter\Session\Handlers\FileHandler' driver.
INFO - 2022-02-21 09:37:25 --> Session: Class initialized using 'CodeIgniter\Session\Handlers\FileHandler' driver.
INFO - 2022-02-21 09:37:25 --> Controller "App\Controllers\base\Dashboard" loaded.
INFO - 2022-02-21 09:37:26 --> Session: Class initialized using 'CodeIgniter\Session\Handlers\FileHandler' driver.
INFO - 2022-02-21 09:37:26 --> Controller "App\Controllers\base\Dashboard" loaded.
INFO - 2022-02-21 09:37:27 --> Controller "App\Controllers\base\Beranda" loaded.
INFO - 2022-02-21 09:37:27 --> Session: Class initialized using 'CodeIgniter\Session\Handlers\FileHandler' driver.
INFO - 2022-02-21 09:37:27 --> Controller "App\Controllers\base\Dashboard" loaded.
INFO - 2022-02-21 09:37:28 --> Controller "App\Controllers\base\Beranda" loaded.
INFO - 2022-02-21 09:37:28 --> Session: Class initialized using 'CodeIgniter\Session\Handlers\FileHandler' driver.
INFO - 2022-02-21 09:37:28 --> Controller "App\Controllers\base\Dashboard" loaded.
INFO - 2022-02-21 09:37:28 --> Session: Class initialized using 'CodeIgniter\Session\Handlers\FileHandler' driver.
INFO - 2022-02-21 09:37:28 --> Controller "App\Controllers\base\Dashboard" loaded.
INFO - 2022-02-21 09:37:32 --> Session: Class initialized using 'CodeIgniter\Session\Handlers\FileHandler' driver.
INFO - 2022-02-21 09:37:32 --> Controller "App\Controllers\base\Dashboard" loaded.
INFO - 2022-02-21 09:37:32 --> Controller "App\Controllers\base\Beranda" loaded.
INFO - 2022-02-21 09:37:32 --> Session: Class initialized using 'CodeIgniter\Session\Handlers\FileHandler' driver.
INFO - 2022-02-21 09:37:32 --> Controller "App\Controllers\base\Dashboard" loaded.
INFO - 2022-02-21 09:37:33 --> Controller "App\Controllers\base\Beranda" loaded.
INFO - 2022-02-21 09:37:34 --> Session: Class initialized using 'CodeIgniter\Session\Handlers\FileHandler' driver.
INFO - 2022-02-21 09:37:34 --> Controller "App\Controllers\base\Dashboard" loaded.
INFO - 2022-02-21 09:37:35 --> Session: Class initialized using 'CodeIgniter\Session\Handlers\FileHandler' driver.
INFO - 2022-02-21 09:37:35 --> Controller "App\Controllers\base\Dashboard" loaded.
INFO - 2022-02-21 09:37:35 --> Session: Class initialized using 'CodeIgniter\Session\Handlers\FileHandler' driver.
INFO - 2022-02-21 09:37:35 --> Session: Class initialized using 'CodeIgniter\Session\Handlers\FileHandler' driver.
INFO - 2022-02-21 09:37:36 --> Session: Class initialized using 'CodeIgniter\Session\Handlers\FileHandler' driver.
INFO - 2022-02-21 09:37:36 --> Controller "App\Controllers\base\Dashboard" loaded.
INFO - 2022-02-21 09:37:37 --> Session: Class initialized using 'CodeIgniter\Session\Handlers\FileHandler' driver.
INFO - 2022-02-21 09:37:37 --> Controller "App\Controllers\base\Dashboard" loaded.
INFO - 2022-02-21 09:37:38 --> Controller "App\Controllers\base\Beranda" loaded.
INFO - 2022-02-21 09:37:41 --> Controller "App\Controllers\base\Beranda" loaded.
INFO - 2022-02-21 09:37:58 --> Controller "App\Controllers\base\Beranda" loaded.
INFO - 2022-02-21 09:38:57 --> Controller "App\Controllers\base\Beranda" loaded.
INFO - 2022-02-21 09:38:58 --> Controller "App\Controllers\base\Beranda" loaded.
INFO - 2022-02-21 09:38:58 --> Controller "App\Controllers\base\Beranda" loaded.
INFO - 2022-02-21 09:39:00 --> Controller "App\Controllers\base\Beranda" loaded.
INFO - 2022-02-21 09:39:00 --> Controller "App\Controllers\base\Beranda" loaded.
INFO - 2022-02-21 09:39:01 --> Controller "App\Controllers\base\Beranda" loaded.
INFO - 2022-02-21 09:40:54 --> Controller "App\Controllers\base\Beranda" loaded.
CRITICAL - 2022-02-21 09:40:54 --> syntax error, unexpected '/'
#0 C:\xampp\htdocs\onewedding\system\Common.php(1071): CodeIgniter\View\View->render('base/beranda/ho...', Array, true)
#1 C:\xampp\htdocs\onewedding\app\Controllers\base\Beranda.php(28): view('base/beranda/ho...', Array)
#2 C:\xampp\htdocs\onewedding\system\CodeIgniter.php(910): App\Controllers\base\Beranda->index()
#3 C:\xampp\htdocs\onewedding\system\CodeIgniter.php(398): CodeIgniter\CodeIgniter->runController(Object(App\Controllers\base\Beranda))
#4 C:\xampp\htdocs\onewedding\system\CodeIgniter.php(306): CodeIgniter\CodeIgniter->handleRequest(NULL, Object(Config\Cache), false)
#5 C:\xampp\htdocs\onewedding\public\index.php(45): CodeIgniter\CodeIgniter->run()
#6 {main}
INFO - 2022-02-21 09:40:58 --> Controller "App\Controllers\base\Beranda" loaded.
CRITICAL - 2022-02-21 09:40:58 --> syntax error, unexpected '/'
#0 C:\xampp\htdocs\onewedding\system\Common.php(1071): CodeIgniter\View\View->render('base/beranda/ho...', Array, true)
#1 C:\xampp\htdocs\onewedding\app\Controllers\base\Beranda.php(28): view('base/beranda/ho...', Array)
#2 C:\xampp\htdocs\onewedding\system\CodeIgniter.php(910): App\Controllers\base\Beranda->index()
#3 C:\xampp\htdocs\onewedding\system\CodeIgniter.php(398): CodeIgniter\CodeIgniter->runController(Object(App\Controllers\base\Beranda))
#4 C:\xampp\htdocs\onewedding\system\CodeIgniter.php(306): CodeIgniter\CodeIgniter->handleRequest(NULL, Object(Config\Cache), false)
#5 C:\xampp\htdocs\onewedding\public\index.php(45): CodeIgniter\CodeIgniter->run()
#6 {main}
INFO - 2022-02-21 09:41:19 --> Controller "App\Controllers\base\Beranda" loaded.
INFO - 2022-02-21 09:41:33 --> Controller "App\Controllers\base\Beranda" loaded.
INFO - 2022-02-21 09:42:04 --> Controller "App\Controllers\base\Beranda" loaded.
INFO - 2022-02-21 09:42:06 --> Controller "App\Controllers\base\Beranda" loaded.
INFO - 2022-02-21 09:42:39 --> Controller "App\Controllers\base\Beranda" loaded.
INFO - 2022-02-21 09:42:50 --> Controller "App\Controllers\base\Beranda" loaded.
INFO - 2022-02-21 09:46:20 --> Controller "App\Controllers\base\Beranda" loaded.
INFO - 2022-02-21 09:46:42 --> Controller "App\Controllers\base\Beranda" loaded.
INFO - 2022-02-21 09:46:53 --> Controller "App\Controllers\base\Beranda" loaded.
INFO - 2022-02-21 09:47:12 --> Controller "App\Controllers\base\Beranda" loaded.
INFO - 2022-02-21 09:49:18 --> Controller "App\Controllers\base\Beranda" loaded.
INFO - 2022-02-21 09:49:30 --> Controller "App\Controllers\base\Beranda" loaded.
INFO - 2022-02-21 09:49:44 --> Controller "App\Controllers\base\Beranda" loaded.
INFO - 2022-02-21 09:49:46 --> Controller "App\Controllers\base\Beranda" loaded.
INFO - 2022-02-21 09:49:50 --> Session: Class initialized using 'CodeIgniter\Session\Handlers\FileHandler' driver.
INFO - 2022-02-21 09:49:50 --> Controller "App\Controllers\base\Order" loaded.
INFO - 2022-02-21 09:49:51 --> Controller "App\Controllers\base\Beranda" loaded.
INFO - 2022-02-21 09:49:54 --> Controller "App\Controllers\base\Beranda" loaded.
INFO - 2022-02-21 09:50:24 --> Controller "App\Controllers\base\Beranda" loaded.
INFO - 2022-02-21 09:50:30 --> Controller "App\Controllers\base\Beranda" loaded.
INFO - 2022-02-21 09:50:32 --> Controller "App\Controllers\base\Beranda" loaded.
INFO - 2022-02-21 09:50:46 --> Controller "App\Controllers\base\Beranda" loaded.
INFO - 2022-02-21 09:51:49 --> Controller "App\Controllers\base\Beranda" loaded.
INFO - 2022-02-21 09:52:02 --> Controller "App\Controllers\base\Beranda" loaded.
INFO - 2022-02-21 09:52:16 --> Controller "App\Controllers\base\Beranda" loaded.
INFO - 2022-02-21 09:53:13 --> Controller "App\Controllers\base\Beranda" loaded.
INFO - 2022-02-21 09:58:33 --> Controller "App\Controllers\base\Beranda" loaded.
INFO - 2022-02-21 09:59:05 --> Controller "App\Controllers\base\Beranda" loaded.
INFO - 2022-02-21 10:00:20 --> Controller "App\Controllers\base\Beranda" loaded.
INFO - 2022-02-21 10:13:03 --> Controller "App\Controllers\base\Beranda" loaded.
INFO - 2022-02-21 10:13:49 --> Controller "App\Controllers\base\Beranda" loaded.
INFO - 2022-02-21 10:15:18 --> Controller "App\Controllers\base\Beranda" loaded.
INFO - 2022-02-21 10:15:18 --> Controller "App\Controllers\base\Beranda" loaded.
INFO - 2022-02-21 10:15:27 --> Controller "App\Controllers\base\Beranda" loaded.
INFO - 2022-02-21 10:15:28 --> Controller "App\Controllers\base\Beranda" loaded.
INFO - 2022-02-21 10:15:45 --> Controller "App\Controllers\base\Beranda" loaded.
INFO - 2022-02-21 10:23:33 --> Controller "App\Controllers\base\Beranda" loaded.
INFO - 2022-02-21 10:26:48 --> Controller "App\Controllers\base\Beranda" loaded.
INFO - 2022-02-21 10:26:49 --> Controller "App\Controllers\base\Beranda" loaded.
INFO - 2022-02-21 10:27:14 --> Controller "App\Controllers\base\Beranda" loaded.
INFO - 2022-02-21 10:27:35 --> Controller "App\Controllers\base\Beranda" loaded.
INFO - 2022-02-21 10:27:36 --> Controller "App\Controllers\base\Beranda" loaded.
INFO - 2022-02-21 10:28:17 --> Controller "App\Controllers\base\Beranda" loaded.
INFO - 2022-02-21 10:28:18 --> Controller "App\Controllers\base\Beranda" loaded.
INFO - 2022-02-21 10:28:19 --> Controller "App\Controllers\base\Beranda" loaded.
INFO - 2022-02-21 10:28:41 --> Controller "App\Controllers\base\Beranda" loaded.
INFO - 2022-02-21 10:28:58 --> Controller "App\Controllers\base\Beranda" loaded.
INFO - 2022-02-21 10:29:35 --> Controller "App\Controllers\base\Beranda" loaded.
INFO - 2022-02-21 10:30:11 --> Controller "App\Controllers\base\Beranda" loaded.
INFO - 2022-02-21 10:30:12 --> Controller "App\Controllers\base\Beranda" loaded.
INFO - 2022-02-21 10:30:13 --> Controller "App\Controllers\base\Beranda" loaded.
INFO - 2022-02-21 10:30:55 --> Controller "App\Controllers\base\Beranda" loaded.
INFO - 2022-02-21 10:36:38 --> Controller "App\Controllers\base\Beranda" loaded.
INFO - 2022-02-21 10:37:26 --> Controller "App\Controllers\base\Beranda" loaded.
INFO - 2022-02-21 10:37:44 --> Session: Class initialized using 'CodeIgniter\Session\Handlers\FileHandler' driver.
INFO - 2022-02-21 10:37:44 --> Controller "App\Controllers\base\Dashboard" loaded.
INFO - 2022-02-21 10:42:27 --> Session: Class initialized using 'CodeIgniter\Session\Handlers\FileHandler' driver.
INFO - 2022-02-21 10:42:27 --> Controller "App\Controllers\base\Dashboard" loaded.
INFO - 2022-02-21 10:42:28 --> Session: Class initialized using 'CodeIgniter\Session\Handlers\FileHandler' driver.
INFO - 2022-02-21 10:42:28 --> Controller "App\Controllers\base\Dashboard" loaded.
INFO - 2022-02-21 10:42:29 --> Session: Class initialized using 'CodeIgniter\Session\Handlers\FileHandler' driver.
INFO - 2022-02-21 10:42:29 --> Controller "App\Controllers\base\Dashboard" loaded.
INFO - 2022-02-21 10:42:29 --> Session: Class initialized using 'CodeIgniter\Session\Handlers\FileHandler' driver.
INFO - 2022-02-21 10:42:29 --> Controller "App\Controllers\base\Dashboard" loaded.
INFO - 2022-02-21 10:43:15 --> Session: Class initialized using 'CodeIgniter\Session\Handlers\FileHandler' driver.
INFO - 2022-02-21 10:43:15 --> Controller "App\Controllers\base\Dashboard" loaded.
INFO - 2022-02-21 10:43:16 --> Session: Class initialized using 'CodeIgniter\Session\Handlers\FileHandler' driver.
INFO - 2022-02-21 10:43:16 --> Controller "App\Controllers\base\Dashboard" loaded.
INFO - 2022-02-21 10:45:48 --> Session: Class initialized using 'CodeIgniter\Session\Handlers\FileHandler' driver.
INFO - 2022-02-21 10:45:48 --> Controller "App\Controllers\base\Dashboard" loaded.
INFO - 2022-02-21 10:45:48 --> Controller "App\Controllers\base\Beranda" loaded.
INFO - 2022-02-21 10:46:05 --> Session: Class initialized using 'CodeIgniter\Session\Handlers\FileHandler' driver.
INFO - 2022-02-21 10:46:05 --> Controller "App\Controllers\base\Dashboard" loaded.
INFO - 2022-02-21 10:47:40 --> Session: Class initialized using 'CodeIgniter\Session\Handlers\FileHandler' driver.
INFO - 2022-02-21 10:47:40 --> Controller "App\Controllers\base\Dashboard" loaded.
INFO - 2022-02-21 10:47:42 --> Session: Class initialized using 'CodeIgniter\Session\Handlers\FileHandler' driver.
INFO - 2022-02-21 10:47:42 --> Controller "App\Controllers\base\Dashboard" loaded.
INFO - 2022-02-21 10:48:16 --> Session: Class initialized using 'CodeIgniter\Session\Handlers\FileHandler' driver.
INFO - 2022-02-21 10:48:16 --> Controller "App\Controllers\base\Dashboard" loaded.
INFO - 2022-02-21 10:50:23 --> Session: Class initialized using 'CodeIgniter\Session\Handlers\FileHandler' driver.
INFO - 2022-02-21 10:50:23 --> Controller "App\Controllers\base\Dashboard" loaded.
INFO - 2022-02-21 10:51:41 --> Session: Class initialized using 'CodeIgniter\Session\Handlers\FileHandler' driver.
INFO - 2022-02-21 10:51:41 --> Controller "App\Controllers\base\Dashboard" loaded.
INFO - 2022-02-21 10:51:42 --> Session: Class initialized using 'CodeIgniter\Session\Handlers\FileHandler' driver.
INFO - 2022-02-21 10:51:42 --> Controller "App\Controllers\base\Dashboard" loaded.
INFO - 2022-02-21 10:52:51 --> Session: Class initialized using 'CodeIgniter\Session\Handlers\FileHandler' driver.
INFO - 2022-02-21 10:52:51 --> Controller "App\Controllers\base\Dashboard" loaded.
INFO - 2022-02-21 10:53:14 --> Session: Class initialized using 'CodeIgniter\Session\Handlers\FileHandler' driver.
INFO - 2022-02-21 10:53:14 --> Controller "App\Controllers\base\Dashboard" loaded.
INFO - 2022-02-21 10:54:04 --> Session: Class initialized using 'CodeIgniter\Session\Handlers\FileHandler' driver.
INFO - 2022-02-21 10:54:04 --> Controller "App\Controllers\base\Dashboard" loaded.
INFO - 2022-02-21 10:55:55 --> Session: Class initialized using 'CodeIgniter\Session\Handlers\FileHandler' driver.
INFO - 2022-02-21 10:55:55 --> Controller "App\Controllers\base\Dashboard" loaded.
INFO - 2022-02-21 10:56:35 --> Controller "App\Controllers\base\Beranda" loaded.
INFO - 2022-02-21 10:56:40 --> Session: Class initialized using 'CodeIgniter\Session\Handlers\FileHandler' driver.
INFO - 2022-02-21 10:56:40 --> Controller "App\Controllers\base\Dashboard" loaded.
INFO - 2022-02-21 10:56:44 --> Controller "App\Controllers\base\Beranda" loaded.
INFO - 2022-02-21 10:57:10 --> Controller "App\Controllers\base\Beranda" loaded.
INFO - 2022-02-21 10:57:50 --> Controller "App\Controllers\base\Beranda" loaded.
INFO - 2022-02-21 10:57:53 --> Session: Class initialized using 'CodeIgniter\Session\Handlers\FileHandler' driver.
INFO - 2022-02-21 10:57:53 --> Controller "App\Controllers\base\Dashboard" loaded.
INFO - 2022-02-21 10:59:12 --> Session: Class initialized using 'CodeIgniter\Session\Handlers\FileHandler' driver.
INFO - 2022-02-21 10:59:12 --> Controller "App\Controllers\base\Dashboard" loaded.
INFO - 2022-02-21 11:00:31 --> Session: Class initialized using 'CodeIgniter\Session\Handlers\FileHandler' driver.
INFO - 2022-02-21 11:00:31 --> Controller "App\Controllers\base\Dashboard" loaded.
INFO - 2022-02-21 11:00:32 --> Session: Class initialized using 'CodeIgniter\Session\Handlers\FileHandler' driver.
INFO - 2022-02-21 11:00:32 --> Controller "App\Controllers\base\Dashboard" loaded.
INFO - 2022-02-21 11:00:32 --> Session: Class initialized using 'CodeIgniter\Session\Handlers\FileHandler' driver.
INFO - 2022-02-21 11:00:32 --> Controller "App\Controllers\base\Dashboard" loaded.
INFO - 2022-02-21 11:00:39 --> Session: Class initialized using 'CodeIgniter\Session\Handlers\FileHandler' driver.
INFO - 2022-02-21 11:00:39 --> Controller "App\Controllers\base\Dashboard" loaded.
INFO - 2022-02-21 11:00:40 --> Session: Class initialized using 'CodeIgniter\Session\Handlers\FileHandler' driver.
INFO - 2022-02-21 11:00:40 --> Controller "App\Controllers\base\Dashboard" loaded.
INFO - 2022-02-21 11:01:40 --> Session: Class initialized using 'CodeIgniter\Session\Handlers\FileHandler' driver.
INFO - 2022-02-21 11:01:40 --> Controller "App\Controllers\base\Dashboard" loaded.
INFO - 2022-02-21 11:01:40 --> Session: Class initialized using 'CodeIgniter\Session\Handlers\FileHandler' driver.
INFO - 2022-02-21 11:01:40 --> Controller "App\Controllers\base\Dashboard" loaded.
INFO - 2022-02-21 11:01:41 --> Session: Class initialized using 'CodeIgniter\Session\Handlers\FileHandler' driver.
INFO - 2022-02-21 11:01:41 --> Controller "App\Controllers\base\Dashboard" loaded.
INFO - 2022-02-21 11:02:03 --> Session: Class initialized using 'CodeIgniter\Session\Handlers\FileHandler' driver.
INFO - 2022-02-21 11:02:03 --> Controller "App\Controllers\base\Dashboard" loaded.
INFO - 2022-02-21 11:02:04 --> Session: Class initialized using 'CodeIgniter\Session\Handlers\FileHandler' driver.
INFO - 2022-02-21 11:02:04 --> Controller "App\Controllers\base\Dashboard" loaded.
INFO - 2022-02-21 11:03:29 --> Session: Class initialized using 'CodeIgniter\Session\Handlers\FileHandler' driver.
INFO - 2022-02-21 11:03:29 --> Controller "App\Controllers\base\Dashboard" loaded.
INFO - 2022-02-21 11:03:31 --> Session: Class initialized using 'CodeIgniter\Session\Handlers\FileHandler' driver.
INFO - 2022-02-21 11:03:31 --> Controller "App\Controllers\base\Dashboard" loaded.
INFO - 2022-02-21 11:03:31 --> Session: Class initialized using 'CodeIgniter\Session\Handlers\FileHandler' driver.
INFO - 2022-02-21 11:03:31 --> Controller "App\Controllers\base\Dashboard" loaded.
INFO - 2022-02-21 11:03:31 --> Session: Class initialized using 'CodeIgniter\Session\Handlers\FileHandler' driver.
INFO - 2022-02-21 11:03:32 --> Controller "App\Controllers\base\Dashboard" loaded.
INFO - 2022-02-21 11:03:53 --> Session: Class initialized using 'CodeIgniter\Session\Handlers\FileHandler' driver.
INFO - 2022-02-21 11:03:53 --> Controller "App\Controllers\base\Dashboard" loaded.
INFO - 2022-02-21 11:03:53 --> Session: Class initialized using 'CodeIgniter\Session\Handlers\FileHandler' driver.
INFO - 2022-02-21 11:03:53 --> Controller "App\Controllers\base\Dashboard" loaded.
INFO - 2022-02-21 11:03:54 --> Session: Class initialized using 'CodeIgniter\Session\Handlers\FileHandler' driver.
INFO - 2022-02-21 11:03:54 --> Controller "App\Controllers\base\Dashboard" loaded.
INFO - 2022-02-21 11:03:58 --> Session: Class initialized using 'CodeIgniter\Session\Handlers\FileHandler' driver.
INFO - 2022-02-21 11:03:58 --> Controller "App\Controllers\base\Dashboard" loaded.
INFO - 2022-02-21 11:05:52 --> Session: Class initialized using 'CodeIgniter\Session\Handlers\FileHandler' driver.
INFO - 2022-02-21 11:05:52 --> Controller "App\Controllers\base\Dashboard" loaded.
INFO - 2022-02-21 11:06:12 --> Session: Class initialized using 'CodeIgniter\Session\Handlers\FileHandler' driver.
INFO - 2022-02-21 11:06:12 --> Controller "App\Controllers\base\Dashboard" loaded.
INFO - 2022-02-21 11:07:05 --> Session: Class initialized using 'CodeIgniter\Session\Handlers\FileHandler' driver.
INFO - 2022-02-21 11:07:05 --> Controller "App\Controllers\base\Dashboard" loaded.
INFO - 2022-02-21 11:07:05 --> Controller "App\Controllers\base\Beranda" loaded.
INFO - 2022-02-21 11:07:06 --> Session: Class initialized using 'CodeIgniter\Session\Handlers\FileHandler' driver.
INFO - 2022-02-21 11:07:06 --> Controller "App\Controllers\base\Dashboard" loaded.
INFO - 2022-02-21 11:07:06 --> Controller "App\Controllers\base\Beranda" loaded.
INFO - 2022-02-21 11:07:42 --> Session: Class initialized using 'CodeIgniter\Session\Handlers\FileHandler' driver.
INFO - 2022-02-21 11:07:42 --> Controller "App\Controllers\base\Dashboard" loaded.
INFO - 2022-02-21 11:07:43 --> Controller "App\Controllers\base\Beranda" loaded.
INFO - 2022-02-21 11:07:43 --> Session: Class initialized using 'CodeIgniter\Session\Handlers\FileHandler' driver.
INFO - 2022-02-21 11:07:43 --> Controller "App\Controllers\base\Dashboard" loaded.
INFO - 2022-02-21 11:07:44 --> Controller "App\Controllers\base\Beranda" loaded.
INFO - 2022-02-21 11:07:44 --> Session: Class initialized using 'CodeIgniter\Session\Handlers\FileHandler' driver.
INFO - 2022-02-21 11:07:44 --> Controller "App\Controllers\base\Dashboard" loaded.
INFO - 2022-02-21 11:07:44 --> Controller "App\Controllers\base\Beranda" loaded.
INFO - 2022-02-21 11:07:49 --> Session: Class initialized using 'CodeIgniter\Session\Handlers\FileHandler' driver.
INFO - 2022-02-21 11:07:49 --> Controller "App\Controllers\base\Dashboard" loaded.
INFO - 2022-02-21 11:07:49 --> Controller "App\Controllers\base\Beranda" loaded.
INFO - 2022-02-21 11:08:14 --> Session: Class initialized using 'CodeIgniter\Session\Handlers\FileHandler' driver.
INFO - 2022-02-21 11:08:14 --> Controller "App\Controllers\base\Dashboard" loaded.
INFO - 2022-02-21 11:08:14 --> Controller "App\Controllers\base\Beranda" loaded.
INFO - 2022-02-21 11:08:16 --> Session: Class initialized using 'CodeIgniter\Session\Handlers\FileHandler' driver.
INFO - 2022-02-21 11:08:16 --> Controller "App\Controllers\base\Dashboard" loaded.
INFO - 2022-02-21 11:08:16 --> Controller "App\Controllers\base\Beranda" loaded.
INFO - 2022-02-21 11:09:15 --> Session: Class initialized using 'CodeIgniter\Session\Handlers\FileHandler' driver.
INFO - 2022-02-21 11:09:15 --> Controller "App\Controllers\base\Dashboard" loaded.
INFO - 2022-02-21 11:09:20 --> Session: Class initialized using 'CodeIgniter\Session\Handlers\FileHandler' driver.
INFO - 2022-02-21 11:09:20 --> Controller "App\Controllers\base\Dashboard" loaded.
INFO - 2022-02-21 11:09:21 --> Controller "App\Controllers\base\Beranda" loaded.
INFO - 2022-02-21 11:09:21 --> Controller "App\Controllers\base\Beranda" loaded.
INFO - 2022-02-21 11:09:26 --> Controller "App\Controllers\base\Beranda" loaded.
INFO - 2022-02-21 11:09:45 --> Session: Class initialized using 'CodeIgniter\Session\Handlers\FileHandler' driver.
INFO - 2022-02-21 11:09:45 --> Controller "App\Controllers\base\Dashboard" loaded.
INFO - 2022-02-21 11:09:52 --> Controller "App\Controllers\base\Beranda" loaded.
INFO - 2022-02-21 11:10:05 --> Controller "App\Controllers\base\Beranda" loaded.
INFO - 2022-02-21 11:10:16 --> Controller "App\Controllers\base\Beranda" loaded.
INFO - 2022-02-21 11:23:40 --> Session: Class initialized using 'CodeIgniter\Session\Handlers\FileHandler' driver.
INFO - 2022-02-21 11:23:40 --> Controller "App\Controllers\base\Dashboard" loaded.
INFO - 2022-02-21 11:23:48 --> Session: Class initialized using 'CodeIgniter\Session\Handlers\FileHandler' driver.
INFO - 2022-02-21 11:23:48 --> Controller "App\Controllers\base\Dashboard" loaded.
INFO - 2022-02-21 11:23:48 --> Session: Class initialized using 'CodeIgniter\Session\Handlers\FileHandler' driver.
INFO - 2022-02-21 11:23:48 --> Controller "App\Controllers\base\Dashboard" loaded.
INFO - 2022-02-21 11:24:26 --> Session: Class initialized using 'CodeIgniter\Session\Handlers\FileHandler' driver.
INFO - 2022-02-21 11:24:26 --> Controller "App\Controllers\base\Dashboard" loaded.
INFO - 2022-02-21 11:24:28 --> Session: Class initialized using 'CodeIgniter\Session\Handlers\FileHandler' driver.
INFO - 2022-02-21 11:24:28 --> Controller "App\Controllers\base\Dashboard" loaded.
INFO - 2022-02-21 11:25:28 --> Session: Class initialized using 'CodeIgniter\Session\Handlers\FileHandler' driver.
INFO - 2022-02-21 11:25:28 --> Controller "App\Controllers\base\Dashboard" loaded.
INFO - 2022-02-21 11:25:30 --> Session: Class initialized using 'CodeIgniter\Session\Handlers\FileHandler' driver.
INFO - 2022-02-21 11:25:30 --> Controller "App\Controllers\base\Dashboard" loaded.
INFO - 2022-02-21 11:26:11 --> Session: Class initialized using 'CodeIgniter\Session\Handlers\FileHandler' driver.
INFO - 2022-02-21 11:26:11 --> Controller "App\Controllers\base\Dashboard" loaded.
INFO - 2022-02-21 11:27:50 --> Session: Class initialized using 'CodeIgniter\Session\Handlers\FileHandler' driver.
INFO - 2022-02-21 11:27:50 --> Controller "App\Controllers\base\Dashboard" loaded.
INFO - 2022-02-21 11:27:57 --> Session: Class initialized using 'CodeIgniter\Session\Handlers\FileHandler' driver.
INFO - 2022-02-21 11:27:57 --> Controller "App\Controllers\base\Dashboard" loaded.
INFO - 2022-02-21 11:29:27 --> Session: Class initialized using 'CodeIgniter\Session\Handlers\FileHandler' driver.
INFO - 2022-02-21 11:29:27 --> Controller "App\Controllers\base\Dashboard" loaded.
INFO - 2022-02-21 11:29:29 --> Session: Class initialized using 'CodeIgniter\Session\Handlers\FileHandler' driver.
INFO - 2022-02-21 11:29:29 --> Controller "App\Controllers\base\Dashboard" loaded.
INFO - 2022-02-21 11:31:34 --> Session: Class initialized using 'CodeIgniter\Session\Handlers\FileHandler' driver.
INFO - 2022-02-21 11:31:34 --> Controller "App\Controllers\base\Dashboard" loaded.
INFO - 2022-02-21 11:36:10 --> Session: Class initialized using 'CodeIgniter\Session\Handlers\FileHandler' driver.
INFO - 2022-02-21 11:36:10 --> Controller "App\Controllers\base\Dashboard" loaded.
INFO - 2022-02-21 11:36:10 --> Session: Class initialized using 'CodeIgniter\Session\Handlers\FileHandler' driver.
INFO - 2022-02-21 11:36:10 --> Controller "App\Controllers\base\Dashboard" loaded.
INFO - 2022-02-21 11:36:17 --> Session: Class initialized using 'CodeIgniter\Session\Handlers\FileHandler' driver.
INFO - 2022-02-21 11:36:17 --> Session: Class initialized using 'CodeIgniter\Session\Handlers\FileHandler' driver.
INFO - 2022-02-21 11:36:17 --> Controller "App\Controllers\base\Dashboard" loaded.
