INFO - 2020-04-12 07:45:43 --> Session: Class initialized using 'CodeIgniter\Session\Handlers\FileHandler' driver.
INFO - 2020-04-12 07:45:43 --> Controller "App\Controllers\Order" loaded.
INFO - 2020-04-12 07:46:32 --> Session: Class initialized using 'CodeIgniter\Session\Handlers\FileHandler' driver.
INFO - 2020-04-12 07:46:32 --> Controller "App\Controllers\Order" loaded.
INFO - 2020-04-12 07:47:48 --> Session: Class initialized using 'CodeIgniter\Session\Handlers\FileHandler' driver.
INFO - 2020-04-12 07:47:48 --> Controller "App\Controllers\Order" loaded.
INFO - 2020-04-12 07:48:25 --> Session: Class initialized using 'CodeIgniter\Session\Handlers\FileHandler' driver.
INFO - 2020-04-12 07:48:25 --> Controller "App\Controllers\Order" loaded.
INFO - 2020-04-12 07:48:43 --> Session: Class initialized using 'CodeIgniter\Session\Handlers\FileHandler' driver.
INFO - 2020-04-12 07:48:43 --> Controller "App\Controllers\Order" loaded.
INFO - 2020-04-12 07:49:42 --> Session: Class initialized using 'CodeIgniter\Session\Handlers\FileHandler' driver.
INFO - 2020-04-12 07:49:42 --> Controller "App\Controllers\Order" loaded.
INFO - 2020-04-12 07:49:51 --> Session: Class initialized using 'CodeIgniter\Session\Handlers\FileHandler' driver.
INFO - 2020-04-12 07:49:51 --> Controller "App\Controllers\Order" loaded.
INFO - 2020-04-12 07:50:06 --> Session: Class initialized using 'CodeIgniter\Session\Handlers\FileHandler' driver.
INFO - 2020-04-12 07:50:06 --> Controller "App\Controllers\Order" loaded.
INFO - 2020-04-12 07:50:38 --> Session: Class initialized using 'CodeIgniter\Session\Handlers\FileHandler' driver.
INFO - 2020-04-12 07:50:38 --> Controller "App\Controllers\Order" loaded.
INFO - 2020-04-12 07:54:28 --> Session: Class initialized using 'CodeIgniter\Session\Handlers\FileHandler' driver.
INFO - 2020-04-12 07:54:28 --> Controller "App\Controllers\Order" loaded.
INFO - 2020-04-12 07:55:59 --> Session: Class initialized using 'CodeIgniter\Session\Handlers\FileHandler' driver.
INFO - 2020-04-12 07:55:59 --> Controller "App\Controllers\Order" loaded.
INFO - 2020-04-12 07:56:12 --> Session: Class initialized using 'CodeIgniter\Session\Handlers\FileHandler' driver.
INFO - 2020-04-12 07:56:12 --> Controller "App\Controllers\Order" loaded.
INFO - 2020-04-12 07:56:13 --> Session: Class initialized using 'CodeIgniter\Session\Handlers\FileHandler' driver.
INFO - 2020-04-12 07:56:13 --> Controller "App\Controllers\Order" loaded.
INFO - 2020-04-12 08:13:31 --> Session: Class initialized using 'CodeIgniter\Session\Handlers\FileHandler' driver.
INFO - 2020-04-12 08:13:31 --> Controller "App\Controllers\Order" loaded.
INFO - 2020-04-12 08:13:57 --> Session: Class initialized using 'CodeIgniter\Session\Handlers\FileHandler' driver.
INFO - 2020-04-12 08:13:57 --> Controller "App\Controllers\Order" loaded.
INFO - 2020-04-12 08:14:58 --> Session: Class initialized using 'CodeIgniter\Session\Handlers\FileHandler' driver.
INFO - 2020-04-12 08:14:58 --> Controller "App\Controllers\Order" loaded.
INFO - 2020-04-12 08:20:35 --> Session: Class initialized using 'CodeIgniter\Session\Handlers\FileHandler' driver.
INFO - 2020-04-12 08:20:35 --> Controller "App\Controllers\Order" loaded.
INFO - 2020-04-12 08:21:12 --> Session: Class initialized using 'CodeIgniter\Session\Handlers\FileHandler' driver.
INFO - 2020-04-12 08:21:12 --> Controller "App\Controllers\Order" loaded.
INFO - 2020-04-12 08:22:44 --> Session: Class initialized using 'CodeIgniter\Session\Handlers\FileHandler' driver.
INFO - 2020-04-12 08:22:44 --> Controller "App\Controllers\Order" loaded.
INFO - 2020-04-12 08:22:52 --> Session: Class initialized using 'CodeIgniter\Session\Handlers\FileHandler' driver.
INFO - 2020-04-12 08:22:52 --> Controller "App\Controllers\Order" loaded.
INFO - 2020-04-12 08:23:07 --> Session: Class initialized using 'CodeIgniter\Session\Handlers\FileHandler' driver.
INFO - 2020-04-12 08:23:07 --> Controller "App\Controllers\Order" loaded.
INFO - 2020-04-12 08:23:41 --> Session: Class initialized using 'CodeIgniter\Session\Handlers\FileHandler' driver.
INFO - 2020-04-12 08:23:41 --> Controller "App\Controllers\Order" loaded.
INFO - 2020-04-12 08:23:50 --> Session: Class initialized using 'CodeIgniter\Session\Handlers\FileHandler' driver.
INFO - 2020-04-12 08:23:50 --> Controller "App\Controllers\Order" loaded.
INFO - 2020-04-12 08:24:09 --> Session: Class initialized using 'CodeIgniter\Session\Handlers\FileHandler' driver.
INFO - 2020-04-12 08:24:09 --> Controller "App\Controllers\Order" loaded.
INFO - 2020-04-12 08:24:09 --> Session: Class initialized using 'CodeIgniter\Session\Handlers\FileHandler' driver.
INFO - 2020-04-12 08:24:09 --> Controller "App\Controllers\Order" loaded.
INFO - 2020-04-12 08:24:09 --> Session: Class initialized using 'CodeIgniter\Session\Handlers\FileHandler' driver.
INFO - 2020-04-12 08:24:09 --> Controller "App\Controllers\Order" loaded.
INFO - 2020-04-12 08:24:31 --> Session: Class initialized using 'CodeIgniter\Session\Handlers\FileHandler' driver.
INFO - 2020-04-12 08:24:31 --> Controller "App\Controllers\Order" loaded.
INFO - 2020-04-12 08:24:40 --> Session: Class initialized using 'CodeIgniter\Session\Handlers\FileHandler' driver.
INFO - 2020-04-12 08:24:40 --> Controller "App\Controllers\Order" loaded.
INFO - 2020-04-12 08:24:46 --> Session: Class initialized using 'CodeIgniter\Session\Handlers\FileHandler' driver.
INFO - 2020-04-12 08:24:46 --> Controller "App\Controllers\Order" loaded.
INFO - 2020-04-12 08:24:46 --> Session: Class initialized using 'CodeIgniter\Session\Handlers\FileHandler' driver.
INFO - 2020-04-12 08:24:46 --> Controller "App\Controllers\Order" loaded.
INFO - 2020-04-12 08:25:21 --> Session: Class initialized using 'CodeIgniter\Session\Handlers\FileHandler' driver.
INFO - 2020-04-12 08:25:21 --> Controller "App\Controllers\Order" loaded.
INFO - 2020-04-12 08:25:21 --> Session: Class initialized using 'CodeIgniter\Session\Handlers\FileHandler' driver.
INFO - 2020-04-12 08:25:21 --> Controller "App\Controllers\Order" loaded.
INFO - 2020-04-12 08:25:23 --> Session: Class initialized using 'CodeIgniter\Session\Handlers\FileHandler' driver.
INFO - 2020-04-12 08:25:23 --> Controller "App\Controllers\Order" loaded.
INFO - 2020-04-12 08:25:24 --> Session: Class initialized using 'CodeIgniter\Session\Handlers\FileHandler' driver.
INFO - 2020-04-12 08:25:24 --> Controller "App\Controllers\Order" loaded.
INFO - 2020-04-12 08:25:29 --> Session: Class initialized using 'CodeIgniter\Session\Handlers\FileHandler' driver.
INFO - 2020-04-12 08:25:29 --> Controller "App\Controllers\Order" loaded.
INFO - 2020-04-12 08:25:45 --> Session: Class initialized using 'CodeIgniter\Session\Handlers\FileHandler' driver.
INFO - 2020-04-12 08:25:45 --> Controller "App\Controllers\Order" loaded.
INFO - 2020-04-12 08:26:11 --> Session: Class initialized using 'CodeIgniter\Session\Handlers\FileHandler' driver.
INFO - 2020-04-12 08:26:11 --> Controller "App\Controllers\Order" loaded.
INFO - 2020-04-12 08:26:38 --> Session: Class initialized using 'CodeIgniter\Session\Handlers\FileHandler' driver.
INFO - 2020-04-12 08:26:38 --> Controller "App\Controllers\Order" loaded.
INFO - 2020-04-12 08:26:48 --> Session: Class initialized using 'CodeIgniter\Session\Handlers\FileHandler' driver.
INFO - 2020-04-12 08:26:48 --> Controller "App\Controllers\Order" loaded.
INFO - 2020-04-12 08:26:58 --> Session: Class initialized using 'CodeIgniter\Session\Handlers\FileHandler' driver.
INFO - 2020-04-12 08:26:58 --> Controller "App\Controllers\Order" loaded.
INFO - 2020-04-12 08:27:59 --> Session: Class initialized using 'CodeIgniter\Session\Handlers\FileHandler' driver.
INFO - 2020-04-12 08:27:59 --> Controller "App\Controllers\Order" loaded.
INFO - 2020-04-12 08:28:12 --> Session: Class initialized using 'CodeIgniter\Session\Handlers\FileHandler' driver.
INFO - 2020-04-12 08:28:12 --> Controller "App\Controllers\Order" loaded.
INFO - 2020-04-12 08:28:31 --> Session: Class initialized using 'CodeIgniter\Session\Handlers\FileHandler' driver.
INFO - 2020-04-12 08:28:31 --> Controller "App\Controllers\Order" loaded.
INFO - 2020-04-12 08:28:40 --> Session: Class initialized using 'CodeIgniter\Session\Handlers\FileHandler' driver.
INFO - 2020-04-12 08:28:40 --> Controller "App\Controllers\Order" loaded.
INFO - 2020-04-12 08:59:13 --> Session: Class initialized using 'CodeIgniter\Session\Handlers\FileHandler' driver.
INFO - 2020-04-12 08:59:13 --> Controller "App\Controllers\Order" loaded.
INFO - 2020-04-12 08:59:40 --> Session: Class initialized using 'CodeIgniter\Session\Handlers\FileHandler' driver.
INFO - 2020-04-12 08:59:40 --> Controller "App\Controllers\Order" loaded.
INFO - 2020-04-12 09:00:43 --> Session: Class initialized using 'CodeIgniter\Session\Handlers\FileHandler' driver.
INFO - 2020-04-12 09:00:43 --> Controller "App\Controllers\Order" loaded.
INFO - 2020-04-12 09:01:08 --> Session: Class initialized using 'CodeIgniter\Session\Handlers\FileHandler' driver.
INFO - 2020-04-12 09:01:08 --> Controller "App\Controllers\Order" loaded.
INFO - 2020-04-12 09:03:20 --> Session: Class initialized using 'CodeIgniter\Session\Handlers\FileHandler' driver.
INFO - 2020-04-12 09:03:20 --> Controller "App\Controllers\Order" loaded.
INFO - 2020-04-12 09:03:40 --> Session: Class initialized using 'CodeIgniter\Session\Handlers\FileHandler' driver.
INFO - 2020-04-12 09:03:40 --> Controller "App\Controllers\Order" loaded.
INFO - 2020-04-12 09:04:16 --> Session: Class initialized using 'CodeIgniter\Session\Handlers\FileHandler' driver.
INFO - 2020-04-12 09:04:16 --> Controller "App\Controllers\Order" loaded.
INFO - 2020-04-12 09:04:43 --> Session: Class initialized using 'CodeIgniter\Session\Handlers\FileHandler' driver.
INFO - 2020-04-12 09:04:43 --> Controller "App\Controllers\Order" loaded.
INFO - 2020-04-12 09:05:24 --> Session: Class initialized using 'CodeIgniter\Session\Handlers\FileHandler' driver.
INFO - 2020-04-12 09:05:24 --> Controller "App\Controllers\Order" loaded.
INFO - 2020-04-12 09:06:14 --> Session: Class initialized using 'CodeIgniter\Session\Handlers\FileHandler' driver.
INFO - 2020-04-12 09:06:14 --> Controller "App\Controllers\Order" loaded.
INFO - 2020-04-12 09:06:57 --> Session: Class initialized using 'CodeIgniter\Session\Handlers\FileHandler' driver.
INFO - 2020-04-12 09:06:57 --> Controller "App\Controllers\Order" loaded.
INFO - 2020-04-12 09:11:18 --> Session: Class initialized using 'CodeIgniter\Session\Handlers\FileHandler' driver.
INFO - 2020-04-12 09:11:18 --> Controller "App\Controllers\Order" loaded.
INFO - 2020-04-12 09:11:38 --> Session: Class initialized using 'CodeIgniter\Session\Handlers\FileHandler' driver.
INFO - 2020-04-12 09:11:38 --> Controller "App\Controllers\Order" loaded.
INFO - 2020-04-12 09:11:58 --> Session: Class initialized using 'CodeIgniter\Session\Handlers\FileHandler' driver.
INFO - 2020-04-12 09:11:58 --> Controller "App\Controllers\Order" loaded.
INFO - 2020-04-12 09:12:11 --> Session: Class initialized using 'CodeIgniter\Session\Handlers\FileHandler' driver.
INFO - 2020-04-12 09:12:11 --> Controller "App\Controllers\Order" loaded.
INFO - 2020-04-12 09:12:22 --> Session: Class initialized using 'CodeIgniter\Session\Handlers\FileHandler' driver.
INFO - 2020-04-12 09:12:22 --> Controller "App\Controllers\Order" loaded.
INFO - 2020-04-12 09:16:57 --> Session: Class initialized using 'CodeIgniter\Session\Handlers\FileHandler' driver.
INFO - 2020-04-12 09:16:57 --> Controller "App\Controllers\Order" loaded.
INFO - 2020-04-12 09:17:13 --> Session: Class initialized using 'CodeIgniter\Session\Handlers\FileHandler' driver.
INFO - 2020-04-12 09:17:13 --> Controller "App\Controllers\Order" loaded.
INFO - 2020-04-12 09:20:21 --> Session: Class initialized using 'CodeIgniter\Session\Handlers\FileHandler' driver.
INFO - 2020-04-12 09:20:21 --> Controller "App\Controllers\Order" loaded.
INFO - 2020-04-12 09:20:35 --> Session: Class initialized using 'CodeIgniter\Session\Handlers\FileHandler' driver.
INFO - 2020-04-12 09:20:35 --> Controller "App\Controllers\Order" loaded.
INFO - 2020-04-12 09:20:39 --> Session: Class initialized using 'CodeIgniter\Session\Handlers\FileHandler' driver.
INFO - 2020-04-12 09:20:39 --> Controller "App\Controllers\Order" loaded.
INFO - 2020-04-12 09:21:11 --> Session: Class initialized using 'CodeIgniter\Session\Handlers\FileHandler' driver.
INFO - 2020-04-12 09:21:11 --> Controller "App\Controllers\Order" loaded.
INFO - 2020-04-12 09:21:38 --> Session: Class initialized using 'CodeIgniter\Session\Handlers\FileHandler' driver.
INFO - 2020-04-12 09:21:38 --> Controller "App\Controllers\Order" loaded.
INFO - 2020-04-12 09:23:43 --> Session: Class initialized using 'CodeIgniter\Session\Handlers\FileHandler' driver.
INFO - 2020-04-12 09:23:43 --> Controller "App\Controllers\Order" loaded.
INFO - 2020-04-12 09:23:58 --> Session: Class initialized using 'CodeIgniter\Session\Handlers\FileHandler' driver.
INFO - 2020-04-12 09:23:58 --> Controller "App\Controllers\Order" loaded.
INFO - 2020-04-12 09:24:27 --> Session: Class initialized using 'CodeIgniter\Session\Handlers\FileHandler' driver.
INFO - 2020-04-12 09:24:27 --> Controller "App\Controllers\Order" loaded.
INFO - 2020-04-12 09:24:34 --> Session: Class initialized using 'CodeIgniter\Session\Handlers\FileHandler' driver.
INFO - 2020-04-12 09:24:34 --> Controller "App\Controllers\Order" loaded.
INFO - 2020-04-12 09:24:41 --> Session: Class initialized using 'CodeIgniter\Session\Handlers\FileHandler' driver.
INFO - 2020-04-12 09:24:41 --> Controller "App\Controllers\Order" loaded.
INFO - 2020-04-12 09:24:52 --> Session: Class initialized using 'CodeIgniter\Session\Handlers\FileHandler' driver.
INFO - 2020-04-12 09:24:53 --> Controller "App\Controllers\Order" loaded.
INFO - 2020-04-12 09:24:57 --> Session: Class initialized using 'CodeIgniter\Session\Handlers\FileHandler' driver.
INFO - 2020-04-12 09:24:57 --> Controller "App\Controllers\Order" loaded.
INFO - 2020-04-12 09:25:13 --> Session: Class initialized using 'CodeIgniter\Session\Handlers\FileHandler' driver.
INFO - 2020-04-12 09:25:13 --> Controller "App\Controllers\Order" loaded.
INFO - 2020-04-12 09:25:17 --> Session: Class initialized using 'CodeIgniter\Session\Handlers\FileHandler' driver.
INFO - 2020-04-12 09:25:17 --> Controller "App\Controllers\Order" loaded.
INFO - 2020-04-12 09:25:42 --> Session: Class initialized using 'CodeIgniter\Session\Handlers\FileHandler' driver.
INFO - 2020-04-12 09:25:42 --> Controller "App\Controllers\Order" loaded.
INFO - 2020-04-12 09:26:05 --> Session: Class initialized using 'CodeIgniter\Session\Handlers\FileHandler' driver.
INFO - 2020-04-12 09:26:05 --> Controller "App\Controllers\Order" loaded.
INFO - 2020-04-12 09:26:08 --> Session: Class initialized using 'CodeIgniter\Session\Handlers\FileHandler' driver.
INFO - 2020-04-12 09:26:08 --> Controller "App\Controllers\Order" loaded.
INFO - 2020-04-12 09:26:23 --> Session: Class initialized using 'CodeIgniter\Session\Handlers\FileHandler' driver.
INFO - 2020-04-12 09:26:23 --> Controller "App\Controllers\Order" loaded.
INFO - 2020-04-12 09:35:16 --> Session: Class initialized using 'CodeIgniter\Session\Handlers\FileHandler' driver.
INFO - 2020-04-12 09:35:16 --> Controller "App\Controllers\Order" loaded.
INFO - 2020-04-12 09:35:22 --> Session: Class initialized using 'CodeIgniter\Session\Handlers\FileHandler' driver.
INFO - 2020-04-12 09:35:22 --> Controller "App\Controllers\Order" loaded.
INFO - 2020-04-12 09:35:33 --> Session: Class initialized using 'CodeIgniter\Session\Handlers\FileHandler' driver.
INFO - 2020-04-12 09:35:33 --> Controller "App\Controllers\Order" loaded.
INFO - 2020-04-12 09:35:33 --> Session: Class initialized using 'CodeIgniter\Session\Handlers\FileHandler' driver.
INFO - 2020-04-12 09:35:33 --> Controller "App\Controllers\Order" loaded.
INFO - 2020-04-12 09:35:33 --> Session: Class initialized using 'CodeIgniter\Session\Handlers\FileHandler' driver.
INFO - 2020-04-12 09:35:33 --> Controller "App\Controllers\Order" loaded.
INFO - 2020-04-12 09:35:33 --> Session: Class initialized using 'CodeIgniter\Session\Handlers\FileHandler' driver.
INFO - 2020-04-12 09:35:33 --> Controller "App\Controllers\Order" loaded.
INFO - 2020-04-12 09:35:33 --> Session: Class initialized using 'CodeIgniter\Session\Handlers\FileHandler' driver.
INFO - 2020-04-12 09:35:33 --> Controller "App\Controllers\Order" loaded.
INFO - 2020-04-12 09:35:33 --> Session: Class initialized using 'CodeIgniter\Session\Handlers\FileHandler' driver.
INFO - 2020-04-12 09:35:33 --> Controller "App\Controllers\Order" loaded.
INFO - 2020-04-12 09:35:33 --> Session: Class initialized using 'CodeIgniter\Session\Handlers\FileHandler' driver.
INFO - 2020-04-12 09:35:33 --> Controller "App\Controllers\Order" loaded.
INFO - 2020-04-12 09:35:33 --> Session: Class initialized using 'CodeIgniter\Session\Handlers\FileHandler' driver.
INFO - 2020-04-12 09:35:33 --> Controller "App\Controllers\Order" loaded.
INFO - 2020-04-12 09:35:34 --> Session: Class initialized using 'CodeIgniter\Session\Handlers\FileHandler' driver.
INFO - 2020-04-12 09:35:34 --> Controller "App\Controllers\Order" loaded.
INFO - 2020-04-12 09:35:34 --> Session: Class initialized using 'CodeIgniter\Session\Handlers\FileHandler' driver.
INFO - 2020-04-12 09:35:34 --> Controller "App\Controllers\Order" loaded.
INFO - 2020-04-12 09:35:34 --> Session: Class initialized using 'CodeIgniter\Session\Handlers\FileHandler' driver.
INFO - 2020-04-12 09:35:34 --> Controller "App\Controllers\Order" loaded.
INFO - 2020-04-12 09:35:42 --> Session: Class initialized using 'CodeIgniter\Session\Handlers\FileHandler' driver.
INFO - 2020-04-12 09:35:42 --> Controller "App\Controllers\Order" loaded.
INFO - 2020-04-12 09:35:45 --> Session: Class initialized using 'CodeIgniter\Session\Handlers\FileHandler' driver.
INFO - 2020-04-12 09:35:45 --> Controller "App\Controllers\Order" loaded.
CRITICAL - 2020-04-12 09:35:46 --> Column 'theme' cannot be null
#0 /var/www/html/akadku/home/system/Database/MySQLi/Connection.php(330): mysqli->query('INSERT INTO `or...')
#1 /var/www/html/akadku/home/system/Database/BaseConnection.php(738): CodeIgniter\Database\MySQLi\Connection->execute('INSERT INTO `or...')
#2 /var/www/html/akadku/home/system/Database/BaseConnection.php(666): CodeIgniter\Database\BaseConnection->simpleQuery('INSERT INTO `or...')
#3 /var/www/html/akadku/home/system/Database/BaseBuilder.php(2206): CodeIgniter\Database\BaseConnection->query('INSERT INTO `or...', Array, false)
#4 /var/www/html/akadku/home/app/Models/OrderModel.php(81): CodeIgniter\Database\BaseBuilder->insert(Array)
#5 /var/www/html/akadku/home/app/Controllers/Order.php(677): App\Models\OrderModel->save_order(Array)
#6 /var/www/html/akadku/home/system/CodeIgniter.php(910): App\Controllers\Order->saveData()
#7 /var/www/html/akadku/home/system/CodeIgniter.php(398): CodeIgniter\CodeIgniter->runController(Object(App\Controllers\Order))
#8 /var/www/html/akadku/home/system/CodeIgniter.php(306): CodeIgniter\CodeIgniter->handleRequest(NULL, Object(Config\Cache), false)
#9 /var/www/html/akadku/home/index.php(45): CodeIgniter\CodeIgniter->run()
#10 {main}
INFO - 2020-04-12 09:36:51 --> Session: Class initialized using 'CodeIgniter\Session\Handlers\FileHandler' driver.
INFO - 2020-04-12 09:36:51 --> Controller "App\Controllers\Order" loaded.
INFO - 2020-04-12 09:36:53 --> Session: Class initialized using 'CodeIgniter\Session\Handlers\FileHandler' driver.
INFO - 2020-04-12 09:36:53 --> Controller "App\Controllers\Order" loaded.
INFO - 2020-04-12 09:40:01 --> Session: Class initialized using 'CodeIgniter\Session\Handlers\FileHandler' driver.
INFO - 2020-04-12 09:40:01 --> Controller "App\Controllers\Order" loaded.
INFO - 2020-04-12 09:40:01 --> Session: Class initialized using 'CodeIgniter\Session\Handlers\FileHandler' driver.
INFO - 2020-04-12 09:40:01 --> Controller "App\Controllers\Order" loaded.
INFO - 2020-04-12 09:40:06 --> Session: Class initialized using 'CodeIgniter\Session\Handlers\FileHandler' driver.
INFO - 2020-04-12 09:40:06 --> Controller "App\Controllers\Order" loaded.
INFO - 2020-04-12 09:40:08 --> Session: Class initialized using 'CodeIgniter\Session\Handlers\FileHandler' driver.
INFO - 2020-04-12 09:40:08 --> Controller "App\Controllers\Order" loaded.
INFO - 2020-04-12 09:40:11 --> Session: Class initialized using 'CodeIgniter\Session\Handlers\FileHandler' driver.
INFO - 2020-04-12 09:40:11 --> Controller "App\Controllers\Order" loaded.
INFO - 2020-04-12 09:40:22 --> Session: Class initialized using 'CodeIgniter\Session\Handlers\FileHandler' driver.
INFO - 2020-04-12 09:40:22 --> Controller "App\Controllers\Order" loaded.
INFO - 2020-04-12 09:40:26 --> Session: Class initialized using 'CodeIgniter\Session\Handlers\FileHandler' driver.
INFO - 2020-04-12 09:40:26 --> Controller "App\Controllers\Order" loaded.
INFO - 2020-04-12 09:41:50 --> Session: Class initialized using 'CodeIgniter\Session\Handlers\FileHandler' driver.
INFO - 2020-04-12 09:41:50 --> Controller "App\Controllers\Order" loaded.
INFO - 2020-04-12 09:42:04 --> Session: Class initialized using 'CodeIgniter\Session\Handlers\FileHandler' driver.
INFO - 2020-04-12 09:42:04 --> Controller "App\Controllers\Order" loaded.
INFO - 2020-04-12 09:42:15 --> Session: Class initialized using 'CodeIgniter\Session\Handlers\FileHandler' driver.
INFO - 2020-04-12 09:42:15 --> Controller "App\Controllers\Order" loaded.
INFO - 2020-04-12 09:42:26 --> Session: Class initialized using 'CodeIgniter\Session\Handlers\FileHandler' driver.
INFO - 2020-04-12 09:42:26 --> Controller "App\Controllers\Order" loaded.
INFO - 2020-04-12 09:42:28 --> Session: Class initialized using 'CodeIgniter\Session\Handlers\FileHandler' driver.
INFO - 2020-04-12 09:42:28 --> Controller "App\Controllers\Order" loaded.
INFO - 2020-04-12 09:42:39 --> Session: Class initialized using 'CodeIgniter\Session\Handlers\FileHandler' driver.
INFO - 2020-04-12 09:42:39 --> Controller "App\Controllers\Order" loaded.
INFO - 2020-04-12 09:42:44 --> Session: Class initialized using 'CodeIgniter\Session\Handlers\FileHandler' driver.
INFO - 2020-04-12 09:42:44 --> Controller "App\Controllers\Order" loaded.
INFO - 2020-04-12 09:42:49 --> Session: Class initialized using 'CodeIgniter\Session\Handlers\FileHandler' driver.
INFO - 2020-04-12 09:42:49 --> Controller "App\Controllers\Order" loaded.
INFO - 2020-04-12 09:42:49 --> Session: Class initialized using 'CodeIgniter\Session\Handlers\FileHandler' driver.
INFO - 2020-04-12 09:42:49 --> Controller "App\Controllers\Order" loaded.
INFO - 2020-04-12 09:42:49 --> Session: Class initialized using 'CodeIgniter\Session\Handlers\FileHandler' driver.
INFO - 2020-04-12 09:42:49 --> Controller "App\Controllers\Order" loaded.
INFO - 2020-04-12 09:42:49 --> Session: Class initialized using 'CodeIgniter\Session\Handlers\FileHandler' driver.
INFO - 2020-04-12 09:42:49 --> Controller "App\Controllers\Order" loaded.
INFO - 2020-04-12 09:42:52 --> Session: Class initialized using 'CodeIgniter\Session\Handlers\FileHandler' driver.
INFO - 2020-04-12 09:42:52 --> Controller "App\Controllers\Order" loaded.
INFO - 2020-04-12 09:42:55 --> Session: Class initialized using 'CodeIgniter\Session\Handlers\FileHandler' driver.
INFO - 2020-04-12 09:42:55 --> Controller "App\Controllers\Order" loaded.
INFO - 2020-04-12 09:42:56 --> Session: Class initialized using 'CodeIgniter\Session\Handlers\FileHandler' driver.
INFO - 2020-04-12 09:42:56 --> Controller "App\Controllers\Order" loaded.
INFO - 2020-04-12 09:47:14 --> Session: Class initialized using 'CodeIgniter\Session\Handlers\FileHandler' driver.
INFO - 2020-04-12 09:47:14 --> Controller "App\Controllers\Order" loaded.
INFO - 2020-04-12 09:47:14 --> Session: Class initialized using 'CodeIgniter\Session\Handlers\FileHandler' driver.
INFO - 2020-04-12 09:47:14 --> Controller "App\Controllers\Order" loaded.
INFO - 2020-04-12 09:47:14 --> Session: Class initialized using 'CodeIgniter\Session\Handlers\FileHandler' driver.
INFO - 2020-04-12 09:47:14 --> Controller "App\Controllers\Order" loaded.
INFO - 2020-04-12 09:47:48 --> Session: Class initialized using 'CodeIgniter\Session\Handlers\FileHandler' driver.
INFO - 2020-04-12 09:47:48 --> Controller "App\Controllers\Order" loaded.
INFO - 2020-04-12 09:48:47 --> Session: Class initialized using 'CodeIgniter\Session\Handlers\FileHandler' driver.
INFO - 2020-04-12 09:48:47 --> Controller "App\Controllers\Order" loaded.
INFO - 2020-04-12 09:49:01 --> Session: Class initialized using 'CodeIgniter\Session\Handlers\FileHandler' driver.
INFO - 2020-04-12 09:49:01 --> Controller "App\Controllers\Order" loaded.
CRITICAL - 2020-04-12 09:49:01 --> Call to a member function move() on null
#0 /var/www/html/akadku/home/system/CodeIgniter.php(910): App\Controllers\Order->imgupload()
#1 /var/www/html/akadku/home/system/CodeIgniter.php(398): CodeIgniter\CodeIgniter->runController(Object(App\Controllers\Order))
#2 /var/www/html/akadku/home/system/CodeIgniter.php(306): CodeIgniter\CodeIgniter->handleRequest(NULL, Object(Config\Cache), false)
#3 /var/www/html/akadku/home/index.php(45): CodeIgniter\CodeIgniter->run()
#4 {main}
INFO - 2020-04-12 09:49:03 --> Session: Class initialized using 'CodeIgniter\Session\Handlers\FileHandler' driver.
INFO - 2020-04-12 09:49:03 --> Controller "App\Controllers\Order" loaded.
INFO - 2020-04-12 09:49:15 --> Session: Class initialized using 'CodeIgniter\Session\Handlers\FileHandler' driver.
INFO - 2020-04-12 09:49:15 --> Controller "App\Controllers\Order" loaded.
CRITICAL - 2020-04-12 09:49:15 --> Call to a member function move() on null
#0 /var/www/html/akadku/home/system/CodeIgniter.php(910): App\Controllers\Order->imgupload()
#1 /var/www/html/akadku/home/system/CodeIgniter.php(398): CodeIgniter\CodeIgniter->runController(Object(App\Controllers\Order))
#2 /var/www/html/akadku/home/system/CodeIgniter.php(306): CodeIgniter\CodeIgniter->handleRequest(NULL, Object(Config\Cache), false)
#3 /var/www/html/akadku/home/index.php(45): CodeIgniter\CodeIgniter->run()
#4 {main}
INFO - 2020-04-12 09:49:27 --> Session: Class initialized using 'CodeIgniter\Session\Handlers\FileHandler' driver.
INFO - 2020-04-12 09:49:27 --> Controller "App\Controllers\Order" loaded.
INFO - 2020-04-12 09:50:15 --> Session: Class initialized using 'CodeIgniter\Session\Handlers\FileHandler' driver.
INFO - 2020-04-12 09:50:15 --> Controller "App\Controllers\Order" loaded.
CRITICAL - 2020-04-12 09:50:15 --> Call to a member function move() on null
#0 /var/www/html/akadku/home/system/CodeIgniter.php(910): App\Controllers\Order->imgupload()
#1 /var/www/html/akadku/home/system/CodeIgniter.php(398): CodeIgniter\CodeIgniter->runController(Object(App\Controllers\Order))
#2 /var/www/html/akadku/home/system/CodeIgniter.php(306): CodeIgniter\CodeIgniter->handleRequest(NULL, Object(Config\Cache), false)
#3 /var/www/html/akadku/home/index.php(45): CodeIgniter\CodeIgniter->run()
#4 {main}
INFO - 2020-04-12 09:51:17 --> Session: Class initialized using 'CodeIgniter\Session\Handlers\FileHandler' driver.
INFO - 2020-04-12 09:51:17 --> Controller "App\Controllers\Order" loaded.
CRITICAL - 2020-04-12 09:51:17 --> Call to a member function move() on null
#0 /var/www/html/akadku/home/system/CodeIgniter.php(910): App\Controllers\Order->imgupload()
#1 /var/www/html/akadku/home/system/CodeIgniter.php(398): CodeIgniter\CodeIgniter->runController(Object(App\Controllers\Order))
#2 /var/www/html/akadku/home/system/CodeIgniter.php(306): CodeIgniter\CodeIgniter->handleRequest(NULL, Object(Config\Cache), false)
#3 /var/www/html/akadku/home/index.php(45): CodeIgniter\CodeIgniter->run()
#4 {main}
