INFO - 2020-04-16 05:42:40 --> Controller "App\Controllers\Beranda" loaded.
INFO - 2020-04-16 05:42:40 --> Controller "App\Controllers\Beranda" loaded.
INFO - 2020-04-16 05:42:45 --> Controller "App\Controllers\Beranda" loaded.
INFO - 2020-04-16 05:42:48 --> Controller "App\Controllers\Beranda" loaded.
INFO - 2020-04-16 05:43:24 --> Controller "App\Controllers\Beranda" loaded.
INFO - 2020-04-16 05:43:31 --> Controller "App\Controllers\Beranda" loaded.
INFO - 2020-04-16 06:02:58 --> Controller "App\Controllers\Beranda" loaded.
INFO - 2020-04-16 06:04:58 --> Controller "App\Controllers\Beranda" loaded.
INFO - 2020-04-16 06:05:01 --> Controller "App\Controllers\Beranda" loaded.
INFO - 2020-04-16 06:05:44 --> Controller "App\Controllers\Beranda" loaded.
INFO - 2020-04-16 06:05:46 --> Controller "App\Controllers\Beranda" loaded.
INFO - 2020-04-16 07:32:22 --> Session: Class initialized using 'CodeIgniter\Session\Handlers\FileHandler' driver.
INFO - 2020-04-16 07:32:22 --> Controller "App\Controllers\Order" loaded.
INFO - 2020-04-16 07:32:25 --> Controller "App\Controllers\Beranda" loaded.
INFO - 2020-04-16 07:32:25 --> Controller "App\Controllers\Beranda" loaded.
INFO - 2020-04-16 07:32:26 --> Controller "App\Controllers\Beranda" loaded.
INFO - 2020-04-16 07:32:35 --> Controller "App\Controllers\Beranda" loaded.
INFO - 2020-04-16 07:32:36 --> Controller "App\Controllers\Anu" loaded.
INFO - 2020-04-16 07:33:35 --> Controller "App\Controllers\Anu" loaded.
INFO - 2020-04-16 07:47:33 --> Controller "App\Controllers\Anu" loaded.
INFO - 2020-04-16 07:47:35 --> Controller "App\Controllers\Anu" loaded.
INFO - 2020-04-16 07:48:23 --> Session: Class initialized using 'CodeIgniter\Session\Handlers\FileHandler' driver.
INFO - 2020-04-16 07:48:23 --> Controller "App\Controllers\Order" loaded.
INFO - 2020-04-16 07:48:24 --> Controller "App\Controllers\Beranda" loaded.
INFO - 2020-04-16 07:48:24 --> Controller "App\Controllers\Beranda" loaded.
INFO - 2020-04-16 07:48:24 --> Controller "App\Controllers\Beranda" loaded.
INFO - 2020-04-16 07:48:26 --> Controller "App\Controllers\Beranda" loaded.
INFO - 2020-04-16 07:55:03 --> Controller "App\Controllers\Anu" loaded.
INFO - 2020-04-16 08:02:32 --> Controller "App\Controllers\Anu" loaded.
INFO - 2020-04-16 08:02:35 --> Controller "App\Controllers\Anu" loaded.
INFO - 2020-04-16 08:05:41 --> Controller "App\Controllers\Anu" loaded.
INFO - 2020-04-16 08:05:43 --> Controller "App\Controllers\Anu" loaded.
INFO - 2020-04-16 08:49:21 --> Controller "App\Controllers\Anu" loaded.
INFO - 2020-04-16 08:49:23 --> Controller "App\Controllers\Anu" loaded.
INFO - 2020-04-16 08:49:36 --> Controller "App\Controllers\Anu" loaded.
INFO - 2020-04-16 08:50:07 --> Controller "App\Controllers\Anu" loaded.
INFO - 2020-04-16 08:50:10 --> Controller "App\Controllers\Anu" loaded.
INFO - 2020-04-16 08:50:57 --> Controller "App\Controllers\Anu" loaded.
INFO - 2020-04-16 08:51:00 --> Controller "App\Controllers\Anu" loaded.
INFO - 2020-04-16 08:51:55 --> Controller "App\Controllers\Anu" loaded.
INFO - 2020-04-16 08:51:56 --> Controller "App\Controllers\Anu" loaded.
INFO - 2020-04-16 08:52:26 --> Controller "App\Controllers\Anu" loaded.
INFO - 2020-04-16 08:52:28 --> Controller "App\Controllers\Anu" loaded.
INFO - 2020-04-16 08:52:33 --> Controller "App\Controllers\Anu" loaded.
INFO - 2020-04-16 08:52:36 --> Controller "App\Controllers\Anu" loaded.
INFO - 2020-04-16 08:53:20 --> Controller "App\Controllers\Anu" loaded.
INFO - 2020-04-16 08:53:22 --> Controller "App\Controllers\Anu" loaded.
INFO - 2020-04-16 08:53:24 --> Controller "App\Controllers\Anu" loaded.
INFO - 2020-04-16 08:55:33 --> Controller "App\Controllers\Anu" loaded.
INFO - 2020-04-16 08:55:34 --> Controller "App\Controllers\Anu" loaded.
INFO - 2020-04-16 08:55:37 --> Controller "App\Controllers\Anu" loaded.
INFO - 2020-04-16 08:55:47 --> Controller "App\Controllers\Anu" loaded.
INFO - 2020-04-16 08:55:48 --> Controller "App\Controllers\Anu" loaded.
INFO - 2020-04-16 08:55:50 --> Controller "App\Controllers\Anu" loaded.
INFO - 2020-04-16 09:00:18 --> Session: Class initialized using 'CodeIgniter\Session\Handlers\FileHandler' driver.
INFO - 2020-04-16 09:00:18 --> Controller "App\Controllers\Order" loaded.
INFO - 2020-04-16 09:00:18 --> Controller "App\Controllers\Beranda" loaded.
INFO - 2020-04-16 09:00:18 --> Controller "App\Controllers\Beranda" loaded.
INFO - 2020-04-16 09:00:18 --> Controller "App\Controllers\Beranda" loaded.
INFO - 2020-04-16 09:00:20 --> Controller "App\Controllers\Beranda" loaded.
INFO - 2020-04-16 09:00:35 --> Controller "App\Controllers\Beranda" loaded.
INFO - 2020-04-16 09:00:38 --> Controller "App\Controllers\Beranda" loaded.
INFO - 2020-04-16 09:03:46 --> Controller "App\Controllers\Anu" loaded.
INFO - 2020-04-16 09:03:48 --> Controller "App\Controllers\Anu" loaded.
INFO - 2020-04-16 09:03:50 --> Controller "App\Controllers\Anu" loaded.
INFO - 2020-04-16 09:05:43 --> Session: Class initialized using 'CodeIgniter\Session\Handlers\FileHandler' driver.
INFO - 2020-04-16 09:05:43 --> Controller "App\Controllers\Order" loaded.
INFO - 2020-04-16 09:05:43 --> Controller "App\Controllers\Beranda" loaded.
INFO - 2020-04-16 09:05:43 --> Controller "App\Controllers\Beranda" loaded.
INFO - 2020-04-16 09:05:43 --> Controller "App\Controllers\Beranda" loaded.
INFO - 2020-04-16 09:05:46 --> Controller "App\Controllers\Beranda" loaded.
INFO - 2020-04-16 09:25:24 --> Controller "App\Controllers\Anu" loaded.
INFO - 2020-04-16 09:25:26 --> Controller "App\Controllers\Anu" loaded.
INFO - 2020-04-16 09:25:28 --> Controller "App\Controllers\Anu" loaded.
INFO - 2020-04-16 09:25:29 --> Controller "App\Controllers\Anu" loaded.
INFO - 2020-04-16 10:25:54 --> Controller "App\Controllers\Anu" loaded.
CRITICAL - 2020-04-16 10:25:54 --> Invalid file: {0}
#0 /var/www/html/akadku/home/system/View/View.php(224): CodeIgniter\Exceptions\FrameworkException::forInvalidFile('themes/tealflow...')
#1 /var/www/html/akadku/home/system/Common.php(1071): CodeIgniter\View\View->render('themes/tealflow...', Array, true)
#2 /var/www/html/akadku/home/app/Controllers/Anu.php(46): view('themes/tealflow...', Array)
#3 /var/www/html/akadku/home/system/CodeIgniter.php(910): App\Controllers\Anu->index()
#4 /var/www/html/akadku/home/system/CodeIgniter.php(398): CodeIgniter\CodeIgniter->runController(Object(App\Controllers\Anu))
#5 /var/www/html/akadku/home/system/CodeIgniter.php(306): CodeIgniter\CodeIgniter->handleRequest(NULL, Object(Config\Cache), false)
#6 /var/www/html/akadku/home/index.php(45): CodeIgniter\CodeIgniter->run()
#7 {main}
INFO - 2020-04-16 10:26:27 --> Controller "App\Controllers\Anu" loaded.
INFO - 2020-04-16 10:26:27 --> Controller "App\Controllers\Anu" loaded.
INFO - 2020-04-16 10:27:01 --> Controller "App\Controllers\Anu" loaded.
INFO - 2020-04-16 10:27:01 --> Controller "App\Controllers\Anu" loaded.
INFO - 2020-04-16 10:41:18 --> Controller "App\Controllers\Anu" loaded.
INFO - 2020-04-16 10:41:19 --> Controller "App\Controllers\Anu" loaded.
INFO - 2020-04-16 10:41:20 --> Controller "App\Controllers\Anu" loaded.
INFO - 2020-04-16 10:41:21 --> Controller "App\Controllers\Anu" loaded.
INFO - 2020-04-16 10:41:34 --> Controller "App\Controllers\Anu" loaded.
INFO - 2020-04-16 10:41:34 --> Controller "App\Controllers\Anu" loaded.
INFO - 2020-04-16 10:41:35 --> Controller "App\Controllers\Anu" loaded.
INFO - 2020-04-16 10:41:35 --> Controller "App\Controllers\Anu" loaded.
INFO - 2020-04-16 10:41:50 --> Controller "App\Controllers\Anu" loaded.
INFO - 2020-04-16 10:41:50 --> Controller "App\Controllers\Anu" loaded.
INFO - 2020-04-16 10:41:51 --> Controller "App\Controllers\Anu" loaded.
INFO - 2020-04-16 10:43:21 --> Controller "App\Controllers\Anu" loaded.
INFO - 2020-04-16 10:43:21 --> Controller "App\Controllers\Anu" loaded.
INFO - 2020-04-16 10:43:41 --> Controller "App\Controllers\Anu" loaded.
INFO - 2020-04-16 10:43:42 --> Controller "App\Controllers\Anu" loaded.
INFO - 2020-04-16 10:44:01 --> Controller "App\Controllers\Anu" loaded.
INFO - 2020-04-16 10:44:01 --> Controller "App\Controllers\Anu" loaded.
INFO - 2020-04-16 10:44:16 --> Controller "App\Controllers\Anu" loaded.
INFO - 2020-04-16 10:44:17 --> Controller "App\Controllers\Anu" loaded.
INFO - 2020-04-16 10:45:25 --> Controller "App\Controllers\Anu" loaded.
INFO - 2020-04-16 10:45:25 --> Controller "App\Controllers\Anu" loaded.
INFO - 2020-04-16 10:45:38 --> Controller "App\Controllers\Anu" loaded.
INFO - 2020-04-16 10:45:39 --> Controller "App\Controllers\Anu" loaded.
INFO - 2020-04-16 10:47:24 --> Controller "App\Controllers\Anu" loaded.
INFO - 2020-04-16 10:47:24 --> Controller "App\Controllers\Anu" loaded.
INFO - 2020-04-16 10:47:57 --> Controller "App\Controllers\Anu" loaded.
INFO - 2020-04-16 10:47:57 --> Controller "App\Controllers\Anu" loaded.
INFO - 2020-04-16 10:49:16 --> Controller "App\Controllers\Anu" loaded.
INFO - 2020-04-16 10:49:17 --> Controller "App\Controllers\Anu" loaded.
INFO - 2020-04-16 10:50:24 --> Controller "App\Controllers\Anu" loaded.
INFO - 2020-04-16 10:50:24 --> Controller "App\Controllers\Anu" loaded.
INFO - 2020-04-16 10:51:11 --> Controller "App\Controllers\Anu" loaded.
INFO - 2020-04-16 10:51:11 --> Controller "App\Controllers\Anu" loaded.
INFO - 2020-04-16 10:51:30 --> Controller "App\Controllers\Anu" loaded.
INFO - 2020-04-16 10:51:30 --> Controller "App\Controllers\Anu" loaded.
INFO - 2020-04-16 10:52:07 --> Controller "App\Controllers\Anu" loaded.
INFO - 2020-04-16 10:52:07 --> Controller "App\Controllers\Anu" loaded.
