INFO - 2020-03-25 06:54:40 --> Controller "App\Controllers\Anu" loaded.
INFO - 2020-03-25 06:54:51 --> Controller "App\Controllers\Anu" loaded.
INFO - 2020-03-25 06:55:32 --> Controller "App\Controllers\Anu" loaded.
INFO - 2020-03-25 06:55:41 --> Controller "App\Controllers\Anu" loaded.
INFO - 2020-03-25 06:55:55 --> Controller "App\Controllers\Anu" loaded.
INFO - 2020-03-25 06:55:57 --> Controller "App\Controllers\Anu" loaded.
INFO - 2020-03-25 06:56:12 --> Controller "App\Controllers\Anu" loaded.
INFO - 2020-03-25 06:56:24 --> Controller "App\Controllers\Anu" loaded.
INFO - 2020-03-25 06:57:21 --> Controller "App\Controllers\Anu" loaded.
INFO - 2020-03-25 06:57:29 --> Controller "App\Controllers\Anu" loaded.
INFO - 2020-03-25 06:57:36 --> Controller "App\Controllers\Anu" loaded.
INFO - 2020-03-25 06:57:50 --> Controller "App\Controllers\Anu" loaded.
INFO - 2020-03-25 06:57:57 --> Controller "App\Controllers\Anu" loaded.
INFO - 2020-03-25 06:58:09 --> Controller "App\Controllers\Anu" loaded.
INFO - 2020-03-25 06:58:14 --> Controller "App\Controllers\Anu" loaded.
INFO - 2020-03-25 06:58:20 --> Controller "App\Controllers\Anu" loaded.
INFO - 2020-03-25 06:58:31 --> Controller "App\Controllers\Anu" loaded.
INFO - 2020-03-25 07:01:00 --> Controller "App\Controllers\Anu" loaded.
INFO - 2020-03-25 07:01:15 --> Controller "App\Controllers\Anu" loaded.
INFO - 2020-03-25 07:01:27 --> Controller "App\Controllers\Anu" loaded.
INFO - 2020-03-25 07:02:09 --> Controller "App\Controllers\Anu" loaded.
INFO - 2020-03-25 07:02:35 --> Controller "App\Controllers\Anu" loaded.
INFO - 2020-03-25 07:02:40 --> Controller "App\Controllers\Anu" loaded.
INFO - 2020-03-25 07:02:40 --> Controller "App\Controllers\Anu" loaded.
INFO - 2020-03-25 07:02:40 --> Controller "App\Controllers\Anu" loaded.
INFO - 2020-03-25 07:02:45 --> Controller "App\Controllers\Anu" loaded.
INFO - 2020-03-25 07:02:59 --> Controller "App\Controllers\Anu" loaded.
INFO - 2020-03-25 07:03:16 --> Controller "App\Controllers\Anu" loaded.
INFO - 2020-03-25 07:03:27 --> Controller "App\Controllers\Anu" loaded.
INFO - 2020-03-25 07:10:18 --> Controller "App\Controllers\Anu" loaded.
INFO - 2020-03-25 07:11:27 --> Controller "App\Controllers\Anu" loaded.
INFO - 2020-03-25 07:13:30 --> Controller "App\Controllers\Anu" loaded.
INFO - 2020-03-25 07:14:03 --> Controller "App\Controllers\Anu" loaded.
INFO - 2020-03-25 07:14:06 --> Controller "App\Controllers\Anu" loaded.
INFO - 2020-03-25 07:14:23 --> Controller "App\Controllers\Anu" loaded.
INFO - 2020-03-25 07:14:25 --> Controller "App\Controllers\Anu" loaded.
INFO - 2020-03-25 07:14:49 --> Controller "App\Controllers\Anu" loaded.
INFO - 2020-03-25 07:14:51 --> Controller "App\Controllers\Anu" loaded.
INFO - 2020-03-25 07:15:02 --> Controller "App\Controllers\Anu" loaded.
INFO - 2020-03-25 07:15:04 --> Controller "App\Controllers\Anu" loaded.
INFO - 2020-03-25 07:17:22 --> Controller "App\Controllers\Anu" loaded.
INFO - 2020-03-25 07:17:46 --> Controller "App\Controllers\Anu" loaded.
INFO - 2020-03-25 07:17:48 --> Controller "App\Controllers\Anu" loaded.
INFO - 2020-03-25 07:17:58 --> Controller "App\Controllers\Anu" loaded.
INFO - 2020-03-25 07:17:58 --> Controller "App\Controllers\Anu" loaded.
INFO - 2020-03-25 07:17:58 --> Controller "App\Controllers\Anu" loaded.
INFO - 2020-03-25 07:18:06 --> Controller "App\Controllers\Anu" loaded.
INFO - 2020-03-25 07:18:15 --> Controller "App\Controllers\Anu" loaded.
INFO - 2020-03-25 07:18:36 --> Controller "App\Controllers\Anu" loaded.
INFO - 2020-03-25 07:20:21 --> Controller "App\Controllers\Anu" loaded.
CRITICAL - 2020-03-25 07:20:21 --> Call to a member function getResult() on null
#0 /var/www/html/akadku/undangan/system/View/View.php(236): include()
#1 /var/www/html/akadku/undangan/system/Common.php(1071): CodeIgniter\View\View->render('modernrose', Array, true)
#2 /var/www/html/akadku/undangan/app/Controllers/Anu.php(51): view('modernrose')
#3 /var/www/html/akadku/undangan/system/CodeIgniter.php(910): App\Controllers\Anu->index()
#4 /var/www/html/akadku/undangan/system/CodeIgniter.php(398): CodeIgniter\CodeIgniter->runController(Object(App\Controllers\Anu))
#5 /var/www/html/akadku/undangan/system/CodeIgniter.php(306): CodeIgniter\CodeIgniter->handleRequest(NULL, Object(Config\Cache), false)
#6 /var/www/html/akadku/undangan/index.php(45): CodeIgniter\CodeIgniter->run()
#7 {main}
INFO - 2020-03-25 07:20:30 --> Controller "App\Controllers\Anu" loaded.
INFO - 2020-03-25 07:21:10 --> Controller "App\Controllers\Anu" loaded.
INFO - 2020-03-25 07:53:25 --> Controller "App\Controllers\Anu" loaded.
INFO - 2020-03-25 07:53:28 --> Controller "App\Controllers\Anu" loaded.
INFO - 2020-03-25 07:53:32 --> Controller "App\Controllers\Anu" loaded.
INFO - 2020-03-25 07:53:34 --> Controller "App\Controllers\Anu" loaded.
INFO - 2020-03-25 07:53:35 --> Controller "App\Controllers\Anu" loaded.
INFO - 2020-03-25 07:53:38 --> Controller "App\Controllers\Anu" loaded.
INFO - 2020-03-25 08:05:28 --> Controller "App\Controllers\Anu" loaded.
INFO - 2020-03-25 08:05:29 --> Controller "App\Controllers\Anu" loaded.
INFO - 2020-03-25 08:05:30 --> Controller "App\Controllers\Anu" loaded.
INFO - 2020-03-25 08:05:33 --> Controller "App\Controllers\Anu" loaded.
INFO - 2020-03-25 08:05:34 --> Controller "App\Controllers\Anu" loaded.
INFO - 2020-03-25 08:05:35 --> Controller "App\Controllers\Anu" loaded.
INFO - 2020-03-25 08:05:58 --> Controller "App\Controllers\Anu" loaded.
INFO - 2020-03-25 08:05:59 --> Controller "App\Controllers\Anu" loaded.
INFO - 2020-03-25 08:06:00 --> Controller "App\Controllers\Anu" loaded.
INFO - 2020-03-25 08:06:23 --> Controller "App\Controllers\Anu" loaded.
INFO - 2020-03-25 08:06:29 --> Controller "App\Controllers\Anu" loaded.
INFO - 2020-03-25 08:07:17 --> Controller "App\Controllers\Anu" loaded.
INFO - 2020-03-25 08:07:20 --> Controller "App\Controllers\Anu" loaded.
INFO - 2020-03-25 08:12:32 --> Controller "App\Controllers\Anu" loaded.
INFO - 2020-03-25 08:12:35 --> Controller "App\Controllers\Anu" loaded.
INFO - 2020-03-25 19:31:02 --> Controller "App\Controllers\Anu" loaded.
CRITICAL - 2020-03-25 19:31:02 --> syntax error, unexpected end of file
#0 /var/www/html/akadku/undangan/system/Common.php(1071): CodeIgniter\View\View->render('modernrose', Array, true)
#1 /var/www/html/akadku/undangan/app/Controllers/Anu.php(51): view('modernrose')
#2 /var/www/html/akadku/undangan/system/CodeIgniter.php(910): App\Controllers\Anu->index()
#3 /var/www/html/akadku/undangan/system/CodeIgniter.php(398): CodeIgniter\CodeIgniter->runController(Object(App\Controllers\Anu))
#4 /var/www/html/akadku/undangan/system/CodeIgniter.php(306): CodeIgniter\CodeIgniter->handleRequest(NULL, Object(Config\Cache), false)
#5 /var/www/html/akadku/undangan/index.php(45): CodeIgniter\CodeIgniter->run()
#6 {main}
INFO - 2020-03-25 19:31:07 --> Controller "App\Controllers\Anu" loaded.
CRITICAL - 2020-03-25 19:31:10 --> syntax error, unexpected end of file
#0 /var/www/html/akadku/undangan/system/Common.php(1071): CodeIgniter\View\View->render('modernrose', Array, true)
#1 /var/www/html/akadku/undangan/app/Controllers/Anu.php(43): view('modernrose', Array)
#2 /var/www/html/akadku/undangan/system/CodeIgniter.php(910): App\Controllers\Anu->index()
#3 /var/www/html/akadku/undangan/system/CodeIgniter.php(398): CodeIgniter\CodeIgniter->runController(Object(App\Controllers\Anu))
#4 /var/www/html/akadku/undangan/system/CodeIgniter.php(306): CodeIgniter\CodeIgniter->handleRequest(NULL, Object(Config\Cache), false)
#5 /var/www/html/akadku/undangan/index.php(45): CodeIgniter\CodeIgniter->run()
#6 {main}
INFO - 2020-03-25 19:31:12 --> Controller "App\Controllers\Anu" loaded.
CRITICAL - 2020-03-25 19:31:12 --> syntax error, unexpected end of file
#0 /var/www/html/akadku/undangan/system/Common.php(1071): CodeIgniter\View\View->render('modernrose', Array, true)
#1 /var/www/html/akadku/undangan/app/Controllers/Anu.php(43): view('modernrose', Array)
#2 /var/www/html/akadku/undangan/system/CodeIgniter.php(910): App\Controllers\Anu->index()
#3 /var/www/html/akadku/undangan/system/CodeIgniter.php(398): CodeIgniter\CodeIgniter->runController(Object(App\Controllers\Anu))
#4 /var/www/html/akadku/undangan/system/CodeIgniter.php(306): CodeIgniter\CodeIgniter->handleRequest(NULL, Object(Config\Cache), false)
#5 /var/www/html/akadku/undangan/index.php(45): CodeIgniter\CodeIgniter->run()
#6 {main}
INFO - 2020-03-25 19:31:26 --> Controller "App\Controllers\Anu" loaded.
INFO - 2020-03-25 19:31:49 --> Controller "App\Controllers\Anu" loaded.
