INFO - 2020-04-05 05:52:11 --> Session: Class initialized using 'CodeIgniter\Session\Handlers\FileHandler' driver.
INFO - 2020-04-05 05:52:11 --> Controller "App\Controllers\Order" loaded.
INFO - 2020-04-05 05:52:11 --> Session: Class initialized using 'CodeIgniter\Session\Handlers\FileHandler' driver.
INFO - 2020-04-05 05:52:11 --> Controller "App\Controllers\Order" loaded.
INFO - 2020-04-05 05:52:11 --> Session: Class initialized using 'CodeIgniter\Session\Handlers\FileHandler' driver.
INFO - 2020-04-05 05:52:11 --> Controller "App\Controllers\Order" loaded.
INFO - 2020-04-05 05:52:15 --> Session: Class initialized using 'CodeIgniter\Session\Handlers\FileHandler' driver.
INFO - 2020-04-05 05:52:15 --> Controller "App\Controllers\Order" loaded.
INFO - 2020-04-05 05:52:15 --> Session: Class initialized using 'CodeIgniter\Session\Handlers\FileHandler' driver.
INFO - 2020-04-05 05:52:15 --> Controller "App\Controllers\Order" loaded.
INFO - 2020-04-05 05:52:17 --> Session: Class initialized using 'CodeIgniter\Session\Handlers\FileHandler' driver.
INFO - 2020-04-05 05:52:17 --> Controller "App\Controllers\Order" loaded.
INFO - 2020-04-05 05:52:18 --> Session: Class initialized using 'CodeIgniter\Session\Handlers\FileHandler' driver.
INFO - 2020-04-05 05:52:18 --> Controller "App\Controllers\Order" loaded.
INFO - 2020-04-05 05:52:18 --> Session: Class initialized using 'CodeIgniter\Session\Handlers\FileHandler' driver.
INFO - 2020-04-05 05:52:18 --> Controller "App\Controllers\Order" loaded.
INFO - 2020-04-05 05:53:11 --> Session: Class initialized using 'CodeIgniter\Session\Handlers\FileHandler' driver.
INFO - 2020-04-05 05:53:11 --> Controller "App\Controllers\Order" loaded.
INFO - 2020-04-05 18:08:50 --> Session: Class initialized using 'CodeIgniter\Session\Handlers\FileHandler' driver.
INFO - 2020-04-05 18:08:50 --> Controller "App\Controllers\Order" loaded.
INFO - 2020-04-05 18:09:02 --> Session: Class initialized using 'CodeIgniter\Session\Handlers\FileHandler' driver.
INFO - 2020-04-05 18:09:02 --> Controller "App\Controllers\Order" loaded.
INFO - 2020-04-05 18:09:12 --> Session: Class initialized using 'CodeIgniter\Session\Handlers\FileHandler' driver.
INFO - 2020-04-05 18:09:12 --> Controller "App\Controllers\Order" loaded.
INFO - 2020-04-05 18:09:24 --> Session: Class initialized using 'CodeIgniter\Session\Handlers\FileHandler' driver.
INFO - 2020-04-05 18:09:24 --> Controller "App\Controllers\Order" loaded.
INFO - 2020-04-05 18:09:30 --> Session: Class initialized using 'CodeIgniter\Session\Handlers\FileHandler' driver.
INFO - 2020-04-05 18:09:30 --> Controller "App\Controllers\Order" loaded.
INFO - 2020-04-05 18:10:08 --> Session: Class initialized using 'CodeIgniter\Session\Handlers\FileHandler' driver.
INFO - 2020-04-05 18:10:08 --> Controller "App\Controllers\Order" loaded.
INFO - 2020-04-05 18:10:19 --> Session: Class initialized using 'CodeIgniter\Session\Handlers\FileHandler' driver.
INFO - 2020-04-05 18:10:19 --> Controller "App\Controllers\Order" loaded.
INFO - 2020-04-05 18:10:37 --> Session: Class initialized using 'CodeIgniter\Session\Handlers\FileHandler' driver.
INFO - 2020-04-05 18:10:37 --> Controller "App\Controllers\Order" loaded.
INFO - 2020-04-05 18:10:51 --> Session: Class initialized using 'CodeIgniter\Session\Handlers\FileHandler' driver.
INFO - 2020-04-05 18:10:51 --> Controller "App\Controllers\Order" loaded.
INFO - 2020-04-05 18:11:27 --> Session: Class initialized using 'CodeIgniter\Session\Handlers\FileHandler' driver.
INFO - 2020-04-05 18:11:27 --> Controller "App\Controllers\Order" loaded.
INFO - 2020-04-05 18:11:42 --> Session: Class initialized using 'CodeIgniter\Session\Handlers\FileHandler' driver.
INFO - 2020-04-05 18:11:42 --> Controller "App\Controllers\Order" loaded.
INFO - 2020-04-05 18:12:21 --> Session: Class initialized using 'CodeIgniter\Session\Handlers\FileHandler' driver.
INFO - 2020-04-05 18:12:21 --> Controller "App\Controllers\Order" loaded.
INFO - 2020-04-05 18:13:09 --> Session: Class initialized using 'CodeIgniter\Session\Handlers\FileHandler' driver.
INFO - 2020-04-05 18:13:09 --> Controller "App\Controllers\Order" loaded.
INFO - 2020-04-05 18:15:33 --> Session: Class initialized using 'CodeIgniter\Session\Handlers\FileHandler' driver.
INFO - 2020-04-05 18:15:33 --> Controller "App\Controllers\Order" loaded.
INFO - 2020-04-05 18:15:42 --> Session: Class initialized using 'CodeIgniter\Session\Handlers\FileHandler' driver.
INFO - 2020-04-05 18:15:42 --> Controller "App\Controllers\Order" loaded.
INFO - 2020-04-05 18:16:37 --> Session: Class initialized using 'CodeIgniter\Session\Handlers\FileHandler' driver.
INFO - 2020-04-05 18:16:37 --> Controller "App\Controllers\Order" loaded.
INFO - 2020-04-05 18:17:03 --> Session: Class initialized using 'CodeIgniter\Session\Handlers\FileHandler' driver.
INFO - 2020-04-05 18:17:03 --> Controller "App\Controllers\Order" loaded.
INFO - 2020-04-05 18:17:25 --> Session: Class initialized using 'CodeIgniter\Session\Handlers\FileHandler' driver.
INFO - 2020-04-05 18:17:25 --> Controller "App\Controllers\Order" loaded.
INFO - 2020-04-05 18:17:42 --> Session: Class initialized using 'CodeIgniter\Session\Handlers\FileHandler' driver.
INFO - 2020-04-05 18:17:42 --> Controller "App\Controllers\Order" loaded.
INFO - 2020-04-05 18:25:00 --> Session: Class initialized using 'CodeIgniter\Session\Handlers\FileHandler' driver.
INFO - 2020-04-05 18:25:00 --> Controller "App\Controllers\Order" loaded.
INFO - 2020-04-05 18:27:36 --> Session: Class initialized using 'CodeIgniter\Session\Handlers\FileHandler' driver.
INFO - 2020-04-05 18:27:36 --> Controller "App\Controllers\Order" loaded.
INFO - 2020-04-05 18:27:44 --> Session: Class initialized using 'CodeIgniter\Session\Handlers\FileHandler' driver.
INFO - 2020-04-05 18:27:44 --> Controller "App\Controllers\Order" loaded.
INFO - 2020-04-05 18:27:44 --> Session: Class initialized using 'CodeIgniter\Session\Handlers\FileHandler' driver.
INFO - 2020-04-05 18:27:44 --> Controller "App\Controllers\Order" loaded.
INFO - 2020-04-05 18:29:02 --> Session: Class initialized using 'CodeIgniter\Session\Handlers\FileHandler' driver.
INFO - 2020-04-05 18:29:02 --> Controller "App\Controllers\Order" loaded.
INFO - 2020-04-05 18:29:11 --> Session: Class initialized using 'CodeIgniter\Session\Handlers\FileHandler' driver.
INFO - 2020-04-05 18:29:11 --> Controller "App\Controllers\Order" loaded.
INFO - 2020-04-05 18:29:29 --> Session: Class initialized using 'CodeIgniter\Session\Handlers\FileHandler' driver.
INFO - 2020-04-05 18:29:29 --> Controller "App\Controllers\Order" loaded.
INFO - 2020-04-05 18:30:01 --> Session: Class initialized using 'CodeIgniter\Session\Handlers\FileHandler' driver.
INFO - 2020-04-05 18:30:01 --> Controller "App\Controllers\Order" loaded.
CRITICAL - 2020-04-05 18:49:34 --> syntax error, unexpected '$avatar' (T_VARIABLE)
#0 /var/www/html/akadku/home/system/Autoloader/Autoloader.php(296): CodeIgniter\Autoloader\Autoloader->requireFile('/var/www/html/a...')
#1 /var/www/html/akadku/home/system/Autoloader/Autoloader.php(258): CodeIgniter\Autoloader\Autoloader->loadInNamespace('App\\Controllers...')
#2 [internal function]: CodeIgniter\Autoloader\Autoloader->loadClass('App\\Controllers...')
#3 [internal function]: spl_autoload_call('App\\Controllers...')
#4 /var/www/html/akadku/home/system/CodeIgniter.php(861): class_exists('\\App\\Controller...', true)
#5 /var/www/html/akadku/home/system/CodeIgniter.php(388): CodeIgniter\CodeIgniter->startController()
#6 /var/www/html/akadku/home/system/CodeIgniter.php(306): CodeIgniter\CodeIgniter->handleRequest(NULL, Object(Config\Cache), false)
#7 /var/www/html/akadku/home/index.php(45): CodeIgniter\CodeIgniter->run()
#8 {main}
CRITICAL - 2020-04-05 18:49:38 --> syntax error, unexpected '$avatar' (T_VARIABLE)
#0 /var/www/html/akadku/home/system/Autoloader/Autoloader.php(296): CodeIgniter\Autoloader\Autoloader->requireFile('/var/www/html/a...')
#1 /var/www/html/akadku/home/system/Autoloader/Autoloader.php(258): CodeIgniter\Autoloader\Autoloader->loadInNamespace('App\\Controllers...')
#2 [internal function]: CodeIgniter\Autoloader\Autoloader->loadClass('App\\Controllers...')
#3 [internal function]: spl_autoload_call('App\\Controllers...')
#4 /var/www/html/akadku/home/system/CodeIgniter.php(861): class_exists('\\App\\Controller...', true)
#5 /var/www/html/akadku/home/system/CodeIgniter.php(388): CodeIgniter\CodeIgniter->startController()
#6 /var/www/html/akadku/home/system/CodeIgniter.php(306): CodeIgniter\CodeIgniter->handleRequest(NULL, Object(Config\Cache), false)
#7 /var/www/html/akadku/home/index.php(45): CodeIgniter\CodeIgniter->run()
#8 {main}
CRITICAL - 2020-04-05 19:19:28 --> syntax error, unexpected '$avatar' (T_VARIABLE)
#0 /var/www/html/akadku/home/system/Autoloader/Autoloader.php(296): CodeIgniter\Autoloader\Autoloader->requireFile('/var/www/html/a...')
#1 /var/www/html/akadku/home/system/Autoloader/Autoloader.php(258): CodeIgniter\Autoloader\Autoloader->loadInNamespace('App\\Controllers...')
#2 [internal function]: CodeIgniter\Autoloader\Autoloader->loadClass('App\\Controllers...')
#3 [internal function]: spl_autoload_call('App\\Controllers...')
#4 /var/www/html/akadku/home/system/CodeIgniter.php(861): class_exists('\\App\\Controller...', true)
#5 /var/www/html/akadku/home/system/CodeIgniter.php(388): CodeIgniter\CodeIgniter->startController()
#6 /var/www/html/akadku/home/system/CodeIgniter.php(306): CodeIgniter\CodeIgniter->handleRequest(NULL, Object(Config\Cache), false)
#7 /var/www/html/akadku/home/index.php(45): CodeIgniter\CodeIgniter->run()
#8 {main}
CRITICAL - 2020-04-05 19:19:30 --> syntax error, unexpected '$avatar' (T_VARIABLE)
#0 /var/www/html/akadku/home/system/Autoloader/Autoloader.php(296): CodeIgniter\Autoloader\Autoloader->requireFile('/var/www/html/a...')
#1 /var/www/html/akadku/home/system/Autoloader/Autoloader.php(258): CodeIgniter\Autoloader\Autoloader->loadInNamespace('App\\Controllers...')
#2 [internal function]: CodeIgniter\Autoloader\Autoloader->loadClass('App\\Controllers...')
#3 [internal function]: spl_autoload_call('App\\Controllers...')
#4 /var/www/html/akadku/home/system/CodeIgniter.php(861): class_exists('\\App\\Controller...', true)
#5 /var/www/html/akadku/home/system/CodeIgniter.php(388): CodeIgniter\CodeIgniter->startController()
#6 /var/www/html/akadku/home/system/CodeIgniter.php(306): CodeIgniter\CodeIgniter->handleRequest(NULL, Object(Config\Cache), false)
#7 /var/www/html/akadku/home/index.php(45): CodeIgniter\CodeIgniter->run()
#8 {main}
CRITICAL - 2020-04-05 19:19:31 --> syntax error, unexpected '$avatar' (T_VARIABLE)
#0 /var/www/html/akadku/home/system/Autoloader/Autoloader.php(296): CodeIgniter\Autoloader\Autoloader->requireFile('/var/www/html/a...')
#1 /var/www/html/akadku/home/system/Autoloader/Autoloader.php(258): CodeIgniter\Autoloader\Autoloader->loadInNamespace('App\\Controllers...')
#2 [internal function]: CodeIgniter\Autoloader\Autoloader->loadClass('App\\Controllers...')
#3 [internal function]: spl_autoload_call('App\\Controllers...')
#4 /var/www/html/akadku/home/system/CodeIgniter.php(861): class_exists('\\App\\Controller...', true)
#5 /var/www/html/akadku/home/system/CodeIgniter.php(388): CodeIgniter\CodeIgniter->startController()
#6 /var/www/html/akadku/home/system/CodeIgniter.php(306): CodeIgniter\CodeIgniter->handleRequest(NULL, Object(Config\Cache), false)
#7 /var/www/html/akadku/home/index.php(45): CodeIgniter\CodeIgniter->run()
#8 {main}
CRITICAL - 2020-04-05 19:20:20 --> syntax error, unexpected '$avatar' (T_VARIABLE)
#0 /var/www/html/akadku/home/system/Autoloader/Autoloader.php(296): CodeIgniter\Autoloader\Autoloader->requireFile('/var/www/html/a...')
#1 /var/www/html/akadku/home/system/Autoloader/Autoloader.php(258): CodeIgniter\Autoloader\Autoloader->loadInNamespace('App\\Controllers...')
#2 [internal function]: CodeIgniter\Autoloader\Autoloader->loadClass('App\\Controllers...')
#3 [internal function]: spl_autoload_call('App\\Controllers...')
#4 /var/www/html/akadku/home/system/CodeIgniter.php(861): class_exists('\\App\\Controller...', true)
#5 /var/www/html/akadku/home/system/CodeIgniter.php(388): CodeIgniter\CodeIgniter->startController()
#6 /var/www/html/akadku/home/system/CodeIgniter.php(306): CodeIgniter\CodeIgniter->handleRequest(NULL, Object(Config\Cache), false)
#7 /var/www/html/akadku/home/index.php(45): CodeIgniter\CodeIgniter->run()
#8 {main}
INFO - 2020-04-05 19:20:44 --> Session: Class initialized using 'CodeIgniter\Session\Handlers\FileHandler' driver.
INFO - 2020-04-05 19:20:44 --> Controller "App\Controllers\Order" loaded.
INFO - 2020-04-05 19:20:52 --> Session: Class initialized using 'CodeIgniter\Session\Handlers\FileHandler' driver.
INFO - 2020-04-05 19:20:52 --> Controller "App\Controllers\Order" loaded.
INFO - 2020-04-05 19:21:35 --> Session: Class initialized using 'CodeIgniter\Session\Handlers\FileHandler' driver.
INFO - 2020-04-05 19:21:35 --> Controller "App\Controllers\Order" loaded.
INFO - 2020-04-05 19:22:08 --> Session: Class initialized using 'CodeIgniter\Session\Handlers\FileHandler' driver.
INFO - 2020-04-05 19:22:08 --> Controller "App\Controllers\Order" loaded.
INFO - 2020-04-05 19:25:26 --> Session: Class initialized using 'CodeIgniter\Session\Handlers\FileHandler' driver.
INFO - 2020-04-05 19:25:26 --> Controller "App\Controllers\Order" loaded.
INFO - 2020-04-05 19:27:24 --> Session: Class initialized using 'CodeIgniter\Session\Handlers\FileHandler' driver.
INFO - 2020-04-05 19:27:24 --> Controller "App\Controllers\Order" loaded.
INFO - 2020-04-05 19:28:15 --> Session: Class initialized using 'CodeIgniter\Session\Handlers\FileHandler' driver.
INFO - 2020-04-05 19:28:15 --> Controller "App\Controllers\Order" loaded.
INFO - 2020-04-05 19:29:23 --> Session: Class initialized using 'CodeIgniter\Session\Handlers\FileHandler' driver.
INFO - 2020-04-05 19:29:23 --> Controller "App\Controllers\Order" loaded.
INFO - 2020-04-05 19:29:34 --> Session: Class initialized using 'CodeIgniter\Session\Handlers\FileHandler' driver.
INFO - 2020-04-05 19:29:34 --> Controller "App\Controllers\Order" loaded.
CRITICAL - 2020-04-05 19:29:34 --> Call to a member function move() on string
#0 /var/www/html/akadku/home/system/CodeIgniter.php(910): App\Controllers\Order->fileUpload()
#1 /var/www/html/akadku/home/system/CodeIgniter.php(398): CodeIgniter\CodeIgniter->runController(Object(App\Controllers\Order))
#2 /var/www/html/akadku/home/system/CodeIgniter.php(306): CodeIgniter\CodeIgniter->handleRequest(NULL, Object(Config\Cache), false)
#3 /var/www/html/akadku/home/index.php(45): CodeIgniter\CodeIgniter->run()
#4 {main}
INFO - 2020-04-05 19:29:58 --> Session: Class initialized using 'CodeIgniter\Session\Handlers\FileHandler' driver.
INFO - 2020-04-05 19:29:58 --> Controller "App\Controllers\Order" loaded.
CRITICAL - 2020-04-05 19:29:58 --> Call to a member function move() on null
#0 /var/www/html/akadku/home/system/CodeIgniter.php(910): App\Controllers\Order->fileUpload()
#1 /var/www/html/akadku/home/system/CodeIgniter.php(398): CodeIgniter\CodeIgniter->runController(Object(App\Controllers\Order))
#2 /var/www/html/akadku/home/system/CodeIgniter.php(306): CodeIgniter\CodeIgniter->handleRequest(NULL, Object(Config\Cache), false)
#3 /var/www/html/akadku/home/index.php(45): CodeIgniter\CodeIgniter->run()
#4 {main}
INFO - 2020-04-05 19:31:07 --> Session: Class initialized using 'CodeIgniter\Session\Handlers\FileHandler' driver.
INFO - 2020-04-05 19:31:07 --> Controller "App\Controllers\Order" loaded.
INFO - 2020-04-05 19:31:13 --> Session: Class initialized using 'CodeIgniter\Session\Handlers\FileHandler' driver.
INFO - 2020-04-05 19:31:13 --> Controller "App\Controllers\Order" loaded.
INFO - 2020-04-05 19:31:13 --> Session: Class initialized using 'CodeIgniter\Session\Handlers\FileHandler' driver.
INFO - 2020-04-05 19:31:13 --> Controller "App\Controllers\Order" loaded.
INFO - 2020-04-05 19:31:22 --> Session: Class initialized using 'CodeIgniter\Session\Handlers\FileHandler' driver.
INFO - 2020-04-05 19:31:22 --> Controller "App\Controllers\Order" loaded.
INFO - 2020-04-05 19:34:39 --> Session: Class initialized using 'CodeIgniter\Session\Handlers\FileHandler' driver.
INFO - 2020-04-05 19:34:39 --> Controller "App\Controllers\Order" loaded.
INFO - 2020-04-05 19:34:51 --> Session: Class initialized using 'CodeIgniter\Session\Handlers\FileHandler' driver.
INFO - 2020-04-05 19:34:51 --> Controller "App\Controllers\Order" loaded.
CRITICAL - 2020-04-05 19:34:51 --> Call to a member function move() on string
#0 /var/www/html/akadku/home/system/CodeIgniter.php(910): App\Controllers\Order->fileUpload()
#1 /var/www/html/akadku/home/system/CodeIgniter.php(398): CodeIgniter\CodeIgniter->runController(Object(App\Controllers\Order))
#2 /var/www/html/akadku/home/system/CodeIgniter.php(306): CodeIgniter\CodeIgniter->handleRequest(NULL, Object(Config\Cache), false)
#3 /var/www/html/akadku/home/index.php(45): CodeIgniter\CodeIgniter->run()
#4 {main}
INFO - 2020-04-05 19:35:13 --> Session: Class initialized using 'CodeIgniter\Session\Handlers\FileHandler' driver.
INFO - 2020-04-05 19:35:13 --> Controller "App\Controllers\Order" loaded.
CRITICAL - 2020-04-05 19:35:13 --> Call to a member function move() on string
#0 /var/www/html/akadku/home/system/CodeIgniter.php(910): App\Controllers\Order->fileUpload()
#1 /var/www/html/akadku/home/system/CodeIgniter.php(398): CodeIgniter\CodeIgniter->runController(Object(App\Controllers\Order))
#2 /var/www/html/akadku/home/system/CodeIgniter.php(306): CodeIgniter\CodeIgniter->handleRequest(NULL, Object(Config\Cache), false)
#3 /var/www/html/akadku/home/index.php(45): CodeIgniter\CodeIgniter->run()
#4 {main}
INFO - 2020-04-05 19:42:06 --> Session: Class initialized using 'CodeIgniter\Session\Handlers\FileHandler' driver.
INFO - 2020-04-05 19:42:06 --> Controller "App\Controllers\Order" loaded.
INFO - 2020-04-05 19:42:23 --> Session: Class initialized using 'CodeIgniter\Session\Handlers\FileHandler' driver.
INFO - 2020-04-05 19:42:23 --> Controller "App\Controllers\Order" loaded.
INFO - 2020-04-05 19:42:49 --> Session: Class initialized using 'CodeIgniter\Session\Handlers\FileHandler' driver.
INFO - 2020-04-05 19:42:49 --> Controller "App\Controllers\Order" loaded.
INFO - 2020-04-05 19:43:39 --> Session: Class initialized using 'CodeIgniter\Session\Handlers\FileHandler' driver.
INFO - 2020-04-05 19:43:39 --> Controller "App\Controllers\Order" loaded.
INFO - 2020-04-05 19:44:16 --> Session: Class initialized using 'CodeIgniter\Session\Handlers\FileHandler' driver.
INFO - 2020-04-05 19:44:16 --> Controller "App\Controllers\Order" loaded.
INFO - 2020-04-05 19:44:48 --> Session: Class initialized using 'CodeIgniter\Session\Handlers\FileHandler' driver.
INFO - 2020-04-05 19:44:48 --> Controller "App\Controllers\Order" loaded.
INFO - 2020-04-05 19:44:56 --> Session: Class initialized using 'CodeIgniter\Session\Handlers\FileHandler' driver.
INFO - 2020-04-05 19:44:56 --> Controller "App\Controllers\Order" loaded.
INFO - 2020-04-05 19:46:43 --> Session: Class initialized using 'CodeIgniter\Session\Handlers\FileHandler' driver.
INFO - 2020-04-05 19:46:43 --> Controller "App\Controllers\Order" loaded.
CRITICAL - 2020-04-05 19:46:43 --> fopen(http://localhost/akadku/home/rev/hehe/index.html): failed to open stream: HTTP wrapper does not support writeable connections
#0 [internal function]: CodeIgniter\Debug\Exceptions->errorHandler(2, 'fopen(http://lo...', '/var/www/html/a...', 216, Array)
#1 /var/www/html/akadku/home/system/HTTP/Files/UploadedFile.php(216): fopen('http://localhos...', 'x+')
#2 /var/www/html/akadku/home/system/HTTP/Files/UploadedFile.php(163): CodeIgniter\HTTP\Files\UploadedFile->setPath('http://localhos...')
#3 /var/www/html/akadku/home/app/Controllers/Order.php(252): CodeIgniter\HTTP\Files\UploadedFile->move('http://localhos...')
#4 /var/www/html/akadku/home/system/CodeIgniter.php(910): App\Controllers\Order->fileUpload()
#5 /var/www/html/akadku/home/system/CodeIgniter.php(398): CodeIgniter\CodeIgniter->runController(Object(App\Controllers\Order))
#6 /var/www/html/akadku/home/system/CodeIgniter.php(306): CodeIgniter\CodeIgniter->handleRequest(NULL, Object(Config\Cache), false)
#7 /var/www/html/akadku/home/index.php(45): CodeIgniter\CodeIgniter->run()
#8 {main}
INFO - 2020-04-05 19:46:55 --> Session: Class initialized using 'CodeIgniter\Session\Handlers\FileHandler' driver.
INFO - 2020-04-05 19:46:55 --> Controller "App\Controllers\Order" loaded.
CRITICAL - 2020-04-05 19:46:55 --> fopen(http://localhost/akadku/homerev/hehe/index.html): failed to open stream: HTTP wrapper does not support writeable connections
#0 [internal function]: CodeIgniter\Debug\Exceptions->errorHandler(2, 'fopen(http://lo...', '/var/www/html/a...', 216, Array)
#1 /var/www/html/akadku/home/system/HTTP/Files/UploadedFile.php(216): fopen('http://localhos...', 'x+')
#2 /var/www/html/akadku/home/system/HTTP/Files/UploadedFile.php(163): CodeIgniter\HTTP\Files\UploadedFile->setPath('http://localhos...')
#3 /var/www/html/akadku/home/app/Controllers/Order.php(252): CodeIgniter\HTTP\Files\UploadedFile->move('http://localhos...')
#4 /var/www/html/akadku/home/system/CodeIgniter.php(910): App\Controllers\Order->fileUpload()
#5 /var/www/html/akadku/home/system/CodeIgniter.php(398): CodeIgniter\CodeIgniter->runController(Object(App\Controllers\Order))
#6 /var/www/html/akadku/home/system/CodeIgniter.php(306): CodeIgniter\CodeIgniter->handleRequest(NULL, Object(Config\Cache), false)
#7 /var/www/html/akadku/home/index.php(45): CodeIgniter\CodeIgniter->run()
#8 {main}
INFO - 2020-04-05 19:49:46 --> Session: Class initialized using 'CodeIgniter\Session\Handlers\FileHandler' driver.
INFO - 2020-04-05 19:49:46 --> Controller "App\Controllers\Order" loaded.
CRITICAL - 2020-04-05 19:49:47 --> Could not move file {0} to {1} ({2})
#0 /var/www/html/akadku/home/system/HTTP/Files/UploadedFile.php(187): CodeIgniter\HTTP\Exceptions\HTTPException::forMoveFailed('phpOJpU0d', 'rev/hehe/', '')
#1 /var/www/html/akadku/home/app/Controllers/Order.php(252): CodeIgniter\HTTP\Files\UploadedFile->move('rev/hehe/')
#2 /var/www/html/akadku/home/system/CodeIgniter.php(910): App\Controllers\Order->fileUpload()
#3 /var/www/html/akadku/home/system/CodeIgniter.php(398): CodeIgniter\CodeIgniter->runController(Object(App\Controllers\Order))
#4 /var/www/html/akadku/home/system/CodeIgniter.php(306): CodeIgniter\CodeIgniter->handleRequest(NULL, Object(Config\Cache), false)
#5 /var/www/html/akadku/home/index.php(45): CodeIgniter\CodeIgniter->run()
#6 {main}
INFO - 2020-04-05 19:49:53 --> Session: Class initialized using 'CodeIgniter\Session\Handlers\FileHandler' driver.
INFO - 2020-04-05 19:49:53 --> Controller "App\Controllers\Order" loaded.
INFO - 2020-04-05 19:50:03 --> Session: Class initialized using 'CodeIgniter\Session\Handlers\FileHandler' driver.
INFO - 2020-04-05 19:50:03 --> Controller "App\Controllers\Order" loaded.
CRITICAL - 2020-04-05 19:50:03 --> mkdir(): Permission denied
#0 [internal function]: CodeIgniter\Debug\Exceptions->errorHandler(2, 'mkdir(): Permis...', '/var/www/html/a...', 212, Array)
#1 /var/www/html/akadku/home/system/HTTP/Files/UploadedFile.php(212): mkdir('/rev/hehe/', 511, true)
#2 /var/www/html/akadku/home/system/HTTP/Files/UploadedFile.php(163): CodeIgniter\HTTP\Files\UploadedFile->setPath('/rev/hehe/')
#3 /var/www/html/akadku/home/app/Controllers/Order.php(252): CodeIgniter\HTTP\Files\UploadedFile->move('/rev/hehe/')
#4 /var/www/html/akadku/home/system/CodeIgniter.php(910): App\Controllers\Order->fileUpload()
#5 /var/www/html/akadku/home/system/CodeIgniter.php(398): CodeIgniter\CodeIgniter->runController(Object(App\Controllers\Order))
#6 /var/www/html/akadku/home/system/CodeIgniter.php(306): CodeIgniter\CodeIgniter->handleRequest(NULL, Object(Config\Cache), false)
#7 /var/www/html/akadku/home/index.php(45): CodeIgniter\CodeIgniter->run()
#8 {main}
INFO - 2020-04-05 19:50:25 --> Session: Class initialized using 'CodeIgniter\Session\Handlers\FileHandler' driver.
INFO - 2020-04-05 19:50:25 --> Controller "App\Controllers\Order" loaded.
CRITICAL - 2020-04-05 19:50:25 --> fopen(http://localhost/akadkuindex.html): failed to open stream: HTTP wrapper does not support writeable connections
#0 [internal function]: CodeIgniter\Debug\Exceptions->errorHandler(2, 'fopen(http://lo...', '/var/www/html/a...', 216, Array)
#1 /var/www/html/akadku/home/system/HTTP/Files/UploadedFile.php(216): fopen('http://localhos...', 'x+')
#2 /var/www/html/akadku/home/system/HTTP/Files/UploadedFile.php(163): CodeIgniter\HTTP\Files\UploadedFile->setPath('http://localhos...')
#3 /var/www/html/akadku/home/app/Controllers/Order.php(252): CodeIgniter\HTTP\Files\UploadedFile->move('http://localhos...')
#4 /var/www/html/akadku/home/system/CodeIgniter.php(910): App\Controllers\Order->fileUpload()
#5 /var/www/html/akadku/home/system/CodeIgniter.php(398): CodeIgniter\CodeIgniter->runController(Object(App\Controllers\Order))
#6 /var/www/html/akadku/home/system/CodeIgniter.php(306): CodeIgniter\CodeIgniter->handleRequest(NULL, Object(Config\Cache), false)
#7 /var/www/html/akadku/home/index.php(45): CodeIgniter\CodeIgniter->run()
#8 {main}
INFO - 2020-04-05 19:50:53 --> Session: Class initialized using 'CodeIgniter\Session\Handlers\FileHandler' driver.
INFO - 2020-04-05 19:50:53 --> Controller "App\Controllers\Order" loaded.
CRITICAL - 2020-04-05 19:50:53 --> fopen(http://localhost/akadku/index.html): failed to open stream: HTTP wrapper does not support writeable connections
#0 [internal function]: CodeIgniter\Debug\Exceptions->errorHandler(2, 'fopen(http://lo...', '/var/www/html/a...', 216, Array)
#1 /var/www/html/akadku/home/system/HTTP/Files/UploadedFile.php(216): fopen('http://localhos...', 'x+')
#2 /var/www/html/akadku/home/system/HTTP/Files/UploadedFile.php(163): CodeIgniter\HTTP\Files\UploadedFile->setPath('http://localhos...')
#3 /var/www/html/akadku/home/app/Controllers/Order.php(252): CodeIgniter\HTTP\Files\UploadedFile->move('http://localhos...')
#4 /var/www/html/akadku/home/system/CodeIgniter.php(910): App\Controllers\Order->fileUpload()
#5 /var/www/html/akadku/home/system/CodeIgniter.php(398): CodeIgniter\CodeIgniter->runController(Object(App\Controllers\Order))
#6 /var/www/html/akadku/home/system/CodeIgniter.php(306): CodeIgniter\CodeIgniter->handleRequest(NULL, Object(Config\Cache), false)
#7 /var/www/html/akadku/home/index.php(45): CodeIgniter\CodeIgniter->run()
#8 {main}
INFO - 2020-04-05 19:52:57 --> Session: Class initialized using 'CodeIgniter\Session\Handlers\FileHandler' driver.
INFO - 2020-04-05 19:52:57 --> Controller "App\Controllers\Order" loaded.
CRITICAL - 2020-04-05 19:52:57 --> fopen(http://localhost/akadku/wip/index.html): failed to open stream: HTTP wrapper does not support writeable connections
#0 [internal function]: CodeIgniter\Debug\Exceptions->errorHandler(2, 'fopen(http://lo...', '/var/www/html/a...', 216, Array)
#1 /var/www/html/akadku/home/system/HTTP/Files/UploadedFile.php(216): fopen('http://localhos...', 'x+')
#2 /var/www/html/akadku/home/system/HTTP/Files/UploadedFile.php(163): CodeIgniter\HTTP\Files\UploadedFile->setPath('http://localhos...')
#3 /var/www/html/akadku/home/app/Controllers/Order.php(252): CodeIgniter\HTTP\Files\UploadedFile->move('http://localhos...')
#4 /var/www/html/akadku/home/system/CodeIgniter.php(910): App\Controllers\Order->fileUpload()
#5 /var/www/html/akadku/home/system/CodeIgniter.php(398): CodeIgniter\CodeIgniter->runController(Object(App\Controllers\Order))
#6 /var/www/html/akadku/home/system/CodeIgniter.php(306): CodeIgniter\CodeIgniter->handleRequest(NULL, Object(Config\Cache), false)
#7 /var/www/html/akadku/home/index.php(45): CodeIgniter\CodeIgniter->run()
#8 {main}
INFO - 2020-04-05 19:57:59 --> Session: Class initialized using 'CodeIgniter\Session\Handlers\FileHandler' driver.
INFO - 2020-04-05 19:57:59 --> Controller "App\Controllers\Order" loaded.
INFO - 2020-04-05 19:58:27 --> Session: Class initialized using 'CodeIgniter\Session\Handlers\FileHandler' driver.
INFO - 2020-04-05 19:58:27 --> Controller "App\Controllers\Order" loaded.
CRITICAL - 2020-04-05 19:58:27 --> Could not move file {0} to {1} ({2})
#0 /var/www/html/akadku/home/system/HTTP/Files/UploadedFile.php(187): CodeIgniter\HTTP\Exceptions\HTTPException::forMoveFailed('php7HtR4G', 'rev/hehe/', '')
#1 /var/www/html/akadku/home/app/Controllers/Order.php(252): CodeIgniter\HTTP\Files\UploadedFile->move('rev/hehe/')
#2 /var/www/html/akadku/home/system/CodeIgniter.php(910): App\Controllers\Order->fileUpload()
#3 /var/www/html/akadku/home/system/CodeIgniter.php(398): CodeIgniter\CodeIgniter->runController(Object(App\Controllers\Order))
#4 /var/www/html/akadku/home/system/CodeIgniter.php(306): CodeIgniter\CodeIgniter->handleRequest(NULL, Object(Config\Cache), false)
#5 /var/www/html/akadku/home/index.php(45): CodeIgniter\CodeIgniter->run()
#6 {main}
INFO - 2020-04-05 19:58:58 --> Session: Class initialized using 'CodeIgniter\Session\Handlers\FileHandler' driver.
INFO - 2020-04-05 19:58:58 --> Controller "App\Controllers\Order" loaded.
INFO - 2020-04-05 20:17:27 --> Session: Class initialized using 'CodeIgniter\Session\Handlers\FileHandler' driver.
INFO - 2020-04-05 20:17:27 --> Controller "App\Controllers\Order" loaded.
INFO - 2020-04-05 20:17:34 --> Session: Class initialized using 'CodeIgniter\Session\Handlers\FileHandler' driver.
INFO - 2020-04-05 20:17:34 --> Controller "App\Controllers\Order" loaded.
INFO - 2020-04-05 20:18:38 --> Session: Class initialized using 'CodeIgniter\Session\Handlers\FileHandler' driver.
INFO - 2020-04-05 20:18:38 --> Controller "App\Controllers\Order" loaded.
INFO - 2020-04-05 20:19:07 --> Session: Class initialized using 'CodeIgniter\Session\Handlers\FileHandler' driver.
INFO - 2020-04-05 20:19:07 --> Controller "App\Controllers\Order" loaded.
INFO - 2020-04-05 20:19:15 --> Session: Class initialized using 'CodeIgniter\Session\Handlers\FileHandler' driver.
INFO - 2020-04-05 20:19:15 --> Controller "App\Controllers\Order" loaded.
INFO - 2020-04-05 20:20:18 --> Session: Class initialized using 'CodeIgniter\Session\Handlers\FileHandler' driver.
INFO - 2020-04-05 20:20:18 --> Controller "App\Controllers\Order" loaded.
INFO - 2020-04-05 20:20:27 --> Session: Class initialized using 'CodeIgniter\Session\Handlers\FileHandler' driver.
INFO - 2020-04-05 20:20:27 --> Controller "App\Controllers\Order" loaded.
INFO - 2020-04-05 20:20:32 --> Session: Class initialized using 'CodeIgniter\Session\Handlers\FileHandler' driver.
INFO - 2020-04-05 20:20:32 --> Controller "App\Controllers\Order" loaded.
INFO - 2020-04-05 20:20:40 --> Session: Class initialized using 'CodeIgniter\Session\Handlers\FileHandler' driver.
INFO - 2020-04-05 20:20:40 --> Controller "App\Controllers\Order" loaded.
INFO - 2020-04-05 20:21:28 --> Session: Class initialized using 'CodeIgniter\Session\Handlers\FileHandler' driver.
INFO - 2020-04-05 20:21:28 --> Controller "App\Controllers\Order" loaded.
INFO - 2020-04-05 20:22:48 --> Session: Class initialized using 'CodeIgniter\Session\Handlers\FileHandler' driver.
INFO - 2020-04-05 20:22:48 --> Controller "App\Controllers\Order" loaded.
INFO - 2020-04-05 21:03:07 --> Session: Class initialized using 'CodeIgniter\Session\Handlers\FileHandler' driver.
INFO - 2020-04-05 21:03:07 --> Controller "App\Controllers\Order" loaded.
INFO - 2020-04-05 21:08:59 --> Session: Class initialized using 'CodeIgniter\Session\Handlers\FileHandler' driver.
INFO - 2020-04-05 21:08:59 --> Controller "App\Controllers\Order" loaded.
INFO - 2020-04-05 21:12:11 --> Session: Class initialized using 'CodeIgniter\Session\Handlers\FileHandler' driver.
INFO - 2020-04-05 21:12:11 --> Controller "App\Controllers\Order" loaded.
INFO - 2020-04-05 21:12:53 --> Session: Class initialized using 'CodeIgniter\Session\Handlers\FileHandler' driver.
INFO - 2020-04-05 21:12:53 --> Controller "App\Controllers\Order" loaded.
INFO - 2020-04-05 21:16:21 --> Session: Class initialized using 'CodeIgniter\Session\Handlers\FileHandler' driver.
INFO - 2020-04-05 21:16:21 --> Controller "App\Controllers\Order" loaded.
INFO - 2020-04-05 21:16:32 --> Session: Class initialized using 'CodeIgniter\Session\Handlers\FileHandler' driver.
INFO - 2020-04-05 21:16:32 --> Controller "App\Controllers\Order" loaded.
INFO - 2020-04-05 21:16:57 --> Session: Class initialized using 'CodeIgniter\Session\Handlers\FileHandler' driver.
INFO - 2020-04-05 21:16:57 --> Controller "App\Controllers\Order" loaded.
INFO - 2020-04-05 21:17:25 --> Session: Class initialized using 'CodeIgniter\Session\Handlers\FileHandler' driver.
INFO - 2020-04-05 21:17:25 --> Controller "App\Controllers\Order" loaded.
INFO - 2020-04-05 21:18:31 --> Session: Class initialized using 'CodeIgniter\Session\Handlers\FileHandler' driver.
INFO - 2020-04-05 21:18:31 --> Controller "App\Controllers\Order" loaded.
INFO - 2020-04-05 21:19:37 --> Session: Class initialized using 'CodeIgniter\Session\Handlers\FileHandler' driver.
INFO - 2020-04-05 21:19:37 --> Controller "App\Controllers\Order" loaded.
INFO - 2020-04-05 21:20:24 --> Session: Class initialized using 'CodeIgniter\Session\Handlers\FileHandler' driver.
INFO - 2020-04-05 21:20:24 --> Controller "App\Controllers\Order" loaded.
INFO - 2020-04-05 21:20:41 --> Session: Class initialized using 'CodeIgniter\Session\Handlers\FileHandler' driver.
INFO - 2020-04-05 21:20:41 --> Controller "App\Controllers\Order" loaded.
INFO - 2020-04-05 21:22:14 --> Session: Class initialized using 'CodeIgniter\Session\Handlers\FileHandler' driver.
INFO - 2020-04-05 21:22:14 --> Controller "App\Controllers\Order" loaded.
INFO - 2020-04-05 21:22:14 --> Session: Class initialized using 'CodeIgniter\Session\Handlers\FileHandler' driver.
INFO - 2020-04-05 21:22:14 --> Controller "App\Controllers\Order" loaded.
INFO - 2020-04-05 21:22:14 --> Used the default controller.
INFO - 2020-04-05 21:22:14 --> Controller "App\Controllers\Beranda" loaded.
INFO - 2020-04-05 21:22:19 --> Session: Class initialized using 'CodeIgniter\Session\Handlers\FileHandler' driver.
INFO - 2020-04-05 21:22:19 --> Controller "App\Controllers\Order" loaded.
INFO - 2020-04-05 21:22:19 --> Session: Class initialized using 'CodeIgniter\Session\Handlers\FileHandler' driver.
INFO - 2020-04-05 21:22:19 --> Controller "App\Controllers\Order" loaded.
INFO - 2020-04-05 21:24:17 --> Session: Class initialized using 'CodeIgniter\Session\Handlers\FileHandler' driver.
INFO - 2020-04-05 21:24:17 --> Controller "App\Controllers\Order" loaded.
INFO - 2020-04-05 21:26:42 --> Session: Class initialized using 'CodeIgniter\Session\Handlers\FileHandler' driver.
INFO - 2020-04-05 21:26:42 --> Controller "App\Controllers\Order" loaded.
INFO - 2020-04-05 21:29:59 --> Session: Class initialized using 'CodeIgniter\Session\Handlers\FileHandler' driver.
INFO - 2020-04-05 21:29:59 --> Controller "App\Controllers\Order" loaded.
INFO - 2020-04-05 21:32:52 --> Session: Class initialized using 'CodeIgniter\Session\Handlers\FileHandler' driver.
INFO - 2020-04-05 21:32:52 --> Controller "App\Controllers\Order" loaded.
INFO - 2020-04-05 21:34:08 --> Session: Class initialized using 'CodeIgniter\Session\Handlers\FileHandler' driver.
INFO - 2020-04-05 21:34:08 --> Controller "App\Controllers\Order" loaded.
INFO - 2020-04-05 21:34:14 --> Session: Class initialized using 'CodeIgniter\Session\Handlers\FileHandler' driver.
INFO - 2020-04-05 21:34:14 --> Controller "App\Controllers\Order" loaded.
INFO - 2020-04-05 21:34:57 --> Session: Class initialized using 'CodeIgniter\Session\Handlers\FileHandler' driver.
INFO - 2020-04-05 21:34:57 --> Controller "App\Controllers\Order" loaded.
INFO - 2020-04-05 21:40:03 --> Session: Class initialized using 'CodeIgniter\Session\Handlers\FileHandler' driver.
INFO - 2020-04-05 21:40:03 --> Controller "App\Controllers\Order" loaded.
INFO - 2020-04-05 21:40:14 --> Session: Class initialized using 'CodeIgniter\Session\Handlers\FileHandler' driver.
INFO - 2020-04-05 21:40:14 --> Controller "App\Controllers\Order" loaded.
INFO - 2020-04-05 21:40:21 --> Session: Class initialized using 'CodeIgniter\Session\Handlers\FileHandler' driver.
INFO - 2020-04-05 21:40:21 --> Controller "App\Controllers\Order" loaded.
INFO - 2020-04-05 21:40:36 --> Session: Class initialized using 'CodeIgniter\Session\Handlers\FileHandler' driver.
INFO - 2020-04-05 21:40:36 --> Controller "App\Controllers\Order" loaded.
INFO - 2020-04-05 21:40:42 --> Session: Class initialized using 'CodeIgniter\Session\Handlers\FileHandler' driver.
INFO - 2020-04-05 21:40:42 --> Controller "App\Controllers\Order" loaded.
INFO - 2020-04-05 21:45:36 --> Session: Class initialized using 'CodeIgniter\Session\Handlers\FileHandler' driver.
INFO - 2020-04-05 21:45:36 --> Controller "App\Controllers\Order" loaded.
INFO - 2020-04-05 21:45:42 --> Session: Class initialized using 'CodeIgniter\Session\Handlers\FileHandler' driver.
INFO - 2020-04-05 21:45:42 --> Controller "App\Controllers\Order" loaded.
INFO - 2020-04-05 21:47:53 --> Session: Class initialized using 'CodeIgniter\Session\Handlers\FileHandler' driver.
INFO - 2020-04-05 21:47:53 --> Controller "App\Controllers\Order" loaded.
INFO - 2020-04-05 21:48:01 --> Session: Class initialized using 'CodeIgniter\Session\Handlers\FileHandler' driver.
INFO - 2020-04-05 21:48:01 --> Controller "App\Controllers\Order" loaded.
INFO - 2020-04-05 21:50:41 --> Session: Class initialized using 'CodeIgniter\Session\Handlers\FileHandler' driver.
INFO - 2020-04-05 21:50:41 --> Controller "App\Controllers\Order" loaded.
INFO - 2020-04-05 21:50:49 --> Session: Class initialized using 'CodeIgniter\Session\Handlers\FileHandler' driver.
INFO - 2020-04-05 21:50:49 --> Controller "App\Controllers\Order" loaded.
INFO - 2020-04-05 21:51:15 --> Session: Class initialized using 'CodeIgniter\Session\Handlers\FileHandler' driver.
INFO - 2020-04-05 21:51:15 --> Controller "App\Controllers\Order" loaded.
INFO - 2020-04-05 21:51:23 --> Session: Class initialized using 'CodeIgniter\Session\Handlers\FileHandler' driver.
INFO - 2020-04-05 21:51:23 --> Controller "App\Controllers\Order" loaded.
INFO - 2020-04-05 21:51:33 --> Session: Class initialized using 'CodeIgniter\Session\Handlers\FileHandler' driver.
INFO - 2020-04-05 21:51:33 --> Controller "App\Controllers\Order" loaded.
INFO - 2020-04-05 21:52:08 --> Session: Class initialized using 'CodeIgniter\Session\Handlers\FileHandler' driver.
INFO - 2020-04-05 21:52:08 --> Controller "App\Controllers\Order" loaded.
INFO - 2020-04-05 21:52:15 --> Session: Class initialized using 'CodeIgniter\Session\Handlers\FileHandler' driver.
INFO - 2020-04-05 21:52:15 --> Controller "App\Controllers\Order" loaded.
INFO - 2020-04-05 21:53:08 --> Session: Class initialized using 'CodeIgniter\Session\Handlers\FileHandler' driver.
INFO - 2020-04-05 21:53:08 --> Controller "App\Controllers\Order" loaded.
INFO - 2020-04-05 21:53:15 --> Session: Class initialized using 'CodeIgniter\Session\Handlers\FileHandler' driver.
INFO - 2020-04-05 21:53:15 --> Controller "App\Controllers\Order" loaded.
INFO - 2020-04-05 21:55:32 --> Session: Class initialized using 'CodeIgniter\Session\Handlers\FileHandler' driver.
INFO - 2020-04-05 21:55:32 --> Controller "App\Controllers\Order" loaded.
INFO - 2020-04-05 21:55:41 --> Session: Class initialized using 'CodeIgniter\Session\Handlers\FileHandler' driver.
INFO - 2020-04-05 21:55:41 --> Controller "App\Controllers\Order" loaded.
INFO - 2020-04-05 21:56:43 --> Session: Class initialized using 'CodeIgniter\Session\Handlers\FileHandler' driver.
INFO - 2020-04-05 21:56:43 --> Controller "App\Controllers\Order" loaded.
INFO - 2020-04-05 21:56:49 --> Session: Class initialized using 'CodeIgniter\Session\Handlers\FileHandler' driver.
INFO - 2020-04-05 21:56:49 --> Controller "App\Controllers\Order" loaded.
INFO - 2020-04-05 21:57:12 --> Session: Class initialized using 'CodeIgniter\Session\Handlers\FileHandler' driver.
INFO - 2020-04-05 21:57:12 --> Controller "App\Controllers\Order" loaded.
INFO - 2020-04-05 21:57:18 --> Session: Class initialized using 'CodeIgniter\Session\Handlers\FileHandler' driver.
INFO - 2020-04-05 21:57:18 --> Controller "App\Controllers\Order" loaded.
INFO - 2020-04-05 21:59:04 --> Session: Class initialized using 'CodeIgniter\Session\Handlers\FileHandler' driver.
INFO - 2020-04-05 21:59:04 --> Controller "App\Controllers\Order" loaded.
INFO - 2020-04-05 21:59:10 --> Session: Class initialized using 'CodeIgniter\Session\Handlers\FileHandler' driver.
INFO - 2020-04-05 21:59:10 --> Controller "App\Controllers\Order" loaded.
INFO - 2020-04-05 22:00:06 --> Session: Class initialized using 'CodeIgniter\Session\Handlers\FileHandler' driver.
INFO - 2020-04-05 22:00:06 --> Controller "App\Controllers\Order" loaded.
INFO - 2020-04-05 22:00:13 --> Session: Class initialized using 'CodeIgniter\Session\Handlers\FileHandler' driver.
INFO - 2020-04-05 22:00:13 --> Controller "App\Controllers\Order" loaded.
INFO - 2020-04-05 22:00:21 --> Session: Class initialized using 'CodeIgniter\Session\Handlers\FileHandler' driver.
INFO - 2020-04-05 22:00:21 --> Controller "App\Controllers\Order" loaded.
INFO - 2020-04-05 22:00:27 --> Session: Class initialized using 'CodeIgniter\Session\Handlers\FileHandler' driver.
INFO - 2020-04-05 22:00:27 --> Controller "App\Controllers\Order" loaded.
INFO - 2020-04-05 22:01:16 --> Session: Class initialized using 'CodeIgniter\Session\Handlers\FileHandler' driver.
INFO - 2020-04-05 22:01:16 --> Controller "App\Controllers\Order" loaded.
INFO - 2020-04-05 22:01:20 --> Session: Class initialized using 'CodeIgniter\Session\Handlers\FileHandler' driver.
INFO - 2020-04-05 22:01:20 --> Controller "App\Controllers\Order" loaded.
INFO - 2020-04-05 22:02:36 --> Session: Class initialized using 'CodeIgniter\Session\Handlers\FileHandler' driver.
INFO - 2020-04-05 22:02:36 --> Controller "App\Controllers\Order" loaded.
INFO - 2020-04-05 22:02:42 --> Session: Class initialized using 'CodeIgniter\Session\Handlers\FileHandler' driver.
INFO - 2020-04-05 22:02:42 --> Controller "App\Controllers\Order" loaded.
INFO - 2020-04-05 22:02:51 --> Session: Class initialized using 'CodeIgniter\Session\Handlers\FileHandler' driver.
INFO - 2020-04-05 22:02:51 --> Controller "App\Controllers\Order" loaded.
INFO - 2020-04-05 22:02:56 --> Session: Class initialized using 'CodeIgniter\Session\Handlers\FileHandler' driver.
INFO - 2020-04-05 22:02:56 --> Controller "App\Controllers\Order" loaded.
INFO - 2020-04-05 22:03:28 --> Session: Class initialized using 'CodeIgniter\Session\Handlers\FileHandler' driver.
INFO - 2020-04-05 22:03:28 --> Controller "App\Controllers\Order" loaded.
INFO - 2020-04-05 22:03:34 --> Session: Class initialized using 'CodeIgniter\Session\Handlers\FileHandler' driver.
INFO - 2020-04-05 22:03:34 --> Controller "App\Controllers\Order" loaded.
INFO - 2020-04-05 22:03:56 --> Session: Class initialized using 'CodeIgniter\Session\Handlers\FileHandler' driver.
INFO - 2020-04-05 22:03:56 --> Controller "App\Controllers\Order" loaded.
INFO - 2020-04-05 22:04:02 --> Session: Class initialized using 'CodeIgniter\Session\Handlers\FileHandler' driver.
INFO - 2020-04-05 22:04:02 --> Controller "App\Controllers\Order" loaded.
INFO - 2020-04-05 22:04:22 --> Session: Class initialized using 'CodeIgniter\Session\Handlers\FileHandler' driver.
INFO - 2020-04-05 22:04:22 --> Controller "App\Controllers\Order" loaded.
INFO - 2020-04-05 22:04:28 --> Session: Class initialized using 'CodeIgniter\Session\Handlers\FileHandler' driver.
INFO - 2020-04-05 22:04:28 --> Controller "App\Controllers\Order" loaded.
INFO - 2020-04-05 22:05:23 --> Session: Class initialized using 'CodeIgniter\Session\Handlers\FileHandler' driver.
INFO - 2020-04-05 22:05:23 --> Controller "App\Controllers\Order" loaded.
INFO - 2020-04-05 22:05:29 --> Session: Class initialized using 'CodeIgniter\Session\Handlers\FileHandler' driver.
INFO - 2020-04-05 22:05:29 --> Controller "App\Controllers\Order" loaded.
INFO - 2020-04-05 22:05:45 --> Session: Class initialized using 'CodeIgniter\Session\Handlers\FileHandler' driver.
INFO - 2020-04-05 22:05:45 --> Controller "App\Controllers\Order" loaded.
INFO - 2020-04-05 22:05:50 --> Session: Class initialized using 'CodeIgniter\Session\Handlers\FileHandler' driver.
INFO - 2020-04-05 22:05:50 --> Controller "App\Controllers\Order" loaded.
INFO - 2020-04-05 22:06:11 --> Session: Class initialized using 'CodeIgniter\Session\Handlers\FileHandler' driver.
INFO - 2020-04-05 22:06:11 --> Controller "App\Controllers\Order" loaded.
INFO - 2020-04-05 22:06:17 --> Session: Class initialized using 'CodeIgniter\Session\Handlers\FileHandler' driver.
INFO - 2020-04-05 22:06:17 --> Controller "App\Controllers\Order" loaded.
INFO - 2020-04-05 22:06:31 --> Session: Class initialized using 'CodeIgniter\Session\Handlers\FileHandler' driver.
INFO - 2020-04-05 22:06:31 --> Controller "App\Controllers\Order" loaded.
INFO - 2020-04-05 22:06:45 --> Session: Class initialized using 'CodeIgniter\Session\Handlers\FileHandler' driver.
INFO - 2020-04-05 22:06:45 --> Controller "App\Controllers\Order" loaded.
INFO - 2020-04-05 22:06:51 --> Session: Class initialized using 'CodeIgniter\Session\Handlers\FileHandler' driver.
INFO - 2020-04-05 22:06:51 --> Controller "App\Controllers\Order" loaded.
INFO - 2020-04-05 22:06:57 --> Session: Class initialized using 'CodeIgniter\Session\Handlers\FileHandler' driver.
INFO - 2020-04-05 22:06:57 --> Controller "App\Controllers\Order" loaded.
INFO - 2020-04-05 22:07:09 --> Session: Class initialized using 'CodeIgniter\Session\Handlers\FileHandler' driver.
INFO - 2020-04-05 22:07:09 --> Controller "App\Controllers\Order" loaded.
INFO - 2020-04-05 22:07:14 --> Session: Class initialized using 'CodeIgniter\Session\Handlers\FileHandler' driver.
INFO - 2020-04-05 22:07:14 --> Controller "App\Controllers\Order" loaded.
INFO - 2020-04-05 22:07:18 --> Session: Class initialized using 'CodeIgniter\Session\Handlers\FileHandler' driver.
INFO - 2020-04-05 22:07:18 --> Controller "App\Controllers\Order" loaded.
INFO - 2020-04-05 22:07:54 --> Session: Class initialized using 'CodeIgniter\Session\Handlers\FileHandler' driver.
INFO - 2020-04-05 22:07:54 --> Controller "App\Controllers\Order" loaded.
INFO - 2020-04-05 22:08:02 --> Session: Class initialized using 'CodeIgniter\Session\Handlers\FileHandler' driver.
INFO - 2020-04-05 22:08:02 --> Controller "App\Controllers\Order" loaded.
INFO - 2020-04-05 22:10:04 --> Session: Class initialized using 'CodeIgniter\Session\Handlers\FileHandler' driver.
INFO - 2020-04-05 22:10:04 --> Controller "App\Controllers\Order" loaded.
INFO - 2020-04-05 22:10:38 --> Session: Class initialized using 'CodeIgniter\Session\Handlers\FileHandler' driver.
INFO - 2020-04-05 22:10:38 --> Controller "App\Controllers\Order" loaded.
INFO - 2020-04-05 22:11:50 --> Session: Class initialized using 'CodeIgniter\Session\Handlers\FileHandler' driver.
INFO - 2020-04-05 22:11:50 --> Controller "App\Controllers\Order" loaded.
INFO - 2020-04-05 22:12:35 --> Session: Class initialized using 'CodeIgniter\Session\Handlers\FileHandler' driver.
INFO - 2020-04-05 22:12:35 --> Controller "App\Controllers\Order" loaded.
INFO - 2020-04-05 22:17:28 --> Session: Class initialized using 'CodeIgniter\Session\Handlers\FileHandler' driver.
INFO - 2020-04-05 22:17:28 --> Controller "App\Controllers\Order" loaded.
INFO - 2020-04-05 22:19:51 --> Session: Class initialized using 'CodeIgniter\Session\Handlers\FileHandler' driver.
INFO - 2020-04-05 22:19:51 --> Controller "App\Controllers\Order" loaded.
INFO - 2020-04-05 22:19:56 --> Session: Class initialized using 'CodeIgniter\Session\Handlers\FileHandler' driver.
INFO - 2020-04-05 22:19:56 --> Controller "App\Controllers\Order" loaded.
INFO - 2020-04-05 22:22:34 --> Session: Class initialized using 'CodeIgniter\Session\Handlers\FileHandler' driver.
INFO - 2020-04-05 22:22:34 --> Controller "App\Controllers\Order" loaded.
INFO - 2020-04-05 22:22:38 --> Session: Class initialized using 'CodeIgniter\Session\Handlers\FileHandler' driver.
INFO - 2020-04-05 22:22:38 --> Controller "App\Controllers\Order" loaded.
INFO - 2020-04-05 22:23:48 --> Session: Class initialized using 'CodeIgniter\Session\Handlers\FileHandler' driver.
INFO - 2020-04-05 22:23:48 --> Controller "App\Controllers\Order" loaded.
INFO - 2020-04-05 22:23:53 --> Session: Class initialized using 'CodeIgniter\Session\Handlers\FileHandler' driver.
INFO - 2020-04-05 22:23:53 --> Controller "App\Controllers\Order" loaded.
INFO - 2020-04-05 22:25:06 --> Session: Class initialized using 'CodeIgniter\Session\Handlers\FileHandler' driver.
INFO - 2020-04-05 22:25:06 --> Controller "App\Controllers\Order" loaded.
INFO - 2020-04-05 22:25:10 --> Session: Class initialized using 'CodeIgniter\Session\Handlers\FileHandler' driver.
INFO - 2020-04-05 22:25:10 --> Controller "App\Controllers\Order" loaded.
INFO - 2020-04-05 22:25:54 --> Session: Class initialized using 'CodeIgniter\Session\Handlers\FileHandler' driver.
INFO - 2020-04-05 22:25:54 --> Controller "App\Controllers\Order" loaded.
INFO - 2020-04-05 22:26:00 --> Session: Class initialized using 'CodeIgniter\Session\Handlers\FileHandler' driver.
INFO - 2020-04-05 22:26:00 --> Controller "App\Controllers\Order" loaded.
INFO - 2020-04-05 22:26:27 --> Session: Class initialized using 'CodeIgniter\Session\Handlers\FileHandler' driver.
INFO - 2020-04-05 22:26:27 --> Controller "App\Controllers\Order" loaded.
INFO - 2020-04-05 22:26:37 --> Session: Class initialized using 'CodeIgniter\Session\Handlers\FileHandler' driver.
INFO - 2020-04-05 22:26:37 --> Controller "App\Controllers\Order" loaded.
INFO - 2020-04-05 22:27:00 --> Session: Class initialized using 'CodeIgniter\Session\Handlers\FileHandler' driver.
INFO - 2020-04-05 22:27:00 --> Controller "App\Controllers\Order" loaded.
INFO - 2020-04-05 22:27:05 --> Session: Class initialized using 'CodeIgniter\Session\Handlers\FileHandler' driver.
INFO - 2020-04-05 22:27:05 --> Controller "App\Controllers\Order" loaded.
INFO - 2020-04-05 22:27:15 --> Session: Class initialized using 'CodeIgniter\Session\Handlers\FileHandler' driver.
INFO - 2020-04-05 22:27:15 --> Controller "App\Controllers\Order" loaded.
INFO - 2020-04-05 22:27:19 --> Session: Class initialized using 'CodeIgniter\Session\Handlers\FileHandler' driver.
INFO - 2020-04-05 22:27:19 --> Controller "App\Controllers\Order" loaded.
INFO - 2020-04-05 22:31:15 --> Session: Class initialized using 'CodeIgniter\Session\Handlers\FileHandler' driver.
INFO - 2020-04-05 22:31:15 --> Controller "App\Controllers\Order" loaded.
INFO - 2020-04-05 22:31:20 --> Session: Class initialized using 'CodeIgniter\Session\Handlers\FileHandler' driver.
INFO - 2020-04-05 22:31:20 --> Controller "App\Controllers\Order" loaded.
INFO - 2020-04-05 22:32:51 --> Session: Class initialized using 'CodeIgniter\Session\Handlers\FileHandler' driver.
INFO - 2020-04-05 22:32:51 --> Controller "App\Controllers\Order" loaded.
INFO - 2020-04-05 22:32:57 --> Session: Class initialized using 'CodeIgniter\Session\Handlers\FileHandler' driver.
INFO - 2020-04-05 22:32:57 --> Controller "App\Controllers\Order" loaded.
INFO - 2020-04-05 22:36:05 --> Session: Class initialized using 'CodeIgniter\Session\Handlers\FileHandler' driver.
INFO - 2020-04-05 22:36:05 --> Controller "App\Controllers\Order" loaded.
INFO - 2020-04-05 22:36:11 --> Session: Class initialized using 'CodeIgniter\Session\Handlers\FileHandler' driver.
INFO - 2020-04-05 22:36:11 --> Controller "App\Controllers\Order" loaded.
INFO - 2020-04-05 22:36:27 --> Session: Class initialized using 'CodeIgniter\Session\Handlers\FileHandler' driver.
INFO - 2020-04-05 22:36:27 --> Controller "App\Controllers\Order" loaded.
INFO - 2020-04-05 22:36:33 --> Session: Class initialized using 'CodeIgniter\Session\Handlers\FileHandler' driver.
INFO - 2020-04-05 22:36:33 --> Controller "App\Controllers\Order" loaded.
INFO - 2020-04-05 22:40:48 --> Session: Class initialized using 'CodeIgniter\Session\Handlers\FileHandler' driver.
INFO - 2020-04-05 22:40:48 --> Controller "App\Controllers\Order" loaded.
INFO - 2020-04-05 22:48:48 --> Session: Class initialized using 'CodeIgniter\Session\Handlers\FileHandler' driver.
INFO - 2020-04-05 22:48:48 --> Controller "App\Controllers\Order" loaded.
INFO - 2020-04-05 22:48:56 --> Session: Class initialized using 'CodeIgniter\Session\Handlers\FileHandler' driver.
INFO - 2020-04-05 22:48:56 --> Controller "App\Controllers\Order" loaded.
INFO - 2020-04-05 22:51:18 --> Session: Class initialized using 'CodeIgniter\Session\Handlers\FileHandler' driver.
INFO - 2020-04-05 22:51:18 --> Controller "App\Controllers\Order" loaded.
INFO - 2020-04-05 22:51:21 --> Session: Class initialized using 'CodeIgniter\Session\Handlers\FileHandler' driver.
INFO - 2020-04-05 22:51:21 --> Controller "App\Controllers\Order" loaded.
INFO - 2020-04-05 22:51:26 --> Session: Class initialized using 'CodeIgniter\Session\Handlers\FileHandler' driver.
INFO - 2020-04-05 22:51:26 --> Controller "App\Controllers\Order" loaded.
INFO - 2020-04-05 22:51:31 --> Session: Class initialized using 'CodeIgniter\Session\Handlers\FileHandler' driver.
INFO - 2020-04-05 22:51:31 --> Controller "App\Controllers\Order" loaded.
INFO - 2020-04-05 22:52:02 --> Session: Class initialized using 'CodeIgniter\Session\Handlers\FileHandler' driver.
INFO - 2020-04-05 22:52:02 --> Controller "App\Controllers\Order" loaded.
INFO - 2020-04-05 22:52:08 --> Session: Class initialized using 'CodeIgniter\Session\Handlers\FileHandler' driver.
INFO - 2020-04-05 22:52:08 --> Controller "App\Controllers\Order" loaded.
INFO - 2020-04-05 22:52:11 --> Session: Class initialized using 'CodeIgniter\Session\Handlers\FileHandler' driver.
INFO - 2020-04-05 22:52:11 --> Controller "App\Controllers\Order" loaded.
INFO - 2020-04-05 22:52:22 --> Session: Class initialized using 'CodeIgniter\Session\Handlers\FileHandler' driver.
INFO - 2020-04-05 22:52:22 --> Controller "App\Controllers\Order" loaded.
INFO - 2020-04-05 22:52:43 --> Session: Class initialized using 'CodeIgniter\Session\Handlers\FileHandler' driver.
INFO - 2020-04-05 22:52:43 --> Controller "App\Controllers\Order" loaded.
INFO - 2020-04-05 22:52:54 --> Session: Class initialized using 'CodeIgniter\Session\Handlers\FileHandler' driver.
INFO - 2020-04-05 22:52:54 --> Controller "App\Controllers\Order" loaded.
INFO - 2020-04-05 22:54:01 --> Session: Class initialized using 'CodeIgniter\Session\Handlers\FileHandler' driver.
INFO - 2020-04-05 22:54:01 --> Controller "App\Controllers\Order" loaded.
INFO - 2020-04-05 22:54:11 --> Session: Class initialized using 'CodeIgniter\Session\Handlers\FileHandler' driver.
INFO - 2020-04-05 22:54:11 --> Controller "App\Controllers\Order" loaded.
INFO - 2020-04-05 22:54:16 --> Session: Class initialized using 'CodeIgniter\Session\Handlers\FileHandler' driver.
INFO - 2020-04-05 22:54:16 --> Controller "App\Controllers\Order" loaded.
INFO - 2020-04-05 22:54:21 --> Session: Class initialized using 'CodeIgniter\Session\Handlers\FileHandler' driver.
INFO - 2020-04-05 22:54:21 --> Controller "App\Controllers\Order" loaded.
INFO - 2020-04-05 22:57:09 --> Session: Class initialized using 'CodeIgniter\Session\Handlers\FileHandler' driver.
INFO - 2020-04-05 22:57:09 --> Controller "App\Controllers\Order" loaded.
INFO - 2020-04-05 23:20:54 --> Session: Class initialized using 'CodeIgniter\Session\Handlers\FileHandler' driver.
INFO - 2020-04-05 23:20:54 --> Controller "App\Controllers\Order" loaded.
INFO - 2020-04-05 23:21:08 --> Used the default controller.
INFO - 2020-04-05 23:21:08 --> Controller "App\Controllers\Beranda" loaded.
INFO - 2020-04-05 23:22:22 --> Used the default controller.
INFO - 2020-04-05 23:22:22 --> Controller "App\Controllers\Beranda" loaded.
INFO - 2020-04-05 23:22:26 --> Session: Class initialized using 'CodeIgniter\Session\Handlers\FileHandler' driver.
INFO - 2020-04-05 23:22:26 --> Controller "App\Controllers\Order" loaded.
INFO - 2020-04-05 23:22:26 --> Session: Class initialized using 'CodeIgniter\Session\Handlers\FileHandler' driver.
INFO - 2020-04-05 23:22:26 --> Controller "App\Controllers\Order" loaded.
INFO - 2020-04-05 23:22:32 --> Session: Class initialized using 'CodeIgniter\Session\Handlers\FileHandler' driver.
INFO - 2020-04-05 23:22:32 --> Controller "App\Controllers\Order" loaded.
INFO - 2020-04-05 23:22:33 --> Session: Class initialized using 'CodeIgniter\Session\Handlers\FileHandler' driver.
INFO - 2020-04-05 23:22:33 --> Controller "App\Controllers\Order" loaded.
INFO - 2020-04-05 23:22:50 --> Session: Class initialized using 'CodeIgniter\Session\Handlers\FileHandler' driver.
INFO - 2020-04-05 23:22:50 --> Controller "App\Controllers\Order" loaded.
INFO - 2020-04-05 23:22:50 --> Session: Class initialized using 'CodeIgniter\Session\Handlers\FileHandler' driver.
INFO - 2020-04-05 23:22:50 --> Controller "App\Controllers\Order" loaded.
INFO - 2020-04-05 23:23:10 --> Session: Class initialized using 'CodeIgniter\Session\Handlers\FileHandler' driver.
INFO - 2020-04-05 23:23:10 --> Controller "App\Controllers\Order" loaded.
INFO - 2020-04-05 23:23:14 --> Session: Class initialized using 'CodeIgniter\Session\Handlers\FileHandler' driver.
INFO - 2020-04-05 23:23:14 --> Controller "App\Controllers\Order" loaded.
INFO - 2020-04-05 23:25:24 --> Session: Class initialized using 'CodeIgniter\Session\Handlers\FileHandler' driver.
INFO - 2020-04-05 23:25:24 --> Controller "App\Controllers\Order" loaded.
INFO - 2020-04-05 23:25:29 --> Session: Class initialized using 'CodeIgniter\Session\Handlers\FileHandler' driver.
INFO - 2020-04-05 23:25:29 --> Controller "App\Controllers\Order" loaded.
INFO - 2020-04-05 23:25:29 --> Session: Class initialized using 'CodeIgniter\Session\Handlers\FileHandler' driver.
INFO - 2020-04-05 23:25:29 --> Controller "App\Controllers\Order" loaded.
INFO - 2020-04-05 23:29:19 --> Session: Class initialized using 'CodeIgniter\Session\Handlers\FileHandler' driver.
INFO - 2020-04-05 23:29:19 --> Controller "App\Controllers\Order" loaded.
INFO - 2020-04-05 23:29:19 --> Session: Class initialized using 'CodeIgniter\Session\Handlers\FileHandler' driver.
INFO - 2020-04-05 23:29:19 --> Controller "App\Controllers\Order" loaded.
INFO - 2020-04-05 23:29:25 --> Session: Class initialized using 'CodeIgniter\Session\Handlers\FileHandler' driver.
INFO - 2020-04-05 23:29:25 --> Controller "App\Controllers\Order" loaded.
INFO - 2020-04-05 23:29:29 --> Session: Class initialized using 'CodeIgniter\Session\Handlers\FileHandler' driver.
INFO - 2020-04-05 23:29:29 --> Controller "App\Controllers\Order" loaded.
INFO - 2020-04-05 23:29:30 --> Session: Class initialized using 'CodeIgniter\Session\Handlers\FileHandler' driver.
INFO - 2020-04-05 23:29:30 --> Controller "App\Controllers\Order" loaded.
INFO - 2020-04-05 23:30:00 --> Session: Class initialized using 'CodeIgniter\Session\Handlers\FileHandler' driver.
INFO - 2020-04-05 23:30:00 --> Controller "App\Controllers\Order" loaded.
INFO - 2020-04-05 23:30:00 --> Session: Class initialized using 'CodeIgniter\Session\Handlers\FileHandler' driver.
INFO - 2020-04-05 23:30:00 --> Controller "App\Controllers\Order" loaded.
INFO - 2020-04-05 23:35:50 --> Session: Class initialized using 'CodeIgniter\Session\Handlers\FileHandler' driver.
INFO - 2020-04-05 23:35:50 --> Controller "App\Controllers\Order" loaded.
INFO - 2020-04-05 23:36:02 --> Session: Class initialized using 'CodeIgniter\Session\Handlers\FileHandler' driver.
INFO - 2020-04-05 23:36:02 --> Controller "App\Controllers\Order" loaded.
INFO - 2020-04-05 23:36:08 --> Session: Class initialized using 'CodeIgniter\Session\Handlers\FileHandler' driver.
INFO - 2020-04-05 23:36:08 --> Controller "App\Controllers\Order" loaded.
INFO - 2020-04-05 23:36:14 --> Session: Class initialized using 'CodeIgniter\Session\Handlers\FileHandler' driver.
INFO - 2020-04-05 23:36:14 --> Controller "App\Controllers\Order" loaded.
INFO - 2020-04-05 23:38:07 --> Session: Class initialized using 'CodeIgniter\Session\Handlers\FileHandler' driver.
INFO - 2020-04-05 23:38:07 --> Controller "App\Controllers\Order" loaded.
INFO - 2020-04-05 23:38:23 --> Session: Class initialized using 'CodeIgniter\Session\Handlers\FileHandler' driver.
INFO - 2020-04-05 23:38:23 --> Controller "App\Controllers\Order" loaded.
CRITICAL - 2020-04-05 23:38:23 --> mkdir(): File exists
#0 [internal function]: CodeIgniter\Debug\Exceptions->errorHandler(2, 'mkdir(): File e...', '/var/www/html/a...', 225, Array)
#1 /var/www/html/akadku/home/app/Controllers/Order.php(225): mkdir('dummy_VPJeCK0P', 511)
#2 /var/www/html/akadku/home/system/CodeIgniter.php(910): App\Controllers\Order->fileUpload()
#3 /var/www/html/akadku/home/system/CodeIgniter.php(398): CodeIgniter\CodeIgniter->runController(Object(App\Controllers\Order))
#4 /var/www/html/akadku/home/system/CodeIgniter.php(306): CodeIgniter\CodeIgniter->handleRequest(NULL, Object(Config\Cache), false)
#5 /var/www/html/akadku/home/index.php(45): CodeIgniter\CodeIgniter->run()
#6 {main}
INFO - 2020-04-05 23:38:40 --> Session: Class initialized using 'CodeIgniter\Session\Handlers\FileHandler' driver.
INFO - 2020-04-05 23:38:40 --> Controller "App\Controllers\Order" loaded.
CRITICAL - 2020-04-05 23:38:40 --> mkdir(): File exists
#0 [internal function]: CodeIgniter\Debug\Exceptions->errorHandler(2, 'mkdir(): File e...', '/var/www/html/a...', 225, Array)
#1 /var/www/html/akadku/home/app/Controllers/Order.php(225): mkdir('dummy_VPJeCK0P', 511)
#2 /var/www/html/akadku/home/system/CodeIgniter.php(910): App\Controllers\Order->fileUpload()
#3 /var/www/html/akadku/home/system/CodeIgniter.php(398): CodeIgniter\CodeIgniter->runController(Object(App\Controllers\Order))
#4 /var/www/html/akadku/home/system/CodeIgniter.php(306): CodeIgniter\CodeIgniter->handleRequest(NULL, Object(Config\Cache), false)
#5 /var/www/html/akadku/home/index.php(45): CodeIgniter\CodeIgniter->run()
#6 {main}
INFO - 2020-04-05 23:39:58 --> Session: Class initialized using 'CodeIgniter\Session\Handlers\FileHandler' driver.
INFO - 2020-04-05 23:39:58 --> Controller "App\Controllers\Order" loaded.
CRITICAL - 2020-04-05 23:39:58 --> mkdir(): File exists
#0 [internal function]: CodeIgniter\Debug\Exceptions->errorHandler(2, 'mkdir(): File e...', '/var/www/html/a...', 225, Array)
#1 /var/www/html/akadku/home/app/Controllers/Order.php(225): mkdir('dummy_VPJeCK0P', 511)
#2 /var/www/html/akadku/home/system/CodeIgniter.php(910): App\Controllers\Order->fileUpload()
#3 /var/www/html/akadku/home/system/CodeIgniter.php(398): CodeIgniter\CodeIgniter->runController(Object(App\Controllers\Order))
#4 /var/www/html/akadku/home/system/CodeIgniter.php(306): CodeIgniter\CodeIgniter->handleRequest(NULL, Object(Config\Cache), false)
#5 /var/www/html/akadku/home/index.php(45): CodeIgniter\CodeIgniter->run()
#6 {main}
INFO - 2020-04-05 23:40:02 --> Session: Class initialized using 'CodeIgniter\Session\Handlers\FileHandler' driver.
INFO - 2020-04-05 23:40:02 --> Controller "App\Controllers\Order" loaded.
CRITICAL - 2020-04-05 23:40:02 --> mkdir(): File exists
#0 [internal function]: CodeIgniter\Debug\Exceptions->errorHandler(2, 'mkdir(): File e...', '/var/www/html/a...', 225, Array)
#1 /var/www/html/akadku/home/app/Controllers/Order.php(225): mkdir('dummy_VPJeCK0P', 511)
#2 /var/www/html/akadku/home/system/CodeIgniter.php(910): App\Controllers\Order->fileUpload()
#3 /var/www/html/akadku/home/system/CodeIgniter.php(398): CodeIgniter\CodeIgniter->runController(Object(App\Controllers\Order))
#4 /var/www/html/akadku/home/system/CodeIgniter.php(306): CodeIgniter\CodeIgniter->handleRequest(NULL, Object(Config\Cache), false)
#5 /var/www/html/akadku/home/index.php(45): CodeIgniter\CodeIgniter->run()
#6 {main}
INFO - 2020-04-05 23:41:00 --> Session: Class initialized using 'CodeIgniter\Session\Handlers\FileHandler' driver.
INFO - 2020-04-05 23:41:00 --> Controller "App\Controllers\Order" loaded.
CRITICAL - 2020-04-05 23:41:00 --> mkdir(): File exists
#0 [internal function]: CodeIgniter\Debug\Exceptions->errorHandler(2, 'mkdir(): File e...', '/var/www/html/a...', 225, Array)
#1 /var/www/html/akadku/home/app/Controllers/Order.php(225): mkdir('dummy_VPJeCK0P', 511)
#2 /var/www/html/akadku/home/system/CodeIgniter.php(910): App\Controllers\Order->fileUpload()
#3 /var/www/html/akadku/home/system/CodeIgniter.php(398): CodeIgniter\CodeIgniter->runController(Object(App\Controllers\Order))
#4 /var/www/html/akadku/home/system/CodeIgniter.php(306): CodeIgniter\CodeIgniter->handleRequest(NULL, Object(Config\Cache), false)
#5 /var/www/html/akadku/home/index.php(45): CodeIgniter\CodeIgniter->run()
#6 {main}
INFO - 2020-04-05 23:41:25 --> Session: Class initialized using 'CodeIgniter\Session\Handlers\FileHandler' driver.
INFO - 2020-04-05 23:41:25 --> Controller "App\Controllers\Order" loaded.
CRITICAL - 2020-04-05 23:41:25 --> mkdir(): File exists
#0 [internal function]: CodeIgniter\Debug\Exceptions->errorHandler(2, 'mkdir(): File e...', '/var/www/html/a...', 225, Array)
#1 /var/www/html/akadku/home/app/Controllers/Order.php(225): mkdir('dummy_VPJeCK0P', 777)
#2 /var/www/html/akadku/home/system/CodeIgniter.php(910): App\Controllers\Order->fileUpload()
#3 /var/www/html/akadku/home/system/CodeIgniter.php(398): CodeIgniter\CodeIgniter->runController(Object(App\Controllers\Order))
#4 /var/www/html/akadku/home/system/CodeIgniter.php(306): CodeIgniter\CodeIgniter->handleRequest(NULL, Object(Config\Cache), false)
#5 /var/www/html/akadku/home/index.php(45): CodeIgniter\CodeIgniter->run()
#6 {main}
INFO - 2020-04-05 23:41:40 --> Session: Class initialized using 'CodeIgniter\Session\Handlers\FileHandler' driver.
INFO - 2020-04-05 23:41:40 --> Controller "App\Controllers\Order" loaded.
INFO - 2020-04-05 23:41:45 --> Session: Class initialized using 'CodeIgniter\Session\Handlers\FileHandler' driver.
INFO - 2020-04-05 23:41:45 --> Controller "App\Controllers\Order" loaded.
INFO - 2020-04-05 23:54:51 --> Session: Class initialized using 'CodeIgniter\Session\Handlers\FileHandler' driver.
INFO - 2020-04-05 23:54:51 --> Controller "App\Controllers\Order" loaded.
