INFO - 2020-07-29 02:16:42 --> Controller "App\Controllers\Beranda" loaded.
INFO - 2020-07-29 02:16:58 --> Controller "App\Controllers\Beranda" loaded.
INFO - 2020-07-29 03:39:05 --> Controller "App\Controllers\Beranda" loaded.
INFO - 2020-07-29 03:40:36 --> Controller "App\Controllers\Beranda" loaded.
INFO - 2020-07-29 03:40:49 --> Controller "App\Controllers\Beranda" loaded.
INFO - 2020-07-29 03:41:00 --> Controller "App\Controllers\Beranda" loaded.
INFO - 2020-07-29 03:41:07 --> Controller "App\Controllers\Beranda" loaded.
INFO - 2020-07-29 03:41:14 --> Controller "App\Controllers\Beranda" loaded.
INFO - 2020-07-29 03:43:39 --> Controller "App\Controllers\Beranda" loaded.
INFO - 2020-07-29 03:44:03 --> Controller "App\Controllers\Beranda" loaded.
INFO - 2020-07-29 03:44:36 --> Controller "App\Controllers\Anu" loaded.
INFO - 2020-07-29 03:44:49 --> Controller "App\Controllers\Anu" loaded.
INFO - 2020-07-29 03:45:40 --> Controller "App\Controllers\Anu" loaded.
INFO - 2020-07-29 03:52:03 --> Controller "App\Controllers\Anu" loaded.
INFO - 2020-07-29 03:56:55 --> Controller "App\Controllers\Beranda" loaded.
INFO - 2020-07-29 10:50:01 --> Controller "App\Controllers\Beranda" loaded.
INFO - 2020-07-29 10:59:02 --> Controller "App\Controllers\Beranda" loaded.
INFO - 2020-07-29 10:59:07 --> Controller "App\Controllers\Beranda" loaded.
INFO - 2020-07-29 10:59:13 --> Session: Class initialized using 'CodeIgniter\Session\Handlers\FileHandler' driver.
INFO - 2020-07-29 10:59:13 --> Controller "App\Controllers\Order" loaded.
INFO - 2020-07-29 10:59:27 --> Session: Class initialized using 'CodeIgniter\Session\Handlers\FileHandler' driver.
INFO - 2020-07-29 10:59:27 --> Controller "App\Controllers\Order" loaded.
INFO - 2020-07-29 10:59:35 --> Session: Class initialized using 'CodeIgniter\Session\Handlers\FileHandler' driver.
INFO - 2020-07-29 10:59:35 --> Controller "App\Controllers\Order" loaded.
INFO - 2020-07-29 10:59:42 --> Session: Class initialized using 'CodeIgniter\Session\Handlers\FileHandler' driver.
INFO - 2020-07-29 10:59:42 --> Controller "App\Controllers\Order" loaded.
INFO - 2020-07-29 10:59:47 --> Session: Class initialized using 'CodeIgniter\Session\Handlers\FileHandler' driver.
INFO - 2020-07-29 10:59:47 --> Controller "App\Controllers\Order" loaded.
INFO - 2020-07-29 10:59:58 --> Session: Class initialized using 'CodeIgniter\Session\Handlers\FileHandler' driver.
INFO - 2020-07-29 10:59:58 --> Controller "App\Controllers\Order" loaded.
INFO - 2020-07-29 10:59:59 --> Session: Class initialized using 'CodeIgniter\Session\Handlers\FileHandler' driver.
INFO - 2020-07-29 10:59:59 --> Controller "App\Controllers\Order" loaded.
INFO - 2020-07-29 10:59:59 --> Session: Class initialized using 'CodeIgniter\Session\Handlers\FileHandler' driver.
INFO - 2020-07-29 10:59:59 --> Controller "App\Controllers\Order" loaded.
INFO - 2020-07-29 10:59:59 --> Session: Class initialized using 'CodeIgniter\Session\Handlers\FileHandler' driver.
INFO - 2020-07-29 10:59:59 --> Controller "App\Controllers\Order" loaded.
INFO - 2020-07-29 10:59:59 --> Session: Class initialized using 'CodeIgniter\Session\Handlers\FileHandler' driver.
INFO - 2020-07-29 10:59:59 --> Controller "App\Controllers\Order" loaded.
INFO - 2020-07-29 10:59:59 --> Session: Class initialized using 'CodeIgniter\Session\Handlers\FileHandler' driver.
INFO - 2020-07-29 10:59:59 --> Controller "App\Controllers\Order" loaded.
INFO - 2020-07-29 10:59:59 --> Session: Class initialized using 'CodeIgniter\Session\Handlers\FileHandler' driver.
INFO - 2020-07-29 10:59:59 --> Controller "App\Controllers\Order" loaded.
INFO - 2020-07-29 11:00:01 --> Session: Class initialized using 'CodeIgniter\Session\Handlers\FileHandler' driver.
INFO - 2020-07-29 11:00:01 --> Controller "App\Controllers\Order" loaded.
INFO - 2020-07-29 11:00:04 --> Session: Class initialized using 'CodeIgniter\Session\Handlers\FileHandler' driver.
INFO - 2020-07-29 11:00:04 --> Controller "App\Controllers\Order" loaded.
CRITICAL - 2020-07-29 11:00:06 --> Column 'foto_pria' cannot be null
#0 /var/www/html/akadku/home/system/Database/MySQLi/Connection.php(330): mysqli->query('INSERT INTO `fo...')
#1 /var/www/html/akadku/home/system/Database/BaseConnection.php(738): CodeIgniter\Database\MySQLi\Connection->execute('INSERT INTO `fo...')
#2 /var/www/html/akadku/home/system/Database/BaseConnection.php(666): CodeIgniter\Database\BaseConnection->simpleQuery('INSERT INTO `fo...')
#3 /var/www/html/akadku/home/system/Database/BaseBuilder.php(2206): CodeIgniter\Database\BaseConnection->query('INSERT INTO `fo...', Array, false)
#4 /var/www/html/akadku/home/app/Models/OrderModel.php(105): CodeIgniter\Database\BaseBuilder->insert(Array)
#5 /var/www/html/akadku/home/app/Controllers/Order.php(702): App\Models\OrderModel->save_foto(Array)
#6 /var/www/html/akadku/home/system/CodeIgniter.php(910): App\Controllers\Order->saveData()
#7 /var/www/html/akadku/home/system/CodeIgniter.php(398): CodeIgniter\CodeIgniter->runController(Object(App\Controllers\Order))
#8 /var/www/html/akadku/home/system/CodeIgniter.php(306): CodeIgniter\CodeIgniter->handleRequest(NULL, Object(Config\Cache), false)
#9 /var/www/html/akadku/home/index.php(45): CodeIgniter\CodeIgniter->run()
#10 {main}
INFO - 2020-07-29 11:00:11 --> Session: Class initialized using 'CodeIgniter\Session\Handlers\FileHandler' driver.
INFO - 2020-07-29 11:00:11 --> Controller "App\Controllers\Order" loaded.
INFO - 2020-07-29 11:01:15 --> Session: Class initialized using 'CodeIgniter\Session\Handlers\FileHandler' driver.
INFO - 2020-07-29 11:01:15 --> Controller "App\Controllers\Order" loaded.
INFO - 2020-07-29 11:01:16 --> Session: Class initialized using 'CodeIgniter\Session\Handlers\FileHandler' driver.
INFO - 2020-07-29 11:01:16 --> Controller "App\Controllers\Order" loaded.
INFO - 2020-07-29 11:01:23 --> Session: Class initialized using 'CodeIgniter\Session\Handlers\FileHandler' driver.
INFO - 2020-07-29 11:01:23 --> Controller "App\Controllers\Order" loaded.
INFO - 2020-07-29 11:01:50 --> Session: Class initialized using 'CodeIgniter\Session\Handlers\FileHandler' driver.
INFO - 2020-07-29 11:01:50 --> Controller "App\Controllers\Order" loaded.
INFO - 2020-07-29 11:01:53 --> Session: Class initialized using 'CodeIgniter\Session\Handlers\FileHandler' driver.
INFO - 2020-07-29 11:01:53 --> Controller "App\Controllers\Order" loaded.
INFO - 2020-07-29 11:01:54 --> Session: Class initialized using 'CodeIgniter\Session\Handlers\FileHandler' driver.
INFO - 2020-07-29 11:01:54 --> Controller "App\Controllers\Order" loaded.
INFO - 2020-07-29 11:01:58 --> Session: Class initialized using 'CodeIgniter\Session\Handlers\FileHandler' driver.
INFO - 2020-07-29 11:01:58 --> Controller "App\Controllers\Order" loaded.
INFO - 2020-07-29 11:02:01 --> Session: Class initialized using 'CodeIgniter\Session\Handlers\FileHandler' driver.
INFO - 2020-07-29 11:02:01 --> Controller "App\Controllers\Order" loaded.
INFO - 2020-07-29 11:02:04 --> Session: Class initialized using 'CodeIgniter\Session\Handlers\FileHandler' driver.
INFO - 2020-07-29 11:02:04 --> Controller "App\Controllers\Order" loaded.
INFO - 2020-07-29 11:02:10 --> Session: Class initialized using 'CodeIgniter\Session\Handlers\FileHandler' driver.
INFO - 2020-07-29 11:02:10 --> Controller "App\Controllers\Order" loaded.
INFO - 2020-07-29 11:02:10 --> Session: Class initialized using 'CodeIgniter\Session\Handlers\FileHandler' driver.
INFO - 2020-07-29 11:02:10 --> Controller "App\Controllers\Order" loaded.
INFO - 2020-07-29 11:02:10 --> Session: Class initialized using 'CodeIgniter\Session\Handlers\FileHandler' driver.
INFO - 2020-07-29 11:02:10 --> Controller "App\Controllers\Order" loaded.
INFO - 2020-07-29 11:02:10 --> Session: Class initialized using 'CodeIgniter\Session\Handlers\FileHandler' driver.
INFO - 2020-07-29 11:02:10 --> Controller "App\Controllers\Order" loaded.
INFO - 2020-07-29 11:02:10 --> Session: Class initialized using 'CodeIgniter\Session\Handlers\FileHandler' driver.
INFO - 2020-07-29 11:02:10 --> Controller "App\Controllers\Order" loaded.
INFO - 2020-07-29 11:02:10 --> Session: Class initialized using 'CodeIgniter\Session\Handlers\FileHandler' driver.
INFO - 2020-07-29 11:02:10 --> Controller "App\Controllers\Order" loaded.
INFO - 2020-07-29 11:02:10 --> Session: Class initialized using 'CodeIgniter\Session\Handlers\FileHandler' driver.
INFO - 2020-07-29 11:02:10 --> Controller "App\Controllers\Order" loaded.
INFO - 2020-07-29 11:02:10 --> Session: Class initialized using 'CodeIgniter\Session\Handlers\FileHandler' driver.
INFO - 2020-07-29 11:02:10 --> Controller "App\Controllers\Order" loaded.
INFO - 2020-07-29 11:02:10 --> Session: Class initialized using 'CodeIgniter\Session\Handlers\FileHandler' driver.
INFO - 2020-07-29 11:02:10 --> Controller "App\Controllers\Order" loaded.
INFO - 2020-07-29 11:02:10 --> Session: Class initialized using 'CodeIgniter\Session\Handlers\FileHandler' driver.
INFO - 2020-07-29 11:02:10 --> Controller "App\Controllers\Order" loaded.
INFO - 2020-07-29 11:02:10 --> Session: Class initialized using 'CodeIgniter\Session\Handlers\FileHandler' driver.
INFO - 2020-07-29 11:02:10 --> Controller "App\Controllers\Order" loaded.
INFO - 2020-07-29 11:03:02 --> Session: Class initialized using 'CodeIgniter\Session\Handlers\FileHandler' driver.
INFO - 2020-07-29 11:03:02 --> Controller "App\Controllers\Order" loaded.
INFO - 2020-07-29 11:03:05 --> Session: Class initialized using 'CodeIgniter\Session\Handlers\FileHandler' driver.
INFO - 2020-07-29 11:03:05 --> Controller "App\Controllers\Order" loaded.
INFO - 2020-07-29 11:03:54 --> Session: Class initialized using 'CodeIgniter\Session\Handlers\FileHandler' driver.
INFO - 2020-07-29 11:03:54 --> Controller "App\Controllers\Order" loaded.
INFO - 2020-07-29 11:04:00 --> Session: Class initialized using 'CodeIgniter\Session\Handlers\FileHandler' driver.
INFO - 2020-07-29 11:04:00 --> Controller "App\Controllers\Order" loaded.
INFO - 2020-07-29 11:04:02 --> Session: Class initialized using 'CodeIgniter\Session\Handlers\FileHandler' driver.
INFO - 2020-07-29 11:04:02 --> Controller "App\Controllers\Order" loaded.
INFO - 2020-07-29 11:04:04 --> Session: Class initialized using 'CodeIgniter\Session\Handlers\FileHandler' driver.
INFO - 2020-07-29 11:04:04 --> Controller "App\Controllers\Order" loaded.
INFO - 2020-07-29 11:04:07 --> Session: Class initialized using 'CodeIgniter\Session\Handlers\FileHandler' driver.
INFO - 2020-07-29 11:04:07 --> Controller "App\Controllers\Order" loaded.
INFO - 2020-07-29 11:04:09 --> Session: Class initialized using 'CodeIgniter\Session\Handlers\FileHandler' driver.
INFO - 2020-07-29 11:04:09 --> Controller "App\Controllers\Order" loaded.
INFO - 2020-07-29 11:04:13 --> Session: Class initialized using 'CodeIgniter\Session\Handlers\FileHandler' driver.
INFO - 2020-07-29 11:04:13 --> Controller "App\Controllers\Order" loaded.
INFO - 2020-07-29 11:14:14 --> Session: Class initialized using 'CodeIgniter\Session\Handlers\FileHandler' driver.
INFO - 2020-07-29 11:14:14 --> Controller "App\Controllers\Order" loaded.
CRITICAL - 2020-07-29 11:14:15 --> Column 'foto_pria' cannot be null
#0 /var/www/html/akadku/home/system/Database/MySQLi/Connection.php(330): mysqli->query('INSERT INTO `fo...')
#1 /var/www/html/akadku/home/system/Database/BaseConnection.php(738): CodeIgniter\Database\MySQLi\Connection->execute('INSERT INTO `fo...')
#2 /var/www/html/akadku/home/system/Database/BaseConnection.php(666): CodeIgniter\Database\BaseConnection->simpleQuery('INSERT INTO `fo...')
#3 /var/www/html/akadku/home/system/Database/BaseBuilder.php(2206): CodeIgniter\Database\BaseConnection->query('INSERT INTO `fo...', Array, false)
#4 /var/www/html/akadku/home/app/Models/OrderModel.php(105): CodeIgniter\Database\BaseBuilder->insert(Array)
#5 /var/www/html/akadku/home/app/Controllers/Order.php(702): App\Models\OrderModel->save_foto(Array)
#6 /var/www/html/akadku/home/system/CodeIgniter.php(910): App\Controllers\Order->saveData()
#7 /var/www/html/akadku/home/system/CodeIgniter.php(398): CodeIgniter\CodeIgniter->runController(Object(App\Controllers\Order))
#8 /var/www/html/akadku/home/system/CodeIgniter.php(306): CodeIgniter\CodeIgniter->handleRequest(NULL, Object(Config\Cache), false)
#9 /var/www/html/akadku/home/index.php(45): CodeIgniter\CodeIgniter->run()
#10 {main}
INFO - 2020-07-29 11:16:26 --> Session: Class initialized using 'CodeIgniter\Session\Handlers\FileHandler' driver.
INFO - 2020-07-29 11:16:26 --> Controller "App\Controllers\Order" loaded.
CRITICAL - 2020-07-29 11:16:26 --> Column 'foto_pria' cannot be null
#0 /var/www/html/akadku/home/system/Database/MySQLi/Connection.php(330): mysqli->query('INSERT INTO `fo...')
#1 /var/www/html/akadku/home/system/Database/BaseConnection.php(738): CodeIgniter\Database\MySQLi\Connection->execute('INSERT INTO `fo...')
#2 /var/www/html/akadku/home/system/Database/BaseConnection.php(666): CodeIgniter\Database\BaseConnection->simpleQuery('INSERT INTO `fo...')
#3 /var/www/html/akadku/home/system/Database/BaseBuilder.php(2206): CodeIgniter\Database\BaseConnection->query('INSERT INTO `fo...', Array, false)
#4 /var/www/html/akadku/home/app/Models/OrderModel.php(105): CodeIgniter\Database\BaseBuilder->insert(Array)
#5 /var/www/html/akadku/home/app/Controllers/Order.php(702): App\Models\OrderModel->save_foto(Array)
#6 /var/www/html/akadku/home/system/CodeIgniter.php(910): App\Controllers\Order->saveData()
#7 /var/www/html/akadku/home/system/CodeIgniter.php(398): CodeIgniter\CodeIgniter->runController(Object(App\Controllers\Order))
#8 /var/www/html/akadku/home/system/CodeIgniter.php(306): CodeIgniter\CodeIgniter->handleRequest(NULL, Object(Config\Cache), false)
#9 /var/www/html/akadku/home/index.php(45): CodeIgniter\CodeIgniter->run()
#10 {main}
INFO - 2020-07-29 11:19:24 --> Session: Class initialized using 'CodeIgniter\Session\Handlers\FileHandler' driver.
INFO - 2020-07-29 11:19:24 --> Controller "App\Controllers\Order" loaded.
INFO - 2020-07-29 11:19:25 --> Session: Class initialized using 'CodeIgniter\Session\Handlers\FileHandler' driver.
INFO - 2020-07-29 11:19:25 --> Controller "App\Controllers\Order" loaded.
INFO - 2020-07-29 11:19:28 --> Controller "App\Controllers\Anu" loaded.
CRITICAL - 2020-07-29 11:19:29 --> Undefined variable: w_ayah_pria
#0 /var/www/html/akadku/home/app/Views/themes/hwflower.php(129): CodeIgniter\Debug\Exceptions->errorHandler(8, 'Undefined varia...', '/var/www/html/a...', 129, Array)
#1 /var/www/html/akadku/home/system/View/View.php(236): include('/var/www/html/a...')
#2 /var/www/html/akadku/home/system/Common.php(1071): CodeIgniter\View\View->render('themes/hwflower', Array, true)
#3 /var/www/html/akadku/home/app/Controllers/Anu.php(121): view('themes/hwflower', Array)
#4 /var/www/html/akadku/home/system/CodeIgniter.php(910): App\Controllers\Anu->undangan()
#5 /var/www/html/akadku/home/system/CodeIgniter.php(398): CodeIgniter\CodeIgniter->runController(Object(App\Controllers\Anu))
#6 /var/www/html/akadku/home/system/CodeIgniter.php(306): CodeIgniter\CodeIgniter->handleRequest(NULL, Object(Config\Cache), false)
#7 /var/www/html/akadku/home/index.php(45): CodeIgniter\CodeIgniter->run()
#8 {main}
INFO - 2020-07-29 11:19:45 --> Controller "App\Controllers\Anu" loaded.
INFO - 2020-07-29 11:19:45 --> Controller "App\Controllers\Beranda" loaded.
INFO - 2020-07-29 11:20:25 --> Session: Class initialized using 'CodeIgniter\Session\Handlers\FileHandler' driver.
INFO - 2020-07-29 11:20:25 --> Controller "App\Controllers\Order" loaded.
