INFO - 2020-05-10 08:06:41 --> Controller "App\Controllers\Anu" loaded.
INFO - 2020-05-10 08:07:55 --> Controller "App\Controllers\Anu" loaded.
INFO - 2020-05-10 08:07:56 --> Controller "App\Controllers\Anu" loaded.
INFO - 2020-05-10 08:07:56 --> Controller "App\Controllers\Anu" loaded.
INFO - 2020-05-10 08:09:23 --> Controller "App\Controllers\Anu" loaded.
INFO - 2020-05-10 08:09:23 --> Controller "App\Controllers\Anu" loaded.
INFO - 2020-05-10 08:09:23 --> Controller "App\Controllers\Anu" loaded.
INFO - 2020-05-10 08:09:57 --> Controller "App\Controllers\Anu" loaded.
INFO - 2020-05-10 08:09:57 --> Controller "App\Controllers\Anu" loaded.
INFO - 2020-05-10 08:09:57 --> Controller "App\Controllers\Anu" loaded.
INFO - 2020-05-10 08:10:25 --> Controller "App\Controllers\Anu" loaded.
INFO - 2020-05-10 08:10:25 --> Controller "App\Controllers\Anu" loaded.
INFO - 2020-05-10 08:10:25 --> Controller "App\Controllers\Anu" loaded.
INFO - 2020-05-10 08:10:41 --> Controller "App\Controllers\Anu" loaded.
INFO - 2020-05-10 08:10:42 --> Controller "App\Controllers\Anu" loaded.
INFO - 2020-05-10 08:10:42 --> Controller "App\Controllers\Anu" loaded.
INFO - 2020-05-10 08:10:54 --> Controller "App\Controllers\Anu" loaded.
INFO - 2020-05-10 08:10:54 --> Controller "App\Controllers\Anu" loaded.
INFO - 2020-05-10 08:10:54 --> Controller "App\Controllers\Anu" loaded.
INFO - 2020-05-10 08:14:18 --> Controller "App\Controllers\Anu" loaded.
INFO - 2020-05-10 08:14:18 --> Controller "App\Controllers\Anu" loaded.
INFO - 2020-05-10 08:14:18 --> Controller "App\Controllers\Anu" loaded.
INFO - 2020-05-10 08:14:42 --> Controller "App\Controllers\Anu" loaded.
CRITICAL - 2020-05-10 08:14:42 --> syntax error, unexpected '<'
#0 /var/www/html/akadku/home/system/Common.php(1071): CodeIgniter\View\View->render('themes/tealflow...', Array, true)
#1 /var/www/html/akadku/home/app/Controllers/Anu.php(55): view('themes/tealflow...', Array)
#2 /var/www/html/akadku/home/system/CodeIgniter.php(910): App\Controllers\Anu->index()
#3 /var/www/html/akadku/home/system/CodeIgniter.php(398): CodeIgniter\CodeIgniter->runController(Object(App\Controllers\Anu))
#4 /var/www/html/akadku/home/system/CodeIgniter.php(306): CodeIgniter\CodeIgniter->handleRequest(NULL, Object(Config\Cache), false)
#5 /var/www/html/akadku/home/index.php(45): CodeIgniter\CodeIgniter->run()
#6 {main}
INFO - 2020-05-10 08:14:53 --> Controller "App\Controllers\Anu" loaded.
INFO - 2020-05-10 08:14:53 --> Controller "App\Controllers\Anu" loaded.
INFO - 2020-05-10 08:14:53 --> Controller "App\Controllers\Anu" loaded.
INFO - 2020-05-10 08:14:53 --> Controller "App\Controllers\Beranda" loaded.
INFO - 2020-05-10 08:14:53 --> Controller "App\Controllers\Anu" loaded.
INFO - 2020-05-10 08:15:02 --> Controller "App\Controllers\Anu" loaded.
INFO - 2020-05-10 08:15:02 --> Controller "App\Controllers\Anu" loaded.
INFO - 2020-05-10 08:15:51 --> Controller "App\Controllers\Anu" loaded.
INFO - 2020-05-10 08:15:52 --> Controller "App\Controllers\Beranda" loaded.
INFO - 2020-05-10 08:15:52 --> Controller "App\Controllers\Anu" loaded.
INFO - 2020-05-10 08:15:52 --> Controller "App\Controllers\Anu" loaded.
INFO - 2020-05-10 08:15:53 --> Controller "App\Controllers\Anu" loaded.
INFO - 2020-05-10 08:15:55 --> Controller "App\Controllers\Anu" loaded.
INFO - 2020-05-10 08:16:53 --> Controller "App\Controllers\Anu" loaded.
INFO - 2020-05-10 08:16:53 --> Controller "App\Controllers\Anu" loaded.
INFO - 2020-05-10 08:16:53 --> Controller "App\Controllers\Anu" loaded.
INFO - 2020-05-10 08:16:54 --> Controller "App\Controllers\Anu" loaded.
INFO - 2020-05-10 08:16:55 --> Controller "App\Controllers\Anu" loaded.
INFO - 2020-05-10 08:18:09 --> Controller "App\Controllers\Anu" loaded.
INFO - 2020-05-10 08:18:09 --> Controller "App\Controllers\Anu" loaded.
INFO - 2020-05-10 08:18:09 --> Controller "App\Controllers\Anu" loaded.
INFO - 2020-05-10 08:18:10 --> Controller "App\Controllers\Anu" loaded.
INFO - 2020-05-10 08:18:11 --> Controller "App\Controllers\Anu" loaded.
INFO - 2020-05-10 08:18:43 --> Controller "App\Controllers\Anu" loaded.
INFO - 2020-05-10 08:18:43 --> Controller "App\Controllers\Anu" loaded.
INFO - 2020-05-10 08:18:43 --> Controller "App\Controllers\Anu" loaded.
INFO - 2020-05-10 08:18:44 --> Controller "App\Controllers\Anu" loaded.
INFO - 2020-05-10 08:18:45 --> Controller "App\Controllers\Anu" loaded.
INFO - 2020-05-10 08:30:47 --> Controller "App\Controllers\Anu" loaded.
INFO - 2020-05-10 08:30:48 --> Controller "App\Controllers\Anu" loaded.
INFO - 2020-05-10 08:30:48 --> Controller "App\Controllers\Anu" loaded.
INFO - 2020-05-10 08:30:50 --> Controller "App\Controllers\Anu" loaded.
INFO - 2020-05-10 08:31:14 --> Controller "App\Controllers\Anu" loaded.
INFO - 2020-05-10 08:31:16 --> Controller "App\Controllers\Anu" loaded.
INFO - 2020-05-10 08:31:17 --> Controller "App\Controllers\Anu" loaded.
INFO - 2020-05-10 08:39:37 --> Controller "App\Controllers\Anu" loaded.
INFO - 2020-05-10 08:39:39 --> Controller "App\Controllers\Anu" loaded.
INFO - 2020-05-10 08:39:40 --> Controller "App\Controllers\Anu" loaded.
INFO - 2020-05-10 08:43:16 --> Controller "App\Controllers\Anu" loaded.
INFO - 2020-05-10 08:43:17 --> Controller "App\Controllers\Anu" loaded.
INFO - 2020-05-10 08:43:18 --> Controller "App\Controllers\Anu" loaded.
INFO - 2020-05-10 08:43:25 --> Controller "App\Controllers\Anu" loaded.
INFO - 2020-05-10 08:43:27 --> Controller "App\Controllers\Anu" loaded.
INFO - 2020-05-10 08:43:28 --> Controller "App\Controllers\Anu" loaded.
INFO - 2020-05-10 08:44:06 --> Controller "App\Controllers\Anu" loaded.
INFO - 2020-05-10 08:44:08 --> Controller "App\Controllers\Anu" loaded.
INFO - 2020-05-10 08:44:10 --> Controller "App\Controllers\Anu" loaded.
INFO - 2020-05-10 08:44:20 --> Controller "App\Controllers\Anu" loaded.
INFO - 2020-05-10 08:44:21 --> Controller "App\Controllers\Anu" loaded.
INFO - 2020-05-10 08:44:22 --> Controller "App\Controllers\Anu" loaded.
INFO - 2020-05-10 08:45:09 --> Controller "App\Controllers\Anu" loaded.
INFO - 2020-05-10 08:45:11 --> Controller "App\Controllers\Anu" loaded.
INFO - 2020-05-10 08:45:13 --> Controller "App\Controllers\Anu" loaded.
INFO - 2020-05-10 08:47:40 --> Controller "App\Controllers\Anu" loaded.
INFO - 2020-05-10 08:48:54 --> Controller "App\Controllers\Anu" loaded.
INFO - 2020-05-10 08:48:56 --> Controller "App\Controllers\Anu" loaded.
INFO - 2020-05-10 08:48:57 --> Controller "App\Controllers\Anu" loaded.
INFO - 2020-05-10 08:50:40 --> Controller "App\Controllers\Anu" loaded.
INFO - 2020-05-10 08:50:41 --> Controller "App\Controllers\Anu" loaded.
INFO - 2020-05-10 08:50:42 --> Controller "App\Controllers\Anu" loaded.
INFO - 2020-05-10 08:50:54 --> Controller "App\Controllers\Anu" loaded.
INFO - 2020-05-10 08:50:55 --> Controller "App\Controllers\Anu" loaded.
INFO - 2020-05-10 08:50:57 --> Controller "App\Controllers\Anu" loaded.
INFO - 2020-05-10 08:52:35 --> Controller "App\Controllers\Anu" loaded.
INFO - 2020-05-10 08:52:36 --> Controller "App\Controllers\Anu" loaded.
INFO - 2020-05-10 08:52:37 --> Controller "App\Controllers\Anu" loaded.
INFO - 2020-05-10 08:52:41 --> Controller "App\Controllers\Anu" loaded.
INFO - 2020-05-10 08:52:42 --> Controller "App\Controllers\Anu" loaded.
INFO - 2020-05-10 08:52:43 --> Controller "App\Controllers\Anu" loaded.
INFO - 2020-05-10 08:52:48 --> Controller "App\Controllers\Anu" loaded.
INFO - 2020-05-10 08:52:48 --> Controller "App\Controllers\Anu" loaded.
INFO - 2020-05-10 08:52:50 --> Controller "App\Controllers\Anu" loaded.
