INFO - 2020-03-26 19:03:39 --> Controller "App\Controllers\Anu" loaded.
INFO - 2020-03-26 19:04:31 --> Controller "App\Controllers\Anu" loaded.
INFO - 2020-03-26 19:04:52 --> Controller "App\Controllers\Anu" loaded.
INFO - 2020-03-26 19:19:44 --> Controller "App\Controllers\Anu" loaded.
CRITICAL - 2020-03-26 19:19:44 --> Call to a member function getResult() on null
#0 /var/www/html/akadku/undangan/system/View/View.php(236): include()
#1 /var/www/html/akadku/undangan/system/Common.php(1071): CodeIgniter\View\View->render('modernrose', Array, true)
#2 /var/www/html/akadku/undangan/app/Controllers/Anu.php(52): view('modernrose')
#3 /var/www/html/akadku/undangan/system/CodeIgniter.php(910): App\Controllers\Anu->index()
#4 /var/www/html/akadku/undangan/system/CodeIgniter.php(398): CodeIgniter\CodeIgniter->runController(Object(App\Controllers\Anu))
#5 /var/www/html/akadku/undangan/system/CodeIgniter.php(306): CodeIgniter\CodeIgniter->handleRequest(NULL, Object(Config\Cache), false)
#6 /var/www/html/akadku/undangan/index.php(45): CodeIgniter\CodeIgniter->run()
#7 {main}
INFO - 2020-03-26 19:19:56 --> Controller "App\Controllers\Anu" loaded.
INFO - 2020-03-26 19:23:27 --> Controller "App\Controllers\Anu" loaded.
INFO - 2020-03-26 21:43:31 --> Controller "App\Controllers\Anu" loaded.
INFO - 2020-03-26 21:43:35 --> Controller "App\Controllers\Anu" loaded.
INFO - 2020-03-26 21:43:36 --> Controller "App\Controllers\Anu" loaded.
INFO - 2020-03-26 21:44:16 --> Controller "App\Controllers\Anu" loaded.
INFO - 2020-03-26 21:44:18 --> Controller "App\Controllers\Anu" loaded.
INFO - 2020-03-26 21:44:19 --> Controller "App\Controllers\Anu" loaded.
INFO - 2020-03-26 21:44:30 --> Controller "App\Controllers\Anu" loaded.
INFO - 2020-03-26 21:44:58 --> Controller "App\Controllers\Anu" loaded.
INFO - 2020-03-26 21:45:00 --> Controller "App\Controllers\Anu" loaded.
INFO - 2020-03-26 21:45:02 --> Controller "App\Controllers\Anu" loaded.
INFO - 2020-03-26 21:45:38 --> Controller "App\Controllers\Anu" loaded.
INFO - 2020-03-26 21:45:40 --> Controller "App\Controllers\Anu" loaded.
INFO - 2020-03-26 21:45:42 --> Controller "App\Controllers\Anu" loaded.
INFO - 2020-03-26 21:49:14 --> Controller "App\Controllers\Anu" loaded.
INFO - 2020-03-26 21:49:16 --> Controller "App\Controllers\Anu" loaded.
INFO - 2020-03-26 21:49:17 --> Controller "App\Controllers\Anu" loaded.
INFO - 2020-03-26 21:53:29 --> Controller "App\Controllers\Anu" loaded.
INFO - 2020-03-26 21:53:32 --> Controller "App\Controllers\Anu" loaded.
INFO - 2020-03-26 21:55:34 --> Controller "App\Controllers\Anu" loaded.
INFO - 2020-03-26 21:55:38 --> Controller "App\Controllers\Anu" loaded.
INFO - 2020-03-26 21:56:31 --> Controller "App\Controllers\Anu" loaded.
INFO - 2020-03-26 21:56:35 --> Controller "App\Controllers\Anu" loaded.
INFO - 2020-03-26 22:05:15 --> Controller "App\Controllers\Anu" loaded.
INFO - 2020-03-26 22:05:18 --> Controller "App\Controllers\Anu" loaded.
INFO - 2020-03-26 22:05:52 --> Controller "App\Controllers\Anu" loaded.
INFO - 2020-03-26 22:05:56 --> Controller "App\Controllers\Anu" loaded.
