INFO - 2020-04-20 07:43:51 --> Controller "App\Controllers\Beranda" loaded.
INFO - 2020-04-20 07:43:59 --> Controller "App\Controllers\Beranda" loaded.
INFO - 2020-04-20 07:44:11 --> Session: Class initialized using 'CodeIgniter\Session\Handlers\FileHandler' driver.
INFO - 2020-04-20 07:44:11 --> Controller "App\Controllers\Order" loaded.
INFO - 2020-04-20 07:44:11 --> Controller "App\Controllers\Beranda" loaded.
INFO - 2020-04-20 07:44:11 --> Controller "App\Controllers\Beranda" loaded.
INFO - 2020-04-20 07:44:11 --> Controller "App\Controllers\Beranda" loaded.
INFO - 2020-04-20 07:44:14 --> Controller "App\Controllers\Beranda" loaded.
INFO - 2020-04-20 07:45:13 --> Controller "App\Controllers\Anu" loaded.
INFO - 2020-04-20 07:45:25 --> Controller "App\Controllers\Anu" loaded.
INFO - 2020-04-20 07:51:37 --> Controller "App\Controllers\Anu" loaded.
INFO - 2020-04-20 08:09:10 --> Controller "App\Controllers\Anu" loaded.
INFO - 2020-04-20 08:30:09 --> Controller "App\Controllers\Anu" loaded.
INFO - 2020-04-20 08:30:26 --> Controller "App\Controllers\Anu" loaded.
INFO - 2020-04-20 08:30:27 --> Controller "App\Controllers\Anu" loaded.
INFO - 2020-04-20 08:30:29 --> Controller "App\Controllers\Anu" loaded.
INFO - 2020-04-20 08:30:31 --> Controller "App\Controllers\Anu" loaded.
INFO - 2020-04-20 08:30:31 --> Controller "App\Controllers\Anu" loaded.
INFO - 2020-04-20 08:31:21 --> Controller "App\Controllers\Anu" loaded.
INFO - 2020-04-20 08:31:24 --> Controller "App\Controllers\Anu" loaded.
INFO - 2020-04-20 08:31:24 --> Controller "App\Controllers\Anu" loaded.
INFO - 2020-04-20 08:33:19 --> Controller "App\Controllers\Anu" loaded.
INFO - 2020-04-20 08:33:20 --> Controller "App\Controllers\Anu" loaded.
INFO - 2020-04-20 08:33:21 --> Controller "App\Controllers\Anu" loaded.
INFO - 2020-04-20 08:33:49 --> Controller "App\Controllers\Anu" loaded.
INFO - 2020-04-20 08:33:51 --> Controller "App\Controllers\Anu" loaded.
INFO - 2020-04-20 08:33:52 --> Controller "App\Controllers\Anu" loaded.
INFO - 2020-04-20 08:34:06 --> Controller "App\Controllers\Beranda" loaded.
INFO - 2020-04-20 08:34:10 --> Controller "App\Controllers\Beranda" loaded.
INFO - 2020-04-20 08:34:48 --> Controller "App\Controllers\Anu" loaded.
INFO - 2020-04-20 08:35:04 --> Controller "App\Controllers\Anu" loaded.
INFO - 2020-04-20 08:35:06 --> Controller "App\Controllers\Anu" loaded.
INFO - 2020-04-20 08:35:06 --> Controller "App\Controllers\Anu" loaded.
INFO - 2020-04-20 08:35:07 --> Controller "App\Controllers\Anu" loaded.
INFO - 2020-04-20 08:35:11 --> Controller "App\Controllers\Anu" loaded.
INFO - 2020-04-20 08:35:12 --> Controller "App\Controllers\Anu" loaded.
INFO - 2020-04-20 08:35:12 --> Controller "App\Controllers\Anu" loaded.
INFO - 2020-04-20 08:35:13 --> Controller "App\Controllers\Anu" loaded.
INFO - 2020-04-20 08:35:14 --> Controller "App\Controllers\Anu" loaded.
INFO - 2020-04-20 08:35:15 --> Controller "App\Controllers\Anu" loaded.
INFO - 2020-04-20 08:35:15 --> Controller "App\Controllers\Anu" loaded.
INFO - 2020-04-20 08:35:16 --> Controller "App\Controllers\Anu" loaded.
INFO - 2020-04-20 08:35:29 --> Controller "App\Controllers\Anu" loaded.
INFO - 2020-04-20 08:35:30 --> Controller "App\Controllers\Anu" loaded.
INFO - 2020-04-20 08:35:31 --> Controller "App\Controllers\Anu" loaded.
INFO - 2020-04-20 08:35:31 --> Controller "App\Controllers\Anu" loaded.
INFO - 2020-04-20 08:35:38 --> Controller "App\Controllers\Anu" loaded.
INFO - 2020-04-20 08:35:39 --> Controller "App\Controllers\Anu" loaded.
INFO - 2020-04-20 08:35:39 --> Controller "App\Controllers\Anu" loaded.
INFO - 2020-04-20 08:35:40 --> Controller "App\Controllers\Anu" loaded.
INFO - 2020-04-20 08:37:24 --> Controller "App\Controllers\Beranda" loaded.
INFO - 2020-04-20 08:37:24 --> Controller "App\Controllers\Beranda" loaded.
INFO - 2020-04-20 08:37:26 --> Controller "App\Controllers\Beranda" loaded.
INFO - 2020-04-20 08:37:26 --> Controller "App\Controllers\Beranda" loaded.
INFO - 2020-04-20 08:38:04 --> Controller "App\Controllers\Beranda" loaded.
INFO - 2020-04-20 08:38:04 --> Controller "App\Controllers\Beranda" loaded.
INFO - 2020-04-20 08:40:33 --> Controller "App\Controllers\Anu" loaded.
INFO - 2020-04-20 08:40:34 --> Controller "App\Controllers\Anu" loaded.
INFO - 2020-04-20 08:40:35 --> Controller "App\Controllers\Anu" loaded.
INFO - 2020-04-20 08:40:37 --> Controller "App\Controllers\Anu" loaded.
INFO - 2020-04-20 08:52:11 --> Controller "App\Controllers\Anu" loaded.
INFO - 2020-04-20 08:52:13 --> Controller "App\Controllers\Anu" loaded.
INFO - 2020-04-20 08:52:13 --> Controller "App\Controllers\Anu" loaded.
INFO - 2020-04-20 08:52:14 --> Controller "App\Controllers\Anu" loaded.
INFO - 2020-04-20 08:52:14 --> Controller "App\Controllers\Beranda" loaded.
INFO - 2020-04-20 08:56:56 --> Controller "App\Controllers\Beranda" loaded.
INFO - 2020-04-20 08:57:17 --> Controller "App\Controllers\Beranda" loaded.
INFO - 2020-04-20 08:58:18 --> Controller "App\Controllers\Anu" loaded.
INFO - 2020-04-20 08:58:20 --> Controller "App\Controllers\Anu" loaded.
INFO - 2020-04-20 08:58:55 --> Controller "App\Controllers\Anu" loaded.
INFO - 2020-04-20 08:58:56 --> Controller "App\Controllers\Anu" loaded.
INFO - 2020-04-20 09:04:44 --> Controller "App\Controllers\Anu" loaded.
CRITICAL - 2020-04-20 09:04:44 --> Invalid file: {0}
#0 /var/www/html/akadku/home/system/View/View.php(224): CodeIgniter\Exceptions\FrameworkException::forInvalidFile('order.php')
#1 /var/www/html/akadku/home/system/Common.php(1071): CodeIgniter\View\View->render('order', Array, true)
#2 /var/www/html/akadku/home/app/Controllers/Anu.php(87): view('order')
#3 /var/www/html/akadku/home/system/CodeIgniter.php(910): App\Controllers\Anu->order()
#4 /var/www/html/akadku/home/system/CodeIgniter.php(398): CodeIgniter\CodeIgniter->runController(Object(App\Controllers\Anu))
#5 /var/www/html/akadku/home/system/CodeIgniter.php(306): CodeIgniter\CodeIgniter->handleRequest(NULL, Object(Config\Cache), false)
#6 /var/www/html/akadku/home/index.php(45): CodeIgniter\CodeIgniter->run()
#7 {main}
INFO - 2020-04-20 09:04:56 --> Controller "App\Controllers\Anu" loaded.
INFO - 2020-04-20 09:07:44 --> Controller "App\Controllers\Anu" loaded.
INFO - 2020-04-20 09:10:40 --> Controller "App\Controllers\Beranda" loaded.
INFO - 2020-04-20 09:10:44 --> Controller "App\Controllers\Beranda" loaded.
INFO - 2020-04-20 09:10:50 --> Controller "App\Controllers\Beranda" loaded.
INFO - 2020-04-20 09:12:41 --> Controller "App\Controllers\Beranda" loaded.
INFO - 2020-04-20 09:13:44 --> Session: Class initialized using 'CodeIgniter\Session\Handlers\FileHandler' driver.
INFO - 2020-04-20 09:13:44 --> Controller "App\Controllers\Order" loaded.
INFO - 2020-04-20 09:13:44 --> Controller "App\Controllers\Beranda" loaded.
INFO - 2020-04-20 09:13:47 --> Session: Class initialized using 'CodeIgniter\Session\Handlers\FileHandler' driver.
INFO - 2020-04-20 09:13:47 --> Controller "App\Controllers\Order" loaded.
INFO - 2020-04-20 09:13:48 --> Controller "App\Controllers\Beranda" loaded.
INFO - 2020-04-20 09:13:48 --> Controller "App\Controllers\Beranda" loaded.
INFO - 2020-04-20 09:13:48 --> Controller "App\Controllers\Beranda" loaded.
INFO - 2020-04-20 09:13:58 --> Controller "App\Controllers\Beranda" loaded.
INFO - 2020-04-20 09:17:26 --> Controller "App\Controllers\Anu" loaded.
INFO - 2020-04-20 09:17:29 --> Controller "App\Controllers\Anu" loaded.
INFO - 2020-04-20 12:49:26 --> Controller "App\Controllers\Anu" loaded.
INFO - 2020-04-20 12:52:12 --> Controller "App\Controllers\Anu" loaded.
